19:17:26.680 [main                     ] DEBUG Logger               - Configured Logger
19:17:26.695 [main                     ] DEBUG GameApplication      - Logging settings
Title: DemoApp
Version: 0.1
Width: 800
Height: 600
Fullscreen: false
Intro: false
Profiling: false
Single step:false
App Mode: DEVELOPER
Menu Key: ESCAPE
Stage Style: DECORATED
Scene Factory: class com.almasb.fxgl.app.scene.SceneFactory

19:17:26.898 [JavaFX Application Thread] DEBUG FXGLApplication      - Initializing FXGL
19:17:26.900 [JavaFX Application Thread] INFO  Engine               - FXGL-17.3 (30.03.2023 11.49) on WINDOWS (J:21.0.1 FX:20)
19:17:26.900 [JavaFX Application Thread] DEBUG Engine               - JRE Vendor Name: Oracle Corporation
19:17:26.900 [JavaFX Application Thread] DEBUG Engine               - Running on OS: Windows 11 version 10.0
19:17:26.900 [JavaFX Application Thread] DEBUG Engine               - Architecture: amd64
19:17:26.900 [JavaFX Application Thread] INFO  Engine               - Source code and latest versions at: https://github.com/AlmasB/FXGL
19:17:26.900 [JavaFX Application Thread] INFO  Engine               -       Ask questions and discuss at: https://github.com/AlmasB/FXGL/discussions
19:17:26.901 [JavaFX Application Thread] INFO  Engine               -              Join the FXGL chat at: https://gitter.im/AlmasB/FXGL
19:17:26.941 [JavaFX Application Thread] DEBUG PrimaryStageWindow   - Creating a JavaFX scene
19:17:26.966 [JavaFX Application Thread] DEBUG PrimaryStageWindow   - Target settings size: 800.0 x 600.0
19:17:26.966 [JavaFX Application Thread] DEBUG PrimaryStageWindow   - Scaled scene size:    800.0 x 600.0
19:17:26.966 [JavaFX Application Thread] DEBUG PrimaryStageWindow   - Scaled ratio: (1.0, 1.0)
19:17:26.967 [JavaFX Application Thread] DEBUG PrimaryStageWindow   - Set initial scene to FXGLStartupScene
19:17:26.969 [JavaFX Application Thread] DEBUG PrimaryStageWindow   - Opening main window
19:17:27.014 [JavaFX Application Thread] DEBUG PrimaryStageWindow   - Window border size: (14.4000244140625, 37.5999755859375)
19:17:27.014 [JavaFX Application Thread] DEBUG PrimaryStageWindow   - Scaled size: 800.0 x 600.0
19:17:27.014 [JavaFX Application Thread] DEBUG PrimaryStageWindow   - Scaled ratio: (1.0, 1.0)
19:17:27.014 [JavaFX Application Thread] DEBUG PrimaryStageWindow   - Scene size: 800.0 x 600.0
19:17:27.014 [JavaFX Application Thread] DEBUG PrimaryStageWindow   - Stage size: 814.4000244140625 x 637.5999755859375
19:17:27.018 [FXGL Background Thread 1 ] DEBUG Engine               - Initializing environment variables
19:17:27.047 [FXGL Background Thread 1 ] DEBUG FXGLAssetLoaderServi - User app class for loading assets: class com.gamedemo.DemoApp
19:17:27.048 [FXGL Background Thread 1 ] DEBUG GameApplicationServi - Applying CSS: fxgl_dark.css
19:17:27.048 [FXGL Background Thread 1 ] DEBUG FXGLAssetLoaderServi - Loading from file system: jar:file:///C:/Users/Administrator/.m2/repository/com/github/almasb/fxgl/17.3/fxgl-17.3.jar!/fxglassets/ui/css/fxgl_dark.css
19:17:27.068 [FXGL Background Thread 1 ] DEBUG GameApplicationServi - Initializing application scenes
19:17:27.100 [FXGL Background Thread 1 ] DEBUG GameWorld            - Game world initialized
19:17:27.134 [FXGL Background Thread 1 ] DEBUG PhysicsWorld         - Physics world initialized: appHeight=600, physics.ppm=50.0
19:17:27.135 [FXGL Background Thread 1 ] DEBUG PhysicsWorld         - Using strategy: BRUTE_FORCE
19:17:27.136 [FXGL Background Thread 1 ] DEBUG GameScene            - Game scene initialized: 800x600
19:17:27.141 [FXGL Background Thread 1 ] DEBUG FXGL.DefaultMenu     - createMenuBodyMainMenu()
19:17:27.148 [FXGL Background Thread 1 ] DEBUG FXGL.DefaultMenu     - createOptionsMenu()
19:17:27.152 [FXGL Background Thread 1 ] DEBUG FXGLAssetLoaderServi - Loading from file system: jar:file:///C:/Users/Administrator/.m2/repository/com/github/almasb/fxgl/17.3/fxgl-17.3.jar!/fxglassets/textures/particles/smoke.png
19:17:27.195 [FXGL Background Thread 1 ] DEBUG FXGLAssetLoaderServi - Loading from file system: jar:file:///C:/Users/Administrator/.m2/repository/com/github/almasb/fxgl/17.3/fxgl-17.3.jar!/fxglassets/textures/particles/trace_horizontal.png
19:17:27.209 [FXGL Background Thread 1 ] DEBUG FXGL.DefaultMenu     - createMenuBodyGameMenu()
19:17:27.210 [FXGL Background Thread 1 ] DEBUG FXGL.DefaultMenu     - createOptionsMenu()
19:17:27.216 [FXGL Background Thread 1 ] DEBUG GameApplicationServi - Application scenes initialized
19:17:27.222 [FXGL Background Thread 1 ] DEBUG SystemBundleService  - Loading FXGL system data
19:17:27.224 [FXGL Background Thread 1 ] DEBUG FileSystemAccess     - Reading from: C:\Users\Administrator\IdeaProjects\LearningFXGL\system\fxgl.bundle
19:17:27.228 [FXGL Background Thread 1 ] DEBUG SystemBundleService  - Bundle FXGL: {}
19:17:27.228 [FXGL Background Thread 1 ] DEBUG UpdaterService       - Checking for updates
19:17:27.241 [FXGL Background Thread 4 ] DEBUG FXGLApplication      - Loading fonts
19:17:27.241 [FXGL Background Thread 4 ] DEBUG FXGLAssetLoaderServi - Loading from file system: jar:file:///C:/Users/Administrator/.m2/repository/com/github/almasb/fxgl/17.3/fxgl-17.3.jar!/fxglassets/ui/fonts/VarelaRound-Regular.ttf
19:17:27.242 [FXGL Background Thread 1 ] DEBUG FXGLApplication      - Loading default localization
19:17:27.242 [FXGL Background Thread 1 ] DEBUG FXGLAssetLoaderServi - Loading from file system: jar:file:///C:/Users/Administrator/.m2/repository/com/github/almasb/fxgl/17.3/fxgl-17.3.jar!/fxglassets/languages/english.lang
19:17:27.255 [FXGL Background Thread 1 ] INFO  FXGLApplication      - FXGL initialization took: 0.236 sec
19:17:27.258 [FXGL Background Thread 4 ] DEBUG FXGLAssetLoaderServi - Loading from file system: jar:file:///C:/Users/Administrator/.m2/repository/com/github/almasb/fxgl/17.3/fxgl-17.3.jar!/fxglassets/ui/fonts/Abel-Regular.ttf
19:17:27.260 [FXGL Background Thread 4 ] DEBUG FXGLAssetLoaderServi - Loading from file system: jar:file:///C:/Users/Administrator/.m2/repository/com/github/almasb/fxgl/17.3/fxgl-17.3.jar!/fxglassets/ui/fonts/TerminalLandMono-Regular.otf
19:17:27.261 [JavaFX Application Thread] DEBUG Input                - Registered new binding: MoveUp - Up
19:17:27.261 [JavaFX Application Thread] DEBUG Input                - Registered new binding: MoveDown - Down
19:17:27.261 [FXGL Background Thread 4 ] DEBUG FXGLAssetLoaderServi - Loading from file system: jar:file:///C:/Users/Administrator/.m2/repository/com/github/almasb/fxgl/17.3/fxgl-17.3.jar!/fxglassets/ui/fonts/Courier-Prime.ttf
19:17:27.261 [JavaFX Application Thread] DEBUG Input                - Registered new binding: MoveLeft - Left
19:17:27.261 [JavaFX Application Thread] DEBUG Input                - Registered new binding: MoveRight - Right
19:17:27.262 [JavaFX Application Thread] DEBUG FXGLAssetLoaderServi - Loading from file system: jar:file:///C:/Users/Administrator/.m2/repository/com/github/almasb/fxgl/17.3/fxgl-17.3.jar!/fxglassets/textures/fxgl_icon.png
19:17:27.271 [JavaFX Application Thread] DEBUG FXGLAssetLoaderServi - Loading from file system: jar:file:///C:/Users/Administrator/.m2/repository/com/github/almasb/fxgl/17.3/fxgl-17.3.jar!/fxglassets/textures/fxgl_default_cursor.png
19:17:27.272 [JavaFX Application Thread] DEBUG Input                - Registered new binding: Screenshot - CTRL+8
19:17:27.272 [JavaFX Application Thread] DEBUG Input                - Registered new binding: Dev Options - 1
19:17:27.272 [JavaFX Application Thread] DEBUG Input                - Registered new binding: Dev Console - 2
19:17:27.273 [JavaFX Application Thread] DEBUG Input                - Registered new binding: System info dump - CTRL+9
19:17:27.273 [JavaFX Application Thread] DEBUG Input                - Registered new binding: Restart - CTRL+R
19:17:27.273 [JavaFX Application Thread] DEBUG Input                - Registered new binding: Toggle Debug Camera - CTRL+7
19:17:27.274 [JavaFX Application Thread] DEBUG LoopRunner           - Starting loop
19:17:27.280 [JavaFX Application Thread] DEBUG LoopRunner           - Initializing JavaFX AnimationTimerLoop
19:17:27.282 [JavaFX Application Thread] DEBUG Input                - Clearing active input actions
19:17:27.286 [JavaFX Application Thread] DEBUG GameApplicationServi - Removing overlay from FXGLStartupScene and adding to FXGLMainMenuDummyScene
19:17:27.290 [JavaFX Application Thread] DEBUG PrimaryStageWindow   - FXGLStartupScene -> FXGLMainMenuDummyScene
19:17:27.290 [JavaFX Application Thread] DEBUG PrimaryStageWindow   - Push state: FXGLDefaultMenu
19:17:27.296 [JavaFX Application Thread] DEBUG Input                - Clearing active input actions
19:17:27.298 [JavaFX Application Thread] DEBUG GameApplicationServi - Removing overlay from FXGLMainMenuDummyScene and adding to FXGLDefaultMenu
19:17:27.299 [JavaFX Application Thread] DEBUG PrimaryStageWindow   - FXGLMainMenuDummyScene -> FXGLDefaultMenu
19:17:27.299 [JavaFX Application Thread] DEBUG FXGLApplication      - Registering font factories with UI factory
19:17:27.323 [FXGL Background Thread 2 ] WARN  UpdaterService       - Failed to find updates: java.net.UnknownHostException: raw.githubusercontent.com
19:17:28.083 [JavaFX Application Thread] DEBUG Menu                 - fireNewGame()
19:17:28.084 [JavaFX Application Thread] DEBUG GameApplicationServi - Starting new game
19:17:28.084 [JavaFX Application Thread] DEBUG PrimaryStageWindow   - Pop state: FXGLDefaultMenu
19:17:28.085 [JavaFX Application Thread] DEBUG Input                - Clearing active input actions
19:17:28.085 [JavaFX Application Thread] DEBUG GameApplicationServi - Removing overlay from FXGLDefaultMenu and adding to FXGLMainMenuDummyScene
19:17:28.086 [JavaFX Application Thread] DEBUG PrimaryStageWindow   - FXGLMainMenuDummyScene <- FXGLDefaultMenu
19:17:28.086 [JavaFX Application Thread] DEBUG Input                - Clearing active input actions
19:17:28.090 [JavaFX Application Thread] DEBUG GameApplicationServi - Removing overlay from FXGLMainMenuDummyScene and adding to FXGLLoadingScene
19:17:28.091 [JavaFX Application Thread] DEBUG PrimaryStageWindow   - FXGLMainMenuDummyScene -> FXGLLoadingScene
19:17:28.091 [JavaFX Application Thread] DEBUG GameApplicationServi - Clearing previous game
19:17:28.091 [JavaFX Application Thread] DEBUG GameScene            - Clearing game scene
19:17:28.091 [JavaFX Application Thread] DEBUG GameWorld            - Clearing game world
19:17:28.091 [JavaFX Application Thread] DEBUG PhysicsWorld         - Clearing physics world
19:17:28.092 [FXGL Background Thread 2 ] DEBUG FXGLApplication      - Initializing game
19:17:28.128 [FXGL Background Thread 2 ] WARN  TMXLevelLoader       - TiledMap generated from 1.11.0. Supported version: 1.9.0. Some features may not be parsed fully.
19:17:28.136 [FXGL Background Thread 2 ] DEBUG TMXLevelLoader       - Parsed TiledMap: file:/C:/Users/Administrator/IdeaProjects/LearningFXGL/target/classes/assets/levels/level1.tmx
19:17:28.137 [FXGL Background Thread 2 ] DEBUG TMXLevelLoader       - Creating tile layer entities
19:17:28.139 [FXGL Background Thread 2 ] DEBUG TilesetLoader        - Loading view for layer Tile Layer 1
19:17:28.139 [FXGL Background Thread 2 ] DEBUG TilesetLoader        - Created buffer with size 800.0x600.0
19:17:28.147 [FXGL Background Thread 2 ] DEBUG TMXLevelLoader       - Creating object layer entities
19:17:28.149 [FXGL Background Thread 2 ] DEBUG FXGLAssetLoaderServi - Loading from file system: file:/C:/Users/Administrator/IdeaProjects/LearningFXGL/target/classes/assets/textures/player.png
19:17:28.154 [FXGL Background Thread 2 ] DEBUG FXGLAssetLoaderServi - Loading from file system: file:/C:/Users/Administrator/IdeaProjects/LearningFXGL/target/classes/assets/textures/sprite.png
19:17:28.160 [FXGL Background Thread 2 ] DEBUG FXGLAssetLoaderServi - Loading from file system: file:/C:/Users/Administrator/IdeaProjects/LearningFXGL/target/classes/assets/textures/pill.png
19:17:28.178 [FXGL Background Thread 2 ] DEBUG FXGLAssetLoaderServi - Loading from file system: file:/C:/Users/Administrator/IdeaProjects/LearningFXGL/target/classes/assets/textures/Ghost1.gif
19:17:28.179 [FXGL Background Thread 2 ] DEBUG FXGLAssetLoaderServi - Loading from file system: file:/C:/Users/Administrator/IdeaProjects/LearningFXGL/target/classes/assets/textures/Ghost2.gif
19:17:28.180 [FXGL Background Thread 2 ] DEBUG GameWorld            - Clearing removable entities
19:17:28.181 [FXGL Background Thread 2 ] DEBUG GameWorld            - Setting level: com.almasb.fxgl.entity.level.Level@5c8f8a93
19:17:28.185 [FXGL Background Thread 2 ] INFO  FXGLApplication      - Game initialization took: 0.092 sec
19:17:28.185 [JavaFX Application Thread] DEBUG Input                - Clearing active input actions
19:17:28.188 [JavaFX Application Thread] DEBUG GameApplicationServi - Removing overlay from FXGLLoadingScene and adding to GameScene
19:17:28.189 [JavaFX Application Thread] DEBUG PrimaryStageWindow   - FXGLLoadingScene -> GameScene
19:17:30.240 [FXGL Background Thread 3 ] DEBUG Engine               - Logging environment variables
19:17:30.240 [FXGL Background Thread 3 ] DEBUG Engine               - achievements: []
19:17:30.240 [FXGL Background Thread 3 ] DEBUG Engine               - actualHeight: 600.0
19:17:30.240 [FXGL Background Thread 3 ] DEBUG Engine               - actualHeightProperty: ReadOnlyDoubleProperty [value: 600.0]
19:17:30.240 [FXGL Background Thread 3 ] DEBUG Engine               - actualWidth: 800.0
19:17:30.240 [FXGL Background Thread 3 ] DEBUG Engine               - actualWidthProperty: ReadOnlyDoubleProperty [value: 800.0]
19:17:30.240 [FXGL Background Thread 3 ] DEBUG Engine               - appIcon: fxgl_icon.png
19:17:30.240 [FXGL Background Thread 3 ] DEBUG Engine               - applicationMode: DEVELOPER
19:17:30.240 [FXGL Background Thread 3 ] DEBUG Engine               - cSSList: [fxgl_dark.css]
19:17:30.240 [FXGL Background Thread 3 ] DEBUG Engine               - collisionDetectionStrategy: BRUTE_FORCE
19:17:30.240 [FXGL Background Thread 3 ] DEBUG Engine               - configClass: Optional.empty
19:17:30.240 [FXGL Background Thread 3 ] DEBUG Engine               - credits: []
19:17:30.241 [FXGL Background Thread 3 ] DEBUG Engine               - defaultCursor: CursorInfo(imageName=fxgl_default_cursor.png, hotspotX=7.0, hotspotY=6.0)
19:17:30.241 [FXGL Background Thread 3 ] DEBUG Engine               - devBBoxColorProperty: ObjectProperty [value: 0xff0000ff]
19:17:30.241 [FXGL Background Thread 3 ] DEBUG Engine               - devEnableDebugCameraProperty: BooleanProperty [value: false]
19:17:30.241 [FXGL Background Thread 3 ] DEBUG Engine               - devSensorColorProperty: ObjectProperty [value: 0xffff00ff]
19:17:30.241 [FXGL Background Thread 3 ] DEBUG Engine               - devShowBBoxProperty: BooleanProperty [value: false]
19:17:30.241 [FXGL Background Thread 3 ] DEBUG Engine               - devShowPositionProperty: BooleanProperty [value: false]
19:17:30.241 [FXGL Background Thread 3 ] DEBUG Engine               - enabledMenuItems: []
19:17:30.241 [FXGL Background Thread 3 ] DEBUG Engine               - engineServices: [class com.almasb.fxgl.app.services.FXGLAssetLoaderService, class com.almasb.fxgl.app.FXGLApplication$GameApplicationService, class com.almasb.fxgl.app.services.FXGLDialogService, class com.almasb.fxgl.app.services.IOTaskExecutorService, class com.almasb.fxgl.io.FileSystemService, class com.almasb.fxgl.localization.LocalizationService, class com.almasb.fxgl.app.services.SystemBundleService, class com.almasb.fxgl.profile.SaveLoadService, class com.almasb.fxgl.ui.FXGLUIFactoryServiceProvider, class com.almasb.fxgl.ui.FXGLDialogFactoryServiceProvider, class com.almasb.fxgl.audio.AudioPlayer, class com.almasb.fxgl.notification.impl.NotificationServiceProvider, class com.almasb.fxgl.achievement.AchievementService, class com.almasb.fxgl.cutscene.CutsceneService, class com.almasb.fxgl.minigames.MiniGameService, class com.almasb.fxgl.net.NetService, class com.almasb.fxgl.app.services.UpdaterService, class com.almasb.fxgl.dev.DevService]
19:17:30.241 [FXGL Background Thread 3 ] DEBUG Engine               - fontGame: Abel-Regular.ttf
19:17:30.241 [FXGL Background Thread 3 ] DEBUG Engine               - fontMono: TerminalLandMono-Regular.otf
19:17:30.241 [FXGL Background Thread 3 ] DEBUG Engine               - fontSizeScaleUI: 1.0
19:17:30.241 [FXGL Background Thread 3 ] DEBUG Engine               - fontText: Courier-Prime.ttf
19:17:30.241 [FXGL Background Thread 3 ] DEBUG Engine               - fontUI: VarelaRound-Regular.ttf
19:17:30.241 [FXGL Background Thread 3 ] DEBUG Engine               - fullScreen: BooleanProperty [value: false]
19:17:30.241 [FXGL Background Thread 3 ] DEBUG Engine               - gameDifficulty: MEDIUM
19:17:30.241 [FXGL Background Thread 3 ] DEBUG Engine               - gameDifficultyProperty: ObjectProperty [value: MEDIUM]
19:17:30.241 [FXGL Background Thread 3 ] DEBUG Engine               - globalMusicVolume: 0.5
19:17:30.241 [FXGL Background Thread 3 ] DEBUG Engine               - globalMusicVolumeProperty: DoubleProperty [value: 0.5]
19:17:30.241 [FXGL Background Thread 3 ] DEBUG Engine               - globalSoundVolume: 0.5
19:17:30.241 [FXGL Background Thread 3 ] DEBUG Engine               - globalSoundVolumeProperty: DoubleProperty [value: 0.5]
19:17:30.241 [FXGL Background Thread 3 ] DEBUG Engine               - height: 600
19:17:30.242 [FXGL Background Thread 3 ] DEBUG Engine               - is3D: false
19:17:30.242 [FXGL Background Thread 3 ] DEBUG Engine               - isAndroid: false
19:17:30.242 [FXGL Background Thread 3 ] DEBUG Engine               - isBrowser: false
19:17:30.242 [FXGL Background Thread 3 ] DEBUG Engine               - isClickFeedbackEnabled: false
19:17:30.242 [FXGL Background Thread 3 ] DEBUG Engine               - isCloseConfirmation: false
19:17:30.242 [FXGL Background Thread 3 ] DEBUG Engine               - isDesktop: true
19:17:30.242 [FXGL Background Thread 3 ] DEBUG Engine               - isDeveloperMenuEnabled: true
19:17:30.242 [FXGL Background Thread 3 ] DEBUG Engine               - isEmbedded: false
19:17:30.242 [FXGL Background Thread 3 ] DEBUG Engine               - isEntityPreloadEnabled: true
19:17:30.242 [FXGL Background Thread 3 ] DEBUG Engine               - isExperimentalTiledLargeMap: false
19:17:30.242 [FXGL Background Thread 3 ] DEBUG Engine               - isFileSystemWriteAllowed: true
19:17:30.242 [FXGL Background Thread 3 ] DEBUG Engine               - isFullScreenAllowed: false
19:17:30.242 [FXGL Background Thread 3 ] DEBUG Engine               - isFullScreenFromStart: false
19:17:30.242 [FXGL Background Thread 3 ] DEBUG Engine               - isGameMenuEnabled: true
19:17:30.242 [FXGL Background Thread 3 ] DEBUG Engine               - isIOS: false
19:17:30.242 [FXGL Background Thread 3 ] DEBUG Engine               - isIntroEnabled: false
19:17:30.242 [FXGL Background Thread 3 ] DEBUG Engine               - isLinux: false
19:17:30.242 [FXGL Background Thread 3 ] DEBUG Engine               - isMac: false
19:17:30.242 [FXGL Background Thread 3 ] DEBUG Engine               - isMainMenuEnabled: true
19:17:30.242 [FXGL Background Thread 3 ] DEBUG Engine               - isManualResizeEnabled: false
19:17:30.242 [FXGL Background Thread 3 ] DEBUG Engine               - isMobile: false
19:17:30.242 [FXGL Background Thread 3 ] DEBUG Engine               - isNative: false
19:17:30.242 [FXGL Background Thread 3 ] DEBUG Engine               - isPauseMusicWhenMinimized: true
19:17:30.242 [FXGL Background Thread 3 ] DEBUG Engine               - isPreserveResizeRatio: false
19:17:30.242 [FXGL Background Thread 3 ] DEBUG Engine               - isProfilingEnabled: false
19:17:30.242 [FXGL Background Thread 3 ] DEBUG Engine               - isScaleAffectedOnResize: true
19:17:30.242 [FXGL Background Thread 3 ] DEBUG Engine               - isSingleStep: false
19:17:30.242 [FXGL Background Thread 3 ] DEBUG Engine               - isUserProfileEnabled: false
19:17:30.242 [FXGL Background Thread 3 ] DEBUG Engine               - isWindows: true
19:17:30.242 [FXGL Background Thread 3 ] DEBUG Engine               - language: ObjectProperty [value: ENGLISH]
19:17:30.242 [FXGL Background Thread 3 ] DEBUG Engine               - menuKey: ESCAPE
19:17:30.242 [FXGL Background Thread 3 ] DEBUG Engine               - mouseSensitivity: 0.2
19:17:30.242 [FXGL Background Thread 3 ] DEBUG Engine               - notificationViewClass: class com.almasb.fxgl.notification.view.XboxNotificationView
19:17:30.242 [FXGL Background Thread 3 ] DEBUG Engine               - pixelsPerMeter: 50.0
19:17:30.242 [FXGL Background Thread 3 ] DEBUG Engine               - platform: WINDOWS
19:17:30.242 [FXGL Background Thread 3 ] DEBUG Engine               - prefHeightProperty: ReadOnlyDoubleProperty [value: 600.0]
19:17:30.242 [FXGL Background Thread 3 ] DEBUG Engine               - prefWidthProperty: ReadOnlyDoubleProperty [value: 800.0]
19:17:30.242 [FXGL Background Thread 3 ] DEBUG Engine               - profileDir: profiles/
19:17:30.242 [FXGL Background Thread 3 ] DEBUG Engine               - profileName: StringProperty [value: DEFAULT]
19:17:30.242 [FXGL Background Thread 3 ] DEBUG Engine               - randomSeed: -1
19:17:30.243 [FXGL Background Thread 3 ] DEBUG Engine               - runtimeInfo: RuntimeInfo(platform=WINDOWS, version=17.3, build=30.03.2023 11.49)
19:17:30.243 [FXGL Background Thread 3 ] DEBUG Engine               - saveFileExt: sav
19:17:30.243 [FXGL Background Thread 3 ] DEBUG Engine               - scaledHeightProp$fxgl: DoubleProperty [bound, value: 600.0]
19:17:30.243 [FXGL Background Thread 3 ] DEBUG Engine               - scaledWidthProp$fxgl: DoubleProperty [bound, value: 800.0]
19:17:30.243 [FXGL Background Thread 3 ] DEBUG Engine               - sceneFactory: com.almasb.fxgl.app.scene.SceneFactory@4c7952c1
19:17:30.243 [FXGL Background Thread 3 ] DEBUG Engine               - secondsIn24h: 60
19:17:30.243 [FXGL Background Thread 3 ] DEBUG Engine               - soundMenuBack: menu/back.wav
19:17:30.243 [FXGL Background Thread 3 ] DEBUG Engine               - soundMenuPress: menu/press.wav
19:17:30.243 [FXGL Background Thread 3 ] DEBUG Engine               - soundMenuSelect: menu/select.wav
19:17:30.243 [FXGL Background Thread 3 ] DEBUG Engine               - soundNotification: core/notification.wav
19:17:30.243 [FXGL Background Thread 3 ] DEBUG Engine               - stageStyle: DECORATED
19:17:30.243 [FXGL Background Thread 3 ] DEBUG Engine               - supportedLanguages: [ENGLISH, FRENCH, GERMAN, HUNGARIAN, RUSSIAN]
19:17:30.243 [FXGL Background Thread 3 ] DEBUG Engine               - ticksPerSecond: -1
19:17:30.243 [FXGL Background Thread 3 ] DEBUG Engine               - title: DemoApp
19:17:30.243 [FXGL Background Thread 3 ] DEBUG Engine               - urlGithub: https://github.com/AlmasB/FXGL
19:17:30.243 [FXGL Background Thread 3 ] DEBUG Engine               - urlLeaderboard: http://fxgl-top.herokuapp.com/
19:17:30.243 [FXGL Background Thread 3 ] DEBUG Engine               - urlPOM: https://raw.githubusercontent.com/AlmasB/FXGL/release/README.md
19:17:30.243 [FXGL Background Thread 3 ] DEBUG Engine               - userAppClass: class com.gamedemo.DemoApp
19:17:30.243 [FXGL Background Thread 3 ] DEBUG Engine               - version: 0.1
19:17:30.243 [FXGL Background Thread 3 ] DEBUG Engine               - versionCheckDays: 7
19:17:30.243 [FXGL Background Thread 3 ] DEBUG Engine               - width: 800
19:17:30.243 [FXGL Background Thread 3 ] DEBUG Engine               - Logging services
19:17:30.243 [FXGL Background Thread 3 ] DEBUG Engine               - class com.almasb.fxgl.app.services.FXGLAssetLoaderService
19:17:30.243 [FXGL Background Thread 3 ] DEBUG Engine               - class com.almasb.fxgl.app.FXGLApplication$GameApplicationService
19:17:30.243 [FXGL Background Thread 3 ] DEBUG Engine               - class com.almasb.fxgl.app.services.FXGLDialogService
19:17:30.243 [FXGL Background Thread 3 ] DEBUG Engine               - class com.almasb.fxgl.app.services.IOTaskExecutorService
19:17:30.243 [FXGL Background Thread 3 ] DEBUG Engine               - class com.almasb.fxgl.io.FileSystemService
19:17:30.243 [FXGL Background Thread 3 ] DEBUG Engine               - class com.almasb.fxgl.localization.LocalizationService
19:17:30.243 [FXGL Background Thread 3 ] DEBUG Engine               - class com.almasb.fxgl.app.services.SystemBundleService
19:17:30.243 [FXGL Background Thread 3 ] DEBUG Engine               - class com.almasb.fxgl.profile.SaveLoadService
19:17:30.244 [FXGL Background Thread 3 ] DEBUG Engine               - class com.almasb.fxgl.ui.FXGLUIFactoryServiceProvider
19:17:30.244 [FXGL Background Thread 3 ] DEBUG Engine               - class com.almasb.fxgl.ui.FXGLDialogFactoryServiceProvider
19:17:30.244 [FXGL Background Thread 3 ] DEBUG Engine               - class com.almasb.fxgl.audio.AudioPlayer
19:17:30.244 [FXGL Background Thread 3 ] DEBUG Engine               - class com.almasb.fxgl.notification.impl.NotificationServiceProvider
19:17:30.244 [FXGL Background Thread 3 ] DEBUG Engine               - class com.almasb.fxgl.achievement.AchievementService
19:17:30.244 [FXGL Background Thread 3 ] DEBUG Engine               - class com.almasb.fxgl.cutscene.CutsceneService
19:17:30.244 [FXGL Background Thread 3 ] DEBUG Engine               - class com.almasb.fxgl.minigames.MiniGameService
19:17:30.244 [FXGL Background Thread 3 ] DEBUG Engine               - class com.almasb.fxgl.net.NetService
19:17:30.244 [FXGL Background Thread 3 ] DEBUG Engine               - class com.almasb.fxgl.app.services.UpdaterService
19:17:30.244 [FXGL Background Thread 3 ] DEBUG Engine               - class com.almasb.fxgl.dev.DevService
19:17:39.237 [JavaFX Application Thread] DEBUG FXGLApplication      - Exiting FXGL
19:17:39.237 [JavaFX Application Thread] DEBUG LoopRunner           - Stopping loop
19:17:39.237 [JavaFX Application Thread] DEBUG SystemBundleService  - Saving FXGL system data
19:17:39.238 [JavaFX Application Thread] DEBUG FileSystemAccess     - Writing to: C:\Users\Administrator\IdeaProjects\LearningFXGL\system\fxgl.bundle
19:17:39.240 [JavaFX Application Thread] DEBUG Async                - Shutting down background threads
19:17:39.240 [JavaFX Application Thread] DEBUG PrimaryStageWindow   - Closing main window
19:17:39.249 [JavaFX Application Thread] DEBUG Logger               - Closing Logger
