17:41:49.272 [main                     ] DEBUG Logger               - Configured Logger
17:41:49.287 [main                     ] DEBUG GameApplication      - Logging settings
Title: DemoApp
Version: 0.1
Width: 800
Height: 600
Fullscreen: false
Intro: false
Profiling: false
Single step:false
App Mode: DEVELOPER
Menu Key: ESCAPE
Stage Style: DECORATED
Scene Factory: class com.almasb.fxgl.app.scene.SceneFactory

17:41:49.487 [JavaFX Application Thread] DEBUG FXGLApplication      - Initializing FXGL
17:41:49.489 [JavaFX Application Thread] INFO  Engine               - FXGL-17.3 (30.03.2023 11.49) on WINDOWS (J:21.0.1 FX:20)
17:41:49.489 [JavaFX Application Thread] DEBUG Engine               - JRE Vendor Name: Oracle Corporation
17:41:49.489 [JavaFX Application Thread] DEBUG Engine               - Running on OS: Windows 11 version 10.0
17:41:49.490 [JavaFX Application Thread] DEBUG Engine               - Architecture: amd64
17:41:49.490 [JavaFX Application Thread] INFO  Engine               - Source code and latest versions at: https://github.com/AlmasB/FXGL
17:41:49.490 [JavaFX Application Thread] INFO  Engine               -       Ask questions and discuss at: https://github.com/AlmasB/FXGL/discussions
17:41:49.490 [JavaFX Application Thread] INFO  Engine               -              Join the FXGL chat at: https://gitter.im/AlmasB/FXGL
17:41:49.530 [JavaFX Application Thread] DEBUG PrimaryStageWindow   - Creating a JavaFX scene
17:41:49.552 [JavaFX Application Thread] DEBUG PrimaryStageWindow   - Target settings size: 800.0 x 600.0
17:41:49.552 [JavaFX Application Thread] DEBUG PrimaryStageWindow   - Scaled scene size:    800.0 x 600.0
17:41:49.552 [JavaFX Application Thread] DEBUG PrimaryStageWindow   - Scaled ratio: (1.0, 1.0)
17:41:49.552 [JavaFX Application Thread] DEBUG PrimaryStageWindow   - Set initial scene to FXGLStartupScene
17:41:49.554 [JavaFX Application Thread] DEBUG PrimaryStageWindow   - Opening main window
17:41:49.594 [JavaFX Application Thread] DEBUG PrimaryStageWindow   - Window border size: (14.4000244140625, 37.5999755859375)
17:41:49.594 [JavaFX Application Thread] DEBUG PrimaryStageWindow   - Scaled size: 800.0 x 600.0
17:41:49.594 [JavaFX Application Thread] DEBUG PrimaryStageWindow   - Scaled ratio: (1.0, 1.0)
17:41:49.595 [JavaFX Application Thread] DEBUG PrimaryStageWindow   - Scene size: 800.0 x 600.0
17:41:49.595 [JavaFX Application Thread] DEBUG PrimaryStageWindow   - Stage size: 814.4000244140625 x 637.5999755859375
17:41:49.598 [FXGL Background Thread 1 ] DEBUG Engine               - Initializing environment variables
17:41:49.625 [FXGL Background Thread 1 ] DEBUG FXGLAssetLoaderServi - User app class for loading assets: class com.gamedemo.DemoApp
17:41:49.625 [FXGL Background Thread 1 ] DEBUG GameApplicationServi - Applying CSS: fxgl_dark.css
17:41:49.625 [FXGL Background Thread 1 ] DEBUG FXGLAssetLoaderServi - Loading from file system: jar:file:///C:/Users/Administrator/.m2/repository/com/github/almasb/fxgl/17.3/fxgl-17.3.jar!/fxglassets/ui/css/fxgl_dark.css
17:41:49.645 [FXGL Background Thread 1 ] DEBUG GameApplicationServi - Initializing application scenes
17:41:49.672 [FXGL Background Thread 1 ] DEBUG GameWorld            - Game world initialized
17:41:49.698 [FXGL Background Thread 1 ] DEBUG PhysicsWorld         - Physics world initialized: appHeight=600, physics.ppm=50.0
17:41:49.698 [FXGL Background Thread 1 ] DEBUG PhysicsWorld         - Using strategy: BRUTE_FORCE
17:41:49.702 [FXGL Background Thread 1 ] DEBUG GameScene            - Game scene initialized: 800x600
17:41:49.707 [FXGL Background Thread 1 ] DEBUG FXGL.DefaultMenu     - createMenuBodyMainMenu()
17:41:49.712 [FXGL Background Thread 1 ] DEBUG FXGL.DefaultMenu     - createOptionsMenu()
17:41:49.717 [FXGL Background Thread 1 ] DEBUG FXGLAssetLoaderServi - Loading from file system: jar:file:///C:/Users/Administrator/.m2/repository/com/github/almasb/fxgl/17.3/fxgl-17.3.jar!/fxglassets/textures/particles/smoke.png
17:41:49.760 [FXGL Background Thread 1 ] DEBUG FXGLAssetLoaderServi - Loading from file system: jar:file:///C:/Users/Administrator/.m2/repository/com/github/almasb/fxgl/17.3/fxgl-17.3.jar!/fxglassets/textures/particles/trace_horizontal.png
17:41:49.775 [FXGL Background Thread 1 ] DEBUG FXGL.DefaultMenu     - createMenuBodyGameMenu()
17:41:49.776 [FXGL Background Thread 1 ] DEBUG FXGL.DefaultMenu     - createOptionsMenu()
17:41:49.781 [FXGL Background Thread 1 ] DEBUG GameApplicationServi - Application scenes initialized
17:41:49.786 [FXGL Background Thread 1 ] DEBUG SystemBundleService  - Loading FXGL system data
17:41:49.788 [FXGL Background Thread 1 ] DEBUG FileSystemAccess     - Reading from: C:\Users\Administrator\IdeaProjects\LearningFXGL\system\fxgl.bundle
17:41:49.793 [FXGL Background Thread 1 ] DEBUG SystemBundleService  - Bundle FXGL: {}
17:41:49.793 [FXGL Background Thread 1 ] DEBUG UpdaterService       - Checking for updates
17:41:49.806 [FXGL Background Thread 4 ] DEBUG FXGLApplication      - Loading fonts
17:41:49.807 [FXGL Background Thread 1 ] DEBUG FXGLApplication      - Loading default localization
17:41:49.807 [FXGL Background Thread 4 ] DEBUG FXGLAssetLoaderServi - Loading from file system: jar:file:///C:/Users/Administrator/.m2/repository/com/github/almasb/fxgl/17.3/fxgl-17.3.jar!/fxglassets/ui/fonts/VarelaRound-Regular.ttf
17:41:49.807 [FXGL Background Thread 1 ] DEBUG FXGLAssetLoaderServi - Loading from file system: jar:file:///C:/Users/Administrator/.m2/repository/com/github/almasb/fxgl/17.3/fxgl-17.3.jar!/fxglassets/languages/english.lang
17:41:49.821 [FXGL Background Thread 1 ] INFO  FXGLApplication      - FXGL initialization took: 0.223 sec
17:41:49.825 [FXGL Background Thread 4 ] DEBUG FXGLAssetLoaderServi - Loading from file system: jar:file:///C:/Users/Administrator/.m2/repository/com/github/almasb/fxgl/17.3/fxgl-17.3.jar!/fxglassets/ui/fonts/Abel-Regular.ttf
17:41:49.826 [JavaFX Application Thread] DEBUG Input                - Registered new binding: MoveUp - Up
17:41:49.826 [FXGL Background Thread 4 ] DEBUG FXGLAssetLoaderServi - Loading from file system: jar:file:///C:/Users/Administrator/.m2/repository/com/github/almasb/fxgl/17.3/fxgl-17.3.jar!/fxglassets/ui/fonts/TerminalLandMono-Regular.otf
17:41:49.826 [JavaFX Application Thread] DEBUG Input                - Registered new binding: MoveDown - Down
17:41:49.826 [JavaFX Application Thread] DEBUG Input                - Registered new binding: MoveLeft - Left
17:41:49.827 [JavaFX Application Thread] DEBUG Input                - Registered new binding: MoveRight - Right
17:41:49.827 [JavaFX Application Thread] DEBUG FXGLAssetLoaderServi - Loading from file system: jar:file:///C:/Users/Administrator/.m2/repository/com/github/almasb/fxgl/17.3/fxgl-17.3.jar!/fxglassets/textures/fxgl_icon.png
17:41:49.828 [FXGL Background Thread 4 ] DEBUG FXGLAssetLoaderServi - Loading from file system: jar:file:///C:/Users/Administrator/.m2/repository/com/github/almasb/fxgl/17.3/fxgl-17.3.jar!/fxglassets/ui/fonts/Courier-Prime.ttf
17:41:49.838 [JavaFX Application Thread] DEBUG FXGLAssetLoaderServi - Loading from file system: jar:file:///C:/Users/Administrator/.m2/repository/com/github/almasb/fxgl/17.3/fxgl-17.3.jar!/fxglassets/textures/fxgl_default_cursor.png
17:41:49.839 [JavaFX Application Thread] DEBUG Input                - Registered new binding: Screenshot - CTRL+8
17:41:49.839 [JavaFX Application Thread] DEBUG Input                - Registered new binding: Dev Options - 1
17:41:49.839 [JavaFX Application Thread] DEBUG Input                - Registered new binding: Dev Console - 2
17:41:49.839 [JavaFX Application Thread] DEBUG Input                - Registered new binding: System info dump - CTRL+9
17:41:49.839 [JavaFX Application Thread] DEBUG Input                - Registered new binding: Restart - CTRL+R
17:41:49.840 [JavaFX Application Thread] DEBUG Input                - Registered new binding: Toggle Debug Camera - CTRL+7
17:41:49.841 [JavaFX Application Thread] DEBUG LoopRunner           - Starting loop
17:41:49.847 [JavaFX Application Thread] DEBUG LoopRunner           - Initializing JavaFX AnimationTimerLoop
17:41:49.848 [JavaFX Application Thread] DEBUG Input                - Clearing active input actions
17:41:49.853 [JavaFX Application Thread] DEBUG GameApplicationServi - Removing overlay from FXGLStartupScene and adding to FXGLMainMenuDummyScene
17:41:49.857 [JavaFX Application Thread] DEBUG PrimaryStageWindow   - FXGLStartupScene -> FXGLMainMenuDummyScene
17:41:49.858 [JavaFX Application Thread] DEBUG PrimaryStageWindow   - Push state: FXGLDefaultMenu
17:41:49.862 [JavaFX Application Thread] DEBUG Input                - Clearing active input actions
17:41:49.865 [JavaFX Application Thread] DEBUG GameApplicationServi - Removing overlay from FXGLMainMenuDummyScene and adding to FXGLDefaultMenu
17:41:49.865 [JavaFX Application Thread] DEBUG PrimaryStageWindow   - FXGLMainMenuDummyScene -> FXGLDefaultMenu
17:41:49.874 [JavaFX Application Thread] DEBUG FXGLApplication      - Registering font factories with UI factory
17:41:49.890 [FXGL Background Thread 2 ] WARN  UpdaterService       - Failed to find updates: java.net.UnknownHostException: raw.githubusercontent.com
17:41:50.513 [JavaFX Application Thread] DEBUG Menu                 - fireNewGame()
17:41:50.513 [JavaFX Application Thread] DEBUG GameApplicationServi - Starting new game
17:41:50.514 [JavaFX Application Thread] DEBUG PrimaryStageWindow   - Pop state: FXGLDefaultMenu
17:41:50.514 [JavaFX Application Thread] DEBUG Input                - Clearing active input actions
17:41:50.514 [JavaFX Application Thread] DEBUG GameApplicationServi - Removing overlay from FXGLDefaultMenu and adding to FXGLMainMenuDummyScene
17:41:50.516 [JavaFX Application Thread] DEBUG PrimaryStageWindow   - FXGLMainMenuDummyScene <- FXGLDefaultMenu
17:41:50.516 [JavaFX Application Thread] DEBUG Input                - Clearing active input actions
17:41:50.520 [JavaFX Application Thread] DEBUG GameApplicationServi - Removing overlay from FXGLMainMenuDummyScene and adding to FXGLLoadingScene
17:41:50.520 [JavaFX Application Thread] DEBUG PrimaryStageWindow   - FXGLMainMenuDummyScene -> FXGLLoadingScene
17:41:50.520 [JavaFX Application Thread] DEBUG GameApplicationServi - Clearing previous game
17:41:50.520 [JavaFX Application Thread] DEBUG GameScene            - Clearing game scene
17:41:50.520 [JavaFX Application Thread] DEBUG GameWorld            - Clearing game world
17:41:50.520 [JavaFX Application Thread] DEBUG PhysicsWorld         - Clearing physics world
17:41:50.522 [FXGL Background Thread 2 ] DEBUG FXGLApplication      - Initializing game
17:41:50.555 [FXGL Background Thread 2 ] WARN  TMXLevelLoader       - TiledMap generated from 1.2.3. Supported version: 1.9.0. Some features may not be parsed fully.
17:41:50.568 [FXGL Background Thread 2 ] DEBUG TMXLevelLoader       - Parsed TiledMap: file:/C:/Users/Administrator/IdeaProjects/LearningFXGL/target/classes/assets/levels/level2.tmx
17:41:50.569 [FXGL Background Thread 2 ] DEBUG TMXLevelLoader       - Creating tile layer entities
17:41:50.571 [FXGL Background Thread 2 ] DEBUG TilesetLoader        - Loading view for layer Tile Layer 1
17:41:50.571 [FXGL Background Thread 2 ] DEBUG TilesetLoader        - Created buffer with size 800.0x600.0
17:41:50.574 [FXGL Background Thread 2 ] DEBUG TMXLevelLoader       - Creating object layer entities
17:41:50.577 [FXGL Background Thread 2 ] DEBUG FXGLAssetLoaderServi - Loading from file system: file:/C:/Users/Administrator/IdeaProjects/LearningFXGL/target/classes/assets/textures/player.png
17:41:50.581 [FXGL Background Thread 2 ] DEBUG FXGLAssetLoaderServi - Loading from file system: file:/C:/Users/Administrator/IdeaProjects/LearningFXGL/target/classes/assets/textures/sprite.png
17:41:50.587 [FXGL Background Thread 2 ] DEBUG FXGLAssetLoaderServi - Loading from file system: file:/C:/Users/Administrator/IdeaProjects/LearningFXGL/target/classes/assets/textures/pill.png
17:41:50.605 [FXGL Background Thread 2 ] DEBUG FXGLAssetLoaderServi - Loading from file system: file:/C:/Users/Administrator/IdeaProjects/LearningFXGL/target/classes/assets/textures/Ghost1.gif
17:41:50.605 [FXGL Background Thread 2 ] DEBUG FXGLAssetLoaderServi - Loading from file system: file:/C:/Users/Administrator/IdeaProjects/LearningFXGL/target/classes/assets/textures/Ghost2.gif
17:41:50.626 [FXGL Background Thread 2 ] DEBUG GameWorld            - Clearing removable entities
17:41:50.626 [FXGL Background Thread 2 ] DEBUG GameWorld            - Setting level: com.almasb.fxgl.entity.level.Level@6e7a3569
17:41:50.630 [FXGL Background Thread 2 ] INFO  FXGLApplication      - Game initialization took: 0.109 sec
17:41:50.631 [JavaFX Application Thread] DEBUG Input                - Clearing active input actions
17:41:50.633 [JavaFX Application Thread] DEBUG GameApplicationServi - Removing overlay from FXGLLoadingScene and adding to GameScene
17:41:50.634 [JavaFX Application Thread] DEBUG PrimaryStageWindow   - FXGLLoadingScene -> GameScene
17:41:52.806 [FXGL Background Thread 3 ] DEBUG Engine               - Logging environment variables
17:41:52.806 [FXGL Background Thread 3 ] DEBUG Engine               - achievements: []
17:41:52.806 [FXGL Background Thread 3 ] DEBUG Engine               - actualHeight: 600.0
17:41:52.807 [FXGL Background Thread 3 ] DEBUG Engine               - actualHeightProperty: ReadOnlyDoubleProperty [value: 600.0]
17:41:52.807 [FXGL Background Thread 3 ] DEBUG Engine               - actualWidth: 800.0
17:41:52.807 [FXGL Background Thread 3 ] DEBUG Engine               - actualWidthProperty: ReadOnlyDoubleProperty [value: 800.0]
17:41:52.807 [FXGL Background Thread 3 ] DEBUG Engine               - appIcon: fxgl_icon.png
17:41:52.807 [FXGL Background Thread 3 ] DEBUG Engine               - applicationMode: DEVELOPER
17:41:52.807 [FXGL Background Thread 3 ] DEBUG Engine               - cSSList: [fxgl_dark.css]
17:41:52.807 [FXGL Background Thread 3 ] DEBUG Engine               - collisionDetectionStrategy: BRUTE_FORCE
17:41:52.807 [FXGL Background Thread 3 ] DEBUG Engine               - configClass: Optional.empty
17:41:52.807 [FXGL Background Thread 3 ] DEBUG Engine               - credits: []
17:41:52.807 [FXGL Background Thread 3 ] DEBUG Engine               - defaultCursor: CursorInfo(imageName=fxgl_default_cursor.png, hotspotX=7.0, hotspotY=6.0)
17:41:52.807 [FXGL Background Thread 3 ] DEBUG Engine               - devBBoxColorProperty: ObjectProperty [value: 0xff0000ff]
17:41:52.807 [FXGL Background Thread 3 ] DEBUG Engine               - devEnableDebugCameraProperty: BooleanProperty [value: false]
17:41:52.807 [FXGL Background Thread 3 ] DEBUG Engine               - devSensorColorProperty: ObjectProperty [value: 0xffff00ff]
17:41:52.808 [FXGL Background Thread 3 ] DEBUG Engine               - devShowBBoxProperty: BooleanProperty [value: false]
17:41:52.808 [FXGL Background Thread 3 ] DEBUG Engine               - devShowPositionProperty: BooleanProperty [value: false]
17:41:52.808 [FXGL Background Thread 3 ] DEBUG Engine               - enabledMenuItems: []
17:41:52.808 [FXGL Background Thread 3 ] DEBUG Engine               - engineServices: [class com.almasb.fxgl.app.services.FXGLAssetLoaderService, class com.almasb.fxgl.app.FXGLApplication$GameApplicationService, class com.almasb.fxgl.app.services.FXGLDialogService, class com.almasb.fxgl.app.services.IOTaskExecutorService, class com.almasb.fxgl.io.FileSystemService, class com.almasb.fxgl.localization.LocalizationService, class com.almasb.fxgl.app.services.SystemBundleService, class com.almasb.fxgl.profile.SaveLoadService, class com.almasb.fxgl.ui.FXGLUIFactoryServiceProvider, class com.almasb.fxgl.ui.FXGLDialogFactoryServiceProvider, class com.almasb.fxgl.audio.AudioPlayer, class com.almasb.fxgl.notification.impl.NotificationServiceProvider, class com.almasb.fxgl.achievement.AchievementService, class com.almasb.fxgl.cutscene.CutsceneService, class com.almasb.fxgl.minigames.MiniGameService, class com.almasb.fxgl.net.NetService, class com.almasb.fxgl.app.services.UpdaterService, class com.almasb.fxgl.dev.DevService]
17:41:52.808 [FXGL Background Thread 3 ] DEBUG Engine               - fontGame: Abel-Regular.ttf
17:41:52.808 [FXGL Background Thread 3 ] DEBUG Engine               - fontMono: TerminalLandMono-Regular.otf
17:41:52.808 [FXGL Background Thread 3 ] DEBUG Engine               - fontSizeScaleUI: 1.0
17:41:52.809 [FXGL Background Thread 3 ] DEBUG Engine               - fontText: Courier-Prime.ttf
17:41:52.809 [FXGL Background Thread 3 ] DEBUG Engine               - fontUI: VarelaRound-Regular.ttf
17:41:52.809 [FXGL Background Thread 3 ] DEBUG Engine               - fullScreen: BooleanProperty [value: false]
17:41:52.809 [FXGL Background Thread 3 ] DEBUG Engine               - gameDifficulty: MEDIUM
17:41:52.809 [FXGL Background Thread 3 ] DEBUG Engine               - gameDifficultyProperty: ObjectProperty [value: MEDIUM]
17:41:52.809 [FXGL Background Thread 3 ] DEBUG Engine               - globalMusicVolume: 0.5
17:41:52.809 [FXGL Background Thread 3 ] DEBUG Engine               - globalMusicVolumeProperty: DoubleProperty [value: 0.5]
17:41:52.809 [FXGL Background Thread 3 ] DEBUG Engine               - globalSoundVolume: 0.5
17:41:52.809 [FXGL Background Thread 3 ] DEBUG Engine               - globalSoundVolumeProperty: DoubleProperty [value: 0.5]
17:41:52.809 [FXGL Background Thread 3 ] DEBUG Engine               - height: 600
17:41:52.809 [FXGL Background Thread 3 ] DEBUG Engine               - is3D: false
17:41:52.809 [FXGL Background Thread 3 ] DEBUG Engine               - isAndroid: false
17:41:52.809 [FXGL Background Thread 3 ] DEBUG Engine               - isBrowser: false
17:41:52.809 [FXGL Background Thread 3 ] DEBUG Engine               - isClickFeedbackEnabled: false
17:41:52.809 [FXGL Background Thread 3 ] DEBUG Engine               - isCloseConfirmation: false
17:41:52.809 [FXGL Background Thread 3 ] DEBUG Engine               - isDesktop: true
17:41:52.809 [FXGL Background Thread 3 ] DEBUG Engine               - isDeveloperMenuEnabled: true
17:41:52.809 [FXGL Background Thread 3 ] DEBUG Engine               - isEmbedded: false
17:41:52.810 [FXGL Background Thread 3 ] DEBUG Engine               - isEntityPreloadEnabled: true
17:41:52.810 [FXGL Background Thread 3 ] DEBUG Engine               - isExperimentalTiledLargeMap: false
17:41:52.810 [FXGL Background Thread 3 ] DEBUG Engine               - isFileSystemWriteAllowed: true
17:41:52.810 [FXGL Background Thread 3 ] DEBUG Engine               - isFullScreenAllowed: false
17:41:52.810 [FXGL Background Thread 3 ] DEBUG Engine               - isFullScreenFromStart: false
17:41:52.810 [FXGL Background Thread 3 ] DEBUG Engine               - isGameMenuEnabled: true
17:41:52.810 [FXGL Background Thread 3 ] DEBUG Engine               - isIOS: false
17:41:52.810 [FXGL Background Thread 3 ] DEBUG Engine               - isIntroEnabled: false
17:41:52.810 [FXGL Background Thread 3 ] DEBUG Engine               - isLinux: false
17:41:52.810 [FXGL Background Thread 3 ] DEBUG Engine               - isMac: false
17:41:52.810 [FXGL Background Thread 3 ] DEBUG Engine               - isMainMenuEnabled: true
17:41:52.810 [FXGL Background Thread 3 ] DEBUG Engine               - isManualResizeEnabled: false
17:41:52.810 [FXGL Background Thread 3 ] DEBUG Engine               - isMobile: false
17:41:52.810 [FXGL Background Thread 3 ] DEBUG Engine               - isNative: false
17:41:52.810 [FXGL Background Thread 3 ] DEBUG Engine               - isPauseMusicWhenMinimized: true
17:41:52.810 [FXGL Background Thread 3 ] DEBUG Engine               - isPreserveResizeRatio: false
17:41:52.810 [FXGL Background Thread 3 ] DEBUG Engine               - isProfilingEnabled: false
17:41:52.810 [FXGL Background Thread 3 ] DEBUG Engine               - isScaleAffectedOnResize: true
17:41:52.810 [FXGL Background Thread 3 ] DEBUG Engine               - isSingleStep: false
17:41:52.810 [FXGL Background Thread 3 ] DEBUG Engine               - isUserProfileEnabled: false
17:41:52.810 [FXGL Background Thread 3 ] DEBUG Engine               - isWindows: true
17:41:52.810 [FXGL Background Thread 3 ] DEBUG Engine               - language: ObjectProperty [value: ENGLISH]
17:41:52.810 [FXGL Background Thread 3 ] DEBUG Engine               - menuKey: ESCAPE
17:41:52.810 [FXGL Background Thread 3 ] DEBUG Engine               - mouseSensitivity: 0.2
17:41:52.810 [FXGL Background Thread 3 ] DEBUG Engine               - notificationViewClass: class com.almasb.fxgl.notification.view.XboxNotificationView
17:41:52.810 [FXGL Background Thread 3 ] DEBUG Engine               - pixelsPerMeter: 50.0
17:41:52.810 [FXGL Background Thread 3 ] DEBUG Engine               - platform: WINDOWS
17:41:52.810 [FXGL Background Thread 3 ] DEBUG Engine               - prefHeightProperty: ReadOnlyDoubleProperty [value: 600.0]
17:41:52.810 [FXGL Background Thread 3 ] DEBUG Engine               - prefWidthProperty: ReadOnlyDoubleProperty [value: 800.0]
17:41:52.810 [FXGL Background Thread 3 ] DEBUG Engine               - profileDir: profiles/
17:41:52.810 [FXGL Background Thread 3 ] DEBUG Engine               - profileName: StringProperty [value: DEFAULT]
17:41:52.810 [FXGL Background Thread 3 ] DEBUG Engine               - randomSeed: -1
17:41:52.810 [FXGL Background Thread 3 ] DEBUG Engine               - runtimeInfo: RuntimeInfo(platform=WINDOWS, version=17.3, build=30.03.2023 11.49)
17:41:52.810 [FXGL Background Thread 3 ] DEBUG Engine               - saveFileExt: sav
17:41:52.810 [FXGL Background Thread 3 ] DEBUG Engine               - scaledHeightProp$fxgl: DoubleProperty [bound, value: 600.0]
17:41:52.810 [FXGL Background Thread 3 ] DEBUG Engine               - scaledWidthProp$fxgl: DoubleProperty [bound, value: 800.0]
17:41:52.810 [FXGL Background Thread 3 ] DEBUG Engine               - sceneFactory: com.almasb.fxgl.app.scene.SceneFactory@77ae2d2d
17:41:52.811 [FXGL Background Thread 3 ] DEBUG Engine               - secondsIn24h: 60
17:41:52.811 [FXGL Background Thread 3 ] DEBUG Engine               - soundMenuBack: menu/back.wav
17:41:52.811 [FXGL Background Thread 3 ] DEBUG Engine               - soundMenuPress: menu/press.wav
17:41:52.811 [FXGL Background Thread 3 ] DEBUG Engine               - soundMenuSelect: menu/select.wav
17:41:52.811 [FXGL Background Thread 3 ] DEBUG Engine               - soundNotification: core/notification.wav
17:41:52.811 [FXGL Background Thread 3 ] DEBUG Engine               - stageStyle: DECORATED
17:41:52.811 [FXGL Background Thread 3 ] DEBUG Engine               - supportedLanguages: [ENGLISH, FRENCH, GERMAN, HUNGARIAN, RUSSIAN]
17:41:52.811 [FXGL Background Thread 3 ] DEBUG Engine               - ticksPerSecond: -1
17:41:52.811 [FXGL Background Thread 3 ] DEBUG Engine               - title: DemoApp
17:41:52.811 [FXGL Background Thread 3 ] DEBUG Engine               - urlGithub: https://github.com/AlmasB/FXGL
17:41:52.811 [FXGL Background Thread 3 ] DEBUG Engine               - urlLeaderboard: http://fxgl-top.herokuapp.com/
17:41:52.811 [FXGL Background Thread 3 ] DEBUG Engine               - urlPOM: https://raw.githubusercontent.com/AlmasB/FXGL/release/README.md
17:41:52.811 [FXGL Background Thread 3 ] DEBUG Engine               - userAppClass: class com.gamedemo.DemoApp
17:41:52.811 [FXGL Background Thread 3 ] DEBUG Engine               - version: 0.1
17:41:52.811 [FXGL Background Thread 3 ] DEBUG Engine               - versionCheckDays: 7
17:41:52.811 [FXGL Background Thread 3 ] DEBUG Engine               - width: 800
17:41:52.811 [FXGL Background Thread 3 ] DEBUG Engine               - Logging services
17:41:52.811 [FXGL Background Thread 3 ] DEBUG Engine               - class com.almasb.fxgl.app.services.FXGLAssetLoaderService
17:41:52.811 [FXGL Background Thread 3 ] DEBUG Engine               - class com.almasb.fxgl.app.FXGLApplication$GameApplicationService
17:41:52.811 [FXGL Background Thread 3 ] DEBUG Engine               - class com.almasb.fxgl.app.services.FXGLDialogService
17:41:52.811 [FXGL Background Thread 3 ] DEBUG Engine               - class com.almasb.fxgl.app.services.IOTaskExecutorService
17:41:52.811 [FXGL Background Thread 3 ] DEBUG Engine               - class com.almasb.fxgl.io.FileSystemService
17:41:52.811 [FXGL Background Thread 3 ] DEBUG Engine               - class com.almasb.fxgl.localization.LocalizationService
17:41:52.811 [FXGL Background Thread 3 ] DEBUG Engine               - class com.almasb.fxgl.app.services.SystemBundleService
17:41:52.811 [FXGL Background Thread 3 ] DEBUG Engine               - class com.almasb.fxgl.profile.SaveLoadService
17:41:52.811 [FXGL Background Thread 3 ] DEBUG Engine               - class com.almasb.fxgl.ui.FXGLUIFactoryServiceProvider
17:41:52.811 [FXGL Background Thread 3 ] DEBUG Engine               - class com.almasb.fxgl.ui.FXGLDialogFactoryServiceProvider
17:41:52.811 [FXGL Background Thread 3 ] DEBUG Engine               - class com.almasb.fxgl.audio.AudioPlayer
17:41:52.811 [FXGL Background Thread 3 ] DEBUG Engine               - class com.almasb.fxgl.notification.impl.NotificationServiceProvider
17:41:52.811 [FXGL Background Thread 3 ] DEBUG Engine               - class com.almasb.fxgl.achievement.AchievementService
17:41:52.811 [FXGL Background Thread 3 ] DEBUG Engine               - class com.almasb.fxgl.cutscene.CutsceneService
17:41:52.811 [FXGL Background Thread 3 ] DEBUG Engine               - class com.almasb.fxgl.minigames.MiniGameService
17:41:52.811 [FXGL Background Thread 3 ] DEBUG Engine               - class com.almasb.fxgl.net.NetService
17:41:52.811 [FXGL Background Thread 3 ] DEBUG Engine               - class com.almasb.fxgl.app.services.UpdaterService
17:41:52.811 [FXGL Background Thread 3 ] DEBUG Engine               - class com.almasb.fxgl.dev.DevService
17:41:58.748 [JavaFX Application Thread] DEBUG FXGLApplication      - Exiting FXGL
17:41:58.748 [JavaFX Application Thread] DEBUG LoopRunner           - Stopping loop
17:41:58.748 [JavaFX Application Thread] DEBUG SystemBundleService  - Saving FXGL system data
17:41:58.750 [JavaFX Application Thread] DEBUG FileSystemAccess     - Writing to: C:\Users\Administrator\IdeaProjects\LearningFXGL\system\fxgl.bundle
17:41:58.751 [JavaFX Application Thread] DEBUG Async                - Shutting down background threads
17:41:58.751 [JavaFX Application Thread] DEBUG PrimaryStageWindow   - Closing main window
17:41:58.758 [JavaFX Application Thread] DEBUG Logger               - Closing Logger
