17:55:32.031 [main                     ] DEBUG Logger               - Configured Logger
17:55:32.048 [main                     ] DEBUG GameApplication      - Logging settings
Title: DemoApp
Version: 0.1
Width: 800
Height: 600
Fullscreen: false
Intro: false
Profiling: false
Single step:false
App Mode: DEVELOPER
Menu Key: ESCAPE
Stage Style: DECORATED
Scene Factory: class com.almasb.fxgl.app.scene.SceneFactory

17:55:32.256 [JavaFX Application Thread] DEBUG FXGLApplication      - Initializing FXGL
17:55:32.258 [JavaFX Application Thread] INFO  Engine               - FXGL-17.3 (30.03.2023 11.49) on WINDOWS (J:21.0.1 FX:20)
17:55:32.258 [JavaFX Application Thread] DEBUG Engine               - JRE Vendor Name: Oracle Corporation
17:55:32.258 [JavaFX Application Thread] DEBUG Engine               - Running on OS: Windows 11 version 10.0
17:55:32.258 [JavaFX Application Thread] DEBUG Engine               - Architecture: amd64
17:55:32.258 [JavaFX Application Thread] INFO  Engine               - Source code and latest versions at: https://github.com/AlmasB/FXGL
17:55:32.258 [JavaFX Application Thread] INFO  Engine               -       Ask questions and discuss at: https://github.com/AlmasB/FXGL/discussions
17:55:32.258 [JavaFX Application Thread] INFO  Engine               -              Join the FXGL chat at: https://gitter.im/AlmasB/FXGL
17:55:32.300 [JavaFX Application Thread] DEBUG PrimaryStageWindow   - Creating a JavaFX scene
17:55:32.325 [JavaFX Application Thread] DEBUG PrimaryStageWindow   - Target settings size: 800.0 x 600.0
17:55:32.325 [JavaFX Application Thread] DEBUG PrimaryStageWindow   - Scaled scene size:    800.0 x 600.0
17:55:32.325 [JavaFX Application Thread] DEBUG PrimaryStageWindow   - Scaled ratio: (1.0, 1.0)
17:55:32.326 [JavaFX Application Thread] DEBUG PrimaryStageWindow   - Set initial scene to FXGLStartupScene
17:55:32.327 [JavaFX Application Thread] DEBUG PrimaryStageWindow   - Opening main window
17:55:32.371 [JavaFX Application Thread] DEBUG PrimaryStageWindow   - Window border size: (14.4000244140625, 37.5999755859375)
17:55:32.371 [JavaFX Application Thread] DEBUG PrimaryStageWindow   - Scaled size: 800.0 x 600.0
17:55:32.371 [JavaFX Application Thread] DEBUG PrimaryStageWindow   - Scaled ratio: (1.0, 1.0)
17:55:32.371 [JavaFX Application Thread] DEBUG PrimaryStageWindow   - Scene size: 800.0 x 600.0
17:55:32.372 [JavaFX Application Thread] DEBUG PrimaryStageWindow   - Stage size: 814.4000244140625 x 637.5999755859375
17:55:32.375 [FXGL Background Thread 1 ] DEBUG Engine               - Initializing environment variables
17:55:32.403 [FXGL Background Thread 1 ] DEBUG FXGLAssetLoaderServi - User app class for loading assets: class com.gamedemo.DemoApp
17:55:32.403 [FXGL Background Thread 1 ] DEBUG GameApplicationServi - Applying CSS: fxgl_dark.css
17:55:32.403 [FXGL Background Thread 1 ] DEBUG FXGLAssetLoaderServi - Loading from file system: jar:file:///C:/Users/Administrator/.m2/repository/com/github/almasb/fxgl/17.3/fxgl-17.3.jar!/fxglassets/ui/css/fxgl_dark.css
17:55:32.424 [FXGL Background Thread 1 ] DEBUG GameApplicationServi - Initializing application scenes
17:55:32.453 [FXGL Background Thread 1 ] DEBUG GameWorld            - Game world initialized
17:55:32.478 [FXGL Background Thread 1 ] DEBUG PhysicsWorld         - Physics world initialized: appHeight=600, physics.ppm=50.0
17:55:32.478 [FXGL Background Thread 1 ] DEBUG PhysicsWorld         - Using strategy: BRUTE_FORCE
17:55:32.481 [FXGL Background Thread 1 ] DEBUG GameScene            - Game scene initialized: 800x600
17:55:32.485 [FXGL Background Thread 1 ] DEBUG FXGL.DefaultMenu     - createMenuBodyMainMenu()
17:55:32.491 [FXGL Background Thread 1 ] DEBUG FXGL.DefaultMenu     - createOptionsMenu()
17:55:32.495 [FXGL Background Thread 1 ] DEBUG FXGLAssetLoaderServi - Loading from file system: jar:file:///C:/Users/Administrator/.m2/repository/com/github/almasb/fxgl/17.3/fxgl-17.3.jar!/fxglassets/textures/particles/smoke.png
17:55:32.539 [FXGL Background Thread 1 ] DEBUG FXGLAssetLoaderServi - Loading from file system: jar:file:///C:/Users/Administrator/.m2/repository/com/github/almasb/fxgl/17.3/fxgl-17.3.jar!/fxglassets/textures/particles/trace_horizontal.png
17:55:32.553 [FXGL Background Thread 1 ] DEBUG FXGL.DefaultMenu     - createMenuBodyGameMenu()
17:55:32.554 [FXGL Background Thread 1 ] DEBUG FXGL.DefaultMenu     - createOptionsMenu()
17:55:32.560 [FXGL Background Thread 1 ] DEBUG GameApplicationServi - Application scenes initialized
17:55:32.565 [FXGL Background Thread 1 ] DEBUG SystemBundleService  - Loading FXGL system data
17:55:32.566 [FXGL Background Thread 1 ] DEBUG FileSystemAccess     - Reading from: C:\Users\Administrator\IdeaProjects\LearningFXGL\system\fxgl.bundle
17:55:32.572 [FXGL Background Thread 1 ] DEBUG SystemBundleService  - Bundle FXGL: {}
17:55:32.572 [FXGL Background Thread 1 ] DEBUG UpdaterService       - Checking for updates
17:55:32.587 [FXGL Background Thread 4 ] DEBUG FXGLApplication      - Loading fonts
17:55:32.587 [FXGL Background Thread 4 ] DEBUG FXGLAssetLoaderServi - Loading from file system: jar:file:///C:/Users/Administrator/.m2/repository/com/github/almasb/fxgl/17.3/fxgl-17.3.jar!/fxglassets/ui/fonts/VarelaRound-Regular.ttf
17:55:32.588 [FXGL Background Thread 1 ] DEBUG FXGLApplication      - Loading default localization
17:55:32.588 [FXGL Background Thread 1 ] DEBUG FXGLAssetLoaderServi - Loading from file system: jar:file:///C:/Users/Administrator/.m2/repository/com/github/almasb/fxgl/17.3/fxgl-17.3.jar!/fxglassets/languages/english.lang
17:55:32.598 [FXGL Background Thread 1 ] INFO  FXGLApplication      - FXGL initialization took: 0.223 sec
17:55:32.604 [FXGL Background Thread 4 ] DEBUG FXGLAssetLoaderServi - Loading from file system: jar:file:///C:/Users/Administrator/.m2/repository/com/github/almasb/fxgl/17.3/fxgl-17.3.jar!/fxglassets/ui/fonts/Abel-Regular.ttf
17:55:32.605 [JavaFX Application Thread] DEBUG Input                - Registered new binding: MoveUp - Up
17:55:32.605 [JavaFX Application Thread] DEBUG Input                - Registered new binding: MoveDown - Down
17:55:32.605 [JavaFX Application Thread] DEBUG Input                - Registered new binding: MoveLeft - Left
17:55:32.605 [JavaFX Application Thread] DEBUG Input                - Registered new binding: MoveRight - Right
17:55:32.605 [JavaFX Application Thread] DEBUG FXGLAssetLoaderServi - Loading from file system: jar:file:///C:/Users/Administrator/.m2/repository/com/github/almasb/fxgl/17.3/fxgl-17.3.jar!/fxglassets/textures/fxgl_icon.png
17:55:32.606 [FXGL Background Thread 4 ] DEBUG FXGLAssetLoaderServi - Loading from file system: jar:file:///C:/Users/Administrator/.m2/repository/com/github/almasb/fxgl/17.3/fxgl-17.3.jar!/fxglassets/ui/fonts/TerminalLandMono-Regular.otf
17:55:32.607 [FXGL Background Thread 4 ] DEBUG FXGLAssetLoaderServi - Loading from file system: jar:file:///C:/Users/Administrator/.m2/repository/com/github/almasb/fxgl/17.3/fxgl-17.3.jar!/fxglassets/ui/fonts/Courier-Prime.ttf
17:55:32.616 [JavaFX Application Thread] DEBUG FXGLAssetLoaderServi - Loading from file system: jar:file:///C:/Users/Administrator/.m2/repository/com/github/almasb/fxgl/17.3/fxgl-17.3.jar!/fxglassets/textures/fxgl_default_cursor.png
17:55:32.617 [JavaFX Application Thread] DEBUG Input                - Registered new binding: Screenshot - CTRL+8
17:55:32.617 [JavaFX Application Thread] DEBUG Input                - Registered new binding: Dev Options - 1
17:55:32.617 [JavaFX Application Thread] DEBUG Input                - Registered new binding: Dev Console - 2
17:55:32.618 [JavaFX Application Thread] DEBUG Input                - Registered new binding: System info dump - CTRL+9
17:55:32.618 [JavaFX Application Thread] DEBUG Input                - Registered new binding: Restart - CTRL+R
17:55:32.618 [JavaFX Application Thread] DEBUG Input                - Registered new binding: Toggle Debug Camera - CTRL+7
17:55:32.620 [JavaFX Application Thread] DEBUG LoopRunner           - Starting loop
17:55:32.625 [JavaFX Application Thread] DEBUG LoopRunner           - Initializing JavaFX AnimationTimerLoop
17:55:32.626 [JavaFX Application Thread] DEBUG Input                - Clearing active input actions
17:55:32.630 [JavaFX Application Thread] DEBUG GameApplicationServi - Removing overlay from FXGLStartupScene and adding to FXGLMainMenuDummyScene
17:55:32.634 [JavaFX Application Thread] DEBUG PrimaryStageWindow   - FXGLStartupScene -> FXGLMainMenuDummyScene
17:55:32.634 [JavaFX Application Thread] DEBUG PrimaryStageWindow   - Push state: FXGLDefaultMenu
17:55:32.641 [JavaFX Application Thread] DEBUG Input                - Clearing active input actions
17:55:32.643 [JavaFX Application Thread] DEBUG GameApplicationServi - Removing overlay from FXGLMainMenuDummyScene and adding to FXGLDefaultMenu
17:55:32.644 [JavaFX Application Thread] DEBUG PrimaryStageWindow   - FXGLMainMenuDummyScene -> FXGLDefaultMenu
17:55:32.644 [JavaFX Application Thread] DEBUG FXGLApplication      - Registering font factories with UI factory
17:55:32.667 [FXGL Background Thread 2 ] WARN  UpdaterService       - Failed to find updates: java.net.UnknownHostException: raw.githubusercontent.com
17:55:33.387 [JavaFX Application Thread] DEBUG Menu                 - fireNewGame()
17:55:33.387 [JavaFX Application Thread] DEBUG GameApplicationServi - Starting new game
17:55:33.388 [JavaFX Application Thread] DEBUG PrimaryStageWindow   - Pop state: FXGLDefaultMenu
17:55:33.388 [JavaFX Application Thread] DEBUG Input                - Clearing active input actions
17:55:33.388 [JavaFX Application Thread] DEBUG GameApplicationServi - Removing overlay from FXGLDefaultMenu and adding to FXGLMainMenuDummyScene
17:55:33.390 [JavaFX Application Thread] DEBUG PrimaryStageWindow   - FXGLMainMenuDummyScene <- FXGLDefaultMenu
17:55:33.390 [JavaFX Application Thread] DEBUG Input                - Clearing active input actions
17:55:33.394 [JavaFX Application Thread] DEBUG GameApplicationServi - Removing overlay from FXGLMainMenuDummyScene and adding to FXGLLoadingScene
17:55:33.394 [JavaFX Application Thread] DEBUG PrimaryStageWindow   - FXGLMainMenuDummyScene -> FXGLLoadingScene
17:55:33.394 [JavaFX Application Thread] DEBUG GameApplicationServi - Clearing previous game
17:55:33.394 [JavaFX Application Thread] DEBUG GameScene            - Clearing game scene
17:55:33.394 [JavaFX Application Thread] DEBUG GameWorld            - Clearing game world
17:55:33.394 [JavaFX Application Thread] DEBUG PhysicsWorld         - Clearing physics world
17:55:33.396 [FXGL Background Thread 2 ] DEBUG FXGLApplication      - Initializing game
17:55:33.425 [FXGL Background Thread 2 ] WARN  TMXLevelLoader       - TiledMap generated from 1.2.3. Supported version: 1.9.0. Some features may not be parsed fully.
17:55:33.436 [FXGL Background Thread 2 ] DEBUG TMXLevelLoader       - Parsed TiledMap: file:/C:/Users/Administrator/IdeaProjects/LearningFXGL/target/classes/assets/levels/level2.tmx
17:55:33.437 [FXGL Background Thread 2 ] DEBUG TMXLevelLoader       - Creating tile layer entities
17:55:33.438 [FXGL Background Thread 2 ] DEBUG TilesetLoader        - Loading view for layer Tile Layer 1
17:55:33.439 [FXGL Background Thread 2 ] DEBUG TilesetLoader        - Created buffer with size 800.0x600.0
17:55:33.442 [FXGL Background Thread 2 ] DEBUG TMXLevelLoader       - Creating object layer entities
17:55:33.444 [FXGL Background Thread 2 ] DEBUG FXGLAssetLoaderServi - Loading from file system: file:/C:/Users/Administrator/IdeaProjects/LearningFXGL/target/classes/assets/textures/player.png
17:55:33.448 [FXGL Background Thread 2 ] DEBUG FXGLAssetLoaderServi - Loading from file system: file:/C:/Users/Administrator/IdeaProjects/LearningFXGL/target/classes/assets/textures/sprite.png
17:55:33.459 [FXGL Background Thread 2 ] DEBUG FXGLAssetLoaderServi - Loading from file system: file:/C:/Users/Administrator/IdeaProjects/LearningFXGL/target/classes/assets/textures/pill.png
17:55:33.476 [FXGL Background Thread 2 ] DEBUG FXGLAssetLoaderServi - Loading from file system: file:/C:/Users/Administrator/IdeaProjects/LearningFXGL/target/classes/assets/textures/Ghost1.gif
17:55:33.476 [FXGL Background Thread 2 ] DEBUG FXGLAssetLoaderServi - Loading from file system: file:/C:/Users/Administrator/IdeaProjects/LearningFXGL/target/classes/assets/textures/Ghost2.gif
17:55:33.490 [FXGL Background Thread 2 ] DEBUG GameWorld            - Clearing removable entities
17:55:33.490 [FXGL Background Thread 2 ] DEBUG GameWorld            - Setting level: com.almasb.fxgl.entity.level.Level@4fd05593
17:55:33.494 [FXGL Background Thread 2 ] INFO  FXGLApplication      - Game initialization took: 0.099 sec
17:55:33.495 [JavaFX Application Thread] DEBUG Input                - Clearing active input actions
17:55:33.497 [JavaFX Application Thread] DEBUG GameApplicationServi - Removing overlay from FXGLLoadingScene and adding to GameScene
17:55:33.500 [JavaFX Application Thread] DEBUG PrimaryStageWindow   - FXGLLoadingScene -> GameScene
17:55:34.993 [JavaFX Application Thread] DEBUG FXGLApplication      - Exiting FXGL
17:55:34.993 [JavaFX Application Thread] DEBUG LoopRunner           - Stopping loop
17:55:34.993 [JavaFX Application Thread] DEBUG SystemBundleService  - Saving FXGL system data
17:55:34.995 [JavaFX Application Thread] DEBUG FileSystemAccess     - Writing to: C:\Users\Administrator\IdeaProjects\LearningFXGL\system\fxgl.bundle
17:55:34.996 [JavaFX Application Thread] DEBUG Async                - Shutting down background threads
17:55:34.996 [JavaFX Application Thread] DEBUG PrimaryStageWindow   - Closing main window
17:55:35.005 [JavaFX Application Thread] DEBUG Logger               - Closing Logger
