20:02:52.894 [main                     ] DEBUG Logger               - Configured Logger
20:02:52.910 [main                     ] DEBUG GameApplication      - Logging settings
Title: DemoApp
Version: 0.1
Width: 800
Height: 600
Fullscreen: false
Intro: false
Profiling: false
Single step:false
App Mode: DEVELOPER
Menu Key: ESCAPE
Stage Style: DECORATED
Scene Factory: class com.almasb.fxgl.app.scene.SceneFactory

20:02:53.118 [JavaFX Application Thread] DEBUG FXGLApplication      - Initializing FXGL
20:02:53.120 [JavaFX Application Thread] INFO  Engine               - FXGL-17.3 (30.03.2023 11.49) on WINDOWS (J:21.0.1 FX:20)
20:02:53.120 [JavaFX Application Thread] DEBUG Engine               - JRE Vendor Name: Oracle Corporation
20:02:53.121 [JavaFX Application Thread] DEBUG Engine               - Running on OS: Windows 11 version 10.0
20:02:53.121 [JavaFX Application Thread] DEBUG Engine               - Architecture: amd64
20:02:53.121 [JavaFX Application Thread] INFO  Engine               - Source code and latest versions at: https://github.com/AlmasB/FXGL
20:02:53.121 [JavaFX Application Thread] INFO  Engine               -       Ask questions and discuss at: https://github.com/AlmasB/FXGL/discussions
20:02:53.121 [JavaFX Application Thread] INFO  Engine               -              Join the FXGL chat at: https://gitter.im/AlmasB/FXGL
20:02:53.161 [JavaFX Application Thread] DEBUG PrimaryStageWindow   - Creating a JavaFX scene
20:02:53.184 [JavaFX Application Thread] DEBUG PrimaryStageWindow   - Target settings size: 800.0 x 600.0
20:02:53.184 [JavaFX Application Thread] DEBUG PrimaryStageWindow   - Scaled scene size:    800.0 x 600.0
20:02:53.184 [JavaFX Application Thread] DEBUG PrimaryStageWindow   - Scaled ratio: (1.0, 1.0)
20:02:53.185 [JavaFX Application Thread] DEBUG PrimaryStageWindow   - Set initial scene to FXGLStartupScene
20:02:53.187 [JavaFX Application Thread] DEBUG PrimaryStageWindow   - Opening main window
20:02:53.227 [JavaFX Application Thread] DEBUG PrimaryStageWindow   - Window border size: (14.4000244140625, 37.5999755859375)
20:02:53.227 [JavaFX Application Thread] DEBUG PrimaryStageWindow   - Scaled size: 800.0 x 600.0
20:02:53.228 [JavaFX Application Thread] DEBUG PrimaryStageWindow   - Scaled ratio: (1.0, 1.0)
20:02:53.228 [JavaFX Application Thread] DEBUG PrimaryStageWindow   - Scene size: 800.0 x 600.0
20:02:53.228 [JavaFX Application Thread] DEBUG PrimaryStageWindow   - Stage size: 814.4000244140625 x 637.5999755859375
20:02:53.232 [FXGL Background Thread 1 ] DEBUG Engine               - Initializing environment variables
20:02:53.260 [FXGL Background Thread 1 ] DEBUG FXGLAssetLoaderServi - User app class for loading assets: class com.gamedemo.DemoApp
20:02:53.260 [FXGL Background Thread 1 ] DEBUG GameApplicationServi - Applying CSS: fxgl_dark.css
20:02:53.260 [FXGL Background Thread 1 ] DEBUG FXGLAssetLoaderServi - Loading from file system: jar:file:///C:/Users/Administrator/.m2/repository/com/github/almasb/fxgl/17.3/fxgl-17.3.jar!/fxglassets/ui/css/fxgl_dark.css
20:02:53.282 [FXGL Background Thread 1 ] DEBUG GameApplicationServi - Initializing application scenes
20:02:53.314 [FXGL Background Thread 1 ] DEBUG GameWorld            - Game world initialized
20:02:53.341 [FXGL Background Thread 1 ] DEBUG PhysicsWorld         - Physics world initialized: appHeight=600, physics.ppm=50.0
20:02:53.341 [FXGL Background Thread 1 ] DEBUG PhysicsWorld         - Using strategy: BRUTE_FORCE
20:02:53.343 [FXGL Background Thread 1 ] DEBUG GameScene            - Game scene initialized: 800x600
20:02:53.348 [FXGL Background Thread 1 ] DEBUG FXGL.DefaultMenu     - createMenuBodyMainMenu()
20:02:53.353 [FXGL Background Thread 1 ] DEBUG FXGL.DefaultMenu     - createOptionsMenu()
20:02:53.358 [FXGL Background Thread 1 ] DEBUG FXGLAssetLoaderServi - Loading from file system: jar:file:///C:/Users/Administrator/.m2/repository/com/github/almasb/fxgl/17.3/fxgl-17.3.jar!/fxglassets/textures/particles/smoke.png
20:02:53.401 [FXGL Background Thread 1 ] DEBUG FXGLAssetLoaderServi - Loading from file system: jar:file:///C:/Users/Administrator/.m2/repository/com/github/almasb/fxgl/17.3/fxgl-17.3.jar!/fxglassets/textures/particles/trace_horizontal.png
20:02:53.419 [FXGL Background Thread 1 ] DEBUG FXGL.DefaultMenu     - createMenuBodyGameMenu()
20:02:53.419 [FXGL Background Thread 1 ] DEBUG FXGL.DefaultMenu     - createOptionsMenu()
20:02:53.427 [FXGL Background Thread 1 ] DEBUG GameApplicationServi - Application scenes initialized
20:02:53.433 [FXGL Background Thread 1 ] DEBUG SystemBundleService  - Loading FXGL system data
20:02:53.435 [FXGL Background Thread 1 ] DEBUG FileSystemAccess     - Reading from: C:\Users\Administrator\IdeaProjects\LearningFXGL\system\fxgl.bundle
20:02:53.440 [FXGL Background Thread 1 ] DEBUG SystemBundleService  - Bundle FXGL: {}
20:02:53.440 [FXGL Background Thread 1 ] DEBUG UpdaterService       - Checking for updates
20:02:53.456 [FXGL Background Thread 4 ] DEBUG FXGLApplication      - Loading fonts
20:02:53.456 [FXGL Background Thread 4 ] DEBUG FXGLAssetLoaderServi - Loading from file system: jar:file:///C:/Users/Administrator/.m2/repository/com/github/almasb/fxgl/17.3/fxgl-17.3.jar!/fxglassets/ui/fonts/VarelaRound-Regular.ttf
20:02:53.456 [FXGL Background Thread 1 ] DEBUG FXGLApplication      - Loading default localization
20:02:53.456 [FXGL Background Thread 1 ] DEBUG FXGLAssetLoaderServi - Loading from file system: jar:file:///C:/Users/Administrator/.m2/repository/com/github/almasb/fxgl/17.3/fxgl-17.3.jar!/fxglassets/languages/english.lang
20:02:53.470 [FXGL Background Thread 1 ] INFO  FXGLApplication      - FXGL initialization took: 0.238 sec
20:02:53.474 [FXGL Background Thread 4 ] DEBUG FXGLAssetLoaderServi - Loading from file system: jar:file:///C:/Users/Administrator/.m2/repository/com/github/almasb/fxgl/17.3/fxgl-17.3.jar!/fxglassets/ui/fonts/Abel-Regular.ttf
20:02:53.475 [JavaFX Application Thread] DEBUG Input                - Registered new binding: MoveUp - Up
20:02:53.475 [JavaFX Application Thread] DEBUG Input                - Registered new binding: MoveDown - Down
20:02:53.475 [JavaFX Application Thread] DEBUG Input                - Registered new binding: MoveLeft - Left
20:02:53.475 [JavaFX Application Thread] DEBUG Input                - Registered new binding: MoveRight - Right
20:02:53.475 [FXGL Background Thread 4 ] DEBUG FXGLAssetLoaderServi - Loading from file system: jar:file:///C:/Users/Administrator/.m2/repository/com/github/almasb/fxgl/17.3/fxgl-17.3.jar!/fxglassets/ui/fonts/TerminalLandMono-Regular.otf
20:02:53.476 [JavaFX Application Thread] DEBUG FXGLAssetLoaderServi - Loading from file system: jar:file:///C:/Users/Administrator/.m2/repository/com/github/almasb/fxgl/17.3/fxgl-17.3.jar!/fxglassets/textures/fxgl_icon.png
20:02:53.477 [FXGL Background Thread 4 ] DEBUG FXGLAssetLoaderServi - Loading from file system: jar:file:///C:/Users/Administrator/.m2/repository/com/github/almasb/fxgl/17.3/fxgl-17.3.jar!/fxglassets/ui/fonts/Courier-Prime.ttf
20:02:53.486 [JavaFX Application Thread] DEBUG FXGLAssetLoaderServi - Loading from file system: jar:file:///C:/Users/Administrator/.m2/repository/com/github/almasb/fxgl/17.3/fxgl-17.3.jar!/fxglassets/textures/fxgl_default_cursor.png
20:02:53.487 [JavaFX Application Thread] DEBUG Input                - Registered new binding: Screenshot - CTRL+8
20:02:53.487 [JavaFX Application Thread] DEBUG Input                - Registered new binding: Dev Options - 1
20:02:53.488 [JavaFX Application Thread] DEBUG Input                - Registered new binding: Dev Console - 2
20:02:53.488 [JavaFX Application Thread] DEBUG Input                - Registered new binding: System info dump - CTRL+9
20:02:53.489 [JavaFX Application Thread] DEBUG Input                - Registered new binding: Restart - CTRL+R
20:02:53.489 [JavaFX Application Thread] DEBUG Input                - Registered new binding: Toggle Debug Camera - CTRL+7
20:02:53.490 [JavaFX Application Thread] DEBUG LoopRunner           - Starting loop
20:02:53.499 [JavaFX Application Thread] DEBUG LoopRunner           - Initializing JavaFX AnimationTimerLoop
20:02:53.501 [JavaFX Application Thread] DEBUG Input                - Clearing active input actions
20:02:53.504 [JavaFX Application Thread] DEBUG GameApplicationServi - Removing overlay from FXGLStartupScene and adding to FXGLMainMenuDummyScene
20:02:53.508 [JavaFX Application Thread] DEBUG PrimaryStageWindow   - FXGLStartupScene -> FXGLMainMenuDummyScene
20:02:53.509 [JavaFX Application Thread] DEBUG PrimaryStageWindow   - Push state: FXGLDefaultMenu
20:02:53.511 [JavaFX Application Thread] DEBUG Input                - Clearing active input actions
20:02:53.519 [JavaFX Application Thread] DEBUG GameApplicationServi - Removing overlay from FXGLMainMenuDummyScene and adding to FXGLDefaultMenu
20:02:53.520 [JavaFX Application Thread] DEBUG PrimaryStageWindow   - FXGLMainMenuDummyScene -> FXGLDefaultMenu
20:02:53.524 [JavaFX Application Thread] DEBUG FXGLApplication      - Registering font factories with UI factory
20:02:53.541 [FXGL Background Thread 2 ] WARN  UpdaterService       - Failed to find updates: java.net.UnknownHostException: raw.githubusercontent.com
20:02:54.275 [JavaFX Application Thread] DEBUG Menu                 - fireNewGame()
20:02:54.275 [JavaFX Application Thread] DEBUG GameApplicationServi - Starting new game
20:02:54.276 [JavaFX Application Thread] DEBUG PrimaryStageWindow   - Pop state: FXGLDefaultMenu
20:02:54.276 [JavaFX Application Thread] DEBUG Input                - Clearing active input actions
20:02:54.277 [JavaFX Application Thread] DEBUG GameApplicationServi - Removing overlay from FXGLDefaultMenu and adding to FXGLMainMenuDummyScene
20:02:54.278 [JavaFX Application Thread] DEBUG PrimaryStageWindow   - FXGLMainMenuDummyScene <- FXGLDefaultMenu
20:02:54.278 [JavaFX Application Thread] DEBUG Input                - Clearing active input actions
20:02:54.281 [JavaFX Application Thread] DEBUG GameApplicationServi - Removing overlay from FXGLMainMenuDummyScene and adding to FXGLLoadingScene
20:02:54.281 [JavaFX Application Thread] DEBUG PrimaryStageWindow   - FXGLMainMenuDummyScene -> FXGLLoadingScene
20:02:54.281 [JavaFX Application Thread] DEBUG GameApplicationServi - Clearing previous game
20:02:54.281 [JavaFX Application Thread] DEBUG GameScene            - Clearing game scene
20:02:54.281 [JavaFX Application Thread] DEBUG GameWorld            - Clearing game world
20:02:54.281 [JavaFX Application Thread] DEBUG PhysicsWorld         - Clearing physics world
20:02:54.283 [FXGL Background Thread 2 ] DEBUG FXGLApplication      - Initializing game
20:02:54.318 [FXGL Background Thread 2 ] WARN  TMXLevelLoader       - TiledMap generated from 1.11.0. Supported version: 1.9.0. Some features may not be parsed fully.
20:02:54.326 [FXGL Background Thread 2 ] DEBUG TMXLevelLoader       - Parsed TiledMap: file:/C:/Users/Administrator/IdeaProjects/LearningFXGL/target/classes/assets/levels/level1.tmx
20:02:54.327 [FXGL Background Thread 2 ] DEBUG TMXLevelLoader       - Creating tile layer entities
20:02:54.328 [FXGL Background Thread 2 ] DEBUG TilesetLoader        - Loading view for layer Tile Layer 1
20:02:54.329 [FXGL Background Thread 2 ] DEBUG TilesetLoader        - Created buffer with size 800.0x600.0
20:02:54.332 [FXGL Background Thread 2 ] DEBUG TMXLevelLoader       - Creating object layer entities
20:02:54.335 [FXGL Background Thread 2 ] DEBUG FXGLAssetLoaderServi - Loading from file system: file:/C:/Users/Administrator/IdeaProjects/LearningFXGL/target/classes/assets/textures/player.png
20:02:54.338 [FXGL Background Thread 2 ] DEBUG FXGLAssetLoaderServi - Loading from file system: file:/C:/Users/Administrator/IdeaProjects/LearningFXGL/target/classes/assets/textures/sprite.png
20:02:54.351 [FXGL Background Thread 2 ] DEBUG FXGLAssetLoaderServi - Loading from file system: file:/C:/Users/Administrator/IdeaProjects/LearningFXGL/target/classes/assets/textures/pill.png
20:02:54.368 [FXGL Background Thread 2 ] DEBUG FXGLAssetLoaderServi - Loading from file system: file:/C:/Users/Administrator/IdeaProjects/LearningFXGL/target/classes/assets/textures/Ghost1.gif
20:02:54.368 [FXGL Background Thread 2 ] DEBUG FXGLAssetLoaderServi - Loading from file system: file:/C:/Users/Administrator/IdeaProjects/LearningFXGL/target/classes/assets/textures/Ghost2.gif
20:02:54.370 [FXGL Background Thread 2 ] DEBUG GameWorld            - Clearing removable entities
20:02:54.370 [FXGL Background Thread 2 ] DEBUG GameWorld            - Setting level: com.almasb.fxgl.entity.level.Level@f5bc533
20:02:54.375 [FXGL Background Thread 2 ] DEBUG FXGLAssetLoaderServi - Loading from file system: file:/C:/Users/Administrator/IdeaProjects/LearningFXGL/target/classes/assets/textures/PacMan2right.gif
20:02:54.376 [FXGL Background Thread 2 ] INFO  FXGLApplication      - Game initialization took: 0.094 sec
20:02:54.376 [JavaFX Application Thread] DEBUG Input                - Clearing active input actions
20:02:54.379 [JavaFX Application Thread] DEBUG GameApplicationServi - Removing overlay from FXGLLoadingScene and adding to GameScene
20:02:54.380 [JavaFX Application Thread] DEBUG PrimaryStageWindow   - FXGLLoadingScene -> GameScene
20:02:56.456 [FXGL Background Thread 3 ] DEBUG Engine               - Logging environment variables
20:02:56.456 [FXGL Background Thread 3 ] DEBUG Engine               - achievements: []
20:02:56.456 [FXGL Background Thread 3 ] DEBUG Engine               - actualHeight: 600.0
20:02:56.456 [FXGL Background Thread 3 ] DEBUG Engine               - actualHeightProperty: ReadOnlyDoubleProperty [value: 600.0]
20:02:56.456 [FXGL Background Thread 3 ] DEBUG Engine               - actualWidth: 800.0
20:02:56.456 [FXGL Background Thread 3 ] DEBUG Engine               - actualWidthProperty: ReadOnlyDoubleProperty [value: 800.0]
20:02:56.456 [FXGL Background Thread 3 ] DEBUG Engine               - appIcon: fxgl_icon.png
20:02:56.456 [FXGL Background Thread 3 ] DEBUG Engine               - applicationMode: DEVELOPER
20:02:56.456 [FXGL Background Thread 3 ] DEBUG Engine               - cSSList: [fxgl_dark.css]
20:02:56.456 [FXGL Background Thread 3 ] DEBUG Engine               - collisionDetectionStrategy: BRUTE_FORCE
20:02:56.456 [FXGL Background Thread 3 ] DEBUG Engine               - configClass: Optional.empty
20:02:56.457 [FXGL Background Thread 3 ] DEBUG Engine               - credits: []
20:02:56.457 [FXGL Background Thread 3 ] DEBUG Engine               - defaultCursor: CursorInfo(imageName=fxgl_default_cursor.png, hotspotX=7.0, hotspotY=6.0)
20:02:56.457 [FXGL Background Thread 3 ] DEBUG Engine               - devBBoxColorProperty: ObjectProperty [value: 0xff0000ff]
20:02:56.457 [FXGL Background Thread 3 ] DEBUG Engine               - devEnableDebugCameraProperty: BooleanProperty [value: false]
20:02:56.457 [FXGL Background Thread 3 ] DEBUG Engine               - devSensorColorProperty: ObjectProperty [value: 0xffff00ff]
20:02:56.457 [FXGL Background Thread 3 ] DEBUG Engine               - devShowBBoxProperty: BooleanProperty [value: false]
20:02:56.457 [FXGL Background Thread 3 ] DEBUG Engine               - devShowPositionProperty: BooleanProperty [value: false]
20:02:56.458 [FXGL Background Thread 3 ] DEBUG Engine               - enabledMenuItems: []
20:02:56.458 [FXGL Background Thread 3 ] DEBUG Engine               - engineServices: [class com.almasb.fxgl.app.services.FXGLAssetLoaderService, class com.almasb.fxgl.app.FXGLApplication$GameApplicationService, class com.almasb.fxgl.app.services.FXGLDialogService, class com.almasb.fxgl.app.services.IOTaskExecutorService, class com.almasb.fxgl.io.FileSystemService, class com.almasb.fxgl.localization.LocalizationService, class com.almasb.fxgl.app.services.SystemBundleService, class com.almasb.fxgl.profile.SaveLoadService, class com.almasb.fxgl.ui.FXGLUIFactoryServiceProvider, class com.almasb.fxgl.ui.FXGLDialogFactoryServiceProvider, class com.almasb.fxgl.audio.AudioPlayer, class com.almasb.fxgl.notification.impl.NotificationServiceProvider, class com.almasb.fxgl.achievement.AchievementService, class com.almasb.fxgl.cutscene.CutsceneService, class com.almasb.fxgl.minigames.MiniGameService, class com.almasb.fxgl.net.NetService, class com.almasb.fxgl.app.services.UpdaterService, class com.almasb.fxgl.dev.DevService]
20:02:56.458 [FXGL Background Thread 3 ] DEBUG Engine               - fontGame: Abel-Regular.ttf
20:02:56.458 [FXGL Background Thread 3 ] DEBUG Engine               - fontMono: TerminalLandMono-Regular.otf
20:02:56.458 [FXGL Background Thread 3 ] DEBUG Engine               - fontSizeScaleUI: 1.0
20:02:56.458 [FXGL Background Thread 3 ] DEBUG Engine               - fontText: Courier-Prime.ttf
20:02:56.458 [FXGL Background Thread 3 ] DEBUG Engine               - fontUI: VarelaRound-Regular.ttf
20:02:56.458 [FXGL Background Thread 3 ] DEBUG Engine               - fullScreen: BooleanProperty [value: false]
20:02:56.458 [FXGL Background Thread 3 ] DEBUG Engine               - gameDifficulty: MEDIUM
20:02:56.458 [FXGL Background Thread 3 ] DEBUG Engine               - gameDifficultyProperty: ObjectProperty [value: MEDIUM]
20:02:56.458 [FXGL Background Thread 3 ] DEBUG Engine               - globalMusicVolume: 0.5
20:02:56.459 [FXGL Background Thread 3 ] DEBUG Engine               - globalMusicVolumeProperty: DoubleProperty [value: 0.5]
20:02:56.459 [FXGL Background Thread 3 ] DEBUG Engine               - globalSoundVolume: 0.5
20:02:56.459 [FXGL Background Thread 3 ] DEBUG Engine               - globalSoundVolumeProperty: DoubleProperty [value: 0.5]
20:02:56.459 [FXGL Background Thread 3 ] DEBUG Engine               - height: 600
20:02:56.459 [FXGL Background Thread 3 ] DEBUG Engine               - is3D: false
20:02:56.459 [FXGL Background Thread 3 ] DEBUG Engine               - isAndroid: false
20:02:56.459 [FXGL Background Thread 3 ] DEBUG Engine               - isBrowser: false
20:02:56.459 [FXGL Background Thread 3 ] DEBUG Engine               - isClickFeedbackEnabled: false
20:02:56.459 [FXGL Background Thread 3 ] DEBUG Engine               - isCloseConfirmation: false
20:02:56.459 [FXGL Background Thread 3 ] DEBUG Engine               - isDesktop: true
20:02:56.459 [FXGL Background Thread 3 ] DEBUG Engine               - isDeveloperMenuEnabled: true
20:02:56.459 [FXGL Background Thread 3 ] DEBUG Engine               - isEmbedded: false
20:02:56.459 [FXGL Background Thread 3 ] DEBUG Engine               - isEntityPreloadEnabled: true
20:02:56.459 [FXGL Background Thread 3 ] DEBUG Engine               - isExperimentalTiledLargeMap: false
20:02:56.459 [FXGL Background Thread 3 ] DEBUG Engine               - isFileSystemWriteAllowed: true
20:02:56.459 [FXGL Background Thread 3 ] DEBUG Engine               - isFullScreenAllowed: false
20:02:56.459 [FXGL Background Thread 3 ] DEBUG Engine               - isFullScreenFromStart: false
20:02:56.459 [FXGL Background Thread 3 ] DEBUG Engine               - isGameMenuEnabled: true
20:02:56.459 [FXGL Background Thread 3 ] DEBUG Engine               - isIOS: false
20:02:56.459 [FXGL Background Thread 3 ] DEBUG Engine               - isIntroEnabled: false
20:02:56.459 [FXGL Background Thread 3 ] DEBUG Engine               - isLinux: false
20:02:56.459 [FXGL Background Thread 3 ] DEBUG Engine               - isMac: false
20:02:56.459 [FXGL Background Thread 3 ] DEBUG Engine               - isMainMenuEnabled: true
20:02:56.459 [FXGL Background Thread 3 ] DEBUG Engine               - isManualResizeEnabled: false
20:02:56.459 [FXGL Background Thread 3 ] DEBUG Engine               - isMobile: false
20:02:56.459 [FXGL Background Thread 3 ] DEBUG Engine               - isNative: false
20:02:56.459 [FXGL Background Thread 3 ] DEBUG Engine               - isPauseMusicWhenMinimized: true
20:02:56.459 [FXGL Background Thread 3 ] DEBUG Engine               - isPreserveResizeRatio: false
20:02:56.459 [FXGL Background Thread 3 ] DEBUG Engine               - isProfilingEnabled: false
20:02:56.459 [FXGL Background Thread 3 ] DEBUG Engine               - isScaleAffectedOnResize: true
20:02:56.459 [FXGL Background Thread 3 ] DEBUG Engine               - isSingleStep: false
20:02:56.459 [FXGL Background Thread 3 ] DEBUG Engine               - isUserProfileEnabled: false
20:02:56.459 [FXGL Background Thread 3 ] DEBUG Engine               - isWindows: true
20:02:56.459 [FXGL Background Thread 3 ] DEBUG Engine               - language: ObjectProperty [value: ENGLISH]
20:02:56.459 [FXGL Background Thread 3 ] DEBUG Engine               - menuKey: ESCAPE
20:02:56.459 [FXGL Background Thread 3 ] DEBUG Engine               - mouseSensitivity: 0.2
20:02:56.459 [FXGL Background Thread 3 ] DEBUG Engine               - notificationViewClass: class com.almasb.fxgl.notification.view.XboxNotificationView
20:02:56.459 [FXGL Background Thread 3 ] DEBUG Engine               - pixelsPerMeter: 50.0
20:02:56.459 [FXGL Background Thread 3 ] DEBUG Engine               - platform: WINDOWS
20:02:56.459 [FXGL Background Thread 3 ] DEBUG Engine               - prefHeightProperty: ReadOnlyDoubleProperty [value: 600.0]
20:02:56.459 [FXGL Background Thread 3 ] DEBUG Engine               - prefWidthProperty: ReadOnlyDoubleProperty [value: 800.0]
20:02:56.459 [FXGL Background Thread 3 ] DEBUG Engine               - profileDir: profiles/
20:02:56.459 [FXGL Background Thread 3 ] DEBUG Engine               - profileName: StringProperty [value: DEFAULT]
20:02:56.459 [FXGL Background Thread 3 ] DEBUG Engine               - randomSeed: -1
20:02:56.460 [FXGL Background Thread 3 ] DEBUG Engine               - runtimeInfo: RuntimeInfo(platform=WINDOWS, version=17.3, build=30.03.2023 11.49)
20:02:56.460 [FXGL Background Thread 3 ] DEBUG Engine               - saveFileExt: sav
20:02:56.460 [FXGL Background Thread 3 ] DEBUG Engine               - scaledHeightProp$fxgl: DoubleProperty [bound, value: 600.0]
20:02:56.460 [FXGL Background Thread 3 ] DEBUG Engine               - scaledWidthProp$fxgl: DoubleProperty [bound, value: 800.0]
20:02:56.460 [FXGL Background Thread 3 ] DEBUG Engine               - sceneFactory: com.almasb.fxgl.app.scene.SceneFactory@1e5a9d97
20:02:56.460 [FXGL Background Thread 3 ] DEBUG Engine               - secondsIn24h: 60
20:02:56.460 [FXGL Background Thread 3 ] DEBUG Engine               - soundMenuBack: menu/back.wav
20:02:56.460 [FXGL Background Thread 3 ] DEBUG Engine               - soundMenuPress: menu/press.wav
20:02:56.460 [FXGL Background Thread 3 ] DEBUG Engine               - soundMenuSelect: menu/select.wav
20:02:56.460 [FXGL Background Thread 3 ] DEBUG Engine               - soundNotification: core/notification.wav
20:02:56.460 [FXGL Background Thread 3 ] DEBUG Engine               - stageStyle: DECORATED
20:02:56.460 [FXGL Background Thread 3 ] DEBUG Engine               - supportedLanguages: [ENGLISH, FRENCH, GERMAN, HUNGARIAN, RUSSIAN]
20:02:56.460 [FXGL Background Thread 3 ] DEBUG Engine               - ticksPerSecond: -1
20:02:56.460 [FXGL Background Thread 3 ] DEBUG Engine               - title: DemoApp
20:02:56.460 [FXGL Background Thread 3 ] DEBUG Engine               - urlGithub: https://github.com/AlmasB/FXGL
20:02:56.460 [FXGL Background Thread 3 ] DEBUG Engine               - urlLeaderboard: http://fxgl-top.herokuapp.com/
20:02:56.460 [FXGL Background Thread 3 ] DEBUG Engine               - urlPOM: https://raw.githubusercontent.com/AlmasB/FXGL/release/README.md
20:02:56.460 [FXGL Background Thread 3 ] DEBUG Engine               - userAppClass: class com.gamedemo.DemoApp
20:02:56.460 [FXGL Background Thread 3 ] DEBUG Engine               - version: 0.1
20:02:56.460 [FXGL Background Thread 3 ] DEBUG Engine               - versionCheckDays: 7
20:02:56.460 [FXGL Background Thread 3 ] DEBUG Engine               - width: 800
20:02:56.460 [FXGL Background Thread 3 ] DEBUG Engine               - Logging services
20:02:56.460 [FXGL Background Thread 3 ] DEBUG Engine               - class com.almasb.fxgl.app.services.FXGLAssetLoaderService
20:02:56.460 [FXGL Background Thread 3 ] DEBUG Engine               - class com.almasb.fxgl.app.FXGLApplication$GameApplicationService
20:02:56.460 [FXGL Background Thread 3 ] DEBUG Engine               - class com.almasb.fxgl.app.services.FXGLDialogService
20:02:56.460 [FXGL Background Thread 3 ] DEBUG Engine               - class com.almasb.fxgl.app.services.IOTaskExecutorService
20:02:56.460 [FXGL Background Thread 3 ] DEBUG Engine               - class com.almasb.fxgl.io.FileSystemService
20:02:56.460 [FXGL Background Thread 3 ] DEBUG Engine               - class com.almasb.fxgl.localization.LocalizationService
20:02:56.460 [FXGL Background Thread 3 ] DEBUG Engine               - class com.almasb.fxgl.app.services.SystemBundleService
20:02:56.460 [FXGL Background Thread 3 ] DEBUG Engine               - class com.almasb.fxgl.profile.SaveLoadService
20:02:56.460 [FXGL Background Thread 3 ] DEBUG Engine               - class com.almasb.fxgl.ui.FXGLUIFactoryServiceProvider
20:02:56.460 [FXGL Background Thread 3 ] DEBUG Engine               - class com.almasb.fxgl.ui.FXGLDialogFactoryServiceProvider
20:02:56.460 [FXGL Background Thread 3 ] DEBUG Engine               - class com.almasb.fxgl.audio.AudioPlayer
20:02:56.460 [FXGL Background Thread 3 ] DEBUG Engine               - class com.almasb.fxgl.notification.impl.NotificationServiceProvider
20:02:56.460 [FXGL Background Thread 3 ] DEBUG Engine               - class com.almasb.fxgl.achievement.AchievementService
20:02:56.460 [FXGL Background Thread 3 ] DEBUG Engine               - class com.almasb.fxgl.cutscene.CutsceneService
20:02:56.460 [FXGL Background Thread 3 ] DEBUG Engine               - class com.almasb.fxgl.minigames.MiniGameService
20:02:56.461 [FXGL Background Thread 3 ] DEBUG Engine               - class com.almasb.fxgl.net.NetService
20:02:56.461 [FXGL Background Thread 3 ] DEBUG Engine               - class com.almasb.fxgl.app.services.UpdaterService
20:02:56.461 [FXGL Background Thread 3 ] DEBUG Engine               - class com.almasb.fxgl.dev.DevService
20:03:01.840 [JavaFX Application Thread] DEBUG FXGLAssetLoaderServi - Loading from file system: file:/C:/Users/Administrator/IdeaProjects/LearningFXGL/target/classes/assets/textures/GhostScared1.gif
20:03:01.842 [JavaFX Application Thread] DEBUG FXGLAssetLoaderServi - Loading from file system: file:/C:/Users/Administrator/IdeaProjects/LearningFXGL/target/classes/assets/textures/GhostScared2.gif
20:03:25.357 [JavaFX Application Thread] DEBUG FXGLApplication      - Exiting FXGL
20:03:25.357 [JavaFX Application Thread] DEBUG LoopRunner           - Stopping loop
20:03:25.357 [JavaFX Application Thread] DEBUG SystemBundleService  - Saving FXGL system data
20:03:25.358 [JavaFX Application Thread] DEBUG FileSystemAccess     - Writing to: C:\Users\Administrator\IdeaProjects\LearningFXGL\system\fxgl.bundle
20:03:25.360 [JavaFX Application Thread] DEBUG Async                - Shutting down background threads
20:03:25.360 [JavaFX Application Thread] DEBUG PrimaryStageWindow   - Closing main window
20:03:25.371 [JavaFX Application Thread] DEBUG Logger               - Closing Logger
