18:25:50.274 [main                     ] DEBUG Logger               - Configured Logger
18:25:50.289 [main                     ] DEBUG GameApplication      - Logging settings
Title: DemoApp
Version: 0.1
Width: 800
Height: 600
Fullscreen: false
Intro: false
Profiling: false
Single step:false
App Mode: DEVELOPER
Menu Key: ESCAPE
Stage Style: DECORATED
Scene Factory: class com.almasb.fxgl.app.scene.SceneFactory

18:25:50.490 [JavaFX Application Thread] DEBUG FXGLApplication      - Initializing FXGL
18:25:50.492 [JavaFX Application Thread] INFO  Engine               - FXGL-17.3 (30.03.2023 11.49) on WINDOWS (J:21.0.1 FX:20)
18:25:50.493 [JavaFX Application Thread] DEBUG Engine               - JRE Vendor Name: Oracle Corporation
18:25:50.493 [JavaFX Application Thread] DEBUG Engine               - Running on OS: Windows 11 version 10.0
18:25:50.493 [JavaFX Application Thread] DEBUG Engine               - Architecture: amd64
18:25:50.493 [JavaFX Application Thread] INFO  Engine               - Source code and latest versions at: https://github.com/AlmasB/FXGL
18:25:50.493 [JavaFX Application Thread] INFO  Engine               -       Ask questions and discuss at: https://github.com/AlmasB/FXGL/discussions
18:25:50.493 [JavaFX Application Thread] INFO  Engine               -              Join the FXGL chat at: https://gitter.im/AlmasB/FXGL
18:25:50.538 [JavaFX Application Thread] DEBUG PrimaryStageWindow   - Creating a JavaFX scene
18:25:50.566 [JavaFX Application Thread] DEBUG PrimaryStageWindow   - Target settings size: 800.0 x 600.0
18:25:50.566 [JavaFX Application Thread] DEBUG PrimaryStageWindow   - Scaled scene size:    800.0 x 600.0
18:25:50.566 [JavaFX Application Thread] DEBUG PrimaryStageWindow   - Scaled ratio: (1.0, 1.0)
18:25:50.568 [JavaFX Application Thread] DEBUG PrimaryStageWindow   - Set initial scene to FXGLStartupScene
18:25:50.570 [JavaFX Application Thread] DEBUG PrimaryStageWindow   - Opening main window
18:25:50.615 [JavaFX Application Thread] DEBUG PrimaryStageWindow   - Window border size: (14.4000244140625, 37.5999755859375)
18:25:50.615 [JavaFX Application Thread] DEBUG PrimaryStageWindow   - Scaled size: 800.0 x 600.0
18:25:50.615 [JavaFX Application Thread] DEBUG PrimaryStageWindow   - Scaled ratio: (1.0, 1.0)
18:25:50.615 [JavaFX Application Thread] DEBUG PrimaryStageWindow   - Scene size: 800.0 x 600.0
18:25:50.615 [JavaFX Application Thread] DEBUG PrimaryStageWindow   - Stage size: 814.4000244140625 x 637.5999755859375
18:25:50.620 [FXGL Background Thread 1 ] DEBUG Engine               - Initializing environment variables
18:25:50.650 [FXGL Background Thread 1 ] DEBUG FXGLAssetLoaderServi - User app class for loading assets: class com.gamedemo.DemoApp
18:25:50.650 [FXGL Background Thread 1 ] DEBUG GameApplicationServi - Applying CSS: fxgl_dark.css
18:25:50.650 [FXGL Background Thread 1 ] DEBUG FXGLAssetLoaderServi - Loading from file system: jar:file:///C:/Users/Administrator/.m2/repository/com/github/almasb/fxgl/17.3/fxgl-17.3.jar!/fxglassets/ui/css/fxgl_dark.css
18:25:50.672 [FXGL Background Thread 1 ] DEBUG GameApplicationServi - Initializing application scenes
18:25:50.702 [FXGL Background Thread 1 ] DEBUG GameWorld            - Game world initialized
18:25:50.733 [FXGL Background Thread 1 ] DEBUG PhysicsWorld         - Physics world initialized: appHeight=600, physics.ppm=50.0
18:25:50.733 [FXGL Background Thread 1 ] DEBUG PhysicsWorld         - Using strategy: BRUTE_FORCE
18:25:50.735 [FXGL Background Thread 1 ] DEBUG GameScene            - Game scene initialized: 800x600
18:25:50.740 [FXGL Background Thread 1 ] DEBUG FXGL.DefaultMenu     - createMenuBodyMainMenu()
18:25:50.746 [FXGL Background Thread 1 ] DEBUG FXGL.DefaultMenu     - createOptionsMenu()
18:25:50.751 [FXGL Background Thread 1 ] DEBUG FXGLAssetLoaderServi - Loading from file system: jar:file:///C:/Users/Administrator/.m2/repository/com/github/almasb/fxgl/17.3/fxgl-17.3.jar!/fxglassets/textures/particles/smoke.png
18:25:50.794 [FXGL Background Thread 1 ] DEBUG FXGLAssetLoaderServi - Loading from file system: jar:file:///C:/Users/Administrator/.m2/repository/com/github/almasb/fxgl/17.3/fxgl-17.3.jar!/fxglassets/textures/particles/trace_horizontal.png
18:25:50.807 [FXGL Background Thread 1 ] DEBUG FXGL.DefaultMenu     - createMenuBodyGameMenu()
18:25:50.807 [FXGL Background Thread 1 ] DEBUG FXGL.DefaultMenu     - createOptionsMenu()
18:25:50.812 [FXGL Background Thread 1 ] DEBUG GameApplicationServi - Application scenes initialized
18:25:50.819 [FXGL Background Thread 1 ] DEBUG SystemBundleService  - Loading FXGL system data
18:25:50.822 [FXGL Background Thread 1 ] DEBUG FileSystemAccess     - Reading from: C:\Users\Administrator\IdeaProjects\LearningFXGL\system\fxgl.bundle
18:25:50.827 [FXGL Background Thread 1 ] DEBUG SystemBundleService  - Bundle FXGL: {}
18:25:50.827 [FXGL Background Thread 1 ] DEBUG UpdaterService       - Checking for updates
18:25:50.843 [FXGL Background Thread 4 ] DEBUG FXGLApplication      - Loading fonts
18:25:50.843 [FXGL Background Thread 4 ] DEBUG FXGLAssetLoaderServi - Loading from file system: jar:file:///C:/Users/Administrator/.m2/repository/com/github/almasb/fxgl/17.3/fxgl-17.3.jar!/fxglassets/ui/fonts/VarelaRound-Regular.ttf
18:25:50.844 [FXGL Background Thread 1 ] DEBUG FXGLApplication      - Loading default localization
18:25:50.844 [FXGL Background Thread 1 ] DEBUG FXGLAssetLoaderServi - Loading from file system: jar:file:///C:/Users/Administrator/.m2/repository/com/github/almasb/fxgl/17.3/fxgl-17.3.jar!/fxglassets/languages/english.lang
18:25:50.855 [FXGL Background Thread 1 ] INFO  FXGLApplication      - FXGL initialization took: 0.235 sec
18:25:50.863 [FXGL Background Thread 4 ] DEBUG FXGLAssetLoaderServi - Loading from file system: jar:file:///C:/Users/Administrator/.m2/repository/com/github/almasb/fxgl/17.3/fxgl-17.3.jar!/fxglassets/ui/fonts/Abel-Regular.ttf
18:25:50.863 [JavaFX Application Thread] DEBUG Input                - Registered new binding: MoveUp - Up
18:25:50.863 [JavaFX Application Thread] DEBUG Input                - Registered new binding: MoveDown - Down
18:25:50.863 [JavaFX Application Thread] DEBUG Input                - Registered new binding: MoveLeft - Left
18:25:50.865 [JavaFX Application Thread] DEBUG Input                - Registered new binding: MoveRight - Right
18:25:50.865 [JavaFX Application Thread] DEBUG FXGLAssetLoaderServi - Loading from file system: jar:file:///C:/Users/Administrator/.m2/repository/com/github/almasb/fxgl/17.3/fxgl-17.3.jar!/fxglassets/textures/fxgl_icon.png
18:25:50.865 [FXGL Background Thread 4 ] DEBUG FXGLAssetLoaderServi - Loading from file system: jar:file:///C:/Users/Administrator/.m2/repository/com/github/almasb/fxgl/17.3/fxgl-17.3.jar!/fxglassets/ui/fonts/TerminalLandMono-Regular.otf
18:25:50.867 [FXGL Background Thread 4 ] DEBUG FXGLAssetLoaderServi - Loading from file system: jar:file:///C:/Users/Administrator/.m2/repository/com/github/almasb/fxgl/17.3/fxgl-17.3.jar!/fxglassets/ui/fonts/Courier-Prime.ttf
18:25:50.875 [JavaFX Application Thread] DEBUG FXGLAssetLoaderServi - Loading from file system: jar:file:///C:/Users/Administrator/.m2/repository/com/github/almasb/fxgl/17.3/fxgl-17.3.jar!/fxglassets/textures/fxgl_default_cursor.png
18:25:50.877 [JavaFX Application Thread] DEBUG Input                - Registered new binding: Screenshot - CTRL+8
18:25:50.877 [JavaFX Application Thread] DEBUG Input                - Registered new binding: Dev Options - 1
18:25:50.877 [JavaFX Application Thread] DEBUG Input                - Registered new binding: Dev Console - 2
18:25:50.877 [JavaFX Application Thread] DEBUG Input                - Registered new binding: System info dump - CTRL+9
18:25:50.877 [JavaFX Application Thread] DEBUG Input                - Registered new binding: Restart - CTRL+R
18:25:50.878 [JavaFX Application Thread] DEBUG Input                - Registered new binding: Toggle Debug Camera - CTRL+7
18:25:50.879 [JavaFX Application Thread] DEBUG LoopRunner           - Starting loop
18:25:50.887 [JavaFX Application Thread] DEBUG LoopRunner           - Initializing JavaFX AnimationTimerLoop
18:25:50.888 [JavaFX Application Thread] DEBUG Input                - Clearing active input actions
18:25:50.893 [JavaFX Application Thread] DEBUG GameApplicationServi - Removing overlay from FXGLStartupScene and adding to FXGLMainMenuDummyScene
18:25:50.897 [JavaFX Application Thread] DEBUG PrimaryStageWindow   - FXGLStartupScene -> FXGLMainMenuDummyScene
18:25:50.897 [JavaFX Application Thread] DEBUG PrimaryStageWindow   - Push state: FXGLDefaultMenu
18:25:50.901 [JavaFX Application Thread] DEBUG Input                - Clearing active input actions
18:25:50.904 [JavaFX Application Thread] DEBUG GameApplicationServi - Removing overlay from FXGLMainMenuDummyScene and adding to FXGLDefaultMenu
18:25:50.905 [JavaFX Application Thread] DEBUG PrimaryStageWindow   - FXGLMainMenuDummyScene -> FXGLDefaultMenu
18:25:50.905 [JavaFX Application Thread] DEBUG FXGLApplication      - Registering font factories with UI factory
18:25:50.935 [FXGL Background Thread 2 ] WARN  UpdaterService       - Failed to find updates: java.net.UnknownHostException: raw.githubusercontent.com
18:25:51.515 [JavaFX Application Thread] DEBUG Menu                 - fireNewGame()
18:25:51.515 [JavaFX Application Thread] DEBUG GameApplicationServi - Starting new game
18:25:51.516 [JavaFX Application Thread] DEBUG PrimaryStageWindow   - Pop state: FXGLDefaultMenu
18:25:51.516 [JavaFX Application Thread] DEBUG Input                - Clearing active input actions
18:25:51.517 [JavaFX Application Thread] DEBUG GameApplicationServi - Removing overlay from FXGLDefaultMenu and adding to FXGLMainMenuDummyScene
18:25:51.517 [JavaFX Application Thread] DEBUG PrimaryStageWindow   - FXGLMainMenuDummyScene <- FXGLDefaultMenu
18:25:51.518 [JavaFX Application Thread] DEBUG Input                - Clearing active input actions
18:25:51.523 [JavaFX Application Thread] DEBUG GameApplicationServi - Removing overlay from FXGLMainMenuDummyScene and adding to FXGLLoadingScene
18:25:51.523 [JavaFX Application Thread] DEBUG PrimaryStageWindow   - FXGLMainMenuDummyScene -> FXGLLoadingScene
18:25:51.523 [JavaFX Application Thread] DEBUG GameApplicationServi - Clearing previous game
18:25:51.523 [JavaFX Application Thread] DEBUG GameScene            - Clearing game scene
18:25:51.523 [JavaFX Application Thread] DEBUG GameWorld            - Clearing game world
18:25:51.523 [JavaFX Application Thread] DEBUG PhysicsWorld         - Clearing physics world
18:25:51.525 [FXGL Background Thread 2 ] DEBUG FXGLApplication      - Initializing game
18:25:51.558 [FXGL Background Thread 2 ] WARN  TMXLevelLoader       - TiledMap generated from 1.11.0. Supported version: 1.9.0. Some features may not be parsed fully.
18:25:51.566 [FXGL Background Thread 2 ] DEBUG TMXLevelLoader       - Parsed TiledMap: file:/C:/Users/Administrator/IdeaProjects/LearningFXGL/target/classes/assets/levels/level1.tmx
18:25:51.566 [FXGL Background Thread 2 ] DEBUG TMXLevelLoader       - Creating tile layer entities
18:25:51.567 [FXGL Background Thread 2 ] DEBUG TilesetLoader        - Loading view for layer Tile Layer 1
18:25:51.568 [FXGL Background Thread 2 ] DEBUG TilesetLoader        - Created buffer with size 800.0x600.0
18:25:51.571 [FXGL Background Thread 2 ] DEBUG TMXLevelLoader       - Creating object layer entities
18:25:51.573 [FXGL Background Thread 2 ] DEBUG FXGLAssetLoaderServi - Loading from file system: file:/C:/Users/Administrator/IdeaProjects/LearningFXGL/target/classes/assets/textures/player.png
18:25:51.576 [FXGL Background Thread 2 ] DEBUG FXGLAssetLoaderServi - Loading from file system: file:/C:/Users/Administrator/IdeaProjects/LearningFXGL/target/classes/assets/textures/sprite.png
18:25:51.583 [FXGL Background Thread 2 ] DEBUG FXGLAssetLoaderServi - Loading from file system: file:/C:/Users/Administrator/IdeaProjects/LearningFXGL/target/classes/assets/textures/pill.png
18:25:51.602 [FXGL Background Thread 2 ] DEBUG FXGLAssetLoaderServi - Loading from file system: file:/C:/Users/Administrator/IdeaProjects/LearningFXGL/target/classes/assets/textures/Ghost1.gif
18:25:51.603 [FXGL Background Thread 2 ] DEBUG FXGLAssetLoaderServi - Loading from file system: file:/C:/Users/Administrator/IdeaProjects/LearningFXGL/target/classes/assets/textures/Ghost2.gif
18:25:51.604 [FXGL Background Thread 2 ] DEBUG GameWorld            - Clearing removable entities
18:25:51.605 [FXGL Background Thread 2 ] DEBUG GameWorld            - Setting level: com.almasb.fxgl.entity.level.Level@659d4bae
18:25:51.619 [FXGL Background Thread 2 ] INFO  FXGLApplication      - Game initialization took: 0.094 sec
18:25:51.620 [JavaFX Application Thread] DEBUG Input                - Clearing active input actions
18:25:51.622 [JavaFX Application Thread] DEBUG GameApplicationServi - Removing overlay from FXGLLoadingScene and adding to GameScene
18:25:51.624 [JavaFX Application Thread] DEBUG PrimaryStageWindow   - FXGLLoadingScene -> GameScene
18:25:53.843 [FXGL Background Thread 3 ] DEBUG Engine               - Logging environment variables
18:25:53.843 [FXGL Background Thread 3 ] DEBUG Engine               - achievements: []
18:25:53.843 [FXGL Background Thread 3 ] DEBUG Engine               - actualHeight: 600.0
18:25:53.843 [FXGL Background Thread 3 ] DEBUG Engine               - actualHeightProperty: ReadOnlyDoubleProperty [value: 600.0]
18:25:53.843 [FXGL Background Thread 3 ] DEBUG Engine               - actualWidth: 800.0
18:25:53.843 [FXGL Background Thread 3 ] DEBUG Engine               - actualWidthProperty: ReadOnlyDoubleProperty [value: 800.0]
18:25:53.843 [FXGL Background Thread 3 ] DEBUG Engine               - appIcon: fxgl_icon.png
18:25:53.843 [FXGL Background Thread 3 ] DEBUG Engine               - applicationMode: DEVELOPER
18:25:53.843 [FXGL Background Thread 3 ] DEBUG Engine               - cSSList: [fxgl_dark.css]
18:25:53.843 [FXGL Background Thread 3 ] DEBUG Engine               - collisionDetectionStrategy: BRUTE_FORCE
18:25:53.843 [FXGL Background Thread 3 ] DEBUG Engine               - configClass: Optional.empty
18:25:53.843 [FXGL Background Thread 3 ] DEBUG Engine               - credits: []
18:25:53.844 [FXGL Background Thread 3 ] DEBUG Engine               - defaultCursor: CursorInfo(imageName=fxgl_default_cursor.png, hotspotX=7.0, hotspotY=6.0)
18:25:53.844 [FXGL Background Thread 3 ] DEBUG Engine               - devBBoxColorProperty: ObjectProperty [value: 0xff0000ff]
18:25:53.844 [FXGL Background Thread 3 ] DEBUG Engine               - devEnableDebugCameraProperty: BooleanProperty [value: false]
18:25:53.844 [FXGL Background Thread 3 ] DEBUG Engine               - devSensorColorProperty: ObjectProperty [value: 0xffff00ff]
18:25:53.844 [FXGL Background Thread 3 ] DEBUG Engine               - devShowBBoxProperty: BooleanProperty [value: false]
18:25:53.844 [FXGL Background Thread 3 ] DEBUG Engine               - devShowPositionProperty: BooleanProperty [value: false]
18:25:53.844 [FXGL Background Thread 3 ] DEBUG Engine               - enabledMenuItems: []
18:25:53.844 [FXGL Background Thread 3 ] DEBUG Engine               - engineServices: [class com.almasb.fxgl.app.services.FXGLAssetLoaderService, class com.almasb.fxgl.app.FXGLApplication$GameApplicationService, class com.almasb.fxgl.app.services.FXGLDialogService, class com.almasb.fxgl.app.services.IOTaskExecutorService, class com.almasb.fxgl.io.FileSystemService, class com.almasb.fxgl.localization.LocalizationService, class com.almasb.fxgl.app.services.SystemBundleService, class com.almasb.fxgl.profile.SaveLoadService, class com.almasb.fxgl.ui.FXGLUIFactoryServiceProvider, class com.almasb.fxgl.ui.FXGLDialogFactoryServiceProvider, class com.almasb.fxgl.audio.AudioPlayer, class com.almasb.fxgl.notification.impl.NotificationServiceProvider, class com.almasb.fxgl.achievement.AchievementService, class com.almasb.fxgl.cutscene.CutsceneService, class com.almasb.fxgl.minigames.MiniGameService, class com.almasb.fxgl.net.NetService, class com.almasb.fxgl.app.services.UpdaterService, class com.almasb.fxgl.dev.DevService]
18:25:53.844 [FXGL Background Thread 3 ] DEBUG Engine               - fontGame: Abel-Regular.ttf
18:25:53.844 [FXGL Background Thread 3 ] DEBUG Engine               - fontMono: TerminalLandMono-Regular.otf
18:25:53.844 [FXGL Background Thread 3 ] DEBUG Engine               - fontSizeScaleUI: 1.0
18:25:53.844 [FXGL Background Thread 3 ] DEBUG Engine               - fontText: Courier-Prime.ttf
18:25:53.844 [FXGL Background Thread 3 ] DEBUG Engine               - fontUI: VarelaRound-Regular.ttf
18:25:53.844 [FXGL Background Thread 3 ] DEBUG Engine               - fullScreen: BooleanProperty [value: false]
18:25:53.844 [FXGL Background Thread 3 ] DEBUG Engine               - gameDifficulty: MEDIUM
18:25:53.844 [FXGL Background Thread 3 ] DEBUG Engine               - gameDifficultyProperty: ObjectProperty [value: MEDIUM]
18:25:53.844 [FXGL Background Thread 3 ] DEBUG Engine               - globalMusicVolume: 0.5
18:25:53.846 [FXGL Background Thread 3 ] DEBUG Engine               - globalMusicVolumeProperty: DoubleProperty [value: 0.5]
18:25:53.846 [FXGL Background Thread 3 ] DEBUG Engine               - globalSoundVolume: 0.5
18:25:53.846 [FXGL Background Thread 3 ] DEBUG Engine               - globalSoundVolumeProperty: DoubleProperty [value: 0.5]
18:25:53.846 [FXGL Background Thread 3 ] DEBUG Engine               - height: 600
18:25:53.846 [FXGL Background Thread 3 ] DEBUG Engine               - is3D: false
18:25:53.846 [FXGL Background Thread 3 ] DEBUG Engine               - isAndroid: false
18:25:53.846 [FXGL Background Thread 3 ] DEBUG Engine               - isBrowser: false
18:25:53.846 [FXGL Background Thread 3 ] DEBUG Engine               - isClickFeedbackEnabled: false
18:25:53.846 [FXGL Background Thread 3 ] DEBUG Engine               - isCloseConfirmation: false
18:25:53.846 [FXGL Background Thread 3 ] DEBUG Engine               - isDesktop: true
18:25:53.846 [FXGL Background Thread 3 ] DEBUG Engine               - isDeveloperMenuEnabled: true
18:25:53.846 [FXGL Background Thread 3 ] DEBUG Engine               - isEmbedded: false
18:25:53.846 [FXGL Background Thread 3 ] DEBUG Engine               - isEntityPreloadEnabled: true
18:25:53.846 [FXGL Background Thread 3 ] DEBUG Engine               - isExperimentalTiledLargeMap: false
18:25:53.846 [FXGL Background Thread 3 ] DEBUG Engine               - isFileSystemWriteAllowed: true
18:25:53.846 [FXGL Background Thread 3 ] DEBUG Engine               - isFullScreenAllowed: false
18:25:53.846 [FXGL Background Thread 3 ] DEBUG Engine               - isFullScreenFromStart: false
18:25:53.846 [FXGL Background Thread 3 ] DEBUG Engine               - isGameMenuEnabled: true
18:25:53.846 [FXGL Background Thread 3 ] DEBUG Engine               - isIOS: false
18:25:53.846 [FXGL Background Thread 3 ] DEBUG Engine               - isIntroEnabled: false
18:25:53.846 [FXGL Background Thread 3 ] DEBUG Engine               - isLinux: false
18:25:53.846 [FXGL Background Thread 3 ] DEBUG Engine               - isMac: false
18:25:53.846 [FXGL Background Thread 3 ] DEBUG Engine               - isMainMenuEnabled: true
18:25:53.846 [FXGL Background Thread 3 ] DEBUG Engine               - isManualResizeEnabled: false
18:25:53.846 [FXGL Background Thread 3 ] DEBUG Engine               - isMobile: false
18:25:53.846 [FXGL Background Thread 3 ] DEBUG Engine               - isNative: false
18:25:53.846 [FXGL Background Thread 3 ] DEBUG Engine               - isPauseMusicWhenMinimized: true
18:25:53.846 [FXGL Background Thread 3 ] DEBUG Engine               - isPreserveResizeRatio: false
18:25:53.846 [FXGL Background Thread 3 ] DEBUG Engine               - isProfilingEnabled: false
18:25:53.846 [FXGL Background Thread 3 ] DEBUG Engine               - isScaleAffectedOnResize: true
18:25:53.846 [FXGL Background Thread 3 ] DEBUG Engine               - isSingleStep: false
18:25:53.846 [FXGL Background Thread 3 ] DEBUG Engine               - isUserProfileEnabled: false
18:25:53.846 [FXGL Background Thread 3 ] DEBUG Engine               - isWindows: true
18:25:53.846 [FXGL Background Thread 3 ] DEBUG Engine               - language: ObjectProperty [value: ENGLISH]
18:25:53.846 [FXGL Background Thread 3 ] DEBUG Engine               - menuKey: ESCAPE
18:25:53.846 [FXGL Background Thread 3 ] DEBUG Engine               - mouseSensitivity: 0.2
18:25:53.846 [FXGL Background Thread 3 ] DEBUG Engine               - notificationViewClass: class com.almasb.fxgl.notification.view.XboxNotificationView
18:25:53.846 [FXGL Background Thread 3 ] DEBUG Engine               - pixelsPerMeter: 50.0
18:25:53.846 [FXGL Background Thread 3 ] DEBUG Engine               - platform: WINDOWS
18:25:53.846 [FXGL Background Thread 3 ] DEBUG Engine               - prefHeightProperty: ReadOnlyDoubleProperty [value: 600.0]
18:25:53.846 [FXGL Background Thread 3 ] DEBUG Engine               - prefWidthProperty: ReadOnlyDoubleProperty [value: 800.0]
18:25:53.846 [FXGL Background Thread 3 ] DEBUG Engine               - profileDir: profiles/
18:25:53.846 [FXGL Background Thread 3 ] DEBUG Engine               - profileName: StringProperty [value: DEFAULT]
18:25:53.846 [FXGL Background Thread 3 ] DEBUG Engine               - randomSeed: -1
18:25:53.847 [FXGL Background Thread 3 ] DEBUG Engine               - runtimeInfo: RuntimeInfo(platform=WINDOWS, version=17.3, build=30.03.2023 11.49)
18:25:53.847 [FXGL Background Thread 3 ] DEBUG Engine               - saveFileExt: sav
18:25:53.847 [FXGL Background Thread 3 ] DEBUG Engine               - scaledHeightProp$fxgl: DoubleProperty [bound, value: 600.0]
18:25:53.847 [FXGL Background Thread 3 ] DEBUG Engine               - scaledWidthProp$fxgl: DoubleProperty [bound, value: 800.0]
18:25:53.847 [FXGL Background Thread 3 ] DEBUG Engine               - sceneFactory: com.almasb.fxgl.app.scene.SceneFactory@4ed7f418
18:25:53.847 [FXGL Background Thread 3 ] DEBUG Engine               - secondsIn24h: 60
18:25:53.847 [FXGL Background Thread 3 ] DEBUG Engine               - soundMenuBack: menu/back.wav
18:25:53.847 [FXGL Background Thread 3 ] DEBUG Engine               - soundMenuPress: menu/press.wav
18:25:53.847 [FXGL Background Thread 3 ] DEBUG Engine               - soundMenuSelect: menu/select.wav
18:25:53.847 [FXGL Background Thread 3 ] DEBUG Engine               - soundNotification: core/notification.wav
18:25:53.847 [FXGL Background Thread 3 ] DEBUG Engine               - stageStyle: DECORATED
18:25:53.847 [FXGL Background Thread 3 ] DEBUG Engine               - supportedLanguages: [ENGLISH, FRENCH, GERMAN, HUNGARIAN, RUSSIAN]
18:25:53.847 [FXGL Background Thread 3 ] DEBUG Engine               - ticksPerSecond: -1
18:25:53.847 [FXGL Background Thread 3 ] DEBUG Engine               - title: DemoApp
18:25:53.847 [FXGL Background Thread 3 ] DEBUG Engine               - urlGithub: https://github.com/AlmasB/FXGL
18:25:53.847 [FXGL Background Thread 3 ] DEBUG Engine               - urlLeaderboard: http://fxgl-top.herokuapp.com/
18:25:53.847 [FXGL Background Thread 3 ] DEBUG Engine               - urlPOM: https://raw.githubusercontent.com/AlmasB/FXGL/release/README.md
18:25:53.847 [FXGL Background Thread 3 ] DEBUG Engine               - userAppClass: class com.gamedemo.DemoApp
18:25:53.847 [FXGL Background Thread 3 ] DEBUG Engine               - version: 0.1
18:25:53.847 [FXGL Background Thread 3 ] DEBUG Engine               - versionCheckDays: 7
18:25:53.847 [FXGL Background Thread 3 ] DEBUG Engine               - width: 800
18:25:53.847 [FXGL Background Thread 3 ] DEBUG Engine               - Logging services
18:25:53.847 [FXGL Background Thread 3 ] DEBUG Engine               - class com.almasb.fxgl.app.services.FXGLAssetLoaderService
18:25:53.847 [FXGL Background Thread 3 ] DEBUG Engine               - class com.almasb.fxgl.app.FXGLApplication$GameApplicationService
18:25:53.847 [FXGL Background Thread 3 ] DEBUG Engine               - class com.almasb.fxgl.app.services.FXGLDialogService
18:25:53.847 [FXGL Background Thread 3 ] DEBUG Engine               - class com.almasb.fxgl.app.services.IOTaskExecutorService
18:25:53.847 [FXGL Background Thread 3 ] DEBUG Engine               - class com.almasb.fxgl.io.FileSystemService
18:25:53.847 [FXGL Background Thread 3 ] DEBUG Engine               - class com.almasb.fxgl.localization.LocalizationService
18:25:53.847 [FXGL Background Thread 3 ] DEBUG Engine               - class com.almasb.fxgl.app.services.SystemBundleService
18:25:53.847 [FXGL Background Thread 3 ] DEBUG Engine               - class com.almasb.fxgl.profile.SaveLoadService
18:25:53.847 [FXGL Background Thread 3 ] DEBUG Engine               - class com.almasb.fxgl.ui.FXGLUIFactoryServiceProvider
18:25:53.847 [FXGL Background Thread 3 ] DEBUG Engine               - class com.almasb.fxgl.ui.FXGLDialogFactoryServiceProvider
18:25:53.847 [FXGL Background Thread 3 ] DEBUG Engine               - class com.almasb.fxgl.audio.AudioPlayer
18:25:53.847 [FXGL Background Thread 3 ] DEBUG Engine               - class com.almasb.fxgl.notification.impl.NotificationServiceProvider
18:25:53.847 [FXGL Background Thread 3 ] DEBUG Engine               - class com.almasb.fxgl.achievement.AchievementService
18:25:53.847 [FXGL Background Thread 3 ] DEBUG Engine               - class com.almasb.fxgl.cutscene.CutsceneService
18:25:53.847 [FXGL Background Thread 3 ] DEBUG Engine               - class com.almasb.fxgl.minigames.MiniGameService
18:25:53.847 [FXGL Background Thread 3 ] DEBUG Engine               - class com.almasb.fxgl.net.NetService
18:25:53.847 [FXGL Background Thread 3 ] DEBUG Engine               - class com.almasb.fxgl.app.services.UpdaterService
18:25:53.847 [FXGL Background Thread 3 ] DEBUG Engine               - class com.almasb.fxgl.dev.DevService
18:26:09.012 [JavaFX Application Thread] DEBUG FXGLApplication      - Exiting FXGL
18:26:09.013 [JavaFX Application Thread] DEBUG LoopRunner           - Stopping loop
18:26:09.013 [JavaFX Application Thread] DEBUG SystemBundleService  - Saving FXGL system data
18:26:09.015 [JavaFX Application Thread] DEBUG FileSystemAccess     - Writing to: C:\Users\Administrator\IdeaProjects\LearningFXGL\system\fxgl.bundle
18:26:09.016 [JavaFX Application Thread] DEBUG Async                - Shutting down background threads
18:26:09.016 [JavaFX Application Thread] DEBUG PrimaryStageWindow   - Closing main window
18:26:09.023 [JavaFX Application Thread] DEBUG Logger               - Closing Logger
