17:45:56.443 [main                     ] DEBUG Logger               - Configured Logger
17:45:56.460 [main                     ] DEBUG GameApplication      - Logging settings
Title: DemoApp
Version: 0.1
Width: 800
Height: 600
Fullscreen: false
Intro: false
Profiling: false
Single step:false
App Mode: DEVELOPER
Menu Key: ESCAPE
Stage Style: DECORATED
Scene Factory: class com.almasb.fxgl.app.scene.SceneFactory

17:45:56.665 [JavaFX Application Thread] DEBUG FXGLApplication      - Initializing FXGL
17:45:56.667 [JavaFX Application Thread] INFO  Engine               - FXGL-17.3 (30.03.2023 11.49) on WINDOWS (J:21.0.1 FX:20)
17:45:56.667 [JavaFX Application Thread] DEBUG Engine               - JRE Vendor Name: Oracle Corporation
17:45:56.667 [JavaFX Application Thread] DEBUG Engine               - Running on OS: Windows 11 version 10.0
17:45:56.667 [JavaFX Application Thread] DEBUG Engine               - Architecture: amd64
17:45:56.667 [JavaFX Application Thread] INFO  Engine               - Source code and latest versions at: https://github.com/AlmasB/FXGL
17:45:56.667 [JavaFX Application Thread] INFO  Engine               -       Ask questions and discuss at: https://github.com/AlmasB/FXGL/discussions
17:45:56.667 [JavaFX Application Thread] INFO  Engine               -              Join the FXGL chat at: https://gitter.im/AlmasB/FXGL
17:45:56.708 [JavaFX Application Thread] DEBUG PrimaryStageWindow   - Creating a JavaFX scene
17:45:56.731 [JavaFX Application Thread] DEBUG PrimaryStageWindow   - Target settings size: 800.0 x 600.0
17:45:56.731 [JavaFX Application Thread] DEBUG PrimaryStageWindow   - Scaled scene size:    800.0 x 600.0
17:45:56.731 [JavaFX Application Thread] DEBUG PrimaryStageWindow   - Scaled ratio: (1.0, 1.0)
17:45:56.732 [JavaFX Application Thread] DEBUG PrimaryStageWindow   - Set initial scene to FXGLStartupScene
17:45:56.733 [JavaFX Application Thread] DEBUG PrimaryStageWindow   - Opening main window
17:45:56.774 [JavaFX Application Thread] DEBUG PrimaryStageWindow   - Window border size: (14.4000244140625, 37.5999755859375)
17:45:56.774 [JavaFX Application Thread] DEBUG PrimaryStageWindow   - Scaled size: 800.0 x 600.0
17:45:56.774 [JavaFX Application Thread] DEBUG PrimaryStageWindow   - Scaled ratio: (1.0, 1.0)
17:45:56.774 [JavaFX Application Thread] DEBUG PrimaryStageWindow   - Scene size: 800.0 x 600.0
17:45:56.774 [JavaFX Application Thread] DEBUG PrimaryStageWindow   - Stage size: 814.4000244140625 x 637.5999755859375
17:45:56.777 [FXGL Background Thread 1 ] DEBUG Engine               - Initializing environment variables
17:45:56.806 [FXGL Background Thread 1 ] DEBUG FXGLAssetLoaderServi - User app class for loading assets: class com.gamedemo.DemoApp
17:45:56.806 [FXGL Background Thread 1 ] DEBUG GameApplicationServi - Applying CSS: fxgl_dark.css
17:45:56.806 [FXGL Background Thread 1 ] DEBUG FXGLAssetLoaderServi - Loading from file system: jar:file:///C:/Users/Administrator/.m2/repository/com/github/almasb/fxgl/17.3/fxgl-17.3.jar!/fxglassets/ui/css/fxgl_dark.css
17:45:56.827 [FXGL Background Thread 1 ] DEBUG GameApplicationServi - Initializing application scenes
17:45:56.857 [FXGL Background Thread 1 ] DEBUG GameWorld            - Game world initialized
17:45:56.885 [FXGL Background Thread 1 ] DEBUG PhysicsWorld         - Physics world initialized: appHeight=600, physics.ppm=50.0
17:45:56.885 [FXGL Background Thread 1 ] DEBUG PhysicsWorld         - Using strategy: BRUTE_FORCE
17:45:56.887 [FXGL Background Thread 1 ] DEBUG GameScene            - Game scene initialized: 800x600
17:45:56.892 [FXGL Background Thread 1 ] DEBUG FXGL.DefaultMenu     - createMenuBodyMainMenu()
17:45:56.897 [FXGL Background Thread 1 ] DEBUG FXGL.DefaultMenu     - createOptionsMenu()
17:45:56.902 [FXGL Background Thread 1 ] DEBUG FXGLAssetLoaderServi - Loading from file system: jar:file:///C:/Users/Administrator/.m2/repository/com/github/almasb/fxgl/17.3/fxgl-17.3.jar!/fxglassets/textures/particles/smoke.png
17:45:56.946 [FXGL Background Thread 1 ] DEBUG FXGLAssetLoaderServi - Loading from file system: jar:file:///C:/Users/Administrator/.m2/repository/com/github/almasb/fxgl/17.3/fxgl-17.3.jar!/fxglassets/textures/particles/trace_horizontal.png
17:45:56.960 [FXGL Background Thread 1 ] DEBUG FXGL.DefaultMenu     - createMenuBodyGameMenu()
17:45:56.961 [FXGL Background Thread 1 ] DEBUG FXGL.DefaultMenu     - createOptionsMenu()
17:45:56.967 [FXGL Background Thread 1 ] DEBUG GameApplicationServi - Application scenes initialized
17:45:56.973 [FXGL Background Thread 1 ] DEBUG SystemBundleService  - Loading FXGL system data
17:45:56.975 [FXGL Background Thread 1 ] DEBUG FileSystemAccess     - Reading from: C:\Users\Administrator\IdeaProjects\LearningFXGL\system\fxgl.bundle
17:45:56.980 [FXGL Background Thread 1 ] DEBUG SystemBundleService  - Bundle FXGL: {}
17:45:56.980 [FXGL Background Thread 1 ] DEBUG UpdaterService       - Checking for updates
17:45:56.993 [FXGL Background Thread 4 ] DEBUG FXGLApplication      - Loading fonts
17:45:56.993 [FXGL Background Thread 4 ] DEBUG FXGLAssetLoaderServi - Loading from file system: jar:file:///C:/Users/Administrator/.m2/repository/com/github/almasb/fxgl/17.3/fxgl-17.3.jar!/fxglassets/ui/fonts/VarelaRound-Regular.ttf
17:45:56.994 [FXGL Background Thread 1 ] DEBUG FXGLApplication      - Loading default localization
17:45:56.994 [FXGL Background Thread 1 ] DEBUG FXGLAssetLoaderServi - Loading from file system: jar:file:///C:/Users/Administrator/.m2/repository/com/github/almasb/fxgl/17.3/fxgl-17.3.jar!/fxglassets/languages/english.lang
17:45:57.005 [FXGL Background Thread 1 ] INFO  FXGLApplication      - FXGL initialization took: 0.228 sec
17:45:57.011 [JavaFX Application Thread] DEBUG Input                - Registered new binding: MoveUp - Up
17:45:57.011 [FXGL Background Thread 4 ] DEBUG FXGLAssetLoaderServi - Loading from file system: jar:file:///C:/Users/Administrator/.m2/repository/com/github/almasb/fxgl/17.3/fxgl-17.3.jar!/fxglassets/ui/fonts/Abel-Regular.ttf
17:45:57.011 [JavaFX Application Thread] DEBUG Input                - Registered new binding: MoveDown - Down
17:45:57.011 [JavaFX Application Thread] DEBUG Input                - Registered new binding: MoveLeft - Left
17:45:57.011 [JavaFX Application Thread] DEBUG Input                - Registered new binding: MoveRight - Right
17:45:57.011 [JavaFX Application Thread] DEBUG FXGLAssetLoaderServi - Loading from file system: jar:file:///C:/Users/Administrator/.m2/repository/com/github/almasb/fxgl/17.3/fxgl-17.3.jar!/fxglassets/textures/fxgl_icon.png
17:45:57.012 [FXGL Background Thread 4 ] DEBUG FXGLAssetLoaderServi - Loading from file system: jar:file:///C:/Users/Administrator/.m2/repository/com/github/almasb/fxgl/17.3/fxgl-17.3.jar!/fxglassets/ui/fonts/TerminalLandMono-Regular.otf
17:45:57.013 [FXGL Background Thread 4 ] DEBUG FXGLAssetLoaderServi - Loading from file system: jar:file:///C:/Users/Administrator/.m2/repository/com/github/almasb/fxgl/17.3/fxgl-17.3.jar!/fxglassets/ui/fonts/Courier-Prime.ttf
17:45:57.021 [JavaFX Application Thread] DEBUG FXGLAssetLoaderServi - Loading from file system: jar:file:///C:/Users/Administrator/.m2/repository/com/github/almasb/fxgl/17.3/fxgl-17.3.jar!/fxglassets/textures/fxgl_default_cursor.png
17:45:57.022 [JavaFX Application Thread] DEBUG Input                - Registered new binding: Screenshot - CTRL+8
17:45:57.023 [JavaFX Application Thread] DEBUG Input                - Registered new binding: Dev Options - 1
17:45:57.023 [JavaFX Application Thread] DEBUG Input                - Registered new binding: Dev Console - 2
17:45:57.023 [JavaFX Application Thread] DEBUG Input                - Registered new binding: System info dump - CTRL+9
17:45:57.024 [JavaFX Application Thread] DEBUG Input                - Registered new binding: Restart - CTRL+R
17:45:57.024 [JavaFX Application Thread] DEBUG Input                - Registered new binding: Toggle Debug Camera - CTRL+7
17:45:57.027 [JavaFX Application Thread] DEBUG LoopRunner           - Starting loop
17:45:57.032 [JavaFX Application Thread] DEBUG LoopRunner           - Initializing JavaFX AnimationTimerLoop
17:45:57.034 [JavaFX Application Thread] DEBUG Input                - Clearing active input actions
17:45:57.038 [JavaFX Application Thread] DEBUG GameApplicationServi - Removing overlay from FXGLStartupScene and adding to FXGLMainMenuDummyScene
17:45:57.040 [JavaFX Application Thread] DEBUG PrimaryStageWindow   - FXGLStartupScene -> FXGLMainMenuDummyScene
17:45:57.041 [JavaFX Application Thread] DEBUG PrimaryStageWindow   - Push state: FXGLDefaultMenu
17:45:57.043 [JavaFX Application Thread] DEBUG Input                - Clearing active input actions
17:45:57.047 [JavaFX Application Thread] DEBUG GameApplicationServi - Removing overlay from FXGLMainMenuDummyScene and adding to FXGLDefaultMenu
17:45:57.048 [JavaFX Application Thread] DEBUG PrimaryStageWindow   - FXGLMainMenuDummyScene -> FXGLDefaultMenu
17:45:57.052 [JavaFX Application Thread] DEBUG FXGLApplication      - Registering font factories with UI factory
17:45:57.083 [FXGL Background Thread 2 ] WARN  UpdaterService       - Failed to find updates: java.net.UnknownHostException: raw.githubusercontent.com
17:45:57.780 [JavaFX Application Thread] DEBUG Menu                 - fireNewGame()
17:45:57.780 [JavaFX Application Thread] DEBUG GameApplicationServi - Starting new game
17:45:57.781 [JavaFX Application Thread] DEBUG PrimaryStageWindow   - Pop state: FXGLDefaultMenu
17:45:57.781 [JavaFX Application Thread] DEBUG Input                - Clearing active input actions
17:45:57.782 [JavaFX Application Thread] DEBUG GameApplicationServi - Removing overlay from FXGLDefaultMenu and adding to FXGLMainMenuDummyScene
17:45:57.783 [JavaFX Application Thread] DEBUG PrimaryStageWindow   - FXGLMainMenuDummyScene <- FXGLDefaultMenu
17:45:57.783 [JavaFX Application Thread] DEBUG Input                - Clearing active input actions
17:45:57.787 [JavaFX Application Thread] DEBUG GameApplicationServi - Removing overlay from FXGLMainMenuDummyScene and adding to FXGLLoadingScene
17:45:57.787 [JavaFX Application Thread] DEBUG PrimaryStageWindow   - FXGLMainMenuDummyScene -> FXGLLoadingScene
17:45:57.787 [JavaFX Application Thread] DEBUG GameApplicationServi - Clearing previous game
17:45:57.787 [JavaFX Application Thread] DEBUG GameScene            - Clearing game scene
17:45:57.788 [JavaFX Application Thread] DEBUG GameWorld            - Clearing game world
17:45:57.788 [JavaFX Application Thread] DEBUG PhysicsWorld         - Clearing physics world
17:45:57.789 [FXGL Background Thread 2 ] DEBUG FXGLApplication      - Initializing game
17:45:57.822 [FXGL Background Thread 2 ] WARN  TMXLevelLoader       - TiledMap generated from 1.2.3. Supported version: 1.9.0. Some features may not be parsed fully.
17:45:57.833 [FXGL Background Thread 2 ] DEBUG TMXLevelLoader       - Parsed TiledMap: file:/C:/Users/Administrator/IdeaProjects/LearningFXGL/target/classes/assets/levels/level2.tmx
17:45:57.834 [FXGL Background Thread 2 ] DEBUG TMXLevelLoader       - Creating tile layer entities
17:45:57.836 [FXGL Background Thread 2 ] DEBUG TilesetLoader        - Loading view for layer Tile Layer 1
17:45:57.836 [FXGL Background Thread 2 ] DEBUG TilesetLoader        - Created buffer with size 800.0x600.0
17:45:57.840 [FXGL Background Thread 2 ] DEBUG TMXLevelLoader       - Creating object layer entities
17:45:57.840 [FXGL Background Thread 2 ] DEBUG FXGLAssetLoaderServi - Loading from file system: file:/C:/Users/Administrator/IdeaProjects/LearningFXGL/target/classes/assets/textures/player.png
17:45:57.844 [FXGL Background Thread 2 ] DEBUG FXGLAssetLoaderServi - Loading from file system: file:/C:/Users/Administrator/IdeaProjects/LearningFXGL/target/classes/assets/textures/sprite.png
17:45:57.850 [FXGL Background Thread 2 ] DEBUG FXGLAssetLoaderServi - Loading from file system: file:/C:/Users/Administrator/IdeaProjects/LearningFXGL/target/classes/assets/textures/pill.png
17:45:57.872 [FXGL Background Thread 2 ] DEBUG FXGLAssetLoaderServi - Loading from file system: file:/C:/Users/Administrator/IdeaProjects/LearningFXGL/target/classes/assets/textures/Ghost1.gif
17:45:57.873 [FXGL Background Thread 2 ] DEBUG FXGLAssetLoaderServi - Loading from file system: file:/C:/Users/Administrator/IdeaProjects/LearningFXGL/target/classes/assets/textures/Ghost2.gif
17:45:57.885 [FXGL Background Thread 2 ] DEBUG GameWorld            - Clearing removable entities
17:45:57.886 [FXGL Background Thread 2 ] DEBUG GameWorld            - Setting level: com.almasb.fxgl.entity.level.Level@6e7a3569
17:45:57.890 [FXGL Background Thread 2 ] INFO  FXGLApplication      - Game initialization took: 0.102 sec
17:45:57.890 [JavaFX Application Thread] DEBUG Input                - Clearing active input actions
17:45:57.894 [JavaFX Application Thread] DEBUG GameApplicationServi - Removing overlay from FXGLLoadingScene and adding to GameScene
17:45:57.894 [JavaFX Application Thread] DEBUG PrimaryStageWindow   - FXGLLoadingScene -> GameScene
17:45:59.993 [FXGL Background Thread 3 ] DEBUG Engine               - Logging environment variables
17:45:59.993 [FXGL Background Thread 3 ] DEBUG Engine               - achievements: []
17:45:59.993 [FXGL Background Thread 3 ] DEBUG Engine               - actualHeight: 600.0
17:45:59.994 [FXGL Background Thread 3 ] DEBUG Engine               - actualHeightProperty: ReadOnlyDoubleProperty [value: 600.0]
17:45:59.994 [FXGL Background Thread 3 ] DEBUG Engine               - actualWidth: 800.0
17:45:59.994 [FXGL Background Thread 3 ] DEBUG Engine               - actualWidthProperty: ReadOnlyDoubleProperty [value: 800.0]
17:45:59.994 [FXGL Background Thread 3 ] DEBUG Engine               - appIcon: fxgl_icon.png
17:45:59.994 [FXGL Background Thread 3 ] DEBUG Engine               - applicationMode: DEVELOPER
17:45:59.994 [FXGL Background Thread 3 ] DEBUG Engine               - cSSList: [fxgl_dark.css]
17:45:59.994 [FXGL Background Thread 3 ] DEBUG Engine               - collisionDetectionStrategy: BRUTE_FORCE
17:45:59.994 [FXGL Background Thread 3 ] DEBUG Engine               - configClass: Optional.empty
17:45:59.994 [FXGL Background Thread 3 ] DEBUG Engine               - credits: []
17:45:59.995 [FXGL Background Thread 3 ] DEBUG Engine               - defaultCursor: CursorInfo(imageName=fxgl_default_cursor.png, hotspotX=7.0, hotspotY=6.0)
17:45:59.995 [FXGL Background Thread 3 ] DEBUG Engine               - devBBoxColorProperty: ObjectProperty [value: 0xff0000ff]
17:45:59.995 [FXGL Background Thread 3 ] DEBUG Engine               - devEnableDebugCameraProperty: BooleanProperty [value: false]
17:45:59.995 [FXGL Background Thread 3 ] DEBUG Engine               - devSensorColorProperty: ObjectProperty [value: 0xffff00ff]
17:45:59.995 [FXGL Background Thread 3 ] DEBUG Engine               - devShowBBoxProperty: BooleanProperty [value: false]
17:45:59.995 [FXGL Background Thread 3 ] DEBUG Engine               - devShowPositionProperty: BooleanProperty [value: false]
17:45:59.995 [FXGL Background Thread 3 ] DEBUG Engine               - enabledMenuItems: []
17:45:59.996 [FXGL Background Thread 3 ] DEBUG Engine               - engineServices: [class com.almasb.fxgl.app.services.FXGLAssetLoaderService, class com.almasb.fxgl.app.FXGLApplication$GameApplicationService, class com.almasb.fxgl.app.services.FXGLDialogService, class com.almasb.fxgl.app.services.IOTaskExecutorService, class com.almasb.fxgl.io.FileSystemService, class com.almasb.fxgl.localization.LocalizationService, class com.almasb.fxgl.app.services.SystemBundleService, class com.almasb.fxgl.profile.SaveLoadService, class com.almasb.fxgl.ui.FXGLUIFactoryServiceProvider, class com.almasb.fxgl.ui.FXGLDialogFactoryServiceProvider, class com.almasb.fxgl.audio.AudioPlayer, class com.almasb.fxgl.notification.impl.NotificationServiceProvider, class com.almasb.fxgl.achievement.AchievementService, class com.almasb.fxgl.cutscene.CutsceneService, class com.almasb.fxgl.minigames.MiniGameService, class com.almasb.fxgl.net.NetService, class com.almasb.fxgl.app.services.UpdaterService, class com.almasb.fxgl.dev.DevService]
17:45:59.996 [FXGL Background Thread 3 ] DEBUG Engine               - fontGame: Abel-Regular.ttf
17:45:59.996 [FXGL Background Thread 3 ] DEBUG Engine               - fontMono: TerminalLandMono-Regular.otf
17:45:59.996 [FXGL Background Thread 3 ] DEBUG Engine               - fontSizeScaleUI: 1.0
17:45:59.996 [FXGL Background Thread 3 ] DEBUG Engine               - fontText: Courier-Prime.ttf
17:45:59.996 [FXGL Background Thread 3 ] DEBUG Engine               - fontUI: VarelaRound-Regular.ttf
17:45:59.996 [FXGL Background Thread 3 ] DEBUG Engine               - fullScreen: BooleanProperty [value: false]
17:45:59.996 [FXGL Background Thread 3 ] DEBUG Engine               - gameDifficulty: MEDIUM
17:45:59.996 [FXGL Background Thread 3 ] DEBUG Engine               - gameDifficultyProperty: ObjectProperty [value: MEDIUM]
17:45:59.996 [FXGL Background Thread 3 ] DEBUG Engine               - globalMusicVolume: 0.5
17:45:59.996 [FXGL Background Thread 3 ] DEBUG Engine               - globalMusicVolumeProperty: DoubleProperty [value: 0.5]
17:45:59.996 [FXGL Background Thread 3 ] DEBUG Engine               - globalSoundVolume: 0.5
17:45:59.996 [FXGL Background Thread 3 ] DEBUG Engine               - globalSoundVolumeProperty: DoubleProperty [value: 0.5]
17:45:59.997 [FXGL Background Thread 3 ] DEBUG Engine               - height: 600
17:45:59.997 [FXGL Background Thread 3 ] DEBUG Engine               - is3D: false
17:45:59.997 [FXGL Background Thread 3 ] DEBUG Engine               - isAndroid: false
17:45:59.997 [FXGL Background Thread 3 ] DEBUG Engine               - isBrowser: false
17:45:59.997 [FXGL Background Thread 3 ] DEBUG Engine               - isClickFeedbackEnabled: false
17:45:59.997 [FXGL Background Thread 3 ] DEBUG Engine               - isCloseConfirmation: false
17:45:59.997 [FXGL Background Thread 3 ] DEBUG Engine               - isDesktop: true
17:45:59.997 [FXGL Background Thread 3 ] DEBUG Engine               - isDeveloperMenuEnabled: true
17:45:59.997 [FXGL Background Thread 3 ] DEBUG Engine               - isEmbedded: false
17:45:59.997 [FXGL Background Thread 3 ] DEBUG Engine               - isEntityPreloadEnabled: true
17:45:59.997 [FXGL Background Thread 3 ] DEBUG Engine               - isExperimentalTiledLargeMap: false
17:45:59.997 [FXGL Background Thread 3 ] DEBUG Engine               - isFileSystemWriteAllowed: true
17:45:59.997 [FXGL Background Thread 3 ] DEBUG Engine               - isFullScreenAllowed: false
17:45:59.997 [FXGL Background Thread 3 ] DEBUG Engine               - isFullScreenFromStart: false
17:45:59.997 [FXGL Background Thread 3 ] DEBUG Engine               - isGameMenuEnabled: true
17:45:59.997 [FXGL Background Thread 3 ] DEBUG Engine               - isIOS: false
17:45:59.997 [FXGL Background Thread 3 ] DEBUG Engine               - isIntroEnabled: false
17:45:59.997 [FXGL Background Thread 3 ] DEBUG Engine               - isLinux: false
17:45:59.997 [FXGL Background Thread 3 ] DEBUG Engine               - isMac: false
17:45:59.997 [FXGL Background Thread 3 ] DEBUG Engine               - isMainMenuEnabled: true
17:45:59.997 [FXGL Background Thread 3 ] DEBUG Engine               - isManualResizeEnabled: false
17:45:59.997 [FXGL Background Thread 3 ] DEBUG Engine               - isMobile: false
17:45:59.997 [FXGL Background Thread 3 ] DEBUG Engine               - isNative: false
17:45:59.997 [FXGL Background Thread 3 ] DEBUG Engine               - isPauseMusicWhenMinimized: true
17:45:59.997 [FXGL Background Thread 3 ] DEBUG Engine               - isPreserveResizeRatio: false
17:45:59.997 [FXGL Background Thread 3 ] DEBUG Engine               - isProfilingEnabled: false
17:45:59.997 [FXGL Background Thread 3 ] DEBUG Engine               - isScaleAffectedOnResize: true
17:45:59.997 [FXGL Background Thread 3 ] DEBUG Engine               - isSingleStep: false
17:45:59.997 [FXGL Background Thread 3 ] DEBUG Engine               - isUserProfileEnabled: false
17:45:59.997 [FXGL Background Thread 3 ] DEBUG Engine               - isWindows: true
17:45:59.997 [FXGL Background Thread 3 ] DEBUG Engine               - language: ObjectProperty [value: ENGLISH]
17:45:59.997 [FXGL Background Thread 3 ] DEBUG Engine               - menuKey: ESCAPE
17:45:59.997 [FXGL Background Thread 3 ] DEBUG Engine               - mouseSensitivity: 0.2
17:45:59.998 [FXGL Background Thread 3 ] DEBUG Engine               - notificationViewClass: class com.almasb.fxgl.notification.view.XboxNotificationView
17:45:59.998 [FXGL Background Thread 3 ] DEBUG Engine               - pixelsPerMeter: 50.0
17:45:59.998 [FXGL Background Thread 3 ] DEBUG Engine               - platform: WINDOWS
17:45:59.998 [FXGL Background Thread 3 ] DEBUG Engine               - prefHeightProperty: ReadOnlyDoubleProperty [value: 600.0]
17:45:59.998 [FXGL Background Thread 3 ] DEBUG Engine               - prefWidthProperty: ReadOnlyDoubleProperty [value: 800.0]
17:45:59.998 [FXGL Background Thread 3 ] DEBUG Engine               - profileDir: profiles/
17:45:59.998 [FXGL Background Thread 3 ] DEBUG Engine               - profileName: StringProperty [value: DEFAULT]
17:45:59.998 [FXGL Background Thread 3 ] DEBUG Engine               - randomSeed: -1
17:45:59.998 [FXGL Background Thread 3 ] DEBUG Engine               - runtimeInfo: RuntimeInfo(platform=WINDOWS, version=17.3, build=30.03.2023 11.49)
17:45:59.998 [FXGL Background Thread 3 ] DEBUG Engine               - saveFileExt: sav
17:45:59.998 [FXGL Background Thread 3 ] DEBUG Engine               - scaledHeightProp$fxgl: DoubleProperty [bound, value: 600.0]
17:45:59.998 [FXGL Background Thread 3 ] DEBUG Engine               - scaledWidthProp$fxgl: DoubleProperty [bound, value: 800.0]
17:45:59.998 [FXGL Background Thread 3 ] DEBUG Engine               - sceneFactory: com.almasb.fxgl.app.scene.SceneFactory@5fe4fd20
17:45:59.998 [FXGL Background Thread 3 ] DEBUG Engine               - secondsIn24h: 60
17:45:59.998 [FXGL Background Thread 3 ] DEBUG Engine               - soundMenuBack: menu/back.wav
17:45:59.998 [FXGL Background Thread 3 ] DEBUG Engine               - soundMenuPress: menu/press.wav
17:45:59.998 [FXGL Background Thread 3 ] DEBUG Engine               - soundMenuSelect: menu/select.wav
17:45:59.998 [FXGL Background Thread 3 ] DEBUG Engine               - soundNotification: core/notification.wav
17:45:59.998 [FXGL Background Thread 3 ] DEBUG Engine               - stageStyle: DECORATED
17:45:59.998 [FXGL Background Thread 3 ] DEBUG Engine               - supportedLanguages: [ENGLISH, FRENCH, GERMAN, HUNGARIAN, RUSSIAN]
17:45:59.998 [FXGL Background Thread 3 ] DEBUG Engine               - ticksPerSecond: -1
17:45:59.999 [FXGL Background Thread 3 ] DEBUG Engine               - title: DemoApp
17:45:59.999 [FXGL Background Thread 3 ] DEBUG Engine               - urlGithub: https://github.com/AlmasB/FXGL
17:45:59.999 [FXGL Background Thread 3 ] DEBUG Engine               - urlLeaderboard: http://fxgl-top.herokuapp.com/
17:45:59.999 [FXGL Background Thread 3 ] DEBUG Engine               - urlPOM: https://raw.githubusercontent.com/AlmasB/FXGL/release/README.md
17:45:59.999 [FXGL Background Thread 3 ] DEBUG Engine               - userAppClass: class com.gamedemo.DemoApp
17:45:59.999 [FXGL Background Thread 3 ] DEBUG Engine               - version: 0.1
17:45:59.999 [FXGL Background Thread 3 ] DEBUG Engine               - versionCheckDays: 7
17:45:59.999 [FXGL Background Thread 3 ] DEBUG Engine               - width: 800
17:45:59.999 [FXGL Background Thread 3 ] DEBUG Engine               - Logging services
17:45:59.999 [FXGL Background Thread 3 ] DEBUG Engine               - class com.almasb.fxgl.app.services.FXGLAssetLoaderService
17:45:59.999 [FXGL Background Thread 3 ] DEBUG Engine               - class com.almasb.fxgl.app.FXGLApplication$GameApplicationService
17:45:59.999 [FXGL Background Thread 3 ] DEBUG Engine               - class com.almasb.fxgl.app.services.FXGLDialogService
17:45:59.999 [FXGL Background Thread 3 ] DEBUG Engine               - class com.almasb.fxgl.app.services.IOTaskExecutorService
17:45:59.999 [FXGL Background Thread 3 ] DEBUG Engine               - class com.almasb.fxgl.io.FileSystemService
17:45:59.999 [FXGL Background Thread 3 ] DEBUG Engine               - class com.almasb.fxgl.localization.LocalizationService
17:45:59.999 [FXGL Background Thread 3 ] DEBUG Engine               - class com.almasb.fxgl.app.services.SystemBundleService
17:45:59.999 [FXGL Background Thread 3 ] DEBUG Engine               - class com.almasb.fxgl.profile.SaveLoadService
17:45:59.999 [FXGL Background Thread 3 ] DEBUG Engine               - class com.almasb.fxgl.ui.FXGLUIFactoryServiceProvider
17:45:59.999 [FXGL Background Thread 3 ] DEBUG Engine               - class com.almasb.fxgl.ui.FXGLDialogFactoryServiceProvider
17:45:59.999 [FXGL Background Thread 3 ] DEBUG Engine               - class com.almasb.fxgl.audio.AudioPlayer
17:45:59.999 [FXGL Background Thread 3 ] DEBUG Engine               - class com.almasb.fxgl.notification.impl.NotificationServiceProvider
17:45:59.999 [FXGL Background Thread 3 ] DEBUG Engine               - class com.almasb.fxgl.achievement.AchievementService
17:45:59.999 [FXGL Background Thread 3 ] DEBUG Engine               - class com.almasb.fxgl.cutscene.CutsceneService
17:45:59.999 [FXGL Background Thread 3 ] DEBUG Engine               - class com.almasb.fxgl.minigames.MiniGameService
17:45:59.999 [FXGL Background Thread 3 ] DEBUG Engine               - class com.almasb.fxgl.net.NetService
17:45:59.999 [FXGL Background Thread 3 ] DEBUG Engine               - class com.almasb.fxgl.app.services.UpdaterService
17:45:59.999 [FXGL Background Thread 3 ] DEBUG Engine               - class com.almasb.fxgl.dev.DevService
17:46:27.747 [JavaFX Application Thread] WARN  TMXLevelLoader       - TiledMap generated from 1.2.3. Supported version: 1.9.0. Some features may not be parsed fully.
17:46:27.750 [JavaFX Application Thread] DEBUG TMXLevelLoader       - Parsed TiledMap: file:/C:/Users/Administrator/IdeaProjects/LearningFXGL/target/classes/assets/levels/level2.tmx
17:46:27.750 [JavaFX Application Thread] DEBUG TMXLevelLoader       - Creating tile layer entities
17:46:27.750 [JavaFX Application Thread] DEBUG TilesetLoader        - Loading view for layer Tile Layer 1
17:46:27.751 [JavaFX Application Thread] DEBUG TilesetLoader        - Created buffer with size 800.0x600.0
17:46:27.752 [JavaFX Application Thread] DEBUG TMXLevelLoader       - Creating object layer entities
17:46:27.777 [JavaFX Application Thread] DEBUG GameWorld            - Clearing removable entities
17:46:27.777 [JavaFX Application Thread] DEBUG GameWorld            - Setting level: com.almasb.fxgl.entity.level.Level@6be69ced
17:46:29.455 [JavaFX Application Thread] WARN  TMXLevelLoader       - TiledMap generated from 1.2.3. Supported version: 1.9.0. Some features may not be parsed fully.
17:46:29.458 [JavaFX Application Thread] DEBUG TMXLevelLoader       - Parsed TiledMap: file:/C:/Users/Administrator/IdeaProjects/LearningFXGL/target/classes/assets/levels/level2.tmx
17:46:29.458 [JavaFX Application Thread] DEBUG TMXLevelLoader       - Creating tile layer entities
17:46:29.459 [JavaFX Application Thread] DEBUG TilesetLoader        - Loading view for layer Tile Layer 1
17:46:29.459 [JavaFX Application Thread] DEBUG TilesetLoader        - Created buffer with size 800.0x600.0
17:46:29.462 [JavaFX Application Thread] DEBUG TMXLevelLoader       - Creating object layer entities
17:46:29.481 [JavaFX Application Thread] DEBUG GameWorld            - Clearing removable entities
17:46:29.484 [JavaFX Application Thread] DEBUG GameWorld            - Setting level: com.almasb.fxgl.entity.level.Level@453388d0
17:46:30.104 [JavaFX Application Thread] WARN  TMXLevelLoader       - TiledMap generated from 1.2.3. Supported version: 1.9.0. Some features may not be parsed fully.
17:46:30.107 [JavaFX Application Thread] DEBUG TMXLevelLoader       - Parsed TiledMap: file:/C:/Users/Administrator/IdeaProjects/LearningFXGL/target/classes/assets/levels/level2.tmx
17:46:30.107 [JavaFX Application Thread] DEBUG TMXLevelLoader       - Creating tile layer entities
17:46:30.107 [JavaFX Application Thread] DEBUG TilesetLoader        - Loading view for layer Tile Layer 1
17:46:30.107 [JavaFX Application Thread] DEBUG TilesetLoader        - Created buffer with size 800.0x600.0
17:46:30.109 [JavaFX Application Thread] DEBUG TMXLevelLoader       - Creating object layer entities
17:46:30.121 [JavaFX Application Thread] DEBUG GameWorld            - Clearing removable entities
17:46:30.124 [JavaFX Application Thread] DEBUG GameWorld            - Setting level: com.almasb.fxgl.entity.level.Level@211921d8
17:46:30.146 [JavaFX Application Thread] WARN  TMXLevelLoader       - TiledMap generated from 1.2.3. Supported version: 1.9.0. Some features may not be parsed fully.
17:46:30.148 [JavaFX Application Thread] DEBUG TMXLevelLoader       - Parsed TiledMap: file:/C:/Users/Administrator/IdeaProjects/LearningFXGL/target/classes/assets/levels/level2.tmx
17:46:30.148 [JavaFX Application Thread] DEBUG TMXLevelLoader       - Creating tile layer entities
17:46:30.148 [JavaFX Application Thread] DEBUG TilesetLoader        - Loading view for layer Tile Layer 1
17:46:30.148 [JavaFX Application Thread] DEBUG TilesetLoader        - Created buffer with size 800.0x600.0
17:46:30.149 [JavaFX Application Thread] DEBUG TMXLevelLoader       - Creating object layer entities
17:46:30.157 [JavaFX Application Thread] DEBUG GameWorld            - Clearing removable entities
17:46:30.159 [JavaFX Application Thread] DEBUG GameWorld            - Setting level: com.almasb.fxgl.entity.level.Level@6758ba9b
17:46:30.182 [JavaFX Application Thread] WARN  TMXLevelLoader       - TiledMap generated from 1.2.3. Supported version: 1.9.0. Some features may not be parsed fully.
17:46:30.183 [JavaFX Application Thread] DEBUG TMXLevelLoader       - Parsed TiledMap: file:/C:/Users/Administrator/IdeaProjects/LearningFXGL/target/classes/assets/levels/level2.tmx
17:46:30.183 [JavaFX Application Thread] DEBUG TMXLevelLoader       - Creating tile layer entities
17:46:30.183 [JavaFX Application Thread] DEBUG TilesetLoader        - Loading view for layer Tile Layer 1
17:46:30.183 [JavaFX Application Thread] DEBUG TilesetLoader        - Created buffer with size 800.0x600.0
17:46:30.185 [JavaFX Application Thread] DEBUG TMXLevelLoader       - Creating object layer entities
17:46:30.193 [JavaFX Application Thread] DEBUG GameWorld            - Clearing removable entities
17:46:30.195 [JavaFX Application Thread] DEBUG GameWorld            - Setting level: com.almasb.fxgl.entity.level.Level@126eb51c
17:46:30.616 [JavaFX Application Thread] WARN  TMXLevelLoader       - TiledMap generated from 1.2.3. Supported version: 1.9.0. Some features may not be parsed fully.
17:46:30.617 [JavaFX Application Thread] DEBUG TMXLevelLoader       - Parsed TiledMap: file:/C:/Users/Administrator/IdeaProjects/LearningFXGL/target/classes/assets/levels/level2.tmx
17:46:30.617 [JavaFX Application Thread] DEBUG TMXLevelLoader       - Creating tile layer entities
17:46:30.617 [JavaFX Application Thread] DEBUG TilesetLoader        - Loading view for layer Tile Layer 1
17:46:30.617 [JavaFX Application Thread] DEBUG TilesetLoader        - Created buffer with size 800.0x600.0
17:46:30.620 [JavaFX Application Thread] DEBUG TMXLevelLoader       - Creating object layer entities
17:46:30.638 [JavaFX Application Thread] DEBUG GameWorld            - Clearing removable entities
17:46:30.640 [JavaFX Application Thread] DEBUG GameWorld            - Setting level: com.almasb.fxgl.entity.level.Level@1640c17e
17:46:30.670 [JavaFX Application Thread] WARN  TMXLevelLoader       - TiledMap generated from 1.2.3. Supported version: 1.9.0. Some features may not be parsed fully.
17:46:30.671 [JavaFX Application Thread] DEBUG TMXLevelLoader       - Parsed TiledMap: file:/C:/Users/Administrator/IdeaProjects/LearningFXGL/target/classes/assets/levels/level2.tmx
17:46:30.671 [JavaFX Application Thread] DEBUG TMXLevelLoader       - Creating tile layer entities
17:46:30.672 [JavaFX Application Thread] DEBUG TilesetLoader        - Loading view for layer Tile Layer 1
17:46:30.672 [JavaFX Application Thread] DEBUG TilesetLoader        - Created buffer with size 800.0x600.0
17:46:30.673 [JavaFX Application Thread] DEBUG TMXLevelLoader       - Creating object layer entities
17:46:30.682 [JavaFX Application Thread] DEBUG GameWorld            - Clearing removable entities
17:46:30.683 [JavaFX Application Thread] DEBUG GameWorld            - Setting level: com.almasb.fxgl.entity.level.Level@59980c46
17:46:30.710 [JavaFX Application Thread] WARN  TMXLevelLoader       - TiledMap generated from 1.2.3. Supported version: 1.9.0. Some features may not be parsed fully.
17:46:30.712 [JavaFX Application Thread] DEBUG TMXLevelLoader       - Parsed TiledMap: file:/C:/Users/Administrator/IdeaProjects/LearningFXGL/target/classes/assets/levels/level2.tmx
17:46:30.712 [JavaFX Application Thread] DEBUG TMXLevelLoader       - Creating tile layer entities
17:46:30.712 [JavaFX Application Thread] DEBUG TilesetLoader        - Loading view for layer Tile Layer 1
17:46:30.712 [JavaFX Application Thread] DEBUG TilesetLoader        - Created buffer with size 800.0x600.0
17:46:30.713 [JavaFX Application Thread] DEBUG TMXLevelLoader       - Creating object layer entities
17:46:30.723 [JavaFX Application Thread] DEBUG GameWorld            - Clearing removable entities
17:46:30.725 [JavaFX Application Thread] DEBUG GameWorld            - Setting level: com.almasb.fxgl.entity.level.Level@3b0b652
17:46:30.939 [JavaFX Application Thread] WARN  TMXLevelLoader       - TiledMap generated from 1.2.3. Supported version: 1.9.0. Some features may not be parsed fully.
17:46:30.943 [JavaFX Application Thread] DEBUG TMXLevelLoader       - Parsed TiledMap: file:/C:/Users/Administrator/IdeaProjects/LearningFXGL/target/classes/assets/levels/level2.tmx
17:46:30.943 [JavaFX Application Thread] DEBUG TMXLevelLoader       - Creating tile layer entities
17:46:30.943 [JavaFX Application Thread] DEBUG TilesetLoader        - Loading view for layer Tile Layer 1
17:46:30.943 [JavaFX Application Thread] DEBUG TilesetLoader        - Created buffer with size 800.0x600.0
17:46:30.945 [JavaFX Application Thread] DEBUG TMXLevelLoader       - Creating object layer entities
17:46:30.952 [JavaFX Application Thread] DEBUG GameWorld            - Clearing removable entities
17:46:30.953 [JavaFX Application Thread] DEBUG GameWorld            - Setting level: com.almasb.fxgl.entity.level.Level@691b1699
17:46:31.011 [JavaFX Application Thread] WARN  TMXLevelLoader       - TiledMap generated from 1.2.3. Supported version: 1.9.0. Some features may not be parsed fully.
17:46:31.011 [JavaFX Application Thread] DEBUG TMXLevelLoader       - Parsed TiledMap: file:/C:/Users/Administrator/IdeaProjects/LearningFXGL/target/classes/assets/levels/level2.tmx
17:46:31.011 [JavaFX Application Thread] DEBUG TMXLevelLoader       - Creating tile layer entities
17:46:31.011 [JavaFX Application Thread] DEBUG TilesetLoader        - Loading view for layer Tile Layer 1
17:46:31.011 [JavaFX Application Thread] DEBUG TilesetLoader        - Created buffer with size 800.0x600.0
17:46:31.013 [JavaFX Application Thread] DEBUG TMXLevelLoader       - Creating object layer entities
17:46:31.020 [JavaFX Application Thread] DEBUG GameWorld            - Clearing removable entities
17:46:31.022 [JavaFX Application Thread] DEBUG GameWorld            - Setting level: com.almasb.fxgl.entity.level.Level@4176d818
17:46:31.076 [JavaFX Application Thread] WARN  TMXLevelLoader       - TiledMap generated from 1.2.3. Supported version: 1.9.0. Some features may not be parsed fully.
17:46:31.077 [JavaFX Application Thread] DEBUG TMXLevelLoader       - Parsed TiledMap: file:/C:/Users/Administrator/IdeaProjects/LearningFXGL/target/classes/assets/levels/level2.tmx
17:46:31.077 [JavaFX Application Thread] DEBUG TMXLevelLoader       - Creating tile layer entities
17:46:31.077 [JavaFX Application Thread] DEBUG TilesetLoader        - Loading view for layer Tile Layer 1
17:46:31.077 [JavaFX Application Thread] DEBUG TilesetLoader        - Created buffer with size 800.0x600.0
17:46:31.079 [JavaFX Application Thread] DEBUG TMXLevelLoader       - Creating object layer entities
17:46:31.087 [JavaFX Application Thread] DEBUG GameWorld            - Clearing removable entities
17:46:31.088 [JavaFX Application Thread] DEBUG GameWorld            - Setting level: com.almasb.fxgl.entity.level.Level@7ef6adf3
17:46:31.299 [JavaFX Application Thread] WARN  TMXLevelLoader       - TiledMap generated from 1.2.3. Supported version: 1.9.0. Some features may not be parsed fully.
17:46:31.299 [JavaFX Application Thread] DEBUG TMXLevelLoader       - Parsed TiledMap: file:/C:/Users/Administrator/IdeaProjects/LearningFXGL/target/classes/assets/levels/level2.tmx
17:46:31.299 [JavaFX Application Thread] DEBUG TMXLevelLoader       - Creating tile layer entities
17:46:31.299 [JavaFX Application Thread] DEBUG TilesetLoader        - Loading view for layer Tile Layer 1
17:46:31.302 [JavaFX Application Thread] DEBUG TilesetLoader        - Created buffer with size 800.0x600.0
17:46:31.304 [JavaFX Application Thread] DEBUG TMXLevelLoader       - Creating object layer entities
17:46:31.317 [JavaFX Application Thread] DEBUG GameWorld            - Clearing removable entities
17:46:31.318 [JavaFX Application Thread] DEBUG GameWorld            - Setting level: com.almasb.fxgl.entity.level.Level@5d8a001d
17:46:31.369 [JavaFX Application Thread] WARN  TMXLevelLoader       - TiledMap generated from 1.2.3. Supported version: 1.9.0. Some features may not be parsed fully.
17:46:31.369 [JavaFX Application Thread] DEBUG TMXLevelLoader       - Parsed TiledMap: file:/C:/Users/Administrator/IdeaProjects/LearningFXGL/target/classes/assets/levels/level2.tmx
17:46:31.369 [JavaFX Application Thread] DEBUG TMXLevelLoader       - Creating tile layer entities
17:46:31.370 [JavaFX Application Thread] DEBUG TilesetLoader        - Loading view for layer Tile Layer 1
17:46:31.370 [JavaFX Application Thread] DEBUG TilesetLoader        - Created buffer with size 800.0x600.0
17:46:31.371 [JavaFX Application Thread] DEBUG TMXLevelLoader       - Creating object layer entities
17:46:31.380 [JavaFX Application Thread] DEBUG GameWorld            - Clearing removable entities
17:46:31.382 [JavaFX Application Thread] DEBUG GameWorld            - Setting level: com.almasb.fxgl.entity.level.Level@261255f2
17:46:31.434 [JavaFX Application Thread] WARN  TMXLevelLoader       - TiledMap generated from 1.2.3. Supported version: 1.9.0. Some features may not be parsed fully.
17:46:31.435 [JavaFX Application Thread] DEBUG TMXLevelLoader       - Parsed TiledMap: file:/C:/Users/Administrator/IdeaProjects/LearningFXGL/target/classes/assets/levels/level2.tmx
17:46:31.435 [JavaFX Application Thread] DEBUG TMXLevelLoader       - Creating tile layer entities
17:46:31.435 [JavaFX Application Thread] DEBUG TilesetLoader        - Loading view for layer Tile Layer 1
17:46:31.435 [JavaFX Application Thread] DEBUG TilesetLoader        - Created buffer with size 800.0x600.0
17:46:31.436 [JavaFX Application Thread] DEBUG TMXLevelLoader       - Creating object layer entities
17:46:31.443 [JavaFX Application Thread] DEBUG GameWorld            - Clearing removable entities
17:46:31.444 [JavaFX Application Thread] DEBUG GameWorld            - Setting level: com.almasb.fxgl.entity.level.Level@292803de
17:46:31.613 [JavaFX Application Thread] WARN  TMXLevelLoader       - TiledMap generated from 1.2.3. Supported version: 1.9.0. Some features may not be parsed fully.
17:46:31.614 [JavaFX Application Thread] DEBUG TMXLevelLoader       - Parsed TiledMap: file:/C:/Users/Administrator/IdeaProjects/LearningFXGL/target/classes/assets/levels/level2.tmx
17:46:31.614 [JavaFX Application Thread] DEBUG TMXLevelLoader       - Creating tile layer entities
17:46:31.614 [JavaFX Application Thread] DEBUG TilesetLoader        - Loading view for layer Tile Layer 1
17:46:31.615 [JavaFX Application Thread] DEBUG TilesetLoader        - Created buffer with size 800.0x600.0
17:46:31.617 [JavaFX Application Thread] DEBUG TMXLevelLoader       - Creating object layer entities
17:46:31.624 [JavaFX Application Thread] DEBUG GameWorld            - Clearing removable entities
17:46:31.625 [JavaFX Application Thread] DEBUG GameWorld            - Setting level: com.almasb.fxgl.entity.level.Level@7506aaa0
17:46:31.681 [JavaFX Application Thread] WARN  TMXLevelLoader       - TiledMap generated from 1.2.3. Supported version: 1.9.0. Some features may not be parsed fully.
17:46:31.682 [JavaFX Application Thread] DEBUG TMXLevelLoader       - Parsed TiledMap: file:/C:/Users/Administrator/IdeaProjects/LearningFXGL/target/classes/assets/levels/level2.tmx
17:46:31.682 [JavaFX Application Thread] DEBUG TMXLevelLoader       - Creating tile layer entities
17:46:31.682 [JavaFX Application Thread] DEBUG TilesetLoader        - Loading view for layer Tile Layer 1
17:46:31.682 [JavaFX Application Thread] DEBUG TilesetLoader        - Created buffer with size 800.0x600.0
17:46:31.684 [JavaFX Application Thread] DEBUG TMXLevelLoader       - Creating object layer entities
17:46:31.693 [JavaFX Application Thread] DEBUG GameWorld            - Clearing removable entities
17:46:31.694 [JavaFX Application Thread] DEBUG GameWorld            - Setting level: com.almasb.fxgl.entity.level.Level@67b8a794
17:46:31.740 [JavaFX Application Thread] WARN  TMXLevelLoader       - TiledMap generated from 1.2.3. Supported version: 1.9.0. Some features may not be parsed fully.
17:46:31.741 [JavaFX Application Thread] DEBUG TMXLevelLoader       - Parsed TiledMap: file:/C:/Users/Administrator/IdeaProjects/LearningFXGL/target/classes/assets/levels/level2.tmx
17:46:31.741 [JavaFX Application Thread] DEBUG TMXLevelLoader       - Creating tile layer entities
17:46:31.741 [JavaFX Application Thread] DEBUG TilesetLoader        - Loading view for layer Tile Layer 1
17:46:31.741 [JavaFX Application Thread] DEBUG TilesetLoader        - Created buffer with size 800.0x600.0
17:46:31.743 [JavaFX Application Thread] DEBUG TMXLevelLoader       - Creating object layer entities
17:46:31.753 [JavaFX Application Thread] DEBUG GameWorld            - Clearing removable entities
17:46:31.754 [JavaFX Application Thread] DEBUG GameWorld            - Setting level: com.almasb.fxgl.entity.level.Level@1d6aa0d
17:46:31.806 [JavaFX Application Thread] WARN  TMXLevelLoader       - TiledMap generated from 1.2.3. Supported version: 1.9.0. Some features may not be parsed fully.
17:46:31.807 [JavaFX Application Thread] DEBUG TMXLevelLoader       - Parsed TiledMap: file:/C:/Users/Administrator/IdeaProjects/LearningFXGL/target/classes/assets/levels/level2.tmx
17:46:31.807 [JavaFX Application Thread] DEBUG TMXLevelLoader       - Creating tile layer entities
17:46:31.807 [JavaFX Application Thread] DEBUG TilesetLoader        - Loading view for layer Tile Layer 1
17:46:31.808 [JavaFX Application Thread] DEBUG TilesetLoader        - Created buffer with size 800.0x600.0
17:46:31.809 [JavaFX Application Thread] DEBUG TMXLevelLoader       - Creating object layer entities
17:46:31.818 [JavaFX Application Thread] DEBUG GameWorld            - Clearing removable entities
17:46:31.819 [JavaFX Application Thread] DEBUG GameWorld            - Setting level: com.almasb.fxgl.entity.level.Level@58638d35
17:46:31.875 [JavaFX Application Thread] WARN  TMXLevelLoader       - TiledMap generated from 1.2.3. Supported version: 1.9.0. Some features may not be parsed fully.
17:46:31.876 [JavaFX Application Thread] DEBUG TMXLevelLoader       - Parsed TiledMap: file:/C:/Users/Administrator/IdeaProjects/LearningFXGL/target/classes/assets/levels/level2.tmx
17:46:31.876 [JavaFX Application Thread] DEBUG TMXLevelLoader       - Creating tile layer entities
17:46:31.876 [JavaFX Application Thread] DEBUG TilesetLoader        - Loading view for layer Tile Layer 1
17:46:31.877 [JavaFX Application Thread] DEBUG TilesetLoader        - Created buffer with size 800.0x600.0
17:46:31.878 [JavaFX Application Thread] DEBUG TMXLevelLoader       - Creating object layer entities
17:46:31.886 [JavaFX Application Thread] DEBUG GameWorld            - Clearing removable entities
17:46:31.887 [JavaFX Application Thread] DEBUG GameWorld            - Setting level: com.almasb.fxgl.entity.level.Level@32b7222
17:46:31.939 [JavaFX Application Thread] WARN  TMXLevelLoader       - TiledMap generated from 1.2.3. Supported version: 1.9.0. Some features may not be parsed fully.
17:46:31.941 [JavaFX Application Thread] DEBUG TMXLevelLoader       - Parsed TiledMap: file:/C:/Users/Administrator/IdeaProjects/LearningFXGL/target/classes/assets/levels/level2.tmx
17:46:31.941 [JavaFX Application Thread] DEBUG TMXLevelLoader       - Creating tile layer entities
17:46:31.941 [JavaFX Application Thread] DEBUG TilesetLoader        - Loading view for layer Tile Layer 1
17:46:31.941 [JavaFX Application Thread] DEBUG TilesetLoader        - Created buffer with size 800.0x600.0
17:46:31.943 [JavaFX Application Thread] DEBUG TMXLevelLoader       - Creating object layer entities
17:46:31.951 [JavaFX Application Thread] DEBUG GameWorld            - Clearing removable entities
17:46:31.952 [JavaFX Application Thread] DEBUG GameWorld            - Setting level: com.almasb.fxgl.entity.level.Level@7c1c1bc4
17:46:32.005 [JavaFX Application Thread] WARN  TMXLevelLoader       - TiledMap generated from 1.2.3. Supported version: 1.9.0. Some features may not be parsed fully.
17:46:32.005 [JavaFX Application Thread] DEBUG TMXLevelLoader       - Parsed TiledMap: file:/C:/Users/Administrator/IdeaProjects/LearningFXGL/target/classes/assets/levels/level2.tmx
17:46:32.006 [JavaFX Application Thread] DEBUG TMXLevelLoader       - Creating tile layer entities
17:46:32.006 [JavaFX Application Thread] DEBUG TilesetLoader        - Loading view for layer Tile Layer 1
17:46:32.013 [JavaFX Application Thread] DEBUG TilesetLoader        - Created buffer with size 800.0x600.0
17:46:32.017 [JavaFX Application Thread] DEBUG TMXLevelLoader       - Creating object layer entities
17:46:32.023 [JavaFX Application Thread] DEBUG GameWorld            - Clearing removable entities
17:46:32.024 [JavaFX Application Thread] DEBUG GameWorld            - Setting level: com.almasb.fxgl.entity.level.Level@7ceedf16
17:46:32.068 [JavaFX Application Thread] WARN  TMXLevelLoader       - TiledMap generated from 1.2.3. Supported version: 1.9.0. Some features may not be parsed fully.
17:46:32.069 [JavaFX Application Thread] DEBUG TMXLevelLoader       - Parsed TiledMap: file:/C:/Users/Administrator/IdeaProjects/LearningFXGL/target/classes/assets/levels/level2.tmx
17:46:32.069 [JavaFX Application Thread] DEBUG TMXLevelLoader       - Creating tile layer entities
17:46:32.069 [JavaFX Application Thread] DEBUG TilesetLoader        - Loading view for layer Tile Layer 1
17:46:32.069 [JavaFX Application Thread] DEBUG TilesetLoader        - Created buffer with size 800.0x600.0
17:46:32.070 [JavaFX Application Thread] DEBUG TMXLevelLoader       - Creating object layer entities
17:46:32.077 [JavaFX Application Thread] DEBUG GameWorld            - Clearing removable entities
17:46:32.078 [JavaFX Application Thread] DEBUG GameWorld            - Setting level: com.almasb.fxgl.entity.level.Level@75b14aae
17:46:32.133 [JavaFX Application Thread] WARN  TMXLevelLoader       - TiledMap generated from 1.2.3. Supported version: 1.9.0. Some features may not be parsed fully.
17:46:32.134 [JavaFX Application Thread] DEBUG TMXLevelLoader       - Parsed TiledMap: file:/C:/Users/Administrator/IdeaProjects/LearningFXGL/target/classes/assets/levels/level2.tmx
17:46:32.134 [JavaFX Application Thread] DEBUG TMXLevelLoader       - Creating tile layer entities
17:46:32.134 [JavaFX Application Thread] DEBUG TilesetLoader        - Loading view for layer Tile Layer 1
17:46:32.134 [JavaFX Application Thread] DEBUG TilesetLoader        - Created buffer with size 800.0x600.0
17:46:32.135 [JavaFX Application Thread] DEBUG TMXLevelLoader       - Creating object layer entities
17:46:32.142 [JavaFX Application Thread] DEBUG GameWorld            - Clearing removable entities
17:46:32.143 [JavaFX Application Thread] DEBUG GameWorld            - Setting level: com.almasb.fxgl.entity.level.Level@20d60ca1
17:46:32.193 [JavaFX Application Thread] WARN  TMXLevelLoader       - TiledMap generated from 1.2.3. Supported version: 1.9.0. Some features may not be parsed fully.
17:46:32.194 [JavaFX Application Thread] DEBUG TMXLevelLoader       - Parsed TiledMap: file:/C:/Users/Administrator/IdeaProjects/LearningFXGL/target/classes/assets/levels/level2.tmx
17:46:32.194 [JavaFX Application Thread] DEBUG TMXLevelLoader       - Creating tile layer entities
17:46:32.194 [JavaFX Application Thread] DEBUG TilesetLoader        - Loading view for layer Tile Layer 1
17:46:32.194 [JavaFX Application Thread] DEBUG TilesetLoader        - Created buffer with size 800.0x600.0
17:46:32.196 [JavaFX Application Thread] DEBUG TMXLevelLoader       - Creating object layer entities
17:46:32.202 [JavaFX Application Thread] DEBUG GameWorld            - Clearing removable entities
17:46:32.203 [JavaFX Application Thread] DEBUG GameWorld            - Setting level: com.almasb.fxgl.entity.level.Level@729558ba
17:46:32.234 [JavaFX Application Thread] WARN  TMXLevelLoader       - TiledMap generated from 1.2.3. Supported version: 1.9.0. Some features may not be parsed fully.
17:46:32.235 [JavaFX Application Thread] DEBUG TMXLevelLoader       - Parsed TiledMap: file:/C:/Users/Administrator/IdeaProjects/LearningFXGL/target/classes/assets/levels/level2.tmx
17:46:32.235 [JavaFX Application Thread] DEBUG TMXLevelLoader       - Creating tile layer entities
17:46:32.235 [JavaFX Application Thread] DEBUG TilesetLoader        - Loading view for layer Tile Layer 1
17:46:32.235 [JavaFX Application Thread] DEBUG TilesetLoader        - Created buffer with size 800.0x600.0
17:46:32.236 [JavaFX Application Thread] DEBUG TMXLevelLoader       - Creating object layer entities
17:46:32.242 [JavaFX Application Thread] DEBUG GameWorld            - Clearing removable entities
17:46:32.243 [JavaFX Application Thread] DEBUG GameWorld            - Setting level: com.almasb.fxgl.entity.level.Level@4828bd27
17:46:32.269 [JavaFX Application Thread] WARN  TMXLevelLoader       - TiledMap generated from 1.2.3. Supported version: 1.9.0. Some features may not be parsed fully.
17:46:32.270 [JavaFX Application Thread] DEBUG TMXLevelLoader       - Parsed TiledMap: file:/C:/Users/Administrator/IdeaProjects/LearningFXGL/target/classes/assets/levels/level2.tmx
17:46:32.270 [JavaFX Application Thread] DEBUG TMXLevelLoader       - Creating tile layer entities
17:46:32.270 [JavaFX Application Thread] DEBUG TilesetLoader        - Loading view for layer Tile Layer 1
17:46:32.270 [JavaFX Application Thread] DEBUG TilesetLoader        - Created buffer with size 800.0x600.0
17:46:32.272 [JavaFX Application Thread] DEBUG TMXLevelLoader       - Creating object layer entities
17:46:32.277 [JavaFX Application Thread] DEBUG GameWorld            - Clearing removable entities
17:46:32.278 [JavaFX Application Thread] DEBUG GameWorld            - Setting level: com.almasb.fxgl.entity.level.Level@45d7da97
17:46:32.304 [JavaFX Application Thread] WARN  TMXLevelLoader       - TiledMap generated from 1.2.3. Supported version: 1.9.0. Some features may not be parsed fully.
17:46:32.305 [JavaFX Application Thread] DEBUG TMXLevelLoader       - Parsed TiledMap: file:/C:/Users/Administrator/IdeaProjects/LearningFXGL/target/classes/assets/levels/level2.tmx
17:46:32.305 [JavaFX Application Thread] DEBUG TMXLevelLoader       - Creating tile layer entities
17:46:32.305 [JavaFX Application Thread] DEBUG TilesetLoader        - Loading view for layer Tile Layer 1
17:46:32.305 [JavaFX Application Thread] DEBUG TilesetLoader        - Created buffer with size 800.0x600.0
17:46:32.307 [JavaFX Application Thread] DEBUG TMXLevelLoader       - Creating object layer entities
17:46:32.312 [JavaFX Application Thread] DEBUG GameWorld            - Clearing removable entities
17:46:32.313 [JavaFX Application Thread] DEBUG GameWorld            - Setting level: com.almasb.fxgl.entity.level.Level@2b47a84d
17:46:32.341 [JavaFX Application Thread] WARN  TMXLevelLoader       - TiledMap generated from 1.2.3. Supported version: 1.9.0. Some features may not be parsed fully.
17:46:32.341 [JavaFX Application Thread] DEBUG TMXLevelLoader       - Parsed TiledMap: file:/C:/Users/Administrator/IdeaProjects/LearningFXGL/target/classes/assets/levels/level2.tmx
17:46:32.341 [JavaFX Application Thread] DEBUG TMXLevelLoader       - Creating tile layer entities
17:46:32.341 [JavaFX Application Thread] DEBUG TilesetLoader        - Loading view for layer Tile Layer 1
17:46:32.342 [JavaFX Application Thread] DEBUG TilesetLoader        - Created buffer with size 800.0x600.0
17:46:32.343 [JavaFX Application Thread] DEBUG TMXLevelLoader       - Creating object layer entities
17:46:32.350 [JavaFX Application Thread] DEBUG GameWorld            - Clearing removable entities
17:46:32.351 [JavaFX Application Thread] DEBUG GameWorld            - Setting level: com.almasb.fxgl.entity.level.Level@6c889524
17:46:32.382 [JavaFX Application Thread] WARN  TMXLevelLoader       - TiledMap generated from 1.2.3. Supported version: 1.9.0. Some features may not be parsed fully.
17:46:32.382 [JavaFX Application Thread] DEBUG TMXLevelLoader       - Parsed TiledMap: file:/C:/Users/Administrator/IdeaProjects/LearningFXGL/target/classes/assets/levels/level2.tmx
17:46:32.382 [JavaFX Application Thread] DEBUG TMXLevelLoader       - Creating tile layer entities
17:46:32.382 [JavaFX Application Thread] DEBUG TilesetLoader        - Loading view for layer Tile Layer 1
17:46:32.382 [JavaFX Application Thread] DEBUG TilesetLoader        - Created buffer with size 800.0x600.0
17:46:32.384 [JavaFX Application Thread] DEBUG TMXLevelLoader       - Creating object layer entities
17:46:32.390 [JavaFX Application Thread] DEBUG GameWorld            - Clearing removable entities
17:46:32.391 [JavaFX Application Thread] DEBUG GameWorld            - Setting level: com.almasb.fxgl.entity.level.Level@30599c5b
17:46:32.417 [JavaFX Application Thread] WARN  TMXLevelLoader       - TiledMap generated from 1.2.3. Supported version: 1.9.0. Some features may not be parsed fully.
17:46:32.417 [JavaFX Application Thread] DEBUG TMXLevelLoader       - Parsed TiledMap: file:/C:/Users/Administrator/IdeaProjects/LearningFXGL/target/classes/assets/levels/level2.tmx
17:46:32.418 [JavaFX Application Thread] DEBUG TMXLevelLoader       - Creating tile layer entities
17:46:32.418 [JavaFX Application Thread] DEBUG TilesetLoader        - Loading view for layer Tile Layer 1
17:46:32.418 [JavaFX Application Thread] DEBUG TilesetLoader        - Created buffer with size 800.0x600.0
17:46:32.420 [JavaFX Application Thread] DEBUG TMXLevelLoader       - Creating object layer entities
17:46:32.426 [JavaFX Application Thread] DEBUG GameWorld            - Clearing removable entities
17:46:32.427 [JavaFX Application Thread] DEBUG GameWorld            - Setting level: com.almasb.fxgl.entity.level.Level@1599715a
17:46:32.454 [JavaFX Application Thread] WARN  TMXLevelLoader       - TiledMap generated from 1.2.3. Supported version: 1.9.0. Some features may not be parsed fully.
17:46:32.455 [JavaFX Application Thread] DEBUG TMXLevelLoader       - Parsed TiledMap: file:/C:/Users/Administrator/IdeaProjects/LearningFXGL/target/classes/assets/levels/level2.tmx
17:46:32.455 [JavaFX Application Thread] DEBUG TMXLevelLoader       - Creating tile layer entities
17:46:32.455 [JavaFX Application Thread] DEBUG TilesetLoader        - Loading view for layer Tile Layer 1
17:46:32.455 [JavaFX Application Thread] DEBUG TilesetLoader        - Created buffer with size 800.0x600.0
17:46:32.456 [JavaFX Application Thread] DEBUG TMXLevelLoader       - Creating object layer entities
17:46:32.462 [JavaFX Application Thread] DEBUG GameWorld            - Clearing removable entities
17:46:32.463 [JavaFX Application Thread] DEBUG GameWorld            - Setting level: com.almasb.fxgl.entity.level.Level@30b12b0
17:46:32.486 [JavaFX Application Thread] WARN  TMXLevelLoader       - TiledMap generated from 1.2.3. Supported version: 1.9.0. Some features may not be parsed fully.
17:46:32.487 [JavaFX Application Thread] DEBUG TMXLevelLoader       - Parsed TiledMap: file:/C:/Users/Administrator/IdeaProjects/LearningFXGL/target/classes/assets/levels/level2.tmx
17:46:32.487 [JavaFX Application Thread] DEBUG TMXLevelLoader       - Creating tile layer entities
17:46:32.487 [JavaFX Application Thread] DEBUG TilesetLoader        - Loading view for layer Tile Layer 1
17:46:32.487 [JavaFX Application Thread] DEBUG TilesetLoader        - Created buffer with size 800.0x600.0
17:46:32.488 [JavaFX Application Thread] DEBUG TMXLevelLoader       - Creating object layer entities
17:46:32.494 [JavaFX Application Thread] DEBUG GameWorld            - Clearing removable entities
17:46:32.495 [JavaFX Application Thread] DEBUG GameWorld            - Setting level: com.almasb.fxgl.entity.level.Level@2f23091
17:46:32.522 [JavaFX Application Thread] WARN  TMXLevelLoader       - TiledMap generated from 1.2.3. Supported version: 1.9.0. Some features may not be parsed fully.
17:46:32.522 [JavaFX Application Thread] DEBUG TMXLevelLoader       - Parsed TiledMap: file:/C:/Users/Administrator/IdeaProjects/LearningFXGL/target/classes/assets/levels/level2.tmx
17:46:32.522 [JavaFX Application Thread] DEBUG TMXLevelLoader       - Creating tile layer entities
17:46:32.522 [JavaFX Application Thread] DEBUG TilesetLoader        - Loading view for layer Tile Layer 1
17:46:32.523 [JavaFX Application Thread] DEBUG TilesetLoader        - Created buffer with size 800.0x600.0
17:46:32.524 [JavaFX Application Thread] DEBUG TMXLevelLoader       - Creating object layer entities
17:46:32.530 [JavaFX Application Thread] DEBUG GameWorld            - Clearing removable entities
17:46:32.531 [JavaFX Application Thread] DEBUG GameWorld            - Setting level: com.almasb.fxgl.entity.level.Level@3bd634e9
17:46:32.739 [JavaFX Application Thread] WARN  TMXLevelLoader       - TiledMap generated from 1.2.3. Supported version: 1.9.0. Some features may not be parsed fully.
17:46:32.740 [JavaFX Application Thread] DEBUG TMXLevelLoader       - Parsed TiledMap: file:/C:/Users/Administrator/IdeaProjects/LearningFXGL/target/classes/assets/levels/level2.tmx
17:46:32.740 [JavaFX Application Thread] DEBUG TMXLevelLoader       - Creating tile layer entities
17:46:32.740 [JavaFX Application Thread] DEBUG TilesetLoader        - Loading view for layer Tile Layer 1
17:46:32.740 [JavaFX Application Thread] DEBUG TilesetLoader        - Created buffer with size 800.0x600.0
17:46:32.742 [JavaFX Application Thread] DEBUG TMXLevelLoader       - Creating object layer entities
17:46:32.750 [JavaFX Application Thread] DEBUG GameWorld            - Clearing removable entities
17:46:32.751 [JavaFX Application Thread] DEBUG GameWorld            - Setting level: com.almasb.fxgl.entity.level.Level@2da83995
17:46:32.799 [JavaFX Application Thread] WARN  TMXLevelLoader       - TiledMap generated from 1.2.3. Supported version: 1.9.0. Some features may not be parsed fully.
17:46:32.801 [JavaFX Application Thread] DEBUG TMXLevelLoader       - Parsed TiledMap: file:/C:/Users/Administrator/IdeaProjects/LearningFXGL/target/classes/assets/levels/level2.tmx
17:46:32.801 [JavaFX Application Thread] DEBUG TMXLevelLoader       - Creating tile layer entities
17:46:32.801 [JavaFX Application Thread] DEBUG TilesetLoader        - Loading view for layer Tile Layer 1
17:46:32.801 [JavaFX Application Thread] DEBUG TilesetLoader        - Created buffer with size 800.0x600.0
17:46:32.803 [JavaFX Application Thread] DEBUG TMXLevelLoader       - Creating object layer entities
17:46:32.809 [JavaFX Application Thread] DEBUG GameWorld            - Clearing removable entities
17:46:32.810 [JavaFX Application Thread] DEBUG GameWorld            - Setting level: com.almasb.fxgl.entity.level.Level@7853653a
17:46:32.857 [JavaFX Application Thread] WARN  TMXLevelLoader       - TiledMap generated from 1.2.3. Supported version: 1.9.0. Some features may not be parsed fully.
17:46:32.858 [JavaFX Application Thread] DEBUG TMXLevelLoader       - Parsed TiledMap: file:/C:/Users/Administrator/IdeaProjects/LearningFXGL/target/classes/assets/levels/level2.tmx
17:46:32.858 [JavaFX Application Thread] DEBUG TMXLevelLoader       - Creating tile layer entities
17:46:32.858 [JavaFX Application Thread] DEBUG TilesetLoader        - Loading view for layer Tile Layer 1
17:46:32.858 [JavaFX Application Thread] DEBUG TilesetLoader        - Created buffer with size 800.0x600.0
17:46:32.859 [JavaFX Application Thread] DEBUG TMXLevelLoader       - Creating object layer entities
17:46:32.865 [JavaFX Application Thread] DEBUG GameWorld            - Clearing removable entities
17:46:32.866 [JavaFX Application Thread] DEBUG GameWorld            - Setting level: com.almasb.fxgl.entity.level.Level@45a9b256
17:46:32.916 [JavaFX Application Thread] WARN  TMXLevelLoader       - TiledMap generated from 1.2.3. Supported version: 1.9.0. Some features may not be parsed fully.
17:46:32.917 [JavaFX Application Thread] DEBUG TMXLevelLoader       - Parsed TiledMap: file:/C:/Users/Administrator/IdeaProjects/LearningFXGL/target/classes/assets/levels/level2.tmx
17:46:32.917 [JavaFX Application Thread] DEBUG TMXLevelLoader       - Creating tile layer entities
17:46:32.917 [JavaFX Application Thread] DEBUG TilesetLoader        - Loading view for layer Tile Layer 1
17:46:32.917 [JavaFX Application Thread] DEBUG TilesetLoader        - Created buffer with size 800.0x600.0
17:46:32.918 [JavaFX Application Thread] DEBUG TMXLevelLoader       - Creating object layer entities
17:46:32.923 [JavaFX Application Thread] DEBUG GameWorld            - Clearing removable entities
17:46:32.924 [JavaFX Application Thread] DEBUG GameWorld            - Setting level: com.almasb.fxgl.entity.level.Level@14edcb02
17:46:32.975 [JavaFX Application Thread] WARN  TMXLevelLoader       - TiledMap generated from 1.2.3. Supported version: 1.9.0. Some features may not be parsed fully.
17:46:32.975 [JavaFX Application Thread] DEBUG TMXLevelLoader       - Parsed TiledMap: file:/C:/Users/Administrator/IdeaProjects/LearningFXGL/target/classes/assets/levels/level2.tmx
17:46:32.975 [JavaFX Application Thread] DEBUG TMXLevelLoader       - Creating tile layer entities
17:46:32.975 [JavaFX Application Thread] DEBUG TilesetLoader        - Loading view for layer Tile Layer 1
17:46:32.975 [JavaFX Application Thread] DEBUG TilesetLoader        - Created buffer with size 800.0x600.0
17:46:32.977 [JavaFX Application Thread] DEBUG TMXLevelLoader       - Creating object layer entities
17:46:32.983 [JavaFX Application Thread] DEBUG GameWorld            - Clearing removable entities
17:46:32.984 [JavaFX Application Thread] DEBUG GameWorld            - Setting level: com.almasb.fxgl.entity.level.Level@7fcbd1bd
17:46:33.033 [JavaFX Application Thread] WARN  TMXLevelLoader       - TiledMap generated from 1.2.3. Supported version: 1.9.0. Some features may not be parsed fully.
17:46:33.033 [JavaFX Application Thread] DEBUG TMXLevelLoader       - Parsed TiledMap: file:/C:/Users/Administrator/IdeaProjects/LearningFXGL/target/classes/assets/levels/level2.tmx
17:46:33.033 [JavaFX Application Thread] DEBUG TMXLevelLoader       - Creating tile layer entities
17:46:33.034 [JavaFX Application Thread] DEBUG TilesetLoader        - Loading view for layer Tile Layer 1
17:46:33.034 [JavaFX Application Thread] DEBUG TilesetLoader        - Created buffer with size 800.0x600.0
17:46:33.035 [JavaFX Application Thread] DEBUG TMXLevelLoader       - Creating object layer entities
17:46:33.042 [JavaFX Application Thread] DEBUG GameWorld            - Clearing removable entities
17:46:33.043 [JavaFX Application Thread] DEBUG GameWorld            - Setting level: com.almasb.fxgl.entity.level.Level@44add62d
17:46:33.068 [JavaFX Application Thread] WARN  TMXLevelLoader       - TiledMap generated from 1.2.3. Supported version: 1.9.0. Some features may not be parsed fully.
17:46:33.070 [JavaFX Application Thread] DEBUG TMXLevelLoader       - Parsed TiledMap: file:/C:/Users/Administrator/IdeaProjects/LearningFXGL/target/classes/assets/levels/level2.tmx
17:46:33.070 [JavaFX Application Thread] DEBUG TMXLevelLoader       - Creating tile layer entities
17:46:33.070 [JavaFX Application Thread] DEBUG TilesetLoader        - Loading view for layer Tile Layer 1
17:46:33.070 [JavaFX Application Thread] DEBUG TilesetLoader        - Created buffer with size 800.0x600.0
17:46:33.071 [JavaFX Application Thread] DEBUG TMXLevelLoader       - Creating object layer entities
17:46:33.078 [JavaFX Application Thread] DEBUG GameWorld            - Clearing removable entities
17:46:33.079 [JavaFX Application Thread] DEBUG GameWorld            - Setting level: com.almasb.fxgl.entity.level.Level@4cc57878
17:46:33.109 [JavaFX Application Thread] WARN  TMXLevelLoader       - TiledMap generated from 1.2.3. Supported version: 1.9.0. Some features may not be parsed fully.
17:46:33.110 [JavaFX Application Thread] DEBUG TMXLevelLoader       - Parsed TiledMap: file:/C:/Users/Administrator/IdeaProjects/LearningFXGL/target/classes/assets/levels/level2.tmx
17:46:33.110 [JavaFX Application Thread] DEBUG TMXLevelLoader       - Creating tile layer entities
17:46:33.110 [JavaFX Application Thread] DEBUG TilesetLoader        - Loading view for layer Tile Layer 1
17:46:33.111 [JavaFX Application Thread] DEBUG TilesetLoader        - Created buffer with size 800.0x600.0
17:46:33.112 [JavaFX Application Thread] DEBUG TMXLevelLoader       - Creating object layer entities
17:46:33.118 [JavaFX Application Thread] DEBUG GameWorld            - Clearing removable entities
17:46:33.120 [JavaFX Application Thread] DEBUG GameWorld            - Setting level: com.almasb.fxgl.entity.level.Level@5ab169a9
17:46:33.145 [JavaFX Application Thread] WARN  TMXLevelLoader       - TiledMap generated from 1.2.3. Supported version: 1.9.0. Some features may not be parsed fully.
17:46:33.145 [JavaFX Application Thread] DEBUG TMXLevelLoader       - Parsed TiledMap: file:/C:/Users/Administrator/IdeaProjects/LearningFXGL/target/classes/assets/levels/level2.tmx
17:46:33.145 [JavaFX Application Thread] DEBUG TMXLevelLoader       - Creating tile layer entities
17:46:33.145 [JavaFX Application Thread] DEBUG TilesetLoader        - Loading view for layer Tile Layer 1
17:46:33.146 [JavaFX Application Thread] DEBUG TilesetLoader        - Created buffer with size 800.0x600.0
17:46:33.148 [JavaFX Application Thread] DEBUG TMXLevelLoader       - Creating object layer entities
17:46:33.154 [JavaFX Application Thread] DEBUG GameWorld            - Clearing removable entities
17:46:33.155 [JavaFX Application Thread] DEBUG GameWorld            - Setting level: com.almasb.fxgl.entity.level.Level@6fdde204
17:46:33.187 [JavaFX Application Thread] WARN  TMXLevelLoader       - TiledMap generated from 1.2.3. Supported version: 1.9.0. Some features may not be parsed fully.
17:46:33.188 [JavaFX Application Thread] DEBUG TMXLevelLoader       - Parsed TiledMap: file:/C:/Users/Administrator/IdeaProjects/LearningFXGL/target/classes/assets/levels/level2.tmx
17:46:33.188 [JavaFX Application Thread] DEBUG TMXLevelLoader       - Creating tile layer entities
17:46:33.188 [JavaFX Application Thread] DEBUG TilesetLoader        - Loading view for layer Tile Layer 1
17:46:33.188 [JavaFX Application Thread] DEBUG TilesetLoader        - Created buffer with size 800.0x600.0
17:46:33.190 [JavaFX Application Thread] DEBUG TMXLevelLoader       - Creating object layer entities
17:46:33.197 [JavaFX Application Thread] DEBUG GameWorld            - Clearing removable entities
17:46:33.198 [JavaFX Application Thread] DEBUG GameWorld            - Setting level: com.almasb.fxgl.entity.level.Level@7e96dcff
17:46:33.234 [JavaFX Application Thread] WARN  TMXLevelLoader       - TiledMap generated from 1.2.3. Supported version: 1.9.0. Some features may not be parsed fully.
17:46:33.234 [JavaFX Application Thread] DEBUG TMXLevelLoader       - Parsed TiledMap: file:/C:/Users/Administrator/IdeaProjects/LearningFXGL/target/classes/assets/levels/level2.tmx
17:46:33.234 [JavaFX Application Thread] DEBUG TMXLevelLoader       - Creating tile layer entities
17:46:33.234 [JavaFX Application Thread] DEBUG TilesetLoader        - Loading view for layer Tile Layer 1
17:46:33.237 [JavaFX Application Thread] DEBUG TilesetLoader        - Created buffer with size 800.0x600.0
17:46:33.238 [JavaFX Application Thread] DEBUG TMXLevelLoader       - Creating object layer entities
17:46:33.244 [JavaFX Application Thread] DEBUG GameWorld            - Clearing removable entities
17:46:33.245 [JavaFX Application Thread] DEBUG GameWorld            - Setting level: com.almasb.fxgl.entity.level.Level@2577f9e3
17:46:33.274 [JavaFX Application Thread] WARN  TMXLevelLoader       - TiledMap generated from 1.2.3. Supported version: 1.9.0. Some features may not be parsed fully.
17:46:33.275 [JavaFX Application Thread] DEBUG TMXLevelLoader       - Parsed TiledMap: file:/C:/Users/Administrator/IdeaProjects/LearningFXGL/target/classes/assets/levels/level2.tmx
17:46:33.275 [JavaFX Application Thread] DEBUG TMXLevelLoader       - Creating tile layer entities
17:46:33.275 [JavaFX Application Thread] DEBUG TilesetLoader        - Loading view for layer Tile Layer 1
17:46:33.275 [JavaFX Application Thread] DEBUG TilesetLoader        - Created buffer with size 800.0x600.0
17:46:33.276 [JavaFX Application Thread] DEBUG TMXLevelLoader       - Creating object layer entities
17:46:33.281 [JavaFX Application Thread] DEBUG GameWorld            - Clearing removable entities
17:46:33.282 [JavaFX Application Thread] DEBUG GameWorld            - Setting level: com.almasb.fxgl.entity.level.Level@4092aec4
17:46:35.810 [JavaFX Application Thread] WARN  TMXLevelLoader       - TiledMap generated from 1.2.3. Supported version: 1.9.0. Some features may not be parsed fully.
17:46:35.811 [JavaFX Application Thread] DEBUG TMXLevelLoader       - Parsed TiledMap: file:/C:/Users/Administrator/IdeaProjects/LearningFXGL/target/classes/assets/levels/level2.tmx
17:46:35.811 [JavaFX Application Thread] DEBUG TMXLevelLoader       - Creating tile layer entities
17:46:35.811 [JavaFX Application Thread] DEBUG TilesetLoader        - Loading view for layer Tile Layer 1
17:46:35.811 [JavaFX Application Thread] DEBUG TilesetLoader        - Created buffer with size 800.0x600.0
17:46:35.812 [JavaFX Application Thread] DEBUG TMXLevelLoader       - Creating object layer entities
17:46:35.817 [JavaFX Application Thread] DEBUG GameWorld            - Clearing removable entities
17:46:35.818 [JavaFX Application Thread] DEBUG GameWorld            - Setting level: com.almasb.fxgl.entity.level.Level@503550b2
17:46:35.882 [JavaFX Application Thread] WARN  TMXLevelLoader       - TiledMap generated from 1.2.3. Supported version: 1.9.0. Some features may not be parsed fully.
17:46:35.883 [JavaFX Application Thread] DEBUG TMXLevelLoader       - Parsed TiledMap: file:/C:/Users/Administrator/IdeaProjects/LearningFXGL/target/classes/assets/levels/level2.tmx
17:46:35.883 [JavaFX Application Thread] DEBUG TMXLevelLoader       - Creating tile layer entities
17:46:35.883 [JavaFX Application Thread] DEBUG TilesetLoader        - Loading view for layer Tile Layer 1
17:46:35.883 [JavaFX Application Thread] DEBUG TilesetLoader        - Created buffer with size 800.0x600.0
17:46:35.884 [JavaFX Application Thread] DEBUG TMXLevelLoader       - Creating object layer entities
17:46:35.888 [JavaFX Application Thread] DEBUG GameWorld            - Clearing removable entities
17:46:35.890 [JavaFX Application Thread] DEBUG GameWorld            - Setting level: com.almasb.fxgl.entity.level.Level@32d9eeb5
17:46:35.957 [JavaFX Application Thread] WARN  TMXLevelLoader       - TiledMap generated from 1.2.3. Supported version: 1.9.0. Some features may not be parsed fully.
17:46:35.957 [JavaFX Application Thread] DEBUG TMXLevelLoader       - Parsed TiledMap: file:/C:/Users/Administrator/IdeaProjects/LearningFXGL/target/classes/assets/levels/level2.tmx
17:46:35.957 [JavaFX Application Thread] DEBUG TMXLevelLoader       - Creating tile layer entities
17:46:35.958 [JavaFX Application Thread] DEBUG TilesetLoader        - Loading view for layer Tile Layer 1
17:46:35.958 [JavaFX Application Thread] DEBUG TilesetLoader        - Created buffer with size 800.0x600.0
17:46:35.959 [JavaFX Application Thread] DEBUG TMXLevelLoader       - Creating object layer entities
17:46:35.964 [JavaFX Application Thread] DEBUG GameWorld            - Clearing removable entities
17:46:35.965 [JavaFX Application Thread] DEBUG GameWorld            - Setting level: com.almasb.fxgl.entity.level.Level@5e1b3d20
17:46:36.022 [JavaFX Application Thread] WARN  TMXLevelLoader       - TiledMap generated from 1.2.3. Supported version: 1.9.0. Some features may not be parsed fully.
17:46:36.022 [JavaFX Application Thread] DEBUG TMXLevelLoader       - Parsed TiledMap: file:/C:/Users/Administrator/IdeaProjects/LearningFXGL/target/classes/assets/levels/level2.tmx
17:46:36.022 [JavaFX Application Thread] DEBUG TMXLevelLoader       - Creating tile layer entities
17:46:36.022 [JavaFX Application Thread] DEBUG TilesetLoader        - Loading view for layer Tile Layer 1
17:46:36.023 [JavaFX Application Thread] DEBUG TilesetLoader        - Created buffer with size 800.0x600.0
17:46:36.024 [JavaFX Application Thread] DEBUG TMXLevelLoader       - Creating object layer entities
17:46:36.028 [JavaFX Application Thread] DEBUG GameWorld            - Clearing removable entities
17:46:36.029 [JavaFX Application Thread] DEBUG GameWorld            - Setting level: com.almasb.fxgl.entity.level.Level@53c643bd
17:46:36.093 [JavaFX Application Thread] WARN  TMXLevelLoader       - TiledMap generated from 1.2.3. Supported version: 1.9.0. Some features may not be parsed fully.
17:46:36.094 [JavaFX Application Thread] DEBUG TMXLevelLoader       - Parsed TiledMap: file:/C:/Users/Administrator/IdeaProjects/LearningFXGL/target/classes/assets/levels/level2.tmx
17:46:36.094 [JavaFX Application Thread] DEBUG TMXLevelLoader       - Creating tile layer entities
17:46:36.094 [JavaFX Application Thread] DEBUG TilesetLoader        - Loading view for layer Tile Layer 1
17:46:36.094 [JavaFX Application Thread] DEBUG TilesetLoader        - Created buffer with size 800.0x600.0
17:46:36.095 [JavaFX Application Thread] DEBUG TMXLevelLoader       - Creating object layer entities
17:46:36.100 [JavaFX Application Thread] DEBUG GameWorld            - Clearing removable entities
17:46:36.101 [JavaFX Application Thread] DEBUG GameWorld            - Setting level: com.almasb.fxgl.entity.level.Level@618032a3
17:46:36.165 [JavaFX Application Thread] WARN  TMXLevelLoader       - TiledMap generated from 1.2.3. Supported version: 1.9.0. Some features may not be parsed fully.
17:46:36.166 [JavaFX Application Thread] DEBUG TMXLevelLoader       - Parsed TiledMap: file:/C:/Users/Administrator/IdeaProjects/LearningFXGL/target/classes/assets/levels/level2.tmx
17:46:36.166 [JavaFX Application Thread] DEBUG TMXLevelLoader       - Creating tile layer entities
17:46:36.166 [JavaFX Application Thread] DEBUG TilesetLoader        - Loading view for layer Tile Layer 1
17:46:36.166 [JavaFX Application Thread] DEBUG TilesetLoader        - Created buffer with size 800.0x600.0
17:46:36.167 [JavaFX Application Thread] DEBUG TMXLevelLoader       - Creating object layer entities
17:46:36.172 [JavaFX Application Thread] DEBUG GameWorld            - Clearing removable entities
17:46:36.173 [JavaFX Application Thread] DEBUG GameWorld            - Setting level: com.almasb.fxgl.entity.level.Level@d5e9b7c
17:46:36.230 [JavaFX Application Thread] WARN  TMXLevelLoader       - TiledMap generated from 1.2.3. Supported version: 1.9.0. Some features may not be parsed fully.
17:46:36.230 [JavaFX Application Thread] DEBUG TMXLevelLoader       - Parsed TiledMap: file:/C:/Users/Administrator/IdeaProjects/LearningFXGL/target/classes/assets/levels/level2.tmx
17:46:36.230 [JavaFX Application Thread] DEBUG TMXLevelLoader       - Creating tile layer entities
17:46:36.230 [JavaFX Application Thread] DEBUG TilesetLoader        - Loading view for layer Tile Layer 1
17:46:36.231 [JavaFX Application Thread] DEBUG TilesetLoader        - Created buffer with size 800.0x600.0
17:46:36.232 [JavaFX Application Thread] DEBUG TMXLevelLoader       - Creating object layer entities
17:46:36.237 [JavaFX Application Thread] DEBUG GameWorld            - Clearing removable entities
17:46:36.238 [JavaFX Application Thread] DEBUG GameWorld            - Setting level: com.almasb.fxgl.entity.level.Level@42f16cc2
17:46:36.305 [JavaFX Application Thread] WARN  TMXLevelLoader       - TiledMap generated from 1.2.3. Supported version: 1.9.0. Some features may not be parsed fully.
17:46:36.305 [JavaFX Application Thread] DEBUG TMXLevelLoader       - Parsed TiledMap: file:/C:/Users/Administrator/IdeaProjects/LearningFXGL/target/classes/assets/levels/level2.tmx
17:46:36.305 [JavaFX Application Thread] DEBUG TMXLevelLoader       - Creating tile layer entities
17:46:36.306 [JavaFX Application Thread] DEBUG TilesetLoader        - Loading view for layer Tile Layer 1
17:46:36.306 [JavaFX Application Thread] DEBUG TilesetLoader        - Created buffer with size 800.0x600.0
17:46:36.307 [JavaFX Application Thread] DEBUG TMXLevelLoader       - Creating object layer entities
17:46:36.312 [JavaFX Application Thread] DEBUG GameWorld            - Clearing removable entities
17:46:36.313 [JavaFX Application Thread] DEBUG GameWorld            - Setting level: com.almasb.fxgl.entity.level.Level@1bdce823
17:46:36.375 [JavaFX Application Thread] WARN  TMXLevelLoader       - TiledMap generated from 1.2.3. Supported version: 1.9.0. Some features may not be parsed fully.
17:46:36.376 [JavaFX Application Thread] DEBUG TMXLevelLoader       - Parsed TiledMap: file:/C:/Users/Administrator/IdeaProjects/LearningFXGL/target/classes/assets/levels/level2.tmx
17:46:36.376 [JavaFX Application Thread] DEBUG TMXLevelLoader       - Creating tile layer entities
17:46:36.376 [JavaFX Application Thread] DEBUG TilesetLoader        - Loading view for layer Tile Layer 1
17:46:36.376 [JavaFX Application Thread] DEBUG TilesetLoader        - Created buffer with size 800.0x600.0
17:46:36.378 [JavaFX Application Thread] DEBUG TMXLevelLoader       - Creating object layer entities
17:46:36.382 [JavaFX Application Thread] DEBUG GameWorld            - Clearing removable entities
17:46:36.383 [JavaFX Application Thread] DEBUG GameWorld            - Setting level: com.almasb.fxgl.entity.level.Level@113b4248
17:46:36.448 [JavaFX Application Thread] WARN  TMXLevelLoader       - TiledMap generated from 1.2.3. Supported version: 1.9.0. Some features may not be parsed fully.
17:46:36.449 [JavaFX Application Thread] DEBUG TMXLevelLoader       - Parsed TiledMap: file:/C:/Users/Administrator/IdeaProjects/LearningFXGL/target/classes/assets/levels/level2.tmx
17:46:36.449 [JavaFX Application Thread] DEBUG TMXLevelLoader       - Creating tile layer entities
17:46:36.449 [JavaFX Application Thread] DEBUG TilesetLoader        - Loading view for layer Tile Layer 1
17:46:36.449 [JavaFX Application Thread] DEBUG TilesetLoader        - Created buffer with size 800.0x600.0
17:46:36.450 [JavaFX Application Thread] DEBUG TMXLevelLoader       - Creating object layer entities
17:46:36.455 [JavaFX Application Thread] DEBUG GameWorld            - Clearing removable entities
17:46:36.456 [JavaFX Application Thread] DEBUG GameWorld            - Setting level: com.almasb.fxgl.entity.level.Level@76f95960
17:46:36.516 [JavaFX Application Thread] WARN  TMXLevelLoader       - TiledMap generated from 1.2.3. Supported version: 1.9.0. Some features may not be parsed fully.
17:46:36.517 [JavaFX Application Thread] DEBUG TMXLevelLoader       - Parsed TiledMap: file:/C:/Users/Administrator/IdeaProjects/LearningFXGL/target/classes/assets/levels/level2.tmx
17:46:36.517 [JavaFX Application Thread] DEBUG TMXLevelLoader       - Creating tile layer entities
17:46:36.517 [JavaFX Application Thread] DEBUG TilesetLoader        - Loading view for layer Tile Layer 1
17:46:36.517 [JavaFX Application Thread] DEBUG TilesetLoader        - Created buffer with size 800.0x600.0
17:46:36.518 [JavaFX Application Thread] DEBUG TMXLevelLoader       - Creating object layer entities
17:46:36.523 [JavaFX Application Thread] DEBUG GameWorld            - Clearing removable entities
17:46:36.524 [JavaFX Application Thread] DEBUG GameWorld            - Setting level: com.almasb.fxgl.entity.level.Level@2709c702
17:46:36.581 [JavaFX Application Thread] WARN  TMXLevelLoader       - TiledMap generated from 1.2.3. Supported version: 1.9.0. Some features may not be parsed fully.
17:46:36.582 [JavaFX Application Thread] DEBUG TMXLevelLoader       - Parsed TiledMap: file:/C:/Users/Administrator/IdeaProjects/LearningFXGL/target/classes/assets/levels/level2.tmx
17:46:36.582 [JavaFX Application Thread] DEBUG TMXLevelLoader       - Creating tile layer entities
17:46:36.582 [JavaFX Application Thread] DEBUG TilesetLoader        - Loading view for layer Tile Layer 1
17:46:36.582 [JavaFX Application Thread] DEBUG TilesetLoader        - Created buffer with size 800.0x600.0
17:46:36.582 [JavaFX Application Thread] DEBUG TMXLevelLoader       - Creating object layer entities
17:46:36.587 [JavaFX Application Thread] DEBUG GameWorld            - Clearing removable entities
17:46:36.588 [JavaFX Application Thread] DEBUG GameWorld            - Setting level: com.almasb.fxgl.entity.level.Level@6953d78a
17:46:36.645 [JavaFX Application Thread] WARN  TMXLevelLoader       - TiledMap generated from 1.2.3. Supported version: 1.9.0. Some features may not be parsed fully.
17:46:36.645 [JavaFX Application Thread] DEBUG TMXLevelLoader       - Parsed TiledMap: file:/C:/Users/Administrator/IdeaProjects/LearningFXGL/target/classes/assets/levels/level2.tmx
17:46:36.645 [JavaFX Application Thread] DEBUG TMXLevelLoader       - Creating tile layer entities
17:46:36.645 [JavaFX Application Thread] DEBUG TilesetLoader        - Loading view for layer Tile Layer 1
17:46:36.645 [JavaFX Application Thread] DEBUG TilesetLoader        - Created buffer with size 800.0x600.0
17:46:36.646 [JavaFX Application Thread] DEBUG TMXLevelLoader       - Creating object layer entities
17:46:36.651 [JavaFX Application Thread] DEBUG GameWorld            - Clearing removable entities
17:46:36.652 [JavaFX Application Thread] DEBUG GameWorld            - Setting level: com.almasb.fxgl.entity.level.Level@3e32e2c0
17:46:36.723 [JavaFX Application Thread] WARN  TMXLevelLoader       - TiledMap generated from 1.2.3. Supported version: 1.9.0. Some features may not be parsed fully.
17:46:36.724 [JavaFX Application Thread] DEBUG TMXLevelLoader       - Parsed TiledMap: file:/C:/Users/Administrator/IdeaProjects/LearningFXGL/target/classes/assets/levels/level2.tmx
17:46:36.724 [JavaFX Application Thread] DEBUG TMXLevelLoader       - Creating tile layer entities
17:46:36.724 [JavaFX Application Thread] DEBUG TilesetLoader        - Loading view for layer Tile Layer 1
17:46:36.724 [JavaFX Application Thread] DEBUG TilesetLoader        - Created buffer with size 800.0x600.0
17:46:36.727 [JavaFX Application Thread] DEBUG TMXLevelLoader       - Creating object layer entities
17:46:36.731 [JavaFX Application Thread] DEBUG GameWorld            - Clearing removable entities
17:46:36.732 [JavaFX Application Thread] DEBUG GameWorld            - Setting level: com.almasb.fxgl.entity.level.Level@217a1eda
17:46:36.792 [JavaFX Application Thread] WARN  TMXLevelLoader       - TiledMap generated from 1.2.3. Supported version: 1.9.0. Some features may not be parsed fully.
17:46:36.793 [JavaFX Application Thread] DEBUG TMXLevelLoader       - Parsed TiledMap: file:/C:/Users/Administrator/IdeaProjects/LearningFXGL/target/classes/assets/levels/level2.tmx
17:46:36.793 [JavaFX Application Thread] DEBUG TMXLevelLoader       - Creating tile layer entities
17:46:36.793 [JavaFX Application Thread] DEBUG TilesetLoader        - Loading view for layer Tile Layer 1
17:46:36.793 [JavaFX Application Thread] DEBUG TilesetLoader        - Created buffer with size 800.0x600.0
17:46:36.794 [JavaFX Application Thread] DEBUG TMXLevelLoader       - Creating object layer entities
17:46:36.799 [JavaFX Application Thread] DEBUG GameWorld            - Clearing removable entities
17:46:36.800 [JavaFX Application Thread] DEBUG GameWorld            - Setting level: com.almasb.fxgl.entity.level.Level@1c5a2cea
17:46:36.858 [JavaFX Application Thread] WARN  TMXLevelLoader       - TiledMap generated from 1.2.3. Supported version: 1.9.0. Some features may not be parsed fully.
17:46:36.858 [JavaFX Application Thread] DEBUG TMXLevelLoader       - Parsed TiledMap: file:/C:/Users/Administrator/IdeaProjects/LearningFXGL/target/classes/assets/levels/level2.tmx
17:46:36.858 [JavaFX Application Thread] DEBUG TMXLevelLoader       - Creating tile layer entities
17:46:36.858 [JavaFX Application Thread] DEBUG TilesetLoader        - Loading view for layer Tile Layer 1
17:46:36.858 [JavaFX Application Thread] DEBUG TilesetLoader        - Created buffer with size 800.0x600.0
17:46:36.860 [JavaFX Application Thread] DEBUG TMXLevelLoader       - Creating object layer entities
17:46:36.863 [JavaFX Application Thread] DEBUG GameWorld            - Clearing removable entities
17:46:36.864 [JavaFX Application Thread] DEBUG GameWorld            - Setting level: com.almasb.fxgl.entity.level.Level@5f33debc
17:46:36.923 [JavaFX Application Thread] WARN  TMXLevelLoader       - TiledMap generated from 1.2.3. Supported version: 1.9.0. Some features may not be parsed fully.
17:46:36.923 [JavaFX Application Thread] DEBUG TMXLevelLoader       - Parsed TiledMap: file:/C:/Users/Administrator/IdeaProjects/LearningFXGL/target/classes/assets/levels/level2.tmx
17:46:36.923 [JavaFX Application Thread] DEBUG TMXLevelLoader       - Creating tile layer entities
17:46:36.923 [JavaFX Application Thread] DEBUG TilesetLoader        - Loading view for layer Tile Layer 1
17:46:36.923 [JavaFX Application Thread] DEBUG TilesetLoader        - Created buffer with size 800.0x600.0
17:46:36.924 [JavaFX Application Thread] DEBUG TMXLevelLoader       - Creating object layer entities
17:46:36.934 [JavaFX Application Thread] DEBUG GameWorld            - Clearing removable entities
17:46:36.935 [JavaFX Application Thread] DEBUG GameWorld            - Setting level: com.almasb.fxgl.entity.level.Level@6177e0b9
17:46:37.013 [JavaFX Application Thread] WARN  TMXLevelLoader       - TiledMap generated from 1.2.3. Supported version: 1.9.0. Some features may not be parsed fully.
17:46:37.013 [JavaFX Application Thread] DEBUG TMXLevelLoader       - Parsed TiledMap: file:/C:/Users/Administrator/IdeaProjects/LearningFXGL/target/classes/assets/levels/level2.tmx
17:46:37.013 [JavaFX Application Thread] DEBUG TMXLevelLoader       - Creating tile layer entities
17:46:37.013 [JavaFX Application Thread] DEBUG TilesetLoader        - Loading view for layer Tile Layer 1
17:46:37.014 [JavaFX Application Thread] DEBUG TilesetLoader        - Created buffer with size 800.0x600.0
17:46:37.015 [JavaFX Application Thread] DEBUG TMXLevelLoader       - Creating object layer entities
17:46:37.019 [JavaFX Application Thread] DEBUG GameWorld            - Clearing removable entities
17:46:37.021 [JavaFX Application Thread] DEBUG GameWorld            - Setting level: com.almasb.fxgl.entity.level.Level@5c93dd6
17:46:37.080 [JavaFX Application Thread] WARN  TMXLevelLoader       - TiledMap generated from 1.2.3. Supported version: 1.9.0. Some features may not be parsed fully.
17:46:37.081 [JavaFX Application Thread] DEBUG TMXLevelLoader       - Parsed TiledMap: file:/C:/Users/Administrator/IdeaProjects/LearningFXGL/target/classes/assets/levels/level2.tmx
17:46:37.081 [JavaFX Application Thread] DEBUG TMXLevelLoader       - Creating tile layer entities
17:46:37.081 [JavaFX Application Thread] DEBUG TilesetLoader        - Loading view for layer Tile Layer 1
17:46:37.081 [JavaFX Application Thread] DEBUG TilesetLoader        - Created buffer with size 800.0x600.0
17:46:37.082 [JavaFX Application Thread] DEBUG TMXLevelLoader       - Creating object layer entities
17:46:37.088 [JavaFX Application Thread] DEBUG GameWorld            - Clearing removable entities
17:46:37.088 [JavaFX Application Thread] DEBUG GameWorld            - Setting level: com.almasb.fxgl.entity.level.Level@3a3dad94
17:46:37.145 [JavaFX Application Thread] WARN  TMXLevelLoader       - TiledMap generated from 1.2.3. Supported version: 1.9.0. Some features may not be parsed fully.
17:46:37.145 [JavaFX Application Thread] DEBUG TMXLevelLoader       - Parsed TiledMap: file:/C:/Users/Administrator/IdeaProjects/LearningFXGL/target/classes/assets/levels/level2.tmx
17:46:37.145 [JavaFX Application Thread] DEBUG TMXLevelLoader       - Creating tile layer entities
17:46:37.145 [JavaFX Application Thread] DEBUG TilesetLoader        - Loading view for layer Tile Layer 1
17:46:37.145 [JavaFX Application Thread] DEBUG TilesetLoader        - Created buffer with size 800.0x600.0
17:46:37.147 [JavaFX Application Thread] DEBUG TMXLevelLoader       - Creating object layer entities
17:46:37.152 [JavaFX Application Thread] DEBUG GameWorld            - Clearing removable entities
17:46:37.152 [JavaFX Application Thread] DEBUG GameWorld            - Setting level: com.almasb.fxgl.entity.level.Level@5a9f3ae
17:46:37.213 [JavaFX Application Thread] WARN  TMXLevelLoader       - TiledMap generated from 1.2.3. Supported version: 1.9.0. Some features may not be parsed fully.
17:46:37.213 [JavaFX Application Thread] DEBUG TMXLevelLoader       - Parsed TiledMap: file:/C:/Users/Administrator/IdeaProjects/LearningFXGL/target/classes/assets/levels/level2.tmx
17:46:37.213 [JavaFX Application Thread] DEBUG TMXLevelLoader       - Creating tile layer entities
17:46:37.214 [JavaFX Application Thread] DEBUG TilesetLoader        - Loading view for layer Tile Layer 1
17:46:37.214 [JavaFX Application Thread] DEBUG TilesetLoader        - Created buffer with size 800.0x600.0
17:46:37.215 [JavaFX Application Thread] DEBUG TMXLevelLoader       - Creating object layer entities
17:46:37.220 [JavaFX Application Thread] DEBUG GameWorld            - Clearing removable entities
17:46:37.221 [JavaFX Application Thread] DEBUG GameWorld            - Setting level: com.almasb.fxgl.entity.level.Level@13429b
17:46:37.282 [JavaFX Application Thread] WARN  TMXLevelLoader       - TiledMap generated from 1.2.3. Supported version: 1.9.0. Some features may not be parsed fully.
17:46:37.283 [JavaFX Application Thread] DEBUG TMXLevelLoader       - Parsed TiledMap: file:/C:/Users/Administrator/IdeaProjects/LearningFXGL/target/classes/assets/levels/level2.tmx
17:46:37.283 [JavaFX Application Thread] DEBUG TMXLevelLoader       - Creating tile layer entities
17:46:37.283 [JavaFX Application Thread] DEBUG TilesetLoader        - Loading view for layer Tile Layer 1
17:46:37.283 [JavaFX Application Thread] DEBUG TilesetLoader        - Created buffer with size 800.0x600.0
17:46:37.285 [JavaFX Application Thread] DEBUG TMXLevelLoader       - Creating object layer entities
17:46:37.290 [JavaFX Application Thread] DEBUG GameWorld            - Clearing removable entities
17:46:37.291 [JavaFX Application Thread] DEBUG GameWorld            - Setting level: com.almasb.fxgl.entity.level.Level@71ccce65
17:46:37.842 [JavaFX Application Thread] DEBUG FXGLApplication      - Exiting FXGL
17:46:37.842 [JavaFX Application Thread] DEBUG LoopRunner           - Stopping loop
17:46:37.842 [JavaFX Application Thread] DEBUG SystemBundleService  - Saving FXGL system data
17:46:37.844 [JavaFX Application Thread] DEBUG FileSystemAccess     - Writing to: C:\Users\Administrator\IdeaProjects\LearningFXGL\system\fxgl.bundle
17:46:37.845 [JavaFX Application Thread] DEBUG Async                - Shutting down background threads
17:46:37.845 [JavaFX Application Thread] DEBUG PrimaryStageWindow   - Closing main window
17:46:37.855 [JavaFX Application Thread] DEBUG Logger               - Closing Logger
