15:43:30.883 [main                     ] DEBUG Logger               - Configured Logger
15:43:30.896 [main                     ] DEBUG GameApplication      - Logging settings
Title: DemoApp
Version: 0.1
Width: 800
Height: 600
Fullscreen: false
Intro: false
Profiling: false
Single step:false
App Mode: DEVELOPER
Menu Key: ESCAPE
Stage Style: DECORATED
Scene Factory: class com.almasb.fxgl.app.scene.SceneFactory

15:43:31.102 [JavaFX Application Thread] DEBUG FXGLApplication      - Initializing FXGL
15:43:31.104 [JavaFX Application Thread] INFO  Engine               - FXGL-17.3 (30.03.2023 11.49) on WINDOWS (J:21.0.1 FX:20)
15:43:31.104 [JavaFX Application Thread] DEBUG Engine               - JRE Vendor Name: Oracle Corporation
15:43:31.104 [JavaFX Application Thread] DEBUG Engine               - Running on OS: Windows 11 version 10.0
15:43:31.104 [JavaFX Application Thread] DEBUG Engine               - Architecture: amd64
15:43:31.104 [JavaFX Application Thread] INFO  Engine               - Source code and latest versions at: https://github.com/AlmasB/FXGL
15:43:31.104 [JavaFX Application Thread] INFO  Engine               -       Ask questions and discuss at: https://github.com/AlmasB/FXGL/discussions
15:43:31.104 [JavaFX Application Thread] INFO  Engine               -              Join the FXGL chat at: https://gitter.im/AlmasB/FXGL
15:43:31.145 [JavaFX Application Thread] DEBUG PrimaryStageWindow   - Creating a JavaFX scene
15:43:31.168 [JavaFX Application Thread] DEBUG PrimaryStageWindow   - Target settings size: 800.0 x 600.0
15:43:31.168 [JavaFX Application Thread] DEBUG PrimaryStageWindow   - Scaled scene size:    800.0 x 600.0
15:43:31.168 [JavaFX Application Thread] DEBUG PrimaryStageWindow   - Scaled ratio: (1.0, 1.0)
15:43:31.168 [JavaFX Application Thread] DEBUG PrimaryStageWindow   - Set initial scene to FXGLStartupScene
15:43:31.170 [JavaFX Application Thread] DEBUG PrimaryStageWindow   - Opening main window
15:43:31.210 [JavaFX Application Thread] DEBUG PrimaryStageWindow   - Window border size: (14.4000244140625, 37.5999755859375)
15:43:31.210 [JavaFX Application Thread] DEBUG PrimaryStageWindow   - Scaled size: 800.0 x 600.0
15:43:31.210 [JavaFX Application Thread] DEBUG PrimaryStageWindow   - Scaled ratio: (1.0, 1.0)
15:43:31.210 [JavaFX Application Thread] DEBUG PrimaryStageWindow   - Scene size: 800.0 x 600.0
15:43:31.210 [JavaFX Application Thread] DEBUG PrimaryStageWindow   - Stage size: 814.4000244140625 x 637.5999755859375
15:43:31.214 [FXGL Background Thread 1 ] DEBUG Engine               - Initializing environment variables
15:43:31.240 [FXGL Background Thread 1 ] DEBUG FXGLAssetLoaderServi - User app class for loading assets: class com.gamedemo.DemoApp
15:43:31.240 [FXGL Background Thread 1 ] DEBUG GameApplicationServi - Applying CSS: fxgl_dark.css
15:43:31.241 [FXGL Background Thread 1 ] DEBUG FXGLAssetLoaderServi - Loading from file system: jar:file:///C:/Users/Administrator/.m2/repository/com/github/almasb/fxgl/17.3/fxgl-17.3.jar!/fxglassets/ui/css/fxgl_dark.css
15:43:31.259 [FXGL Background Thread 1 ] DEBUG GameApplicationServi - Initializing application scenes
15:43:31.290 [FXGL Background Thread 1 ] DEBUG GameWorld            - Game world initialized
15:43:31.319 [FXGL Background Thread 1 ] DEBUG PhysicsWorld         - Physics world initialized: appHeight=600, physics.ppm=50.0
15:43:31.319 [FXGL Background Thread 1 ] DEBUG PhysicsWorld         - Using strategy: BRUTE_FORCE
15:43:31.320 [FXGL Background Thread 1 ] DEBUG GameScene            - Game scene initialized: 800x600
15:43:31.326 [FXGL Background Thread 1 ] DEBUG FXGL.DefaultMenu     - createMenuBodyMainMenu()
15:43:31.332 [FXGL Background Thread 1 ] DEBUG FXGL.DefaultMenu     - createOptionsMenu()
15:43:31.337 [FXGL Background Thread 1 ] DEBUG FXGLAssetLoaderServi - Loading from file system: jar:file:///C:/Users/Administrator/.m2/repository/com/github/almasb/fxgl/17.3/fxgl-17.3.jar!/fxglassets/textures/particles/smoke.png
15:43:31.382 [FXGL Background Thread 1 ] DEBUG FXGLAssetLoaderServi - Loading from file system: jar:file:///C:/Users/Administrator/.m2/repository/com/github/almasb/fxgl/17.3/fxgl-17.3.jar!/fxglassets/textures/particles/trace_horizontal.png
15:43:31.395 [FXGL Background Thread 1 ] DEBUG FXGL.DefaultMenu     - createMenuBodyGameMenu()
15:43:31.396 [FXGL Background Thread 1 ] DEBUG FXGL.DefaultMenu     - createOptionsMenu()
15:43:31.402 [FXGL Background Thread 1 ] DEBUG GameApplicationServi - Application scenes initialized
15:43:31.407 [FXGL Background Thread 1 ] DEBUG SystemBundleService  - Loading FXGL system data
15:43:31.409 [FXGL Background Thread 1 ] DEBUG FileSystemAccess     - Reading from: C:\Users\Administrator\IdeaProjects\LearningFXGL\system\fxgl.bundle
15:43:31.414 [FXGL Background Thread 1 ] DEBUG SystemBundleService  - Bundle FXGL: {}
15:43:31.414 [FXGL Background Thread 1 ] DEBUG UpdaterService       - Checking for updates
15:43:31.428 [FXGL Background Thread 4 ] DEBUG FXGLApplication      - Loading fonts
15:43:31.429 [FXGL Background Thread 4 ] DEBUG FXGLAssetLoaderServi - Loading from file system: jar:file:///C:/Users/Administrator/.m2/repository/com/github/almasb/fxgl/17.3/fxgl-17.3.jar!/fxglassets/ui/fonts/VarelaRound-Regular.ttf
15:43:31.429 [FXGL Background Thread 1 ] DEBUG FXGLApplication      - Loading default localization
15:43:31.429 [FXGL Background Thread 1 ] DEBUG FXGLAssetLoaderServi - Loading from file system: jar:file:///C:/Users/Administrator/.m2/repository/com/github/almasb/fxgl/17.3/fxgl-17.3.jar!/fxglassets/languages/english.lang
15:43:31.440 [FXGL Background Thread 1 ] INFO  FXGLApplication      - FXGL initialization took: 0.227 sec
15:43:31.446 [JavaFX Application Thread] DEBUG Input                - Registered new binding: MoveUp - Up
15:43:31.446 [FXGL Background Thread 4 ] DEBUG FXGLAssetLoaderServi - Loading from file system: jar:file:///C:/Users/Administrator/.m2/repository/com/github/almasb/fxgl/17.3/fxgl-17.3.jar!/fxglassets/ui/fonts/Abel-Regular.ttf
15:43:31.446 [JavaFX Application Thread] DEBUG Input                - Registered new binding: MoveDown - Down
15:43:31.446 [JavaFX Application Thread] DEBUG Input                - Registered new binding: MoveLeft - Left
15:43:31.446 [JavaFX Application Thread] DEBUG Input                - Registered new binding: MoveRight - Right
15:43:31.447 [JavaFX Application Thread] DEBUG FXGLAssetLoaderServi - Loading from file system: jar:file:///C:/Users/Administrator/.m2/repository/com/github/almasb/fxgl/17.3/fxgl-17.3.jar!/fxglassets/textures/fxgl_icon.png
15:43:31.447 [FXGL Background Thread 4 ] DEBUG FXGLAssetLoaderServi - Loading from file system: jar:file:///C:/Users/Administrator/.m2/repository/com/github/almasb/fxgl/17.3/fxgl-17.3.jar!/fxglassets/ui/fonts/TerminalLandMono-Regular.otf
15:43:31.449 [FXGL Background Thread 4 ] DEBUG FXGLAssetLoaderServi - Loading from file system: jar:file:///C:/Users/Administrator/.m2/repository/com/github/almasb/fxgl/17.3/fxgl-17.3.jar!/fxglassets/ui/fonts/Courier-Prime.ttf
15:43:31.457 [JavaFX Application Thread] DEBUG FXGLAssetLoaderServi - Loading from file system: jar:file:///C:/Users/Administrator/.m2/repository/com/github/almasb/fxgl/17.3/fxgl-17.3.jar!/fxglassets/textures/fxgl_default_cursor.png
15:43:31.458 [JavaFX Application Thread] DEBUG Input                - Registered new binding: Screenshot - CTRL+8
15:43:31.458 [JavaFX Application Thread] DEBUG Input                - Registered new binding: Dev Options - 1
15:43:31.458 [JavaFX Application Thread] DEBUG Input                - Registered new binding: Dev Console - 2
15:43:31.459 [JavaFX Application Thread] DEBUG Input                - Registered new binding: System info dump - CTRL+9
15:43:31.459 [JavaFX Application Thread] DEBUG Input                - Registered new binding: Restart - CTRL+R
15:43:31.459 [JavaFX Application Thread] DEBUG Input                - Registered new binding: Toggle Debug Camera - CTRL+7
15:43:31.460 [JavaFX Application Thread] DEBUG LoopRunner           - Starting loop
15:43:31.468 [JavaFX Application Thread] DEBUG LoopRunner           - Initializing JavaFX AnimationTimerLoop
15:43:31.470 [JavaFX Application Thread] DEBUG Input                - Clearing active input actions
15:43:31.474 [JavaFX Application Thread] DEBUG GameApplicationServi - Removing overlay from FXGLStartupScene and adding to FXGLMainMenuDummyScene
15:43:31.478 [JavaFX Application Thread] DEBUG PrimaryStageWindow   - FXGLStartupScene -> FXGLMainMenuDummyScene
15:43:31.478 [JavaFX Application Thread] DEBUG PrimaryStageWindow   - Push state: FXGLDefaultMenu
15:43:31.481 [JavaFX Application Thread] DEBUG Input                - Clearing active input actions
15:43:31.488 [JavaFX Application Thread] DEBUG GameApplicationServi - Removing overlay from FXGLMainMenuDummyScene and adding to FXGLDefaultMenu
15:43:31.490 [JavaFX Application Thread] DEBUG PrimaryStageWindow   - FXGLMainMenuDummyScene -> FXGLDefaultMenu
15:43:31.494 [JavaFX Application Thread] DEBUG FXGLApplication      - Registering font factories with UI factory
15:43:31.511 [FXGL Background Thread 2 ] WARN  UpdaterService       - Failed to find updates: java.net.UnknownHostException: raw.githubusercontent.com
15:43:32.322 [JavaFX Application Thread] DEBUG Menu                 - fireNewGame()
15:43:32.322 [JavaFX Application Thread] DEBUG GameApplicationServi - Starting new game
15:43:32.323 [JavaFX Application Thread] DEBUG PrimaryStageWindow   - Pop state: FXGLDefaultMenu
15:43:32.323 [JavaFX Application Thread] DEBUG Input                - Clearing active input actions
15:43:32.324 [JavaFX Application Thread] DEBUG GameApplicationServi - Removing overlay from FXGLDefaultMenu and adding to FXGLMainMenuDummyScene
15:43:32.324 [JavaFX Application Thread] DEBUG PrimaryStageWindow   - FXGLMainMenuDummyScene <- FXGLDefaultMenu
15:43:32.324 [JavaFX Application Thread] DEBUG Input                - Clearing active input actions
15:43:32.329 [JavaFX Application Thread] DEBUG GameApplicationServi - Removing overlay from FXGLMainMenuDummyScene and adding to FXGLLoadingScene
15:43:32.329 [JavaFX Application Thread] DEBUG PrimaryStageWindow   - FXGLMainMenuDummyScene -> FXGLLoadingScene
15:43:32.329 [JavaFX Application Thread] DEBUG GameApplicationServi - Clearing previous game
15:43:32.329 [JavaFX Application Thread] DEBUG GameScene            - Clearing game scene
15:43:32.329 [JavaFX Application Thread] DEBUG GameWorld            - Clearing game world
15:43:32.329 [JavaFX Application Thread] DEBUG PhysicsWorld         - Clearing physics world
15:43:32.330 [FXGL Background Thread 2 ] DEBUG FXGLApplication      - Initializing game
15:43:32.363 [FXGL Background Thread 2 ] WARN  TMXLevelLoader       - TiledMap generated from 1.11.0. Supported version: 1.9.0. Some features may not be parsed fully.
15:43:32.372 [FXGL Background Thread 2 ] DEBUG TMXLevelLoader       - Parsed TiledMap: file:/C:/Users/Administrator/IdeaProjects/LearningFXGL/target/classes/assets/levels/level1.tmx
15:43:32.373 [FXGL Background Thread 2 ] DEBUG TMXLevelLoader       - Creating tile layer entities
15:43:32.374 [FXGL Background Thread 2 ] DEBUG TilesetLoader        - Loading view for layer Tile Layer 1
15:43:32.379 [FXGL Background Thread 2 ] DEBUG TilesetLoader        - Created buffer with size 800.0x600.0
15:43:32.382 [FXGL Background Thread 2 ] DEBUG TMXLevelLoader       - Creating object layer entities
15:43:32.385 [FXGL Background Thread 2 ] DEBUG FXGLAssetLoaderServi - Loading from file system: file:/C:/Users/Administrator/IdeaProjects/LearningFXGL/target/classes/assets/textures/player.png
15:43:32.388 [FXGL Background Thread 2 ] DEBUG FXGLAssetLoaderServi - Loading from file system: file:/C:/Users/Administrator/IdeaProjects/LearningFXGL/target/classes/assets/textures/sprite.png
15:43:32.395 [FXGL Background Thread 2 ] DEBUG FXGLAssetLoaderServi - Loading from file system: file:/C:/Users/Administrator/IdeaProjects/LearningFXGL/target/classes/assets/textures/pill.png
15:43:32.411 [FXGL Background Thread 2 ] DEBUG FXGLAssetLoaderServi - Loading from file system: file:/C:/Users/Administrator/IdeaProjects/LearningFXGL/target/classes/assets/textures/Ghost1.gif
15:43:32.412 [FXGL Background Thread 2 ] DEBUG FXGLAssetLoaderServi - Loading from file system: file:/C:/Users/Administrator/IdeaProjects/LearningFXGL/target/classes/assets/textures/Ghost2.gif
15:43:32.412 [FXGL Background Thread 2 ] DEBUG FXGLAssetLoaderServi - Loading from file system: file:/C:/Users/Administrator/IdeaProjects/LearningFXGL/target/classes/assets/textures/GhostScared1.gif
15:43:32.413 [FXGL Background Thread 2 ] DEBUG FXGLAssetLoaderServi - Loading from file system: file:/C:/Users/Administrator/IdeaProjects/LearningFXGL/target/classes/assets/textures/GhostScared2.gif
15:43:32.414 [FXGL Background Thread 2 ] DEBUG GameWorld            - Clearing removable entities
15:43:32.415 [FXGL Background Thread 2 ] DEBUG GameWorld            - Setting level: com.almasb.fxgl.entity.level.Level@43bec62f
15:43:32.417 [FXGL Background Thread 2 ] DEBUG FXGLAssetLoaderServi - Loading from file system: file:/C:/Users/Administrator/IdeaProjects/LearningFXGL/target/classes/assets/textures/PacMan2right.gif
15:43:32.420 [FXGL Background Thread 2 ] INFO  FXGLApplication      - Game initialization took: 0.090 sec
15:43:32.421 [JavaFX Application Thread] DEBUG Input                - Clearing active input actions
15:43:32.423 [JavaFX Application Thread] DEBUG GameApplicationServi - Removing overlay from FXGLLoadingScene and adding to GameScene
15:43:32.424 [JavaFX Application Thread] DEBUG PrimaryStageWindow   - FXGLLoadingScene -> GameScene
15:43:33.411 [JavaFX Application Thread] DEBUG FXGLAssetLoaderServi - Loading from file system: file:/C:/Users/Administrator/IdeaProjects/LearningFXGL/target/classes/assets/sounds/pill.wav
15:43:34.428 [FXGL Background Thread 3 ] DEBUG Engine               - Logging environment variables
15:43:34.428 [FXGL Background Thread 3 ] DEBUG Engine               - achievements: []
15:43:34.428 [FXGL Background Thread 3 ] DEBUG Engine               - actualHeight: 600.0
15:43:34.428 [FXGL Background Thread 3 ] DEBUG Engine               - actualHeightProperty: ReadOnlyDoubleProperty [value: 600.0]
15:43:34.428 [FXGL Background Thread 3 ] DEBUG Engine               - actualWidth: 800.0
15:43:34.428 [FXGL Background Thread 3 ] DEBUG Engine               - actualWidthProperty: ReadOnlyDoubleProperty [value: 800.0]
15:43:34.428 [FXGL Background Thread 3 ] DEBUG Engine               - appIcon: fxgl_icon.png
15:43:34.428 [FXGL Background Thread 3 ] DEBUG Engine               - applicationMode: DEVELOPER
15:43:34.428 [FXGL Background Thread 3 ] DEBUG Engine               - cSSList: [fxgl_dark.css]
15:43:34.428 [FXGL Background Thread 3 ] DEBUG Engine               - collisionDetectionStrategy: BRUTE_FORCE
15:43:34.429 [FXGL Background Thread 3 ] DEBUG Engine               - configClass: Optional.empty
15:43:34.429 [FXGL Background Thread 3 ] DEBUG Engine               - credits: []
15:43:34.429 [FXGL Background Thread 3 ] DEBUG Engine               - defaultCursor: CursorInfo(imageName=fxgl_default_cursor.png, hotspotX=7.0, hotspotY=6.0)
15:43:34.429 [FXGL Background Thread 3 ] DEBUG Engine               - devBBoxColorProperty: ObjectProperty [value: 0xff0000ff]
15:43:34.429 [FXGL Background Thread 3 ] DEBUG Engine               - devEnableDebugCameraProperty: BooleanProperty [value: false]
15:43:34.429 [FXGL Background Thread 3 ] DEBUG Engine               - devSensorColorProperty: ObjectProperty [value: 0xffff00ff]
15:43:34.429 [FXGL Background Thread 3 ] DEBUG Engine               - devShowBBoxProperty: BooleanProperty [value: false]
15:43:34.429 [FXGL Background Thread 3 ] DEBUG Engine               - devShowPositionProperty: BooleanProperty [value: false]
15:43:34.429 [FXGL Background Thread 3 ] DEBUG Engine               - enabledMenuItems: []
15:43:34.429 [FXGL Background Thread 3 ] DEBUG Engine               - engineServices: [class com.almasb.fxgl.app.services.FXGLAssetLoaderService, class com.almasb.fxgl.app.FXGLApplication$GameApplicationService, class com.almasb.fxgl.app.services.FXGLDialogService, class com.almasb.fxgl.app.services.IOTaskExecutorService, class com.almasb.fxgl.io.FileSystemService, class com.almasb.fxgl.localization.LocalizationService, class com.almasb.fxgl.app.services.SystemBundleService, class com.almasb.fxgl.profile.SaveLoadService, class com.almasb.fxgl.ui.FXGLUIFactoryServiceProvider, class com.almasb.fxgl.ui.FXGLDialogFactoryServiceProvider, class com.almasb.fxgl.audio.AudioPlayer, class com.almasb.fxgl.notification.impl.NotificationServiceProvider, class com.almasb.fxgl.achievement.AchievementService, class com.almasb.fxgl.cutscene.CutsceneService, class com.almasb.fxgl.minigames.MiniGameService, class com.almasb.fxgl.net.NetService, class com.almasb.fxgl.app.services.UpdaterService, class com.almasb.fxgl.dev.DevService]
15:43:34.429 [FXGL Background Thread 3 ] DEBUG Engine               - fontGame: Abel-Regular.ttf
15:43:34.429 [FXGL Background Thread 3 ] DEBUG Engine               - fontMono: TerminalLandMono-Regular.otf
15:43:34.429 [FXGL Background Thread 3 ] DEBUG Engine               - fontSizeScaleUI: 1.0
15:43:34.429 [FXGL Background Thread 3 ] DEBUG Engine               - fontText: Courier-Prime.ttf
15:43:34.429 [FXGL Background Thread 3 ] DEBUG Engine               - fontUI: VarelaRound-Regular.ttf
15:43:34.429 [FXGL Background Thread 3 ] DEBUG Engine               - fullScreen: BooleanProperty [value: false]
15:43:34.429 [FXGL Background Thread 3 ] DEBUG Engine               - gameDifficulty: MEDIUM
15:43:34.429 [FXGL Background Thread 3 ] DEBUG Engine               - gameDifficultyProperty: ObjectProperty [value: MEDIUM]
15:43:34.429 [FXGL Background Thread 3 ] DEBUG Engine               - globalMusicVolume: 0.5
15:43:34.430 [FXGL Background Thread 3 ] DEBUG Engine               - globalMusicVolumeProperty: DoubleProperty [value: 0.5]
15:43:34.430 [FXGL Background Thread 3 ] DEBUG Engine               - globalSoundVolume: 0.5
15:43:34.430 [FXGL Background Thread 3 ] DEBUG Engine               - globalSoundVolumeProperty: DoubleProperty [value: 0.5]
15:43:34.430 [FXGL Background Thread 3 ] DEBUG Engine               - height: 600
15:43:34.430 [FXGL Background Thread 3 ] DEBUG Engine               - is3D: false
15:43:34.430 [FXGL Background Thread 3 ] DEBUG Engine               - isAndroid: false
15:43:34.430 [FXGL Background Thread 3 ] DEBUG Engine               - isBrowser: false
15:43:34.430 [FXGL Background Thread 3 ] DEBUG Engine               - isClickFeedbackEnabled: false
15:43:34.430 [FXGL Background Thread 3 ] DEBUG Engine               - isCloseConfirmation: false
15:43:34.430 [FXGL Background Thread 3 ] DEBUG Engine               - isDesktop: true
15:43:34.430 [FXGL Background Thread 3 ] DEBUG Engine               - isDeveloperMenuEnabled: true
15:43:34.430 [FXGL Background Thread 3 ] DEBUG Engine               - isEmbedded: false
15:43:34.430 [FXGL Background Thread 3 ] DEBUG Engine               - isEntityPreloadEnabled: true
15:43:34.430 [FXGL Background Thread 3 ] DEBUG Engine               - isExperimentalTiledLargeMap: false
15:43:34.430 [FXGL Background Thread 3 ] DEBUG Engine               - isFileSystemWriteAllowed: true
15:43:34.430 [FXGL Background Thread 3 ] DEBUG Engine               - isFullScreenAllowed: false
15:43:34.430 [FXGL Background Thread 3 ] DEBUG Engine               - isFullScreenFromStart: false
15:43:34.430 [FXGL Background Thread 3 ] DEBUG Engine               - isGameMenuEnabled: true
15:43:34.430 [FXGL Background Thread 3 ] DEBUG Engine               - isIOS: false
15:43:34.430 [FXGL Background Thread 3 ] DEBUG Engine               - isIntroEnabled: false
15:43:34.430 [FXGL Background Thread 3 ] DEBUG Engine               - isLinux: false
15:43:34.430 [FXGL Background Thread 3 ] DEBUG Engine               - isMac: false
15:43:34.430 [FXGL Background Thread 3 ] DEBUG Engine               - isMainMenuEnabled: true
15:43:34.430 [FXGL Background Thread 3 ] DEBUG Engine               - isManualResizeEnabled: false
15:43:34.430 [FXGL Background Thread 3 ] DEBUG Engine               - isMobile: false
15:43:34.430 [FXGL Background Thread 3 ] DEBUG Engine               - isNative: false
15:43:34.430 [FXGL Background Thread 3 ] DEBUG Engine               - isPauseMusicWhenMinimized: true
15:43:34.430 [FXGL Background Thread 3 ] DEBUG Engine               - isPreserveResizeRatio: false
15:43:34.430 [FXGL Background Thread 3 ] DEBUG Engine               - isProfilingEnabled: false
15:43:34.430 [FXGL Background Thread 3 ] DEBUG Engine               - isScaleAffectedOnResize: true
15:43:34.430 [FXGL Background Thread 3 ] DEBUG Engine               - isSingleStep: false
15:43:34.430 [FXGL Background Thread 3 ] DEBUG Engine               - isUserProfileEnabled: false
15:43:34.430 [FXGL Background Thread 3 ] DEBUG Engine               - isWindows: true
15:43:34.430 [FXGL Background Thread 3 ] DEBUG Engine               - language: ObjectProperty [value: ENGLISH]
15:43:34.430 [FXGL Background Thread 3 ] DEBUG Engine               - menuKey: ESCAPE
15:43:34.430 [FXGL Background Thread 3 ] DEBUG Engine               - mouseSensitivity: 0.2
15:43:34.430 [FXGL Background Thread 3 ] DEBUG Engine               - notificationViewClass: class com.almasb.fxgl.notification.view.XboxNotificationView
15:43:34.431 [FXGL Background Thread 3 ] DEBUG Engine               - pixelsPerMeter: 50.0
15:43:34.431 [FXGL Background Thread 3 ] DEBUG Engine               - platform: WINDOWS
15:43:34.431 [FXGL Background Thread 3 ] DEBUG Engine               - prefHeightProperty: ReadOnlyDoubleProperty [value: 600.0]
15:43:34.431 [FXGL Background Thread 3 ] DEBUG Engine               - prefWidthProperty: ReadOnlyDoubleProperty [value: 800.0]
15:43:34.431 [FXGL Background Thread 3 ] DEBUG Engine               - profileDir: profiles/
15:43:34.431 [FXGL Background Thread 3 ] DEBUG Engine               - profileName: StringProperty [value: DEFAULT]
15:43:34.431 [FXGL Background Thread 3 ] DEBUG Engine               - randomSeed: -1
15:43:34.431 [FXGL Background Thread 3 ] DEBUG Engine               - runtimeInfo: RuntimeInfo(platform=WINDOWS, version=17.3, build=30.03.2023 11.49)
15:43:34.431 [FXGL Background Thread 3 ] DEBUG Engine               - saveFileExt: sav
15:43:34.431 [FXGL Background Thread 3 ] DEBUG Engine               - scaledHeightProp$fxgl: DoubleProperty [bound, value: 600.0]
15:43:34.431 [FXGL Background Thread 3 ] DEBUG Engine               - scaledWidthProp$fxgl: DoubleProperty [bound, value: 800.0]
15:43:34.431 [FXGL Background Thread 3 ] DEBUG Engine               - sceneFactory: com.almasb.fxgl.app.scene.SceneFactory@505a41b8
15:43:34.431 [FXGL Background Thread 3 ] DEBUG Engine               - secondsIn24h: 60
15:43:34.431 [FXGL Background Thread 3 ] DEBUG Engine               - soundMenuBack: menu/back.wav
15:43:34.431 [FXGL Background Thread 3 ] DEBUG Engine               - soundMenuPress: menu/press.wav
15:43:34.431 [FXGL Background Thread 3 ] DEBUG Engine               - soundMenuSelect: menu/select.wav
15:43:34.431 [FXGL Background Thread 3 ] DEBUG Engine               - soundNotification: core/notification.wav
15:43:34.431 [FXGL Background Thread 3 ] DEBUG Engine               - stageStyle: DECORATED
15:43:34.431 [FXGL Background Thread 3 ] DEBUG Engine               - supportedLanguages: [ENGLISH, FRENCH, GERMAN, HUNGARIAN, RUSSIAN]
15:43:34.431 [FXGL Background Thread 3 ] DEBUG Engine               - ticksPerSecond: -1
15:43:34.431 [FXGL Background Thread 3 ] DEBUG Engine               - title: DemoApp
15:43:34.431 [FXGL Background Thread 3 ] DEBUG Engine               - urlGithub: https://github.com/AlmasB/FXGL
15:43:34.431 [FXGL Background Thread 3 ] DEBUG Engine               - urlLeaderboard: http://fxgl-top.herokuapp.com/
15:43:34.431 [FXGL Background Thread 3 ] DEBUG Engine               - urlPOM: https://raw.githubusercontent.com/AlmasB/FXGL/release/README.md
15:43:34.431 [FXGL Background Thread 3 ] DEBUG Engine               - userAppClass: class com.gamedemo.DemoApp
15:43:34.431 [FXGL Background Thread 3 ] DEBUG Engine               - version: 0.1
15:43:34.431 [FXGL Background Thread 3 ] DEBUG Engine               - versionCheckDays: 7
15:43:34.431 [FXGL Background Thread 3 ] DEBUG Engine               - width: 800
15:43:34.431 [FXGL Background Thread 3 ] DEBUG Engine               - Logging services
15:43:34.431 [FXGL Background Thread 3 ] DEBUG Engine               - class com.almasb.fxgl.app.services.FXGLAssetLoaderService
15:43:34.431 [FXGL Background Thread 3 ] DEBUG Engine               - class com.almasb.fxgl.app.FXGLApplication$GameApplicationService
15:43:34.431 [FXGL Background Thread 3 ] DEBUG Engine               - class com.almasb.fxgl.app.services.FXGLDialogService
15:43:34.431 [FXGL Background Thread 3 ] DEBUG Engine               - class com.almasb.fxgl.app.services.IOTaskExecutorService
15:43:34.431 [FXGL Background Thread 3 ] DEBUG Engine               - class com.almasb.fxgl.io.FileSystemService
15:43:34.431 [FXGL Background Thread 3 ] DEBUG Engine               - class com.almasb.fxgl.localization.LocalizationService
15:43:34.431 [FXGL Background Thread 3 ] DEBUG Engine               - class com.almasb.fxgl.app.services.SystemBundleService
15:43:34.431 [FXGL Background Thread 3 ] DEBUG Engine               - class com.almasb.fxgl.profile.SaveLoadService
15:43:34.431 [FXGL Background Thread 3 ] DEBUG Engine               - class com.almasb.fxgl.ui.FXGLUIFactoryServiceProvider
15:43:34.431 [FXGL Background Thread 3 ] DEBUG Engine               - class com.almasb.fxgl.ui.FXGLDialogFactoryServiceProvider
15:43:34.432 [FXGL Background Thread 3 ] DEBUG Engine               - class com.almasb.fxgl.audio.AudioPlayer
15:43:34.432 [FXGL Background Thread 3 ] DEBUG Engine               - class com.almasb.fxgl.notification.impl.NotificationServiceProvider
15:43:34.432 [FXGL Background Thread 3 ] DEBUG Engine               - class com.almasb.fxgl.achievement.AchievementService
15:43:34.432 [FXGL Background Thread 3 ] DEBUG Engine               - class com.almasb.fxgl.cutscene.CutsceneService
15:43:34.432 [FXGL Background Thread 3 ] DEBUG Engine               - class com.almasb.fxgl.minigames.MiniGameService
15:43:34.432 [FXGL Background Thread 3 ] DEBUG Engine               - class com.almasb.fxgl.net.NetService
15:43:34.432 [FXGL Background Thread 3 ] DEBUG Engine               - class com.almasb.fxgl.app.services.UpdaterService
15:43:34.432 [FXGL Background Thread 3 ] DEBUG Engine               - class com.almasb.fxgl.dev.DevService
15:43:37.333 [JavaFX Application Thread] DEBUG FXGLAssetLoaderServi - Loading from file system: file:/C:/Users/Administrator/IdeaProjects/LearningFXGL/target/classes/assets/sounds/fruit.wav
15:43:37.755 [JavaFX Application Thread] WARN  TMXLevelLoader       - TiledMap generated from 1.11.0. Supported version: 1.9.0. Some features may not be parsed fully.
15:43:37.759 [JavaFX Application Thread] DEBUG TMXLevelLoader       - Parsed TiledMap: file:/C:/Users/Administrator/IdeaProjects/LearningFXGL/target/classes/assets/levels/level1.tmx
15:43:37.759 [JavaFX Application Thread] DEBUG TMXLevelLoader       - Creating tile layer entities
15:43:37.760 [JavaFX Application Thread] DEBUG TilesetLoader        - Loading view for layer Tile Layer 1
15:43:37.760 [JavaFX Application Thread] DEBUG TilesetLoader        - Created buffer with size 800.0x600.0
15:43:37.762 [JavaFX Application Thread] DEBUG TMXLevelLoader       - Creating object layer entities
15:43:37.774 [JavaFX Application Thread] DEBUG GameWorld            - Clearing removable entities
15:43:37.776 [JavaFX Application Thread] DEBUG GameWorld            - Setting level: com.almasb.fxgl.entity.level.Level@49dc29f2
15:44:03.915 [JavaFX Application Thread] WARN  TMXLevelLoader       - TiledMap generated from 1.11.0. Supported version: 1.9.0. Some features may not be parsed fully.
15:44:03.917 [JavaFX Application Thread] DEBUG TMXLevelLoader       - Parsed TiledMap: file:/C:/Users/Administrator/IdeaProjects/LearningFXGL/target/classes/assets/levels/level1.tmx
15:44:03.917 [JavaFX Application Thread] DEBUG TMXLevelLoader       - Creating tile layer entities
15:44:03.917 [JavaFX Application Thread] DEBUG TilesetLoader        - Loading view for layer Tile Layer 1
15:44:03.917 [JavaFX Application Thread] DEBUG TilesetLoader        - Created buffer with size 800.0x600.0
15:44:03.919 [JavaFX Application Thread] DEBUG TMXLevelLoader       - Creating object layer entities
15:44:03.925 [JavaFX Application Thread] DEBUG GameWorld            - Clearing removable entities
15:44:03.926 [JavaFX Application Thread] DEBUG GameWorld            - Setting level: com.almasb.fxgl.entity.level.Level@7f24f30d
15:44:07.443 [JavaFX Application Thread] DEBUG FXGLApplication      - Exiting FXGL
15:44:07.443 [JavaFX Application Thread] DEBUG LoopRunner           - Stopping loop
15:44:07.443 [JavaFX Application Thread] DEBUG SystemBundleService  - Saving FXGL system data
15:44:07.444 [JavaFX Application Thread] DEBUG FileSystemAccess     - Writing to: C:\Users\Administrator\IdeaProjects\LearningFXGL\system\fxgl.bundle
15:44:07.446 [JavaFX Application Thread] DEBUG Async                - Shutting down background threads
15:44:07.446 [JavaFX Application Thread] DEBUG PrimaryStageWindow   - Closing main window
15:44:07.455 [JavaFX Application Thread] DEBUG Logger               - Closing Logger
