15:38:40.886 [main                     ] DEBUG Logger               - Configured Logger
15:38:40.903 [main                     ] DEBUG GameApplication      - Logging settings
Title: DemoApp
Version: 0.1
Width: 800
Height: 600
Fullscreen: false
Intro: false
Profiling: false
Single step:false
App Mode: DEVELOPER
Menu Key: ESCAPE
Stage Style: DECORATED
Scene Factory: class com.almasb.fxgl.app.scene.SceneFactory

15:38:41.109 [JavaFX Application Thread] DEBUG FXGLApplication      - Initializing FXGL
15:38:41.111 [JavaFX Application Thread] INFO  Engine               - FXGL-17.3 (30.03.2023 11.49) on WINDOWS (J:21.0.1 FX:20)
15:38:41.111 [JavaFX Application Thread] DEBUG Engine               - JRE Vendor Name: Oracle Corporation
15:38:41.111 [JavaFX Application Thread] DEBUG Engine               - Running on OS: Windows 11 version 10.0
15:38:41.111 [JavaFX Application Thread] DEBUG Engine               - Architecture: amd64
15:38:41.111 [JavaFX Application Thread] INFO  Engine               - Source code and latest versions at: https://github.com/AlmasB/FXGL
15:38:41.111 [JavaFX Application Thread] INFO  Engine               -       Ask questions and discuss at: https://github.com/AlmasB/FXGL/discussions
15:38:41.112 [JavaFX Application Thread] INFO  Engine               -              Join the FXGL chat at: https://gitter.im/AlmasB/FXGL
15:38:41.155 [JavaFX Application Thread] DEBUG PrimaryStageWindow   - Creating a JavaFX scene
15:38:41.179 [JavaFX Application Thread] DEBUG PrimaryStageWindow   - Target settings size: 800.0 x 600.0
15:38:41.179 [JavaFX Application Thread] DEBUG PrimaryStageWindow   - Scaled scene size:    800.0 x 600.0
15:38:41.179 [JavaFX Application Thread] DEBUG PrimaryStageWindow   - Scaled ratio: (1.0, 1.0)
15:38:41.180 [JavaFX Application Thread] DEBUG PrimaryStageWindow   - Set initial scene to FXGLStartupScene
15:38:41.182 [JavaFX Application Thread] DEBUG PrimaryStageWindow   - Opening main window
15:38:41.222 [JavaFX Application Thread] DEBUG PrimaryStageWindow   - Window border size: (14.4000244140625, 37.5999755859375)
15:38:41.222 [JavaFX Application Thread] DEBUG PrimaryStageWindow   - Scaled size: 800.0 x 600.0
15:38:41.222 [JavaFX Application Thread] DEBUG PrimaryStageWindow   - Scaled ratio: (1.0, 1.0)
15:38:41.222 [JavaFX Application Thread] DEBUG PrimaryStageWindow   - Scene size: 800.0 x 600.0
15:38:41.222 [JavaFX Application Thread] DEBUG PrimaryStageWindow   - Stage size: 814.4000244140625 x 637.5999755859375
15:38:41.226 [FXGL Background Thread 1 ] DEBUG Engine               - Initializing environment variables
15:38:41.253 [FXGL Background Thread 1 ] DEBUG FXGLAssetLoaderServi - User app class for loading assets: class com.gamedemo.DemoApp
15:38:41.253 [FXGL Background Thread 1 ] DEBUG GameApplicationServi - Applying CSS: fxgl_dark.css
15:38:41.254 [FXGL Background Thread 1 ] DEBUG FXGLAssetLoaderServi - Loading from file system: jar:file:///C:/Users/Administrator/.m2/repository/com/github/almasb/fxgl/17.3/fxgl-17.3.jar!/fxglassets/ui/css/fxgl_dark.css
15:38:41.277 [FXGL Background Thread 1 ] DEBUG GameApplicationServi - Initializing application scenes
15:38:41.308 [FXGL Background Thread 1 ] DEBUG GameWorld            - Game world initialized
15:38:41.336 [FXGL Background Thread 1 ] DEBUG PhysicsWorld         - Physics world initialized: appHeight=600, physics.ppm=50.0
15:38:41.336 [FXGL Background Thread 1 ] DEBUG PhysicsWorld         - Using strategy: BRUTE_FORCE
15:38:41.338 [FXGL Background Thread 1 ] DEBUG GameScene            - Game scene initialized: 800x600
15:38:41.343 [FXGL Background Thread 1 ] DEBUG FXGL.DefaultMenu     - createMenuBodyMainMenu()
15:38:41.348 [FXGL Background Thread 1 ] DEBUG FXGL.DefaultMenu     - createOptionsMenu()
15:38:41.353 [FXGL Background Thread 1 ] DEBUG FXGLAssetLoaderServi - Loading from file system: jar:file:///C:/Users/Administrator/.m2/repository/com/github/almasb/fxgl/17.3/fxgl-17.3.jar!/fxglassets/textures/particles/smoke.png
15:38:41.397 [FXGL Background Thread 1 ] DEBUG FXGLAssetLoaderServi - Loading from file system: jar:file:///C:/Users/Administrator/.m2/repository/com/github/almasb/fxgl/17.3/fxgl-17.3.jar!/fxglassets/textures/particles/trace_horizontal.png
15:38:41.413 [FXGL Background Thread 1 ] DEBUG FXGL.DefaultMenu     - createMenuBodyGameMenu()
15:38:41.414 [FXGL Background Thread 1 ] DEBUG FXGL.DefaultMenu     - createOptionsMenu()
15:38:41.421 [FXGL Background Thread 1 ] DEBUG GameApplicationServi - Application scenes initialized
15:38:41.427 [FXGL Background Thread 1 ] DEBUG SystemBundleService  - Loading FXGL system data
15:38:41.429 [FXGL Background Thread 1 ] DEBUG FileSystemAccess     - Reading from: C:\Users\Administrator\IdeaProjects\LearningFXGL\system\fxgl.bundle
15:38:41.434 [FXGL Background Thread 1 ] DEBUG SystemBundleService  - Bundle FXGL: {}
15:38:41.434 [FXGL Background Thread 1 ] DEBUG UpdaterService       - Checking for updates
15:38:41.447 [FXGL Background Thread 4 ] DEBUG FXGLApplication      - Loading fonts
15:38:41.448 [FXGL Background Thread 4 ] DEBUG FXGLAssetLoaderServi - Loading from file system: jar:file:///C:/Users/Administrator/.m2/repository/com/github/almasb/fxgl/17.3/fxgl-17.3.jar!/fxglassets/ui/fonts/VarelaRound-Regular.ttf
15:38:41.448 [FXGL Background Thread 1 ] DEBUG FXGLApplication      - Loading default localization
15:38:41.448 [FXGL Background Thread 1 ] DEBUG FXGLAssetLoaderServi - Loading from file system: jar:file:///C:/Users/Administrator/.m2/repository/com/github/almasb/fxgl/17.3/fxgl-17.3.jar!/fxglassets/languages/english.lang
15:38:41.460 [FXGL Background Thread 1 ] INFO  FXGLApplication      - FXGL initialization took: 0.234 sec
15:38:41.465 [FXGL Background Thread 4 ] DEBUG FXGLAssetLoaderServi - Loading from file system: jar:file:///C:/Users/Administrator/.m2/repository/com/github/almasb/fxgl/17.3/fxgl-17.3.jar!/fxglassets/ui/fonts/Abel-Regular.ttf
15:38:41.466 [FXGL Background Thread 4 ] DEBUG FXGLAssetLoaderServi - Loading from file system: jar:file:///C:/Users/Administrator/.m2/repository/com/github/almasb/fxgl/17.3/fxgl-17.3.jar!/fxglassets/ui/fonts/TerminalLandMono-Regular.otf
15:38:41.467 [JavaFX Application Thread] DEBUG Input                - Registered new binding: MoveUp - Up
15:38:41.467 [JavaFX Application Thread] DEBUG Input                - Registered new binding: MoveDown - Down
15:38:41.467 [JavaFX Application Thread] DEBUG Input                - Registered new binding: MoveLeft - Left
15:38:41.467 [FXGL Background Thread 4 ] DEBUG FXGLAssetLoaderServi - Loading from file system: jar:file:///C:/Users/Administrator/.m2/repository/com/github/almasb/fxgl/17.3/fxgl-17.3.jar!/fxglassets/ui/fonts/Courier-Prime.ttf
15:38:41.468 [JavaFX Application Thread] DEBUG Input                - Registered new binding: MoveRight - Right
15:38:41.468 [JavaFX Application Thread] DEBUG FXGLAssetLoaderServi - Loading from file system: jar:file:///C:/Users/Administrator/.m2/repository/com/github/almasb/fxgl/17.3/fxgl-17.3.jar!/fxglassets/textures/fxgl_icon.png
15:38:41.478 [JavaFX Application Thread] DEBUG FXGLAssetLoaderServi - Loading from file system: jar:file:///C:/Users/Administrator/.m2/repository/com/github/almasb/fxgl/17.3/fxgl-17.3.jar!/fxglassets/textures/fxgl_default_cursor.png
15:38:41.479 [JavaFX Application Thread] DEBUG Input                - Registered new binding: Screenshot - CTRL+8
15:38:41.479 [JavaFX Application Thread] DEBUG Input                - Registered new binding: Dev Options - 1
15:38:41.479 [JavaFX Application Thread] DEBUG Input                - Registered new binding: Dev Console - 2
15:38:41.480 [JavaFX Application Thread] DEBUG Input                - Registered new binding: System info dump - CTRL+9
15:38:41.480 [JavaFX Application Thread] DEBUG Input                - Registered new binding: Restart - CTRL+R
15:38:41.480 [JavaFX Application Thread] DEBUG Input                - Registered new binding: Toggle Debug Camera - CTRL+7
15:38:41.482 [JavaFX Application Thread] DEBUG LoopRunner           - Starting loop
15:38:41.489 [JavaFX Application Thread] DEBUG LoopRunner           - Initializing JavaFX AnimationTimerLoop
15:38:41.490 [JavaFX Application Thread] DEBUG Input                - Clearing active input actions
15:38:41.494 [JavaFX Application Thread] DEBUG GameApplicationServi - Removing overlay from FXGLStartupScene and adding to FXGLMainMenuDummyScene
15:38:41.498 [JavaFX Application Thread] DEBUG PrimaryStageWindow   - FXGLStartupScene -> FXGLMainMenuDummyScene
15:38:41.498 [JavaFX Application Thread] DEBUG PrimaryStageWindow   - Push state: FXGLDefaultMenu
15:38:41.502 [JavaFX Application Thread] DEBUG Input                - Clearing active input actions
15:38:41.505 [JavaFX Application Thread] DEBUG GameApplicationServi - Removing overlay from FXGLMainMenuDummyScene and adding to FXGLDefaultMenu
15:38:41.506 [JavaFX Application Thread] DEBUG PrimaryStageWindow   - FXGLMainMenuDummyScene -> FXGLDefaultMenu
15:38:41.514 [JavaFX Application Thread] DEBUG FXGLApplication      - Registering font factories with UI factory
15:38:41.530 [FXGL Background Thread 2 ] WARN  UpdaterService       - Failed to find updates: java.net.UnknownHostException: raw.githubusercontent.com
15:38:42.307 [JavaFX Application Thread] DEBUG Menu                 - fireNewGame()
15:38:42.308 [JavaFX Application Thread] DEBUG GameApplicationServi - Starting new game
15:38:42.308 [JavaFX Application Thread] DEBUG PrimaryStageWindow   - Pop state: FXGLDefaultMenu
15:38:42.309 [JavaFX Application Thread] DEBUG Input                - Clearing active input actions
15:38:42.309 [JavaFX Application Thread] DEBUG GameApplicationServi - Removing overlay from FXGLDefaultMenu and adding to FXGLMainMenuDummyScene
15:38:42.310 [JavaFX Application Thread] DEBUG PrimaryStageWindow   - FXGLMainMenuDummyScene <- FXGLDefaultMenu
15:38:42.310 [JavaFX Application Thread] DEBUG Input                - Clearing active input actions
15:38:42.314 [JavaFX Application Thread] DEBUG GameApplicationServi - Removing overlay from FXGLMainMenuDummyScene and adding to FXGLLoadingScene
15:38:42.314 [JavaFX Application Thread] DEBUG PrimaryStageWindow   - FXGLMainMenuDummyScene -> FXGLLoadingScene
15:38:42.315 [JavaFX Application Thread] DEBUG GameApplicationServi - Clearing previous game
15:38:42.315 [JavaFX Application Thread] DEBUG GameScene            - Clearing game scene
15:38:42.315 [JavaFX Application Thread] DEBUG GameWorld            - Clearing game world
15:38:42.315 [JavaFX Application Thread] DEBUG PhysicsWorld         - Clearing physics world
15:38:42.316 [FXGL Background Thread 2 ] DEBUG FXGLApplication      - Initializing game
15:38:42.349 [FXGL Background Thread 2 ] WARN  TMXLevelLoader       - TiledMap generated from 1.11.0. Supported version: 1.9.0. Some features may not be parsed fully.
15:38:42.358 [FXGL Background Thread 2 ] DEBUG TMXLevelLoader       - Parsed TiledMap: file:/C:/Users/Administrator/IdeaProjects/LearningFXGL/target/classes/assets/levels/level1.tmx
15:38:42.359 [FXGL Background Thread 2 ] DEBUG TMXLevelLoader       - Creating tile layer entities
15:38:42.360 [FXGL Background Thread 2 ] DEBUG TilesetLoader        - Loading view for layer Tile Layer 1
15:38:42.360 [FXGL Background Thread 2 ] DEBUG TilesetLoader        - Created buffer with size 800.0x600.0
15:38:42.364 [FXGL Background Thread 2 ] DEBUG TMXLevelLoader       - Creating object layer entities
15:38:42.367 [FXGL Background Thread 2 ] DEBUG FXGLAssetLoaderServi - Loading from file system: file:/C:/Users/Administrator/IdeaProjects/LearningFXGL/target/classes/assets/textures/player.png
15:38:42.370 [FXGL Background Thread 2 ] DEBUG FXGLAssetLoaderServi - Loading from file system: file:/C:/Users/Administrator/IdeaProjects/LearningFXGL/target/classes/assets/textures/sprite.png
15:38:42.382 [FXGL Background Thread 2 ] DEBUG FXGLAssetLoaderServi - Loading from file system: file:/C:/Users/Administrator/IdeaProjects/LearningFXGL/target/classes/assets/textures/pill.png
15:38:42.395 [FXGL Background Thread 2 ] DEBUG FXGLAssetLoaderServi - Loading from file system: file:/C:/Users/Administrator/IdeaProjects/LearningFXGL/target/classes/assets/textures/Ghost1.gif
15:38:42.396 [FXGL Background Thread 2 ] DEBUG FXGLAssetLoaderServi - Loading from file system: file:/C:/Users/Administrator/IdeaProjects/LearningFXGL/target/classes/assets/textures/Ghost2.gif
15:38:42.397 [FXGL Background Thread 2 ] DEBUG FXGLAssetLoaderServi - Loading from file system: file:/C:/Users/Administrator/IdeaProjects/LearningFXGL/target/classes/assets/textures/GhostScared1.gif
15:38:42.397 [FXGL Background Thread 2 ] DEBUG FXGLAssetLoaderServi - Loading from file system: file:/C:/Users/Administrator/IdeaProjects/LearningFXGL/target/classes/assets/textures/GhostScared2.gif
15:38:42.399 [FXGL Background Thread 2 ] DEBUG GameWorld            - Clearing removable entities
15:38:42.399 [FXGL Background Thread 2 ] DEBUG GameWorld            - Setting level: com.almasb.fxgl.entity.level.Level@6c01758d
15:38:42.403 [FXGL Background Thread 2 ] DEBUG FXGLAssetLoaderServi - Loading from file system: file:/C:/Users/Administrator/IdeaProjects/LearningFXGL/target/classes/assets/textures/PacMan2right.gif
15:38:42.407 [FXGL Background Thread 2 ] INFO  FXGLApplication      - Game initialization took: 0.091 sec
15:38:42.407 [JavaFX Application Thread] DEBUG Input                - Clearing active input actions
15:38:42.410 [JavaFX Application Thread] DEBUG GameApplicationServi - Removing overlay from FXGLLoadingScene and adding to GameScene
15:38:42.410 [JavaFX Application Thread] DEBUG PrimaryStageWindow   - FXGLLoadingScene -> GameScene
15:38:43.254 [JavaFX Application Thread] DEBUG FXGLAssetLoaderServi - Loading from file system: file:/C:/Users/Administrator/IdeaProjects/LearningFXGL/target/classes/assets/sounds/pill.wav
15:38:44.447 [FXGL Background Thread 3 ] DEBUG Engine               - Logging environment variables
15:38:44.448 [FXGL Background Thread 3 ] DEBUG Engine               - achievements: []
15:38:44.448 [FXGL Background Thread 3 ] DEBUG Engine               - actualHeight: 600.0
15:38:44.449 [FXGL Background Thread 3 ] DEBUG Engine               - actualHeightProperty: ReadOnlyDoubleProperty [value: 600.0]
15:38:44.449 [FXGL Background Thread 3 ] DEBUG Engine               - actualWidth: 800.0
15:38:44.449 [FXGL Background Thread 3 ] DEBUG Engine               - actualWidthProperty: ReadOnlyDoubleProperty [value: 800.0]
15:38:44.449 [FXGL Background Thread 3 ] DEBUG Engine               - appIcon: fxgl_icon.png
15:38:44.449 [FXGL Background Thread 3 ] DEBUG Engine               - applicationMode: DEVELOPER
15:38:44.449 [FXGL Background Thread 3 ] DEBUG Engine               - cSSList: [fxgl_dark.css]
15:38:44.449 [FXGL Background Thread 3 ] DEBUG Engine               - collisionDetectionStrategy: BRUTE_FORCE
15:38:44.449 [FXGL Background Thread 3 ] DEBUG Engine               - configClass: Optional.empty
15:38:44.450 [FXGL Background Thread 3 ] DEBUG Engine               - credits: []
15:38:44.450 [FXGL Background Thread 3 ] DEBUG Engine               - defaultCursor: CursorInfo(imageName=fxgl_default_cursor.png, hotspotX=7.0, hotspotY=6.0)
15:38:44.450 [FXGL Background Thread 3 ] DEBUG Engine               - devBBoxColorProperty: ObjectProperty [value: 0xff0000ff]
15:38:44.450 [FXGL Background Thread 3 ] DEBUG Engine               - devEnableDebugCameraProperty: BooleanProperty [value: false]
15:38:44.450 [FXGL Background Thread 3 ] DEBUG Engine               - devSensorColorProperty: ObjectProperty [value: 0xffff00ff]
15:38:44.450 [FXGL Background Thread 3 ] DEBUG Engine               - devShowBBoxProperty: BooleanProperty [value: false]
15:38:44.450 [FXGL Background Thread 3 ] DEBUG Engine               - devShowPositionProperty: BooleanProperty [value: false]
15:38:44.451 [FXGL Background Thread 3 ] DEBUG Engine               - enabledMenuItems: []
15:38:44.451 [FXGL Background Thread 3 ] DEBUG Engine               - engineServices: [class com.almasb.fxgl.app.services.FXGLAssetLoaderService, class com.almasb.fxgl.app.FXGLApplication$GameApplicationService, class com.almasb.fxgl.app.services.FXGLDialogService, class com.almasb.fxgl.app.services.IOTaskExecutorService, class com.almasb.fxgl.io.FileSystemService, class com.almasb.fxgl.localization.LocalizationService, class com.almasb.fxgl.app.services.SystemBundleService, class com.almasb.fxgl.profile.SaveLoadService, class com.almasb.fxgl.ui.FXGLUIFactoryServiceProvider, class com.almasb.fxgl.ui.FXGLDialogFactoryServiceProvider, class com.almasb.fxgl.audio.AudioPlayer, class com.almasb.fxgl.notification.impl.NotificationServiceProvider, class com.almasb.fxgl.achievement.AchievementService, class com.almasb.fxgl.cutscene.CutsceneService, class com.almasb.fxgl.minigames.MiniGameService, class com.almasb.fxgl.net.NetService, class com.almasb.fxgl.app.services.UpdaterService, class com.almasb.fxgl.dev.DevService]
15:38:44.451 [FXGL Background Thread 3 ] DEBUG Engine               - fontGame: Abel-Regular.ttf
15:38:44.451 [FXGL Background Thread 3 ] DEBUG Engine               - fontMono: TerminalLandMono-Regular.otf
15:38:44.451 [FXGL Background Thread 3 ] DEBUG Engine               - fontSizeScaleUI: 1.0
15:38:44.451 [FXGL Background Thread 3 ] DEBUG Engine               - fontText: Courier-Prime.ttf
15:38:44.451 [FXGL Background Thread 3 ] DEBUG Engine               - fontUI: VarelaRound-Regular.ttf
15:38:44.451 [FXGL Background Thread 3 ] DEBUG Engine               - fullScreen: BooleanProperty [value: false]
15:38:44.451 [FXGL Background Thread 3 ] DEBUG Engine               - gameDifficulty: MEDIUM
15:38:44.451 [FXGL Background Thread 3 ] DEBUG Engine               - gameDifficultyProperty: ObjectProperty [value: MEDIUM]
15:38:44.452 [FXGL Background Thread 3 ] DEBUG Engine               - globalMusicVolume: 0.5
15:38:44.452 [FXGL Background Thread 3 ] DEBUG Engine               - globalMusicVolumeProperty: DoubleProperty [value: 0.5]
15:38:44.452 [FXGL Background Thread 3 ] DEBUG Engine               - globalSoundVolume: 0.5
15:38:44.452 [FXGL Background Thread 3 ] DEBUG Engine               - globalSoundVolumeProperty: DoubleProperty [value: 0.5]
15:38:44.452 [FXGL Background Thread 3 ] DEBUG Engine               - height: 600
15:38:44.452 [FXGL Background Thread 3 ] DEBUG Engine               - is3D: false
15:38:44.453 [FXGL Background Thread 3 ] DEBUG Engine               - isAndroid: false
15:38:44.453 [FXGL Background Thread 3 ] DEBUG Engine               - isBrowser: false
15:38:44.453 [FXGL Background Thread 3 ] DEBUG Engine               - isClickFeedbackEnabled: false
15:38:44.453 [FXGL Background Thread 3 ] DEBUG Engine               - isCloseConfirmation: false
15:38:44.453 [FXGL Background Thread 3 ] DEBUG Engine               - isDesktop: true
15:38:44.453 [FXGL Background Thread 3 ] DEBUG Engine               - isDeveloperMenuEnabled: true
15:38:44.453 [FXGL Background Thread 3 ] DEBUG Engine               - isEmbedded: false
15:38:44.453 [FXGL Background Thread 3 ] DEBUG Engine               - isEntityPreloadEnabled: true
15:38:44.453 [FXGL Background Thread 3 ] DEBUG Engine               - isExperimentalTiledLargeMap: false
15:38:44.453 [FXGL Background Thread 3 ] DEBUG Engine               - isFileSystemWriteAllowed: true
15:38:44.453 [FXGL Background Thread 3 ] DEBUG Engine               - isFullScreenAllowed: false
15:38:44.453 [FXGL Background Thread 3 ] DEBUG Engine               - isFullScreenFromStart: false
15:38:44.453 [FXGL Background Thread 3 ] DEBUG Engine               - isGameMenuEnabled: true
15:38:44.453 [FXGL Background Thread 3 ] DEBUG Engine               - isIOS: false
15:38:44.453 [FXGL Background Thread 3 ] DEBUG Engine               - isIntroEnabled: false
15:38:44.453 [FXGL Background Thread 3 ] DEBUG Engine               - isLinux: false
15:38:44.453 [FXGL Background Thread 3 ] DEBUG Engine               - isMac: false
15:38:44.453 [FXGL Background Thread 3 ] DEBUG Engine               - isMainMenuEnabled: true
15:38:44.453 [FXGL Background Thread 3 ] DEBUG Engine               - isManualResizeEnabled: false
15:38:44.453 [FXGL Background Thread 3 ] DEBUG Engine               - isMobile: false
15:38:44.453 [FXGL Background Thread 3 ] DEBUG Engine               - isNative: false
15:38:44.453 [FXGL Background Thread 3 ] DEBUG Engine               - isPauseMusicWhenMinimized: true
15:38:44.453 [FXGL Background Thread 3 ] DEBUG Engine               - isPreserveResizeRatio: false
15:38:44.453 [FXGL Background Thread 3 ] DEBUG Engine               - isProfilingEnabled: false
15:38:44.453 [FXGL Background Thread 3 ] DEBUG Engine               - isScaleAffectedOnResize: true
15:38:44.453 [FXGL Background Thread 3 ] DEBUG Engine               - isSingleStep: false
15:38:44.453 [FXGL Background Thread 3 ] DEBUG Engine               - isUserProfileEnabled: false
15:38:44.453 [FXGL Background Thread 3 ] DEBUG Engine               - isWindows: true
15:38:44.453 [FXGL Background Thread 3 ] DEBUG Engine               - language: ObjectProperty [value: ENGLISH]
15:38:44.453 [FXGL Background Thread 3 ] DEBUG Engine               - menuKey: ESCAPE
15:38:44.453 [FXGL Background Thread 3 ] DEBUG Engine               - mouseSensitivity: 0.2
15:38:44.453 [FXGL Background Thread 3 ] DEBUG Engine               - notificationViewClass: class com.almasb.fxgl.notification.view.XboxNotificationView
15:38:44.453 [FXGL Background Thread 3 ] DEBUG Engine               - pixelsPerMeter: 50.0
15:38:44.453 [FXGL Background Thread 3 ] DEBUG Engine               - platform: WINDOWS
15:38:44.453 [FXGL Background Thread 3 ] DEBUG Engine               - prefHeightProperty: ReadOnlyDoubleProperty [value: 600.0]
15:38:44.454 [FXGL Background Thread 3 ] DEBUG Engine               - prefWidthProperty: ReadOnlyDoubleProperty [value: 800.0]
15:38:44.454 [FXGL Background Thread 3 ] DEBUG Engine               - profileDir: profiles/
15:38:44.454 [FXGL Background Thread 3 ] DEBUG Engine               - profileName: StringProperty [value: DEFAULT]
15:38:44.454 [FXGL Background Thread 3 ] DEBUG Engine               - randomSeed: -1
15:38:44.454 [FXGL Background Thread 3 ] DEBUG Engine               - runtimeInfo: RuntimeInfo(platform=WINDOWS, version=17.3, build=30.03.2023 11.49)
15:38:44.454 [FXGL Background Thread 3 ] DEBUG Engine               - saveFileExt: sav
15:38:44.454 [FXGL Background Thread 3 ] DEBUG Engine               - scaledHeightProp$fxgl: DoubleProperty [bound, value: 600.0]
15:38:44.454 [FXGL Background Thread 3 ] DEBUG Engine               - scaledWidthProp$fxgl: DoubleProperty [bound, value: 800.0]
15:38:44.454 [FXGL Background Thread 3 ] DEBUG Engine               - sceneFactory: com.almasb.fxgl.app.scene.SceneFactory@2cd3cef9
15:38:44.454 [FXGL Background Thread 3 ] DEBUG Engine               - secondsIn24h: 60
15:38:44.454 [FXGL Background Thread 3 ] DEBUG Engine               - soundMenuBack: menu/back.wav
15:38:44.454 [FXGL Background Thread 3 ] DEBUG Engine               - soundMenuPress: menu/press.wav
15:38:44.454 [FXGL Background Thread 3 ] DEBUG Engine               - soundMenuSelect: menu/select.wav
15:38:44.454 [FXGL Background Thread 3 ] DEBUG Engine               - soundNotification: core/notification.wav
15:38:44.454 [FXGL Background Thread 3 ] DEBUG Engine               - stageStyle: DECORATED
15:38:44.454 [FXGL Background Thread 3 ] DEBUG Engine               - supportedLanguages: [ENGLISH, FRENCH, GERMAN, HUNGARIAN, RUSSIAN]
15:38:44.454 [FXGL Background Thread 3 ] DEBUG Engine               - ticksPerSecond: -1
15:38:44.455 [FXGL Background Thread 3 ] DEBUG Engine               - title: DemoApp
15:38:44.455 [FXGL Background Thread 3 ] DEBUG Engine               - urlGithub: https://github.com/AlmasB/FXGL
15:38:44.455 [FXGL Background Thread 3 ] DEBUG Engine               - urlLeaderboard: http://fxgl-top.herokuapp.com/
15:38:44.455 [FXGL Background Thread 3 ] DEBUG Engine               - urlPOM: https://raw.githubusercontent.com/AlmasB/FXGL/release/README.md
15:38:44.455 [FXGL Background Thread 3 ] DEBUG Engine               - userAppClass: class com.gamedemo.DemoApp
15:38:44.455 [FXGL Background Thread 3 ] DEBUG Engine               - version: 0.1
15:38:44.455 [FXGL Background Thread 3 ] DEBUG Engine               - versionCheckDays: 7
15:38:44.455 [FXGL Background Thread 3 ] DEBUG Engine               - width: 800
15:38:44.455 [FXGL Background Thread 3 ] DEBUG Engine               - Logging services
15:38:44.455 [FXGL Background Thread 3 ] DEBUG Engine               - class com.almasb.fxgl.app.services.FXGLAssetLoaderService
15:38:44.455 [FXGL Background Thread 3 ] DEBUG Engine               - class com.almasb.fxgl.app.FXGLApplication$GameApplicationService
15:38:44.455 [FXGL Background Thread 3 ] DEBUG Engine               - class com.almasb.fxgl.app.services.FXGLDialogService
15:38:44.455 [FXGL Background Thread 3 ] DEBUG Engine               - class com.almasb.fxgl.app.services.IOTaskExecutorService
15:38:44.455 [FXGL Background Thread 3 ] DEBUG Engine               - class com.almasb.fxgl.io.FileSystemService
15:38:44.455 [FXGL Background Thread 3 ] DEBUG Engine               - class com.almasb.fxgl.localization.LocalizationService
15:38:44.455 [FXGL Background Thread 3 ] DEBUG Engine               - class com.almasb.fxgl.app.services.SystemBundleService
15:38:44.455 [FXGL Background Thread 3 ] DEBUG Engine               - class com.almasb.fxgl.profile.SaveLoadService
15:38:44.455 [FXGL Background Thread 3 ] DEBUG Engine               - class com.almasb.fxgl.ui.FXGLUIFactoryServiceProvider
15:38:44.455 [FXGL Background Thread 3 ] DEBUG Engine               - class com.almasb.fxgl.ui.FXGLDialogFactoryServiceProvider
15:38:44.455 [FXGL Background Thread 3 ] DEBUG Engine               - class com.almasb.fxgl.audio.AudioPlayer
15:38:44.455 [FXGL Background Thread 3 ] DEBUG Engine               - class com.almasb.fxgl.notification.impl.NotificationServiceProvider
15:38:44.455 [FXGL Background Thread 3 ] DEBUG Engine               - class com.almasb.fxgl.achievement.AchievementService
15:38:44.455 [FXGL Background Thread 3 ] DEBUG Engine               - class com.almasb.fxgl.cutscene.CutsceneService
15:38:44.455 [FXGL Background Thread 3 ] DEBUG Engine               - class com.almasb.fxgl.minigames.MiniGameService
15:38:44.455 [FXGL Background Thread 3 ] DEBUG Engine               - class com.almasb.fxgl.net.NetService
15:38:44.455 [FXGL Background Thread 3 ] DEBUG Engine               - class com.almasb.fxgl.app.services.UpdaterService
15:38:44.455 [FXGL Background Thread 3 ] DEBUG Engine               - class com.almasb.fxgl.dev.DevService
15:38:49.195 [JavaFX Application Thread] DEBUG FXGLAssetLoaderServi - Loading from file system: file:/C:/Users/Administrator/IdeaProjects/LearningFXGL/target/classes/assets/sounds/fruit.wav
15:38:54.130 [JavaFX Application Thread] WARN  TMXLevelLoader       - TiledMap generated from 1.11.0. Supported version: 1.9.0. Some features may not be parsed fully.
15:38:54.138 [JavaFX Application Thread] DEBUG TMXLevelLoader       - Parsed TiledMap: file:/C:/Users/Administrator/IdeaProjects/LearningFXGL/target/classes/assets/levels/level2.tmx
15:38:54.138 [JavaFX Application Thread] DEBUG TMXLevelLoader       - Creating tile layer entities
15:38:54.138 [JavaFX Application Thread] DEBUG TilesetLoader        - Loading view for layer Tile Layer 1
15:38:54.138 [JavaFX Application Thread] DEBUG TilesetLoader        - Created buffer with size 800.0x600.0
15:38:54.140 [JavaFX Application Thread] DEBUG TMXLevelLoader       - Creating object layer entities
15:38:54.162 [JavaFX Application Thread] DEBUG GameWorld            - Clearing removable entities
15:38:54.163 [JavaFX Application Thread] DEBUG GameWorld            - Setting level: com.almasb.fxgl.entity.level.Level@38a0c
15:38:59.906 [JavaFX Application Thread] WARN  FXGLAssetLoaderServi - Asset "/assets/levels/level3.tmx" was not found!
15:38:59.907 [JavaFX Application Thread] DEBUG PrimaryStageWindow   - Push state: DialogSubScene
15:38:59.907 [JavaFX Application Thread] DEBUG Input                - Clearing active input actions
15:38:59.907 [JavaFX Application Thread] DEBUG GameApplicationServi - Removing overlay from GameScene and adding to DialogSubScene
15:38:59.908 [JavaFX Application Thread] DEBUG PrimaryStageWindow   - GameScene -> DialogSubScene
15:38:59.909 [JavaFX Application Thread] WARN  TMXLevelLoader       - TiledMap generated from 1.11.0. Supported version: 1.9.0. Some features may not be parsed fully.
15:38:59.910 [JavaFX Application Thread] DEBUG TMXLevelLoader       - Parsed TiledMap: file:/C:/Users/Administrator/IdeaProjects/LearningFXGL/target/classes/assets/levels/level1.tmx
15:38:59.910 [JavaFX Application Thread] DEBUG TMXLevelLoader       - Creating tile layer entities
15:38:59.910 [JavaFX Application Thread] DEBUG TilesetLoader        - Loading view for layer Tile Layer 1
15:38:59.910 [JavaFX Application Thread] DEBUG TilesetLoader        - Created buffer with size 800.0x600.0
15:38:59.913 [JavaFX Application Thread] DEBUG TMXLevelLoader       - Creating object layer entities
15:38:59.919 [JavaFX Application Thread] DEBUG GameWorld            - Clearing removable entities
15:38:59.921 [JavaFX Application Thread] DEBUG GameWorld            - Setting level: com.almasb.fxgl.entity.level.Level@2249455
15:39:01.280 [JavaFX Application Thread] DEBUG PrimaryStageWindow   - Pop state: DialogSubScene
15:39:01.280 [JavaFX Application Thread] DEBUG Input                - Clearing active input actions
15:39:01.280 [JavaFX Application Thread] DEBUG GameApplicationServi - Removing overlay from DialogSubScene and adding to GameScene
15:39:01.281 [JavaFX Application Thread] DEBUG PrimaryStageWindow   - GameScene <- DialogSubScene
15:39:01.281 [JavaFX Application Thread] DEBUG PrimaryStageWindow   - Push state: FXGLDefaultMenu
15:39:01.281 [JavaFX Application Thread] DEBUG Input                - Clearing active input actions
15:39:01.281 [JavaFX Application Thread] DEBUG GameApplicationServi - Removing overlay from GameScene and adding to FXGLDefaultMenu
15:39:01.281 [JavaFX Application Thread] DEBUG PrimaryStageWindow   - GameScene -> FXGLDefaultMenu
15:39:02.611 [JavaFX Application Thread] DEBUG FXGLApplication      - Exiting FXGL
15:39:02.611 [JavaFX Application Thread] DEBUG LoopRunner           - Stopping loop
15:39:02.611 [JavaFX Application Thread] DEBUG SystemBundleService  - Saving FXGL system data
15:39:02.612 [JavaFX Application Thread] DEBUG FileSystemAccess     - Writing to: C:\Users\Administrator\IdeaProjects\LearningFXGL\system\fxgl.bundle
15:39:02.613 [JavaFX Application Thread] DEBUG Async                - Shutting down background threads
15:39:02.613 [JavaFX Application Thread] DEBUG PrimaryStageWindow   - Closing main window
15:39:02.619 [JavaFX Application Thread] DEBUG Logger               - Closing Logger
