21:51:58.714 [main                     ] DEBUG Logger               - Configured Logger
21:51:58.729 [main                     ] DEBUG GameApplication      - Logging settings
Title: DemoApp
Version: 0.1
Width: 800
Height: 600
Fullscreen: false
Intro: false
Profiling: false
Single step:false
App Mode: DEVELOPER
Menu Key: ESCAPE
Stage Style: DECORATED
Scene Factory: class com.almasb.fxgl.app.scene.SceneFactory

21:51:58.944 [JavaFX Application Thread] DEBUG FXGLApplication      - Initializing FXGL
21:51:58.946 [JavaFX Application Thread] INFO  Engine               - FXGL-17.3 (30.03.2023 11.49) on WINDOWS (J:21.0.1 FX:20)
21:51:58.947 [JavaFX Application Thread] DEBUG Engine               - JRE Vendor Name: Oracle Corporation
21:51:58.947 [JavaFX Application Thread] DEBUG Engine               - Running on OS: Windows 11 version 10.0
21:51:58.947 [JavaFX Application Thread] DEBUG Engine               - Architecture: amd64
21:51:58.947 [JavaFX Application Thread] INFO  Engine               - Source code and latest versions at: https://github.com/AlmasB/FXGL
21:51:58.947 [JavaFX Application Thread] INFO  Engine               -       Ask questions and discuss at: https://github.com/AlmasB/FXGL/discussions
21:51:58.947 [JavaFX Application Thread] INFO  Engine               -              Join the FXGL chat at: https://gitter.im/AlmasB/FXGL
21:51:58.990 [JavaFX Application Thread] DEBUG PrimaryStageWindow   - Creating a JavaFX scene
21:51:59.014 [JavaFX Application Thread] DEBUG PrimaryStageWindow   - Target settings size: 800.0 x 600.0
21:51:59.014 [JavaFX Application Thread] DEBUG PrimaryStageWindow   - Scaled scene size:    800.0 x 600.0
21:51:59.014 [JavaFX Application Thread] DEBUG PrimaryStageWindow   - Scaled ratio: (1.0, 1.0)
21:51:59.015 [JavaFX Application Thread] DEBUG PrimaryStageWindow   - Set initial scene to FXGLStartupScene
21:51:59.017 [JavaFX Application Thread] DEBUG PrimaryStageWindow   - Opening main window
21:51:59.060 [JavaFX Application Thread] DEBUG PrimaryStageWindow   - Window border size: (14.4000244140625, 37.5999755859375)
21:51:59.060 [JavaFX Application Thread] DEBUG PrimaryStageWindow   - Scaled size: 800.0 x 600.0
21:51:59.060 [JavaFX Application Thread] DEBUG PrimaryStageWindow   - Scaled ratio: (1.0, 1.0)
21:51:59.061 [JavaFX Application Thread] DEBUG PrimaryStageWindow   - Scene size: 800.0 x 600.0
21:51:59.061 [JavaFX Application Thread] DEBUG PrimaryStageWindow   - Stage size: 814.4000244140625 x 637.5999755859375
21:51:59.064 [FXGL Background Thread 1 ] DEBUG Engine               - Initializing environment variables
21:51:59.094 [FXGL Background Thread 1 ] DEBUG FXGLAssetLoaderServi - User app class for loading assets: class com.gamedemo.DemoApp
21:51:59.094 [FXGL Background Thread 1 ] DEBUG GameApplicationServi - Applying CSS: fxgl_dark.css
21:51:59.094 [FXGL Background Thread 1 ] DEBUG FXGLAssetLoaderServi - Loading from file system: jar:file:///C:/Users/Administrator/.m2/repository/com/github/almasb/fxgl/17.3/fxgl-17.3.jar!/fxglassets/ui/css/fxgl_dark.css
21:51:59.117 [FXGL Background Thread 1 ] DEBUG GameApplicationServi - Initializing application scenes
21:51:59.149 [FXGL Background Thread 1 ] DEBUG GameWorld            - Game world initialized
21:51:59.176 [FXGL Background Thread 1 ] DEBUG PhysicsWorld         - Physics world initialized: appHeight=600, physics.ppm=50.0
21:51:59.176 [FXGL Background Thread 1 ] DEBUG PhysicsWorld         - Using strategy: BRUTE_FORCE
21:51:59.178 [FXGL Background Thread 1 ] DEBUG GameScene            - Game scene initialized: 800x600
21:51:59.183 [FXGL Background Thread 1 ] DEBUG FXGL.DefaultMenu     - createMenuBodyMainMenu()
21:51:59.188 [FXGL Background Thread 1 ] DEBUG FXGL.DefaultMenu     - createOptionsMenu()
21:51:59.193 [FXGL Background Thread 1 ] DEBUG FXGLAssetLoaderServi - Loading from file system: jar:file:///C:/Users/Administrator/.m2/repository/com/github/almasb/fxgl/17.3/fxgl-17.3.jar!/fxglassets/textures/particles/smoke.png
21:51:59.234 [FXGL Background Thread 1 ] DEBUG FXGLAssetLoaderServi - Loading from file system: jar:file:///C:/Users/Administrator/.m2/repository/com/github/almasb/fxgl/17.3/fxgl-17.3.jar!/fxglassets/textures/particles/trace_horizontal.png
21:51:59.248 [FXGL Background Thread 1 ] DEBUG FXGL.DefaultMenu     - createMenuBodyGameMenu()
21:51:59.249 [FXGL Background Thread 1 ] DEBUG FXGL.DefaultMenu     - createOptionsMenu()
21:51:59.254 [FXGL Background Thread 1 ] DEBUG GameApplicationServi - Application scenes initialized
21:51:59.260 [FXGL Background Thread 1 ] DEBUG SystemBundleService  - Loading FXGL system data
21:51:59.262 [FXGL Background Thread 1 ] DEBUG FileSystemAccess     - Reading from: C:\Users\Administrator\IdeaProjects\LearningFXGL\system\fxgl.bundle
21:51:59.267 [FXGL Background Thread 1 ] DEBUG SystemBundleService  - Bundle FXGL: {}
21:51:59.267 [FXGL Background Thread 1 ] DEBUG UpdaterService       - Checking for updates
21:51:59.279 [FXGL Background Thread 4 ] DEBUG FXGLApplication      - Loading fonts
21:51:59.279 [FXGL Background Thread 1 ] DEBUG FXGLApplication      - Loading default localization
21:51:59.279 [FXGL Background Thread 4 ] DEBUG FXGLAssetLoaderServi - Loading from file system: jar:file:///C:/Users/Administrator/.m2/repository/com/github/almasb/fxgl/17.3/fxgl-17.3.jar!/fxglassets/ui/fonts/VarelaRound-Regular.ttf
21:51:59.280 [FXGL Background Thread 1 ] DEBUG FXGLAssetLoaderServi - Loading from file system: jar:file:///C:/Users/Administrator/.m2/repository/com/github/almasb/fxgl/17.3/fxgl-17.3.jar!/fxglassets/languages/english.lang
21:51:59.294 [FXGL Background Thread 1 ] INFO  FXGLApplication      - FXGL initialization took: 0.229 sec
21:51:59.298 [FXGL Background Thread 4 ] DEBUG FXGLAssetLoaderServi - Loading from file system: jar:file:///C:/Users/Administrator/.m2/repository/com/github/almasb/fxgl/17.3/fxgl-17.3.jar!/fxglassets/ui/fonts/Abel-Regular.ttf
21:51:59.299 [FXGL Background Thread 4 ] DEBUG FXGLAssetLoaderServi - Loading from file system: jar:file:///C:/Users/Administrator/.m2/repository/com/github/almasb/fxgl/17.3/fxgl-17.3.jar!/fxglassets/ui/fonts/TerminalLandMono-Regular.otf
21:51:59.300 [JavaFX Application Thread] DEBUG Input                - Registered new binding: MoveUp - Up
21:51:59.300 [JavaFX Application Thread] DEBUG Input                - Registered new binding: MoveDown - Down
21:51:59.300 [JavaFX Application Thread] DEBUG Input                - Registered new binding: MoveLeft - Left
21:51:59.300 [FXGL Background Thread 4 ] DEBUG FXGLAssetLoaderServi - Loading from file system: jar:file:///C:/Users/Administrator/.m2/repository/com/github/almasb/fxgl/17.3/fxgl-17.3.jar!/fxglassets/ui/fonts/Courier-Prime.ttf
21:51:59.301 [JavaFX Application Thread] DEBUG Input                - Registered new binding: MoveRight - Right
21:51:59.301 [JavaFX Application Thread] DEBUG FXGLAssetLoaderServi - Loading from file system: jar:file:///C:/Users/Administrator/.m2/repository/com/github/almasb/fxgl/17.3/fxgl-17.3.jar!/fxglassets/textures/fxgl_icon.png
21:51:59.311 [JavaFX Application Thread] DEBUG FXGLAssetLoaderServi - Loading from file system: jar:file:///C:/Users/Administrator/.m2/repository/com/github/almasb/fxgl/17.3/fxgl-17.3.jar!/fxglassets/textures/fxgl_default_cursor.png
21:51:59.312 [JavaFX Application Thread] DEBUG Input                - Registered new binding: Screenshot - CTRL+8
21:51:59.312 [JavaFX Application Thread] DEBUG Input                - Registered new binding: Dev Options - 1
21:51:59.312 [JavaFX Application Thread] DEBUG Input                - Registered new binding: Dev Console - 2
21:51:59.312 [JavaFX Application Thread] DEBUG Input                - Registered new binding: System info dump - CTRL+9
21:51:59.312 [JavaFX Application Thread] DEBUG Input                - Registered new binding: Restart - CTRL+R
21:51:59.313 [JavaFX Application Thread] DEBUG Input                - Registered new binding: Toggle Debug Camera - CTRL+7
21:51:59.314 [JavaFX Application Thread] DEBUG LoopRunner           - Starting loop
21:51:59.320 [JavaFX Application Thread] DEBUG LoopRunner           - Initializing JavaFX AnimationTimerLoop
21:51:59.321 [JavaFX Application Thread] DEBUG Input                - Clearing active input actions
21:51:59.325 [JavaFX Application Thread] DEBUG GameApplicationServi - Removing overlay from FXGLStartupScene and adding to FXGLMainMenuDummyScene
21:51:59.330 [JavaFX Application Thread] DEBUG PrimaryStageWindow   - FXGLStartupScene -> FXGLMainMenuDummyScene
21:51:59.330 [JavaFX Application Thread] DEBUG PrimaryStageWindow   - Push state: FXGLDefaultMenu
21:51:59.335 [JavaFX Application Thread] DEBUG Input                - Clearing active input actions
21:51:59.338 [JavaFX Application Thread] DEBUG GameApplicationServi - Removing overlay from FXGLMainMenuDummyScene and adding to FXGLDefaultMenu
21:51:59.338 [JavaFX Application Thread] DEBUG PrimaryStageWindow   - FXGLMainMenuDummyScene -> FXGLDefaultMenu
21:51:59.338 [JavaFX Application Thread] DEBUG FXGLApplication      - Registering font factories with UI factory
21:51:59.364 [FXGL Background Thread 2 ] WARN  UpdaterService       - Failed to find updates: java.net.UnknownHostException: raw.githubusercontent.com
21:52:00.191 [JavaFX Application Thread] DEBUG Menu                 - fireNewGame()
21:52:00.191 [JavaFX Application Thread] DEBUG GameApplicationServi - Starting new game
21:52:00.192 [JavaFX Application Thread] DEBUG PrimaryStageWindow   - Pop state: FXGLDefaultMenu
21:52:00.192 [JavaFX Application Thread] DEBUG Input                - Clearing active input actions
21:52:00.193 [JavaFX Application Thread] DEBUG GameApplicationServi - Removing overlay from FXGLDefaultMenu and adding to FXGLMainMenuDummyScene
21:52:00.194 [JavaFX Application Thread] DEBUG PrimaryStageWindow   - FXGLMainMenuDummyScene <- FXGLDefaultMenu
21:52:00.194 [JavaFX Application Thread] DEBUG Input                - Clearing active input actions
21:52:00.197 [JavaFX Application Thread] DEBUG GameApplicationServi - Removing overlay from FXGLMainMenuDummyScene and adding to FXGLLoadingScene
21:52:00.197 [JavaFX Application Thread] DEBUG PrimaryStageWindow   - FXGLMainMenuDummyScene -> FXGLLoadingScene
21:52:00.197 [JavaFX Application Thread] DEBUG GameApplicationServi - Clearing previous game
21:52:00.198 [JavaFX Application Thread] DEBUG GameScene            - Clearing game scene
21:52:00.198 [JavaFX Application Thread] DEBUG GameWorld            - Clearing game world
21:52:00.198 [JavaFX Application Thread] DEBUG PhysicsWorld         - Clearing physics world
21:52:00.199 [FXGL Background Thread 2 ] DEBUG FXGLApplication      - Initializing game
21:52:00.233 [FXGL Background Thread 2 ] WARN  TMXLevelLoader       - TiledMap generated from 1.11.0. Supported version: 1.9.0. Some features may not be parsed fully.
21:52:00.247 [FXGL Background Thread 2 ] DEBUG TMXLevelLoader       - Parsed TiledMap: file:/C:/Users/Administrator/IdeaProjects/LearningFXGL/target/classes/assets/levels/level1.tmx
21:52:00.248 [FXGL Background Thread 2 ] DEBUG TMXLevelLoader       - Creating tile layer entities
21:52:00.249 [FXGL Background Thread 2 ] DEBUG TilesetLoader        - Loading view for layer Tile Layer 1
21:52:00.249 [FXGL Background Thread 2 ] DEBUG TilesetLoader        - Created buffer with size 800.0x600.0
21:52:00.252 [FXGL Background Thread 2 ] DEBUG TMXLevelLoader       - Creating object layer entities
21:52:00.253 [FXGL Background Thread 2 ] DEBUG FXGLAssetLoaderServi - Loading from file system: file:/C:/Users/Administrator/IdeaProjects/LearningFXGL/target/classes/assets/textures/player.png
21:52:00.256 [FXGL Background Thread 2 ] DEBUG FXGLAssetLoaderServi - Loading from file system: file:/C:/Users/Administrator/IdeaProjects/LearningFXGL/target/classes/assets/textures/sprite.png
21:52:00.262 [FXGL Background Thread 2 ] DEBUG FXGLAssetLoaderServi - Loading from file system: file:/C:/Users/Administrator/IdeaProjects/LearningFXGL/target/classes/assets/textures/pill.png
21:52:00.277 [FXGL Background Thread 2 ] DEBUG FXGLAssetLoaderServi - Loading from file system: file:/C:/Users/Administrator/IdeaProjects/LearningFXGL/target/classes/assets/textures/Ghost1.gif
21:52:00.278 [FXGL Background Thread 2 ] DEBUG FXGLAssetLoaderServi - Loading from file system: file:/C:/Users/Administrator/IdeaProjects/LearningFXGL/target/classes/assets/textures/Ghost2.gif
21:52:00.278 [FXGL Background Thread 2 ] DEBUG FXGLAssetLoaderServi - Loading from file system: file:/C:/Users/Administrator/IdeaProjects/LearningFXGL/target/classes/assets/textures/GhostScared1.gif
21:52:00.279 [FXGL Background Thread 2 ] DEBUG FXGLAssetLoaderServi - Loading from file system: file:/C:/Users/Administrator/IdeaProjects/LearningFXGL/target/classes/assets/textures/GhostScared2.gif
21:52:00.280 [FXGL Background Thread 2 ] DEBUG GameWorld            - Clearing removable entities
21:52:00.280 [FXGL Background Thread 2 ] DEBUG GameWorld            - Setting level: com.almasb.fxgl.entity.level.Level@58664dc0
21:52:00.283 [FXGL Background Thread 2 ] DEBUG FXGLAssetLoaderServi - Loading from file system: file:/C:/Users/Administrator/IdeaProjects/LearningFXGL/target/classes/assets/textures/PacMan2right.gif
21:52:00.286 [FXGL Background Thread 2 ] INFO  FXGLApplication      - Game initialization took: 0.088 sec
21:52:00.287 [JavaFX Application Thread] DEBUG Input                - Clearing active input actions
21:52:00.290 [JavaFX Application Thread] DEBUG GameApplicationServi - Removing overlay from FXGLLoadingScene and adding to GameScene
21:52:00.291 [JavaFX Application Thread] DEBUG PrimaryStageWindow   - FXGLLoadingScene -> GameScene
21:52:02.279 [FXGL Background Thread 3 ] DEBUG Engine               - Logging environment variables
21:52:02.279 [FXGL Background Thread 3 ] DEBUG Engine               - achievements: []
21:52:02.279 [FXGL Background Thread 3 ] DEBUG Engine               - actualHeight: 600.0
21:52:02.279 [FXGL Background Thread 3 ] DEBUG Engine               - actualHeightProperty: ReadOnlyDoubleProperty [value: 600.0]
21:52:02.279 [FXGL Background Thread 3 ] DEBUG Engine               - actualWidth: 800.0
21:52:02.279 [FXGL Background Thread 3 ] DEBUG Engine               - actualWidthProperty: ReadOnlyDoubleProperty [value: 800.0]
21:52:02.279 [FXGL Background Thread 3 ] DEBUG Engine               - appIcon: fxgl_icon.png
21:52:02.279 [FXGL Background Thread 3 ] DEBUG Engine               - applicationMode: DEVELOPER
21:52:02.279 [FXGL Background Thread 3 ] DEBUG Engine               - cSSList: [fxgl_dark.css]
21:52:02.279 [FXGL Background Thread 3 ] DEBUG Engine               - collisionDetectionStrategy: BRUTE_FORCE
21:52:02.279 [FXGL Background Thread 3 ] DEBUG Engine               - configClass: Optional.empty
21:52:02.279 [FXGL Background Thread 3 ] DEBUG Engine               - credits: []
21:52:02.279 [FXGL Background Thread 3 ] DEBUG Engine               - defaultCursor: CursorInfo(imageName=fxgl_default_cursor.png, hotspotX=7.0, hotspotY=6.0)
21:52:02.279 [FXGL Background Thread 3 ] DEBUG Engine               - devBBoxColorProperty: ObjectProperty [value: 0xff0000ff]
21:52:02.280 [FXGL Background Thread 3 ] DEBUG Engine               - devEnableDebugCameraProperty: BooleanProperty [value: false]
21:52:02.280 [FXGL Background Thread 3 ] DEBUG Engine               - devSensorColorProperty: ObjectProperty [value: 0xffff00ff]
21:52:02.280 [FXGL Background Thread 3 ] DEBUG Engine               - devShowBBoxProperty: BooleanProperty [value: false]
21:52:02.280 [FXGL Background Thread 3 ] DEBUG Engine               - devShowPositionProperty: BooleanProperty [value: false]
21:52:02.280 [FXGL Background Thread 3 ] DEBUG Engine               - enabledMenuItems: []
21:52:02.280 [FXGL Background Thread 3 ] DEBUG Engine               - engineServices: [class com.almasb.fxgl.app.services.FXGLAssetLoaderService, class com.almasb.fxgl.app.FXGLApplication$GameApplicationService, class com.almasb.fxgl.app.services.FXGLDialogService, class com.almasb.fxgl.app.services.IOTaskExecutorService, class com.almasb.fxgl.io.FileSystemService, class com.almasb.fxgl.localization.LocalizationService, class com.almasb.fxgl.app.services.SystemBundleService, class com.almasb.fxgl.profile.SaveLoadService, class com.almasb.fxgl.ui.FXGLUIFactoryServiceProvider, class com.almasb.fxgl.ui.FXGLDialogFactoryServiceProvider, class com.almasb.fxgl.audio.AudioPlayer, class com.almasb.fxgl.notification.impl.NotificationServiceProvider, class com.almasb.fxgl.achievement.AchievementService, class com.almasb.fxgl.cutscene.CutsceneService, class com.almasb.fxgl.minigames.MiniGameService, class com.almasb.fxgl.net.NetService, class com.almasb.fxgl.app.services.UpdaterService, class com.almasb.fxgl.dev.DevService]
21:52:02.280 [FXGL Background Thread 3 ] DEBUG Engine               - fontGame: Abel-Regular.ttf
21:52:02.280 [FXGL Background Thread 3 ] DEBUG Engine               - fontMono: TerminalLandMono-Regular.otf
21:52:02.280 [FXGL Background Thread 3 ] DEBUG Engine               - fontSizeScaleUI: 1.0
21:52:02.280 [FXGL Background Thread 3 ] DEBUG Engine               - fontText: Courier-Prime.ttf
21:52:02.280 [FXGL Background Thread 3 ] DEBUG Engine               - fontUI: VarelaRound-Regular.ttf
21:52:02.280 [FXGL Background Thread 3 ] DEBUG Engine               - fullScreen: BooleanProperty [value: false]
21:52:02.280 [FXGL Background Thread 3 ] DEBUG Engine               - gameDifficulty: MEDIUM
21:52:02.280 [FXGL Background Thread 3 ] DEBUG Engine               - gameDifficultyProperty: ObjectProperty [value: MEDIUM]
21:52:02.280 [FXGL Background Thread 3 ] DEBUG Engine               - globalMusicVolume: 0.5
21:52:02.280 [FXGL Background Thread 3 ] DEBUG Engine               - globalMusicVolumeProperty: DoubleProperty [value: 0.5]
21:52:02.280 [FXGL Background Thread 3 ] DEBUG Engine               - globalSoundVolume: 0.5
21:52:02.280 [FXGL Background Thread 3 ] DEBUG Engine               - globalSoundVolumeProperty: DoubleProperty [value: 0.5]
21:52:02.280 [FXGL Background Thread 3 ] DEBUG Engine               - height: 600
21:52:02.280 [FXGL Background Thread 3 ] DEBUG Engine               - is3D: false
21:52:02.280 [FXGL Background Thread 3 ] DEBUG Engine               - isAndroid: false
21:52:02.280 [FXGL Background Thread 3 ] DEBUG Engine               - isBrowser: false
21:52:02.280 [FXGL Background Thread 3 ] DEBUG Engine               - isClickFeedbackEnabled: false
21:52:02.280 [FXGL Background Thread 3 ] DEBUG Engine               - isCloseConfirmation: false
21:52:02.280 [FXGL Background Thread 3 ] DEBUG Engine               - isDesktop: true
21:52:02.280 [FXGL Background Thread 3 ] DEBUG Engine               - isDeveloperMenuEnabled: true
21:52:02.280 [FXGL Background Thread 3 ] DEBUG Engine               - isEmbedded: false
21:52:02.280 [FXGL Background Thread 3 ] DEBUG Engine               - isEntityPreloadEnabled: true
21:52:02.280 [FXGL Background Thread 3 ] DEBUG Engine               - isExperimentalTiledLargeMap: false
21:52:02.280 [FXGL Background Thread 3 ] DEBUG Engine               - isFileSystemWriteAllowed: true
21:52:02.280 [FXGL Background Thread 3 ] DEBUG Engine               - isFullScreenAllowed: false
21:52:02.280 [FXGL Background Thread 3 ] DEBUG Engine               - isFullScreenFromStart: false
21:52:02.280 [FXGL Background Thread 3 ] DEBUG Engine               - isGameMenuEnabled: true
21:52:02.281 [FXGL Background Thread 3 ] DEBUG Engine               - isIOS: false
21:52:02.281 [FXGL Background Thread 3 ] DEBUG Engine               - isIntroEnabled: false
21:52:02.281 [FXGL Background Thread 3 ] DEBUG Engine               - isLinux: false
21:52:02.281 [FXGL Background Thread 3 ] DEBUG Engine               - isMac: false
21:52:02.281 [FXGL Background Thread 3 ] DEBUG Engine               - isMainMenuEnabled: true
21:52:02.281 [FXGL Background Thread 3 ] DEBUG Engine               - isManualResizeEnabled: false
21:52:02.281 [FXGL Background Thread 3 ] DEBUG Engine               - isMobile: false
21:52:02.281 [FXGL Background Thread 3 ] DEBUG Engine               - isNative: false
21:52:02.281 [FXGL Background Thread 3 ] DEBUG Engine               - isPauseMusicWhenMinimized: true
21:52:02.281 [FXGL Background Thread 3 ] DEBUG Engine               - isPreserveResizeRatio: false
21:52:02.281 [FXGL Background Thread 3 ] DEBUG Engine               - isProfilingEnabled: false
21:52:02.281 [FXGL Background Thread 3 ] DEBUG Engine               - isScaleAffectedOnResize: true
21:52:02.281 [FXGL Background Thread 3 ] DEBUG Engine               - isSingleStep: false
21:52:02.281 [FXGL Background Thread 3 ] DEBUG Engine               - isUserProfileEnabled: false
21:52:02.281 [FXGL Background Thread 3 ] DEBUG Engine               - isWindows: true
21:52:02.281 [FXGL Background Thread 3 ] DEBUG Engine               - language: ObjectProperty [value: ENGLISH]
21:52:02.281 [FXGL Background Thread 3 ] DEBUG Engine               - menuKey: ESCAPE
21:52:02.281 [FXGL Background Thread 3 ] DEBUG Engine               - mouseSensitivity: 0.2
21:52:02.281 [FXGL Background Thread 3 ] DEBUG Engine               - notificationViewClass: class com.almasb.fxgl.notification.view.XboxNotificationView
21:52:02.281 [FXGL Background Thread 3 ] DEBUG Engine               - pixelsPerMeter: 50.0
21:52:02.281 [FXGL Background Thread 3 ] DEBUG Engine               - platform: WINDOWS
21:52:02.281 [FXGL Background Thread 3 ] DEBUG Engine               - prefHeightProperty: ReadOnlyDoubleProperty [value: 600.0]
21:52:02.281 [FXGL Background Thread 3 ] DEBUG Engine               - prefWidthProperty: ReadOnlyDoubleProperty [value: 800.0]
21:52:02.281 [FXGL Background Thread 3 ] DEBUG Engine               - profileDir: profiles/
21:52:02.281 [FXGL Background Thread 3 ] DEBUG Engine               - profileName: StringProperty [value: DEFAULT]
21:52:02.281 [FXGL Background Thread 3 ] DEBUG Engine               - randomSeed: -1
21:52:02.281 [FXGL Background Thread 3 ] DEBUG Engine               - runtimeInfo: RuntimeInfo(platform=WINDOWS, version=17.3, build=30.03.2023 11.49)
21:52:02.281 [FXGL Background Thread 3 ] DEBUG Engine               - saveFileExt: sav
21:52:02.281 [FXGL Background Thread 3 ] DEBUG Engine               - scaledHeightProp$fxgl: DoubleProperty [bound, value: 600.0]
21:52:02.281 [FXGL Background Thread 3 ] DEBUG Engine               - scaledWidthProp$fxgl: DoubleProperty [bound, value: 800.0]
21:52:02.281 [FXGL Background Thread 3 ] DEBUG Engine               - sceneFactory: com.almasb.fxgl.app.scene.SceneFactory@e03a3e5
21:52:02.281 [FXGL Background Thread 3 ] DEBUG Engine               - secondsIn24h: 60
21:52:02.281 [FXGL Background Thread 3 ] DEBUG Engine               - soundMenuBack: menu/back.wav
21:52:02.281 [FXGL Background Thread 3 ] DEBUG Engine               - soundMenuPress: menu/press.wav
21:52:02.281 [FXGL Background Thread 3 ] DEBUG Engine               - soundMenuSelect: menu/select.wav
21:52:02.281 [FXGL Background Thread 3 ] DEBUG Engine               - soundNotification: core/notification.wav
21:52:02.282 [FXGL Background Thread 3 ] DEBUG Engine               - stageStyle: DECORATED
21:52:02.282 [FXGL Background Thread 3 ] DEBUG Engine               - supportedLanguages: [ENGLISH, FRENCH, GERMAN, HUNGARIAN, RUSSIAN]
21:52:02.282 [FXGL Background Thread 3 ] DEBUG Engine               - ticksPerSecond: -1
21:52:02.282 [FXGL Background Thread 3 ] DEBUG Engine               - title: DemoApp
21:52:02.282 [FXGL Background Thread 3 ] DEBUG Engine               - urlGithub: https://github.com/AlmasB/FXGL
21:52:02.282 [FXGL Background Thread 3 ] DEBUG Engine               - urlLeaderboard: http://fxgl-top.herokuapp.com/
21:52:02.282 [FXGL Background Thread 3 ] DEBUG Engine               - urlPOM: https://raw.githubusercontent.com/AlmasB/FXGL/release/README.md
21:52:02.282 [FXGL Background Thread 3 ] DEBUG Engine               - userAppClass: class com.gamedemo.DemoApp
21:52:02.282 [FXGL Background Thread 3 ] DEBUG Engine               - version: 0.1
21:52:02.282 [FXGL Background Thread 3 ] DEBUG Engine               - versionCheckDays: 7
21:52:02.282 [FXGL Background Thread 3 ] DEBUG Engine               - width: 800
21:52:02.282 [FXGL Background Thread 3 ] DEBUG Engine               - Logging services
21:52:02.282 [FXGL Background Thread 3 ] DEBUG Engine               - class com.almasb.fxgl.app.services.FXGLAssetLoaderService
21:52:02.282 [FXGL Background Thread 3 ] DEBUG Engine               - class com.almasb.fxgl.app.FXGLApplication$GameApplicationService
21:52:02.282 [FXGL Background Thread 3 ] DEBUG Engine               - class com.almasb.fxgl.app.services.FXGLDialogService
21:52:02.282 [FXGL Background Thread 3 ] DEBUG Engine               - class com.almasb.fxgl.app.services.IOTaskExecutorService
21:52:02.282 [FXGL Background Thread 3 ] DEBUG Engine               - class com.almasb.fxgl.io.FileSystemService
21:52:02.282 [FXGL Background Thread 3 ] DEBUG Engine               - class com.almasb.fxgl.localization.LocalizationService
21:52:02.282 [FXGL Background Thread 3 ] DEBUG Engine               - class com.almasb.fxgl.app.services.SystemBundleService
21:52:02.282 [FXGL Background Thread 3 ] DEBUG Engine               - class com.almasb.fxgl.profile.SaveLoadService
21:52:02.282 [FXGL Background Thread 3 ] DEBUG Engine               - class com.almasb.fxgl.ui.FXGLUIFactoryServiceProvider
21:52:02.282 [FXGL Background Thread 3 ] DEBUG Engine               - class com.almasb.fxgl.ui.FXGLDialogFactoryServiceProvider
21:52:02.282 [FXGL Background Thread 3 ] DEBUG Engine               - class com.almasb.fxgl.audio.AudioPlayer
21:52:02.282 [FXGL Background Thread 3 ] DEBUG Engine               - class com.almasb.fxgl.notification.impl.NotificationServiceProvider
21:52:02.282 [FXGL Background Thread 3 ] DEBUG Engine               - class com.almasb.fxgl.achievement.AchievementService
21:52:02.282 [FXGL Background Thread 3 ] DEBUG Engine               - class com.almasb.fxgl.cutscene.CutsceneService
21:52:02.282 [FXGL Background Thread 3 ] DEBUG Engine               - class com.almasb.fxgl.minigames.MiniGameService
21:52:02.282 [FXGL Background Thread 3 ] DEBUG Engine               - class com.almasb.fxgl.net.NetService
21:52:02.282 [FXGL Background Thread 3 ] DEBUG Engine               - class com.almasb.fxgl.app.services.UpdaterService
21:52:02.282 [FXGL Background Thread 3 ] DEBUG Engine               - class com.almasb.fxgl.dev.DevService
21:52:03.957 [JavaFX Application Thread] DEBUG FXGLApplication      - Exiting FXGL
21:52:03.957 [JavaFX Application Thread] DEBUG LoopRunner           - Stopping loop
21:52:03.957 [JavaFX Application Thread] DEBUG SystemBundleService  - Saving FXGL system data
21:52:03.958 [JavaFX Application Thread] DEBUG FileSystemAccess     - Writing to: C:\Users\Administrator\IdeaProjects\LearningFXGL\system\fxgl.bundle
21:52:03.960 [JavaFX Application Thread] DEBUG Async                - Shutting down background threads
21:52:03.960 [JavaFX Application Thread] DEBUG PrimaryStageWindow   - Closing main window
21:52:03.966 [JavaFX Application Thread] DEBUG Logger               - Closing Logger
