19:17:59.782 [main                     ] DEBUG Logger               - Configured Logger
19:17:59.798 [main                     ] DEBUG GameApplication      - Logging settings
Title: DemoApp
Version: 0.1
Width: 800
Height: 600
Fullscreen: false
Intro: false
Profiling: false
Single step:false
App Mode: DEVELOPER
Menu Key: ESCAPE
Stage Style: DECORATED
Scene Factory: class com.almasb.fxgl.app.scene.SceneFactory

19:18:00.000 [JavaFX Application Thread] DEBUG FXGLApplication      - Initializing FXGL
19:18:00.001 [JavaFX Application Thread] INFO  Engine               - FXGL-17.3 (30.03.2023 11.49) on WINDOWS (J:21.0.1 FX:20)
19:18:00.002 [JavaFX Application Thread] DEBUG Engine               - JRE Vendor Name: Oracle Corporation
19:18:00.002 [JavaFX Application Thread] DEBUG Engine               - Running on OS: Windows 11 version 10.0
19:18:00.002 [JavaFX Application Thread] DEBUG Engine               - Architecture: amd64
19:18:00.002 [JavaFX Application Thread] INFO  Engine               - Source code and latest versions at: https://github.com/AlmasB/FXGL
19:18:00.002 [JavaFX Application Thread] INFO  Engine               -       Ask questions and discuss at: https://github.com/AlmasB/FXGL/discussions
19:18:00.002 [JavaFX Application Thread] INFO  Engine               -              Join the FXGL chat at: https://gitter.im/AlmasB/FXGL
19:18:00.045 [JavaFX Application Thread] DEBUG PrimaryStageWindow   - Creating a JavaFX scene
19:18:00.067 [JavaFX Application Thread] DEBUG PrimaryStageWindow   - Target settings size: 800.0 x 600.0
19:18:00.067 [JavaFX Application Thread] DEBUG PrimaryStageWindow   - Scaled scene size:    800.0 x 600.0
19:18:00.067 [JavaFX Application Thread] DEBUG PrimaryStageWindow   - Scaled ratio: (1.0, 1.0)
19:18:00.068 [JavaFX Application Thread] DEBUG PrimaryStageWindow   - Set initial scene to FXGLStartupScene
19:18:00.069 [JavaFX Application Thread] DEBUG PrimaryStageWindow   - Opening main window
19:18:00.110 [JavaFX Application Thread] DEBUG PrimaryStageWindow   - Window border size: (14.4000244140625, 37.5999755859375)
19:18:00.110 [JavaFX Application Thread] DEBUG PrimaryStageWindow   - Scaled size: 800.0 x 600.0
19:18:00.110 [JavaFX Application Thread] DEBUG PrimaryStageWindow   - Scaled ratio: (1.0, 1.0)
19:18:00.110 [JavaFX Application Thread] DEBUG PrimaryStageWindow   - Scene size: 800.0 x 600.0
19:18:00.110 [JavaFX Application Thread] DEBUG PrimaryStageWindow   - Stage size: 814.4000244140625 x 637.5999755859375
19:18:00.113 [FXGL Background Thread 1 ] DEBUG Engine               - Initializing environment variables
19:18:00.140 [FXGL Background Thread 1 ] DEBUG FXGLAssetLoaderServi - User app class for loading assets: class com.gamedemo.DemoApp
19:18:00.140 [FXGL Background Thread 1 ] DEBUG GameApplicationServi - Applying CSS: fxgl_dark.css
19:18:00.140 [FXGL Background Thread 1 ] DEBUG FXGLAssetLoaderServi - Loading from file system: jar:file:///C:/Users/Administrator/.m2/repository/com/github/almasb/fxgl/17.3/fxgl-17.3.jar!/fxglassets/ui/css/fxgl_dark.css
19:18:00.161 [FXGL Background Thread 1 ] DEBUG GameApplicationServi - Initializing application scenes
19:18:00.194 [FXGL Background Thread 1 ] DEBUG GameWorld            - Game world initialized
19:18:00.220 [FXGL Background Thread 1 ] DEBUG PhysicsWorld         - Physics world initialized: appHeight=600, physics.ppm=50.0
19:18:00.221 [FXGL Background Thread 1 ] DEBUG PhysicsWorld         - Using strategy: BRUTE_FORCE
19:18:00.222 [FXGL Background Thread 1 ] DEBUG GameScene            - Game scene initialized: 800x600
19:18:00.227 [FXGL Background Thread 1 ] DEBUG FXGL.DefaultMenu     - createMenuBodyMainMenu()
19:18:00.233 [FXGL Background Thread 1 ] DEBUG FXGL.DefaultMenu     - createOptionsMenu()
19:18:00.237 [FXGL Background Thread 1 ] DEBUG FXGLAssetLoaderServi - Loading from file system: jar:file:///C:/Users/Administrator/.m2/repository/com/github/almasb/fxgl/17.3/fxgl-17.3.jar!/fxglassets/textures/particles/smoke.png
19:18:00.280 [FXGL Background Thread 1 ] DEBUG FXGLAssetLoaderServi - Loading from file system: jar:file:///C:/Users/Administrator/.m2/repository/com/github/almasb/fxgl/17.3/fxgl-17.3.jar!/fxglassets/textures/particles/trace_horizontal.png
19:18:00.294 [FXGL Background Thread 1 ] DEBUG FXGL.DefaultMenu     - createMenuBodyGameMenu()
19:18:00.296 [FXGL Background Thread 1 ] DEBUG FXGL.DefaultMenu     - createOptionsMenu()
19:18:00.301 [FXGL Background Thread 1 ] DEBUG GameApplicationServi - Application scenes initialized
19:18:00.308 [FXGL Background Thread 1 ] DEBUG SystemBundleService  - Loading FXGL system data
19:18:00.310 [FXGL Background Thread 1 ] DEBUG FileSystemAccess     - Reading from: C:\Users\Administrator\IdeaProjects\LearningFXGL\system\fxgl.bundle
19:18:00.315 [FXGL Background Thread 1 ] DEBUG SystemBundleService  - Bundle FXGL: {}
19:18:00.315 [FXGL Background Thread 1 ] DEBUG UpdaterService       - Checking for updates
19:18:00.329 [FXGL Background Thread 4 ] DEBUG FXGLApplication      - Loading fonts
19:18:00.329 [FXGL Background Thread 1 ] DEBUG FXGLApplication      - Loading default localization
19:18:00.330 [FXGL Background Thread 4 ] DEBUG FXGLAssetLoaderServi - Loading from file system: jar:file:///C:/Users/Administrator/.m2/repository/com/github/almasb/fxgl/17.3/fxgl-17.3.jar!/fxglassets/ui/fonts/VarelaRound-Regular.ttf
19:18:00.330 [FXGL Background Thread 1 ] DEBUG FXGLAssetLoaderServi - Loading from file system: jar:file:///C:/Users/Administrator/.m2/repository/com/github/almasb/fxgl/17.3/fxgl-17.3.jar!/fxglassets/languages/english.lang
19:18:00.342 [FXGL Background Thread 1 ] INFO  FXGLApplication      - FXGL initialization took: 0.228 sec
19:18:00.348 [FXGL Background Thread 4 ] DEBUG FXGLAssetLoaderServi - Loading from file system: jar:file:///C:/Users/Administrator/.m2/repository/com/github/almasb/fxgl/17.3/fxgl-17.3.jar!/fxglassets/ui/fonts/Abel-Regular.ttf
19:18:00.349 [JavaFX Application Thread] DEBUG Input                - Registered new binding: MoveUp - Up
19:18:00.349 [JavaFX Application Thread] DEBUG Input                - Registered new binding: MoveDown - Down
19:18:00.349 [JavaFX Application Thread] DEBUG Input                - Registered new binding: MoveLeft - Left
19:18:00.349 [JavaFX Application Thread] DEBUG Input                - Registered new binding: MoveRight - Right
19:18:00.349 [JavaFX Application Thread] DEBUG FXGLAssetLoaderServi - Loading from file system: jar:file:///C:/Users/Administrator/.m2/repository/com/github/almasb/fxgl/17.3/fxgl-17.3.jar!/fxglassets/textures/fxgl_icon.png
19:18:00.349 [FXGL Background Thread 4 ] DEBUG FXGLAssetLoaderServi - Loading from file system: jar:file:///C:/Users/Administrator/.m2/repository/com/github/almasb/fxgl/17.3/fxgl-17.3.jar!/fxglassets/ui/fonts/TerminalLandMono-Regular.otf
19:18:00.350 [FXGL Background Thread 4 ] DEBUG FXGLAssetLoaderServi - Loading from file system: jar:file:///C:/Users/Administrator/.m2/repository/com/github/almasb/fxgl/17.3/fxgl-17.3.jar!/fxglassets/ui/fonts/Courier-Prime.ttf
19:18:00.359 [JavaFX Application Thread] DEBUG FXGLAssetLoaderServi - Loading from file system: jar:file:///C:/Users/Administrator/.m2/repository/com/github/almasb/fxgl/17.3/fxgl-17.3.jar!/fxglassets/textures/fxgl_default_cursor.png
19:18:00.361 [JavaFX Application Thread] DEBUG Input                - Registered new binding: Screenshot - CTRL+8
19:18:00.361 [JavaFX Application Thread] DEBUG Input                - Registered new binding: Dev Options - 1
19:18:00.361 [JavaFX Application Thread] DEBUG Input                - Registered new binding: Dev Console - 2
19:18:00.361 [JavaFX Application Thread] DEBUG Input                - Registered new binding: System info dump - CTRL+9
19:18:00.361 [JavaFX Application Thread] DEBUG Input                - Registered new binding: Restart - CTRL+R
19:18:00.362 [JavaFX Application Thread] DEBUG Input                - Registered new binding: Toggle Debug Camera - CTRL+7
19:18:00.363 [JavaFX Application Thread] DEBUG LoopRunner           - Starting loop
19:18:00.371 [JavaFX Application Thread] DEBUG LoopRunner           - Initializing JavaFX AnimationTimerLoop
19:18:00.374 [JavaFX Application Thread] DEBUG Input                - Clearing active input actions
19:18:00.378 [JavaFX Application Thread] DEBUG GameApplicationServi - Removing overlay from FXGLStartupScene and adding to FXGLMainMenuDummyScene
19:18:00.381 [JavaFX Application Thread] DEBUG PrimaryStageWindow   - FXGLStartupScene -> FXGLMainMenuDummyScene
19:18:00.381 [JavaFX Application Thread] DEBUG PrimaryStageWindow   - Push state: FXGLDefaultMenu
19:18:00.383 [JavaFX Application Thread] DEBUG Input                - Clearing active input actions
19:18:00.391 [JavaFX Application Thread] DEBUG GameApplicationServi - Removing overlay from FXGLMainMenuDummyScene and adding to FXGLDefaultMenu
19:18:00.391 [JavaFX Application Thread] DEBUG PrimaryStageWindow   - FXGLMainMenuDummyScene -> FXGLDefaultMenu
19:18:00.395 [JavaFX Application Thread] DEBUG FXGLApplication      - Registering font factories with UI factory
19:18:00.409 [FXGL Background Thread 2 ] WARN  UpdaterService       - Failed to find updates: java.net.UnknownHostException: raw.githubusercontent.com
19:18:01.018 [JavaFX Application Thread] DEBUG Menu                 - fireNewGame()
19:18:01.018 [JavaFX Application Thread] DEBUG GameApplicationServi - Starting new game
19:18:01.019 [JavaFX Application Thread] DEBUG PrimaryStageWindow   - Pop state: FXGLDefaultMenu
19:18:01.019 [JavaFX Application Thread] DEBUG Input                - Clearing active input actions
19:18:01.019 [JavaFX Application Thread] DEBUG GameApplicationServi - Removing overlay from FXGLDefaultMenu and adding to FXGLMainMenuDummyScene
19:18:01.021 [JavaFX Application Thread] DEBUG PrimaryStageWindow   - FXGLMainMenuDummyScene <- FXGLDefaultMenu
19:18:01.021 [JavaFX Application Thread] DEBUG Input                - Clearing active input actions
19:18:01.024 [JavaFX Application Thread] DEBUG GameApplicationServi - Removing overlay from FXGLMainMenuDummyScene and adding to FXGLLoadingScene
19:18:01.024 [JavaFX Application Thread] DEBUG PrimaryStageWindow   - FXGLMainMenuDummyScene -> FXGLLoadingScene
19:18:01.025 [JavaFX Application Thread] DEBUG GameApplicationServi - Clearing previous game
19:18:01.025 [JavaFX Application Thread] DEBUG GameScene            - Clearing game scene
19:18:01.025 [JavaFX Application Thread] DEBUG GameWorld            - Clearing game world
19:18:01.025 [JavaFX Application Thread] DEBUG PhysicsWorld         - Clearing physics world
19:18:01.027 [FXGL Background Thread 2 ] DEBUG FXGLApplication      - Initializing game
19:18:01.067 [FXGL Background Thread 2 ] WARN  TMXLevelLoader       - TiledMap generated from 1.11.0. Supported version: 1.9.0. Some features may not be parsed fully.
19:18:01.079 [FXGL Background Thread 2 ] DEBUG TMXLevelLoader       - Parsed TiledMap: file:/C:/Users/Administrator/IdeaProjects/LearningFXGL/target/classes/assets/levels/level1.tmx
19:18:01.080 [FXGL Background Thread 2 ] DEBUG TMXLevelLoader       - Creating tile layer entities
19:18:01.082 [FXGL Background Thread 2 ] DEBUG TilesetLoader        - Loading view for layer Tile Layer 1
19:18:01.083 [FXGL Background Thread 2 ] DEBUG TilesetLoader        - Created buffer with size 800.0x600.0
19:18:01.085 [FXGL Background Thread 2 ] DEBUG TMXLevelLoader       - Creating object layer entities
19:18:01.088 [FXGL Background Thread 2 ] DEBUG FXGLAssetLoaderServi - Loading from file system: file:/C:/Users/Administrator/IdeaProjects/LearningFXGL/target/classes/assets/textures/player.png
19:18:01.093 [FXGL Background Thread 2 ] DEBUG FXGLAssetLoaderServi - Loading from file system: file:/C:/Users/Administrator/IdeaProjects/LearningFXGL/target/classes/assets/textures/sprite.png
19:18:01.099 [FXGL Background Thread 2 ] DEBUG FXGLAssetLoaderServi - Loading from file system: file:/C:/Users/Administrator/IdeaProjects/LearningFXGL/target/classes/assets/textures/pill.png
19:18:01.115 [FXGL Background Thread 2 ] DEBUG FXGLAssetLoaderServi - Loading from file system: file:/C:/Users/Administrator/IdeaProjects/LearningFXGL/target/classes/assets/textures/Ghost1.gif
19:18:01.116 [FXGL Background Thread 2 ] DEBUG FXGLAssetLoaderServi - Loading from file system: file:/C:/Users/Administrator/IdeaProjects/LearningFXGL/target/classes/assets/textures/Ghost2.gif
19:18:01.117 [FXGL Background Thread 2 ] DEBUG GameWorld            - Clearing removable entities
19:18:01.118 [FXGL Background Thread 2 ] DEBUG GameWorld            - Setting level: com.almasb.fxgl.entity.level.Level@472614f3
19:18:01.123 [FXGL Background Thread 2 ] INFO  FXGLApplication      - Game initialization took: 0.096 sec
19:18:01.123 [JavaFX Application Thread] DEBUG Input                - Clearing active input actions
19:18:01.131 [JavaFX Application Thread] DEBUG GameApplicationServi - Removing overlay from FXGLLoadingScene and adding to GameScene
19:18:01.132 [JavaFX Application Thread] DEBUG PrimaryStageWindow   - FXGLLoadingScene -> GameScene
19:18:03.330 [FXGL Background Thread 3 ] DEBUG Engine               - Logging environment variables
19:18:03.330 [FXGL Background Thread 3 ] DEBUG Engine               - achievements: []
19:18:03.330 [FXGL Background Thread 3 ] DEBUG Engine               - actualHeight: 600.0
19:18:03.330 [FXGL Background Thread 3 ] DEBUG Engine               - actualHeightProperty: ReadOnlyDoubleProperty [value: 600.0]
19:18:03.330 [FXGL Background Thread 3 ] DEBUG Engine               - actualWidth: 800.0
19:18:03.330 [FXGL Background Thread 3 ] DEBUG Engine               - actualWidthProperty: ReadOnlyDoubleProperty [value: 800.0]
19:18:03.330 [FXGL Background Thread 3 ] DEBUG Engine               - appIcon: fxgl_icon.png
19:18:03.330 [FXGL Background Thread 3 ] DEBUG Engine               - applicationMode: DEVELOPER
19:18:03.330 [FXGL Background Thread 3 ] DEBUG Engine               - cSSList: [fxgl_dark.css]
19:18:03.330 [FXGL Background Thread 3 ] DEBUG Engine               - collisionDetectionStrategy: BRUTE_FORCE
19:18:03.330 [FXGL Background Thread 3 ] DEBUG Engine               - configClass: Optional.empty
19:18:03.330 [FXGL Background Thread 3 ] DEBUG Engine               - credits: []
19:18:03.331 [FXGL Background Thread 3 ] DEBUG Engine               - defaultCursor: CursorInfo(imageName=fxgl_default_cursor.png, hotspotX=7.0, hotspotY=6.0)
19:18:03.331 [FXGL Background Thread 3 ] DEBUG Engine               - devBBoxColorProperty: ObjectProperty [value: 0xff0000ff]
19:18:03.331 [FXGL Background Thread 3 ] DEBUG Engine               - devEnableDebugCameraProperty: BooleanProperty [value: false]
19:18:03.331 [FXGL Background Thread 3 ] DEBUG Engine               - devSensorColorProperty: ObjectProperty [value: 0xffff00ff]
19:18:03.331 [FXGL Background Thread 3 ] DEBUG Engine               - devShowBBoxProperty: BooleanProperty [value: false]
19:18:03.331 [FXGL Background Thread 3 ] DEBUG Engine               - devShowPositionProperty: BooleanProperty [value: false]
19:18:03.331 [FXGL Background Thread 3 ] DEBUG Engine               - enabledMenuItems: []
19:18:03.331 [FXGL Background Thread 3 ] DEBUG Engine               - engineServices: [class com.almasb.fxgl.app.services.FXGLAssetLoaderService, class com.almasb.fxgl.app.FXGLApplication$GameApplicationService, class com.almasb.fxgl.app.services.FXGLDialogService, class com.almasb.fxgl.app.services.IOTaskExecutorService, class com.almasb.fxgl.io.FileSystemService, class com.almasb.fxgl.localization.LocalizationService, class com.almasb.fxgl.app.services.SystemBundleService, class com.almasb.fxgl.profile.SaveLoadService, class com.almasb.fxgl.ui.FXGLUIFactoryServiceProvider, class com.almasb.fxgl.ui.FXGLDialogFactoryServiceProvider, class com.almasb.fxgl.audio.AudioPlayer, class com.almasb.fxgl.notification.impl.NotificationServiceProvider, class com.almasb.fxgl.achievement.AchievementService, class com.almasb.fxgl.cutscene.CutsceneService, class com.almasb.fxgl.minigames.MiniGameService, class com.almasb.fxgl.net.NetService, class com.almasb.fxgl.app.services.UpdaterService, class com.almasb.fxgl.dev.DevService]
19:18:03.331 [FXGL Background Thread 3 ] DEBUG Engine               - fontGame: Abel-Regular.ttf
19:18:03.331 [FXGL Background Thread 3 ] DEBUG Engine               - fontMono: TerminalLandMono-Regular.otf
19:18:03.331 [FXGL Background Thread 3 ] DEBUG Engine               - fontSizeScaleUI: 1.0
19:18:03.331 [FXGL Background Thread 3 ] DEBUG Engine               - fontText: Courier-Prime.ttf
19:18:03.331 [FXGL Background Thread 3 ] DEBUG Engine               - fontUI: VarelaRound-Regular.ttf
19:18:03.331 [FXGL Background Thread 3 ] DEBUG Engine               - fullScreen: BooleanProperty [value: false]
19:18:03.331 [FXGL Background Thread 3 ] DEBUG Engine               - gameDifficulty: MEDIUM
19:18:03.331 [FXGL Background Thread 3 ] DEBUG Engine               - gameDifficultyProperty: ObjectProperty [value: MEDIUM]
19:18:03.331 [FXGL Background Thread 3 ] DEBUG Engine               - globalMusicVolume: 0.5
19:18:03.331 [FXGL Background Thread 3 ] DEBUG Engine               - globalMusicVolumeProperty: DoubleProperty [value: 0.5]
19:18:03.331 [FXGL Background Thread 3 ] DEBUG Engine               - globalSoundVolume: 0.5
19:18:03.332 [FXGL Background Thread 3 ] DEBUG Engine               - globalSoundVolumeProperty: DoubleProperty [value: 0.5]
19:18:03.332 [FXGL Background Thread 3 ] DEBUG Engine               - height: 600
19:18:03.332 [FXGL Background Thread 3 ] DEBUG Engine               - is3D: false
19:18:03.332 [FXGL Background Thread 3 ] DEBUG Engine               - isAndroid: false
19:18:03.332 [FXGL Background Thread 3 ] DEBUG Engine               - isBrowser: false
19:18:03.332 [FXGL Background Thread 3 ] DEBUG Engine               - isClickFeedbackEnabled: false
19:18:03.332 [FXGL Background Thread 3 ] DEBUG Engine               - isCloseConfirmation: false
19:18:03.332 [FXGL Background Thread 3 ] DEBUG Engine               - isDesktop: true
19:18:03.332 [FXGL Background Thread 3 ] DEBUG Engine               - isDeveloperMenuEnabled: true
19:18:03.332 [FXGL Background Thread 3 ] DEBUG Engine               - isEmbedded: false
19:18:03.332 [FXGL Background Thread 3 ] DEBUG Engine               - isEntityPreloadEnabled: true
19:18:03.332 [FXGL Background Thread 3 ] DEBUG Engine               - isExperimentalTiledLargeMap: false
19:18:03.332 [FXGL Background Thread 3 ] DEBUG Engine               - isFileSystemWriteAllowed: true
19:18:03.332 [FXGL Background Thread 3 ] DEBUG Engine               - isFullScreenAllowed: false
19:18:03.332 [FXGL Background Thread 3 ] DEBUG Engine               - isFullScreenFromStart: false
19:18:03.332 [FXGL Background Thread 3 ] DEBUG Engine               - isGameMenuEnabled: true
19:18:03.332 [FXGL Background Thread 3 ] DEBUG Engine               - isIOS: false
19:18:03.332 [FXGL Background Thread 3 ] DEBUG Engine               - isIntroEnabled: false
19:18:03.332 [FXGL Background Thread 3 ] DEBUG Engine               - isLinux: false
19:18:03.332 [FXGL Background Thread 3 ] DEBUG Engine               - isMac: false
19:18:03.332 [FXGL Background Thread 3 ] DEBUG Engine               - isMainMenuEnabled: true
19:18:03.332 [FXGL Background Thread 3 ] DEBUG Engine               - isManualResizeEnabled: false
19:18:03.332 [FXGL Background Thread 3 ] DEBUG Engine               - isMobile: false
19:18:03.332 [FXGL Background Thread 3 ] DEBUG Engine               - isNative: false
19:18:03.332 [FXGL Background Thread 3 ] DEBUG Engine               - isPauseMusicWhenMinimized: true
19:18:03.332 [FXGL Background Thread 3 ] DEBUG Engine               - isPreserveResizeRatio: false
19:18:03.332 [FXGL Background Thread 3 ] DEBUG Engine               - isProfilingEnabled: false
19:18:03.332 [FXGL Background Thread 3 ] DEBUG Engine               - isScaleAffectedOnResize: true
19:18:03.332 [FXGL Background Thread 3 ] DEBUG Engine               - isSingleStep: false
19:18:03.332 [FXGL Background Thread 3 ] DEBUG Engine               - isUserProfileEnabled: false
19:18:03.332 [FXGL Background Thread 3 ] DEBUG Engine               - isWindows: true
19:18:03.332 [FXGL Background Thread 3 ] DEBUG Engine               - language: ObjectProperty [value: ENGLISH]
19:18:03.332 [FXGL Background Thread 3 ] DEBUG Engine               - menuKey: ESCAPE
19:18:03.332 [FXGL Background Thread 3 ] DEBUG Engine               - mouseSensitivity: 0.2
19:18:03.332 [FXGL Background Thread 3 ] DEBUG Engine               - notificationViewClass: class com.almasb.fxgl.notification.view.XboxNotificationView
19:18:03.332 [FXGL Background Thread 3 ] DEBUG Engine               - pixelsPerMeter: 50.0
19:18:03.332 [FXGL Background Thread 3 ] DEBUG Engine               - platform: WINDOWS
19:18:03.332 [FXGL Background Thread 3 ] DEBUG Engine               - prefHeightProperty: ReadOnlyDoubleProperty [value: 600.0]
19:18:03.332 [FXGL Background Thread 3 ] DEBUG Engine               - prefWidthProperty: ReadOnlyDoubleProperty [value: 800.0]
19:18:03.333 [FXGL Background Thread 3 ] DEBUG Engine               - profileDir: profiles/
19:18:03.333 [FXGL Background Thread 3 ] DEBUG Engine               - profileName: StringProperty [value: DEFAULT]
19:18:03.333 [FXGL Background Thread 3 ] DEBUG Engine               - randomSeed: -1
19:18:03.333 [FXGL Background Thread 3 ] DEBUG Engine               - runtimeInfo: RuntimeInfo(platform=WINDOWS, version=17.3, build=30.03.2023 11.49)
19:18:03.333 [FXGL Background Thread 3 ] DEBUG Engine               - saveFileExt: sav
19:18:03.333 [FXGL Background Thread 3 ] DEBUG Engine               - scaledHeightProp$fxgl: DoubleProperty [bound, value: 600.0]
19:18:03.333 [FXGL Background Thread 3 ] DEBUG Engine               - scaledWidthProp$fxgl: DoubleProperty [bound, value: 800.0]
19:18:03.333 [FXGL Background Thread 3 ] DEBUG Engine               - sceneFactory: com.almasb.fxgl.app.scene.SceneFactory@634ab929
19:18:03.333 [FXGL Background Thread 3 ] DEBUG Engine               - secondsIn24h: 60
19:18:03.333 [FXGL Background Thread 3 ] DEBUG Engine               - soundMenuBack: menu/back.wav
19:18:03.333 [FXGL Background Thread 3 ] DEBUG Engine               - soundMenuPress: menu/press.wav
19:18:03.333 [FXGL Background Thread 3 ] DEBUG Engine               - soundMenuSelect: menu/select.wav
19:18:03.333 [FXGL Background Thread 3 ] DEBUG Engine               - soundNotification: core/notification.wav
19:18:03.333 [FXGL Background Thread 3 ] DEBUG Engine               - stageStyle: DECORATED
19:18:03.333 [FXGL Background Thread 3 ] DEBUG Engine               - supportedLanguages: [ENGLISH, FRENCH, GERMAN, HUNGARIAN, RUSSIAN]
19:18:03.333 [FXGL Background Thread 3 ] DEBUG Engine               - ticksPerSecond: -1
19:18:03.333 [FXGL Background Thread 3 ] DEBUG Engine               - title: DemoApp
19:18:03.333 [FXGL Background Thread 3 ] DEBUG Engine               - urlGithub: https://github.com/AlmasB/FXGL
19:18:03.333 [FXGL Background Thread 3 ] DEBUG Engine               - urlLeaderboard: http://fxgl-top.herokuapp.com/
19:18:03.333 [FXGL Background Thread 3 ] DEBUG Engine               - urlPOM: https://raw.githubusercontent.com/AlmasB/FXGL/release/README.md
19:18:03.333 [FXGL Background Thread 3 ] DEBUG Engine               - userAppClass: class com.gamedemo.DemoApp
19:18:03.333 [FXGL Background Thread 3 ] DEBUG Engine               - version: 0.1
19:18:03.333 [FXGL Background Thread 3 ] DEBUG Engine               - versionCheckDays: 7
19:18:03.333 [FXGL Background Thread 3 ] DEBUG Engine               - width: 800
19:18:03.333 [FXGL Background Thread 3 ] DEBUG Engine               - Logging services
19:18:03.333 [FXGL Background Thread 3 ] DEBUG Engine               - class com.almasb.fxgl.app.services.FXGLAssetLoaderService
19:18:03.333 [FXGL Background Thread 3 ] DEBUG Engine               - class com.almasb.fxgl.app.FXGLApplication$GameApplicationService
19:18:03.333 [FXGL Background Thread 3 ] DEBUG Engine               - class com.almasb.fxgl.app.services.FXGLDialogService
19:18:03.333 [FXGL Background Thread 3 ] DEBUG Engine               - class com.almasb.fxgl.app.services.IOTaskExecutorService
19:18:03.333 [FXGL Background Thread 3 ] DEBUG Engine               - class com.almasb.fxgl.io.FileSystemService
19:18:03.333 [FXGL Background Thread 3 ] DEBUG Engine               - class com.almasb.fxgl.localization.LocalizationService
19:18:03.333 [FXGL Background Thread 3 ] DEBUG Engine               - class com.almasb.fxgl.app.services.SystemBundleService
19:18:03.333 [FXGL Background Thread 3 ] DEBUG Engine               - class com.almasb.fxgl.profile.SaveLoadService
19:18:03.334 [FXGL Background Thread 3 ] DEBUG Engine               - class com.almasb.fxgl.ui.FXGLUIFactoryServiceProvider
19:18:03.334 [FXGL Background Thread 3 ] DEBUG Engine               - class com.almasb.fxgl.ui.FXGLDialogFactoryServiceProvider
19:18:03.334 [FXGL Background Thread 3 ] DEBUG Engine               - class com.almasb.fxgl.audio.AudioPlayer
19:18:03.334 [FXGL Background Thread 3 ] DEBUG Engine               - class com.almasb.fxgl.notification.impl.NotificationServiceProvider
19:18:03.334 [FXGL Background Thread 3 ] DEBUG Engine               - class com.almasb.fxgl.achievement.AchievementService
19:18:03.334 [FXGL Background Thread 3 ] DEBUG Engine               - class com.almasb.fxgl.cutscene.CutsceneService
19:18:03.334 [FXGL Background Thread 3 ] DEBUG Engine               - class com.almasb.fxgl.minigames.MiniGameService
19:18:03.334 [FXGL Background Thread 3 ] DEBUG Engine               - class com.almasb.fxgl.net.NetService
19:18:03.334 [FXGL Background Thread 3 ] DEBUG Engine               - class com.almasb.fxgl.app.services.UpdaterService
19:18:03.334 [FXGL Background Thread 3 ] DEBUG Engine               - class com.almasb.fxgl.dev.DevService
19:18:07.052 [JavaFX Application Thread] DEBUG FXGLApplication      - Exiting FXGL
19:18:07.053 [JavaFX Application Thread] DEBUG LoopRunner           - Stopping loop
19:18:07.053 [JavaFX Application Thread] DEBUG SystemBundleService  - Saving FXGL system data
19:18:07.054 [JavaFX Application Thread] DEBUG FileSystemAccess     - Writing to: C:\Users\Administrator\IdeaProjects\LearningFXGL\system\fxgl.bundle
19:18:07.055 [JavaFX Application Thread] DEBUG Async                - Shutting down background threads
19:18:07.055 [JavaFX Application Thread] DEBUG PrimaryStageWindow   - Closing main window
19:18:07.063 [JavaFX Application Thread] DEBUG Logger               - Closing Logger
