17:57:14.573 [main                     ] DEBUG Logger               - Configured Logger
17:57:14.587 [main                     ] DEBUG GameApplication      - Logging settings
Title: DemoApp
Version: 0.1
Width: 800
Height: 600
Fullscreen: false
Intro: false
Profiling: false
Single step:false
App Mode: DEVELOPER
Menu Key: ESCAPE
Stage Style: DECORATED
Scene Factory: class com.almasb.fxgl.app.scene.SceneFactory

17:57:14.784 [JavaFX Application Thread] DEBUG FXGLApplication      - Initializing FXGL
17:57:14.786 [JavaFX Application Thread] INFO  Engine               - FXGL-17.3 (30.03.2023 11.49) on WINDOWS (J:21.0.1 FX:20)
17:57:14.786 [JavaFX Application Thread] DEBUG Engine               - JRE Vendor Name: Oracle Corporation
17:57:14.786 [JavaFX Application Thread] DEBUG Engine               - Running on OS: Windows 11 version 10.0
17:57:14.786 [JavaFX Application Thread] DEBUG Engine               - Architecture: amd64
17:57:14.786 [JavaFX Application Thread] INFO  Engine               - Source code and latest versions at: https://github.com/AlmasB/FXGL
17:57:14.786 [JavaFX Application Thread] INFO  Engine               -       Ask questions and discuss at: https://github.com/AlmasB/FXGL/discussions
17:57:14.786 [JavaFX Application Thread] INFO  Engine               -              Join the FXGL chat at: https://gitter.im/AlmasB/FXGL
17:57:14.827 [JavaFX Application Thread] DEBUG PrimaryStageWindow   - Creating a JavaFX scene
17:57:14.850 [JavaFX Application Thread] DEBUG PrimaryStageWindow   - Target settings size: 800.0 x 600.0
17:57:14.850 [JavaFX Application Thread] DEBUG PrimaryStageWindow   - Scaled scene size:    800.0 x 600.0
17:57:14.850 [JavaFX Application Thread] DEBUG PrimaryStageWindow   - Scaled ratio: (1.0, 1.0)
17:57:14.852 [JavaFX Application Thread] DEBUG PrimaryStageWindow   - Set initial scene to FXGLStartupScene
17:57:14.853 [JavaFX Application Thread] DEBUG PrimaryStageWindow   - Opening main window
17:57:14.893 [JavaFX Application Thread] DEBUG PrimaryStageWindow   - Window border size: (14.4000244140625, 37.5999755859375)
17:57:14.894 [JavaFX Application Thread] DEBUG PrimaryStageWindow   - Scaled size: 800.0 x 600.0
17:57:14.894 [JavaFX Application Thread] DEBUG PrimaryStageWindow   - Scaled ratio: (1.0, 1.0)
17:57:14.894 [JavaFX Application Thread] DEBUG PrimaryStageWindow   - Scene size: 800.0 x 600.0
17:57:14.894 [JavaFX Application Thread] DEBUG PrimaryStageWindow   - Stage size: 814.4000244140625 x 637.5999755859375
17:57:14.898 [FXGL Background Thread 1 ] DEBUG Engine               - Initializing environment variables
17:57:14.925 [FXGL Background Thread 1 ] DEBUG FXGLAssetLoaderServi - User app class for loading assets: class com.gamedemo.DemoApp
17:57:14.925 [FXGL Background Thread 1 ] DEBUG GameApplicationServi - Applying CSS: fxgl_dark.css
17:57:14.925 [FXGL Background Thread 1 ] DEBUG FXGLAssetLoaderServi - Loading from file system: jar:file:///C:/Users/Administrator/.m2/repository/com/github/almasb/fxgl/17.3/fxgl-17.3.jar!/fxglassets/ui/css/fxgl_dark.css
17:57:14.946 [FXGL Background Thread 1 ] DEBUG GameApplicationServi - Initializing application scenes
17:57:14.977 [FXGL Background Thread 1 ] DEBUG GameWorld            - Game world initialized
17:57:15.003 [FXGL Background Thread 1 ] DEBUG PhysicsWorld         - Physics world initialized: appHeight=600, physics.ppm=50.0
17:57:15.003 [FXGL Background Thread 1 ] DEBUG PhysicsWorld         - Using strategy: BRUTE_FORCE
17:57:15.005 [FXGL Background Thread 1 ] DEBUG GameScene            - Game scene initialized: 800x600
17:57:15.010 [FXGL Background Thread 1 ] DEBUG FXGL.DefaultMenu     - createMenuBodyMainMenu()
17:57:15.015 [FXGL Background Thread 1 ] DEBUG FXGL.DefaultMenu     - createOptionsMenu()
17:57:15.019 [FXGL Background Thread 1 ] DEBUG FXGLAssetLoaderServi - Loading from file system: jar:file:///C:/Users/Administrator/.m2/repository/com/github/almasb/fxgl/17.3/fxgl-17.3.jar!/fxglassets/textures/particles/smoke.png
17:57:15.061 [FXGL Background Thread 1 ] DEBUG FXGLAssetLoaderServi - Loading from file system: jar:file:///C:/Users/Administrator/.m2/repository/com/github/almasb/fxgl/17.3/fxgl-17.3.jar!/fxglassets/textures/particles/trace_horizontal.png
17:57:15.074 [FXGL Background Thread 1 ] DEBUG FXGL.DefaultMenu     - createMenuBodyGameMenu()
17:57:15.075 [FXGL Background Thread 1 ] DEBUG FXGL.DefaultMenu     - createOptionsMenu()
17:57:15.081 [FXGL Background Thread 1 ] DEBUG GameApplicationServi - Application scenes initialized
17:57:15.086 [FXGL Background Thread 1 ] DEBUG SystemBundleService  - Loading FXGL system data
17:57:15.088 [FXGL Background Thread 1 ] DEBUG FileSystemAccess     - Reading from: C:\Users\Administrator\IdeaProjects\LearningFXGL\system\fxgl.bundle
17:57:15.094 [FXGL Background Thread 1 ] DEBUG SystemBundleService  - Bundle FXGL: {}
17:57:15.094 [FXGL Background Thread 1 ] DEBUG UpdaterService       - Checking for updates
17:57:15.109 [FXGL Background Thread 4 ] DEBUG FXGLApplication      - Loading fonts
17:57:15.109 [FXGL Background Thread 1 ] DEBUG FXGLApplication      - Loading default localization
17:57:15.110 [FXGL Background Thread 4 ] DEBUG FXGLAssetLoaderServi - Loading from file system: jar:file:///C:/Users/Administrator/.m2/repository/com/github/almasb/fxgl/17.3/fxgl-17.3.jar!/fxglassets/ui/fonts/VarelaRound-Regular.ttf
17:57:15.110 [FXGL Background Thread 1 ] DEBUG FXGLAssetLoaderServi - Loading from file system: jar:file:///C:/Users/Administrator/.m2/repository/com/github/almasb/fxgl/17.3/fxgl-17.3.jar!/fxglassets/languages/english.lang
17:57:15.122 [FXGL Background Thread 1 ] INFO  FXGLApplication      - FXGL initialization took: 0.223 sec
17:57:15.126 [FXGL Background Thread 4 ] DEBUG FXGLAssetLoaderServi - Loading from file system: jar:file:///C:/Users/Administrator/.m2/repository/com/github/almasb/fxgl/17.3/fxgl-17.3.jar!/fxglassets/ui/fonts/Abel-Regular.ttf
17:57:15.128 [JavaFX Application Thread] DEBUG Input                - Registered new binding: MoveUp - Up
17:57:15.128 [FXGL Background Thread 4 ] DEBUG FXGLAssetLoaderServi - Loading from file system: jar:file:///C:/Users/Administrator/.m2/repository/com/github/almasb/fxgl/17.3/fxgl-17.3.jar!/fxglassets/ui/fonts/TerminalLandMono-Regular.otf
17:57:15.128 [JavaFX Application Thread] DEBUG Input                - Registered new binding: MoveDown - Down
17:57:15.128 [JavaFX Application Thread] DEBUG Input                - Registered new binding: MoveLeft - Left
17:57:15.128 [JavaFX Application Thread] DEBUG Input                - Registered new binding: MoveRight - Right
17:57:15.129 [JavaFX Application Thread] DEBUG FXGLAssetLoaderServi - Loading from file system: jar:file:///C:/Users/Administrator/.m2/repository/com/github/almasb/fxgl/17.3/fxgl-17.3.jar!/fxglassets/textures/fxgl_icon.png
17:57:15.129 [FXGL Background Thread 4 ] DEBUG FXGLAssetLoaderServi - Loading from file system: jar:file:///C:/Users/Administrator/.m2/repository/com/github/almasb/fxgl/17.3/fxgl-17.3.jar!/fxglassets/ui/fonts/Courier-Prime.ttf
17:57:15.137 [JavaFX Application Thread] DEBUG FXGLAssetLoaderServi - Loading from file system: jar:file:///C:/Users/Administrator/.m2/repository/com/github/almasb/fxgl/17.3/fxgl-17.3.jar!/fxglassets/textures/fxgl_default_cursor.png
17:57:15.139 [JavaFX Application Thread] DEBUG Input                - Registered new binding: Screenshot - CTRL+8
17:57:15.139 [JavaFX Application Thread] DEBUG Input                - Registered new binding: Dev Options - 1
17:57:15.139 [JavaFX Application Thread] DEBUG Input                - Registered new binding: Dev Console - 2
17:57:15.139 [JavaFX Application Thread] DEBUG Input                - Registered new binding: System info dump - CTRL+9
17:57:15.139 [JavaFX Application Thread] DEBUG Input                - Registered new binding: Restart - CTRL+R
17:57:15.140 [JavaFX Application Thread] DEBUG Input                - Registered new binding: Toggle Debug Camera - CTRL+7
17:57:15.142 [JavaFX Application Thread] DEBUG LoopRunner           - Starting loop
17:57:15.152 [JavaFX Application Thread] DEBUG LoopRunner           - Initializing JavaFX AnimationTimerLoop
17:57:15.154 [JavaFX Application Thread] DEBUG Input                - Clearing active input actions
17:57:15.157 [JavaFX Application Thread] DEBUG GameApplicationServi - Removing overlay from FXGLStartupScene and adding to FXGLMainMenuDummyScene
17:57:15.160 [JavaFX Application Thread] DEBUG PrimaryStageWindow   - FXGLStartupScene -> FXGLMainMenuDummyScene
17:57:15.160 [JavaFX Application Thread] DEBUG PrimaryStageWindow   - Push state: FXGLDefaultMenu
17:57:15.162 [JavaFX Application Thread] DEBUG Input                - Clearing active input actions
17:57:15.168 [JavaFX Application Thread] DEBUG GameApplicationServi - Removing overlay from FXGLMainMenuDummyScene and adding to FXGLDefaultMenu
17:57:15.171 [JavaFX Application Thread] DEBUG PrimaryStageWindow   - FXGLMainMenuDummyScene -> FXGLDefaultMenu
17:57:15.171 [JavaFX Application Thread] DEBUG FXGLApplication      - Registering font factories with UI factory
17:57:15.189 [FXGL Background Thread 2 ] WARN  UpdaterService       - Failed to find updates: java.net.UnknownHostException: raw.githubusercontent.com
17:57:16.090 [JavaFX Application Thread] DEBUG Menu                 - fireNewGame()
17:57:16.090 [JavaFX Application Thread] DEBUG GameApplicationServi - Starting new game
17:57:16.090 [JavaFX Application Thread] DEBUG PrimaryStageWindow   - Pop state: FXGLDefaultMenu
17:57:16.090 [JavaFX Application Thread] DEBUG Input                - Clearing active input actions
17:57:16.091 [JavaFX Application Thread] DEBUG GameApplicationServi - Removing overlay from FXGLDefaultMenu and adding to FXGLMainMenuDummyScene
17:57:16.093 [JavaFX Application Thread] DEBUG PrimaryStageWindow   - FXGLMainMenuDummyScene <- FXGLDefaultMenu
17:57:16.093 [JavaFX Application Thread] DEBUG Input                - Clearing active input actions
17:57:16.097 [JavaFX Application Thread] DEBUG GameApplicationServi - Removing overlay from FXGLMainMenuDummyScene and adding to FXGLLoadingScene
17:57:16.097 [JavaFX Application Thread] DEBUG PrimaryStageWindow   - FXGLMainMenuDummyScene -> FXGLLoadingScene
17:57:16.097 [JavaFX Application Thread] DEBUG GameApplicationServi - Clearing previous game
17:57:16.097 [JavaFX Application Thread] DEBUG GameScene            - Clearing game scene
17:57:16.097 [JavaFX Application Thread] DEBUG GameWorld            - Clearing game world
17:57:16.097 [JavaFX Application Thread] DEBUG PhysicsWorld         - Clearing physics world
17:57:16.099 [FXGL Background Thread 2 ] DEBUG FXGLApplication      - Initializing game
17:57:16.146 [FXGL Background Thread 2 ] WARN  TMXLevelLoader       - TiledMap generated from 1.2.3. Supported version: 1.9.0. Some features may not be parsed fully.
17:57:16.157 [FXGL Background Thread 2 ] DEBUG TMXLevelLoader       - Parsed TiledMap: file:/C:/Users/Administrator/IdeaProjects/LearningFXGL/target/classes/assets/levels/level2.tmx
17:57:16.159 [FXGL Background Thread 2 ] DEBUG TMXLevelLoader       - Creating tile layer entities
17:57:16.160 [FXGL Background Thread 2 ] DEBUG TilesetLoader        - Loading view for layer Tile Layer 1
17:57:16.160 [FXGL Background Thread 2 ] DEBUG TilesetLoader        - Created buffer with size 800.0x600.0
17:57:16.163 [FXGL Background Thread 2 ] DEBUG TMXLevelLoader       - Creating object layer entities
17:57:16.166 [FXGL Background Thread 2 ] DEBUG FXGLAssetLoaderServi - Loading from file system: file:/C:/Users/Administrator/IdeaProjects/LearningFXGL/target/classes/assets/textures/player.png
17:57:16.171 [FXGL Background Thread 2 ] DEBUG FXGLAssetLoaderServi - Loading from file system: file:/C:/Users/Administrator/IdeaProjects/LearningFXGL/target/classes/assets/textures/sprite.png
17:57:16.177 [FXGL Background Thread 2 ] DEBUG FXGLAssetLoaderServi - Loading from file system: file:/C:/Users/Administrator/IdeaProjects/LearningFXGL/target/classes/assets/textures/pill.png
17:57:16.193 [FXGL Background Thread 2 ] DEBUG FXGLAssetLoaderServi - Loading from file system: file:/C:/Users/Administrator/IdeaProjects/LearningFXGL/target/classes/assets/textures/Ghost1.gif
17:57:16.194 [FXGL Background Thread 2 ] DEBUG FXGLAssetLoaderServi - Loading from file system: file:/C:/Users/Administrator/IdeaProjects/LearningFXGL/target/classes/assets/textures/Ghost2.gif
17:57:16.210 [FXGL Background Thread 2 ] DEBUG GameWorld            - Clearing removable entities
17:57:16.210 [FXGL Background Thread 2 ] DEBUG GameWorld            - Setting level: com.almasb.fxgl.entity.level.Level@775f1a1f
17:57:16.214 [FXGL Background Thread 2 ] INFO  FXGLApplication      - Game initialization took: 0.116 sec
17:57:16.215 [JavaFX Application Thread] DEBUG Input                - Clearing active input actions
17:57:16.217 [JavaFX Application Thread] DEBUG GameApplicationServi - Removing overlay from FXGLLoadingScene and adding to GameScene
17:57:16.218 [JavaFX Application Thread] DEBUG PrimaryStageWindow   - FXGLLoadingScene -> GameScene
17:57:17.229 [JavaFX Application Thread] DEBUG FXGLApplication      - Exiting FXGL
17:57:17.230 [JavaFX Application Thread] DEBUG LoopRunner           - Stopping loop
17:57:17.230 [JavaFX Application Thread] DEBUG SystemBundleService  - Saving FXGL system data
17:57:17.231 [JavaFX Application Thread] DEBUG FileSystemAccess     - Writing to: C:\Users\Administrator\IdeaProjects\LearningFXGL\system\fxgl.bundle
17:57:17.233 [JavaFX Application Thread] DEBUG Async                - Shutting down background threads
17:57:17.233 [JavaFX Application Thread] DEBUG PrimaryStageWindow   - Closing main window
17:57:17.240 [JavaFX Application Thread] DEBUG Logger               - Closing Logger
