17:41:05.665 [main                     ] DEBUG Logger               - Configured Logger
17:41:05.681 [main                     ] DEBUG GameApplication      - Logging settings
Title: DemoApp
Version: 0.1
Width: 800
Height: 600
Fullscreen: false
Intro: false
Profiling: false
Single step:false
App Mode: DEVELOPER
Menu Key: ESCAPE
Stage Style: DECORATED
Scene Factory: class com.almasb.fxgl.app.scene.SceneFactory

17:41:05.874 [JavaFX Application Thread] DEBUG FXGLApplication      - Initializing FXGL
17:41:05.876 [JavaFX Application Thread] INFO  Engine               - FXGL-17.3 (30.03.2023 11.49) on WINDOWS (J:21.0.1 FX:20)
17:41:05.877 [JavaFX Application Thread] DEBUG Engine               - JRE Vendor Name: Oracle Corporation
17:41:05.877 [JavaFX Application Thread] DEBUG Engine               - Running on OS: Windows 11 version 10.0
17:41:05.877 [JavaFX Application Thread] DEBUG Engine               - Architecture: amd64
17:41:05.877 [JavaFX Application Thread] INFO  Engine               - Source code and latest versions at: https://github.com/AlmasB/FXGL
17:41:05.877 [JavaFX Application Thread] INFO  Engine               -       Ask questions and discuss at: https://github.com/AlmasB/FXGL/discussions
17:41:05.877 [JavaFX Application Thread] INFO  Engine               -              Join the FXGL chat at: https://gitter.im/AlmasB/FXGL
17:41:05.919 [JavaFX Application Thread] DEBUG PrimaryStageWindow   - Creating a JavaFX scene
17:41:05.941 [JavaFX Application Thread] DEBUG PrimaryStageWindow   - Target settings size: 800.0 x 600.0
17:41:05.941 [JavaFX Application Thread] DEBUG PrimaryStageWindow   - Scaled scene size:    800.0 x 600.0
17:41:05.941 [JavaFX Application Thread] DEBUG PrimaryStageWindow   - Scaled ratio: (1.0, 1.0)
17:41:05.942 [JavaFX Application Thread] DEBUG PrimaryStageWindow   - Set initial scene to FXGLStartupScene
17:41:05.944 [JavaFX Application Thread] DEBUG PrimaryStageWindow   - Opening main window
17:41:05.984 [JavaFX Application Thread] DEBUG PrimaryStageWindow   - Window border size: (14.4000244140625, 37.5999755859375)
17:41:05.984 [JavaFX Application Thread] DEBUG PrimaryStageWindow   - Scaled size: 800.0 x 600.0
17:41:05.984 [JavaFX Application Thread] DEBUG PrimaryStageWindow   - Scaled ratio: (1.0, 1.0)
17:41:05.984 [JavaFX Application Thread] DEBUG PrimaryStageWindow   - Scene size: 800.0 x 600.0
17:41:05.984 [JavaFX Application Thread] DEBUG PrimaryStageWindow   - Stage size: 814.4000244140625 x 637.5999755859375
17:41:05.988 [FXGL Background Thread 1 ] DEBUG Engine               - Initializing environment variables
17:41:06.016 [FXGL Background Thread 1 ] DEBUG FXGLAssetLoaderServi - User app class for loading assets: class com.gamedemo.DemoApp
17:41:06.017 [FXGL Background Thread 1 ] DEBUG GameApplicationServi - Applying CSS: fxgl_dark.css
17:41:06.017 [FXGL Background Thread 1 ] DEBUG FXGLAssetLoaderServi - Loading from file system: jar:file:///C:/Users/Administrator/.m2/repository/com/github/almasb/fxgl/17.3/fxgl-17.3.jar!/fxglassets/ui/css/fxgl_dark.css
17:41:06.036 [FXGL Background Thread 1 ] DEBUG GameApplicationServi - Initializing application scenes
17:41:06.065 [FXGL Background Thread 1 ] DEBUG GameWorld            - Game world initialized
17:41:06.092 [FXGL Background Thread 1 ] DEBUG PhysicsWorld         - Physics world initialized: appHeight=600, physics.ppm=50.0
17:41:06.092 [FXGL Background Thread 1 ] DEBUG PhysicsWorld         - Using strategy: BRUTE_FORCE
17:41:06.094 [FXGL Background Thread 1 ] DEBUG GameScene            - Game scene initialized: 800x600
17:41:06.099 [FXGL Background Thread 1 ] DEBUG FXGL.DefaultMenu     - createMenuBodyMainMenu()
17:41:06.104 [FXGL Background Thread 1 ] DEBUG FXGL.DefaultMenu     - createOptionsMenu()
17:41:06.108 [FXGL Background Thread 1 ] DEBUG FXGLAssetLoaderServi - Loading from file system: jar:file:///C:/Users/Administrator/.m2/repository/com/github/almasb/fxgl/17.3/fxgl-17.3.jar!/fxglassets/textures/particles/smoke.png
17:41:06.152 [FXGL Background Thread 1 ] DEBUG FXGLAssetLoaderServi - Loading from file system: jar:file:///C:/Users/Administrator/.m2/repository/com/github/almasb/fxgl/17.3/fxgl-17.3.jar!/fxglassets/textures/particles/trace_horizontal.png
17:41:06.168 [FXGL Background Thread 1 ] DEBUG FXGL.DefaultMenu     - createMenuBodyGameMenu()
17:41:06.168 [FXGL Background Thread 1 ] DEBUG FXGL.DefaultMenu     - createOptionsMenu()
17:41:06.174 [FXGL Background Thread 1 ] DEBUG GameApplicationServi - Application scenes initialized
17:41:06.180 [FXGL Background Thread 1 ] DEBUG SystemBundleService  - Loading FXGL system data
17:41:06.182 [FXGL Background Thread 1 ] DEBUG FileSystemAccess     - Reading from: C:\Users\Administrator\IdeaProjects\LearningFXGL\system\fxgl.bundle
17:41:06.186 [FXGL Background Thread 1 ] DEBUG SystemBundleService  - Bundle FXGL: {}
17:41:06.186 [FXGL Background Thread 1 ] DEBUG UpdaterService       - Checking for updates
17:41:06.198 [FXGL Background Thread 4 ] DEBUG FXGLApplication      - Loading fonts
17:41:06.199 [FXGL Background Thread 4 ] DEBUG FXGLAssetLoaderServi - Loading from file system: jar:file:///C:/Users/Administrator/.m2/repository/com/github/almasb/fxgl/17.3/fxgl-17.3.jar!/fxglassets/ui/fonts/VarelaRound-Regular.ttf
17:41:06.199 [FXGL Background Thread 1 ] DEBUG FXGLApplication      - Loading default localization
17:41:06.199 [FXGL Background Thread 1 ] DEBUG FXGLAssetLoaderServi - Loading from file system: jar:file:///C:/Users/Administrator/.m2/repository/com/github/almasb/fxgl/17.3/fxgl-17.3.jar!/fxglassets/languages/english.lang
17:41:06.210 [FXGL Background Thread 1 ] INFO  FXGLApplication      - FXGL initialization took: 0.221 sec
17:41:06.214 [FXGL Background Thread 4 ] DEBUG FXGLAssetLoaderServi - Loading from file system: jar:file:///C:/Users/Administrator/.m2/repository/com/github/almasb/fxgl/17.3/fxgl-17.3.jar!/fxglassets/ui/fonts/Abel-Regular.ttf
17:41:06.214 [JavaFX Application Thread] DEBUG Input                - Registered new binding: MoveUp - Up
17:41:06.215 [JavaFX Application Thread] DEBUG Input                - Registered new binding: MoveDown - Down
17:41:06.215 [JavaFX Application Thread] DEBUG Input                - Registered new binding: MoveLeft - Left
17:41:06.215 [JavaFX Application Thread] DEBUG Input                - Registered new binding: MoveRight - Right
17:41:06.215 [JavaFX Application Thread] DEBUG FXGLAssetLoaderServi - Loading from file system: jar:file:///C:/Users/Administrator/.m2/repository/com/github/almasb/fxgl/17.3/fxgl-17.3.jar!/fxglassets/textures/fxgl_icon.png
17:41:06.215 [FXGL Background Thread 4 ] DEBUG FXGLAssetLoaderServi - Loading from file system: jar:file:///C:/Users/Administrator/.m2/repository/com/github/almasb/fxgl/17.3/fxgl-17.3.jar!/fxglassets/ui/fonts/TerminalLandMono-Regular.otf
17:41:06.217 [FXGL Background Thread 4 ] DEBUG FXGLAssetLoaderServi - Loading from file system: jar:file:///C:/Users/Administrator/.m2/repository/com/github/almasb/fxgl/17.3/fxgl-17.3.jar!/fxglassets/ui/fonts/Courier-Prime.ttf
17:41:06.225 [JavaFX Application Thread] DEBUG FXGLAssetLoaderServi - Loading from file system: jar:file:///C:/Users/Administrator/.m2/repository/com/github/almasb/fxgl/17.3/fxgl-17.3.jar!/fxglassets/textures/fxgl_default_cursor.png
17:41:06.227 [JavaFX Application Thread] DEBUG Input                - Registered new binding: Screenshot - CTRL+8
17:41:06.227 [JavaFX Application Thread] DEBUG Input                - Registered new binding: Dev Options - 1
17:41:06.227 [JavaFX Application Thread] DEBUG Input                - Registered new binding: Dev Console - 2
17:41:06.227 [JavaFX Application Thread] DEBUG Input                - Registered new binding: System info dump - CTRL+9
17:41:06.228 [JavaFX Application Thread] DEBUG Input                - Registered new binding: Restart - CTRL+R
17:41:06.228 [JavaFX Application Thread] DEBUG Input                - Registered new binding: Toggle Debug Camera - CTRL+7
17:41:06.230 [JavaFX Application Thread] DEBUG LoopRunner           - Starting loop
17:41:06.237 [JavaFX Application Thread] DEBUG LoopRunner           - Initializing JavaFX AnimationTimerLoop
17:41:06.239 [JavaFX Application Thread] DEBUG Input                - Clearing active input actions
17:41:06.243 [JavaFX Application Thread] DEBUG GameApplicationServi - Removing overlay from FXGLStartupScene and adding to FXGLMainMenuDummyScene
17:41:06.245 [JavaFX Application Thread] DEBUG PrimaryStageWindow   - FXGLStartupScene -> FXGLMainMenuDummyScene
17:41:06.245 [JavaFX Application Thread] DEBUG PrimaryStageWindow   - Push state: FXGLDefaultMenu
17:41:06.248 [JavaFX Application Thread] DEBUG Input                - Clearing active input actions
17:41:06.251 [JavaFX Application Thread] DEBUG GameApplicationServi - Removing overlay from FXGLMainMenuDummyScene and adding to FXGLDefaultMenu
17:41:06.251 [JavaFX Application Thread] DEBUG PrimaryStageWindow   - FXGLMainMenuDummyScene -> FXGLDefaultMenu
17:41:06.251 [JavaFX Application Thread] DEBUG FXGLApplication      - Registering font factories with UI factory
17:41:06.286 [FXGL Background Thread 2 ] WARN  UpdaterService       - Failed to find updates: java.net.UnknownHostException: raw.githubusercontent.com
17:41:06.998 [JavaFX Application Thread] DEBUG Menu                 - fireNewGame()
17:41:06.998 [JavaFX Application Thread] DEBUG GameApplicationServi - Starting new game
17:41:06.999 [JavaFX Application Thread] DEBUG PrimaryStageWindow   - Pop state: FXGLDefaultMenu
17:41:06.999 [JavaFX Application Thread] DEBUG Input                - Clearing active input actions
17:41:07.000 [JavaFX Application Thread] DEBUG GameApplicationServi - Removing overlay from FXGLDefaultMenu and adding to FXGLMainMenuDummyScene
17:41:07.003 [JavaFX Application Thread] DEBUG PrimaryStageWindow   - FXGLMainMenuDummyScene <- FXGLDefaultMenu
17:41:07.003 [JavaFX Application Thread] DEBUG Input                - Clearing active input actions
17:41:07.007 [JavaFX Application Thread] DEBUG GameApplicationServi - Removing overlay from FXGLMainMenuDummyScene and adding to FXGLLoadingScene
17:41:07.007 [JavaFX Application Thread] DEBUG PrimaryStageWindow   - FXGLMainMenuDummyScene -> FXGLLoadingScene
17:41:07.007 [JavaFX Application Thread] DEBUG GameApplicationServi - Clearing previous game
17:41:07.007 [JavaFX Application Thread] DEBUG GameScene            - Clearing game scene
17:41:07.007 [JavaFX Application Thread] DEBUG GameWorld            - Clearing game world
17:41:07.007 [JavaFX Application Thread] DEBUG PhysicsWorld         - Clearing physics world
17:41:07.009 [FXGL Background Thread 2 ] DEBUG FXGLApplication      - Initializing game
17:41:07.052 [FXGL Background Thread 2 ] WARN  TMXLevelLoader       - TiledMap generated from 1.11.0. Supported version: 1.9.0. Some features may not be parsed fully.
17:41:07.066 [FXGL Background Thread 2 ] DEBUG TMXLevelLoader       - Parsed TiledMap: file:/C:/Users/Administrator/IdeaProjects/LearningFXGL/target/classes/assets/levels/level1.tmx
17:41:07.067 [FXGL Background Thread 2 ] DEBUG TMXLevelLoader       - Creating tile layer entities
17:41:07.069 [FXGL Background Thread 2 ] DEBUG TilesetLoader        - Loading view for layer Tile Layer 1
17:41:07.070 [FXGL Background Thread 2 ] DEBUG TilesetLoader        - Created buffer with size 800.0x600.0
17:41:07.073 [FXGL Background Thread 2 ] DEBUG TMXLevelLoader       - Creating object layer entities
17:41:07.076 [FXGL Background Thread 2 ] DEBUG FXGLAssetLoaderServi - Loading from file system: file:/C:/Users/Administrator/IdeaProjects/LearningFXGL/target/classes/assets/textures/player.png
17:41:07.081 [FXGL Background Thread 2 ] DEBUG FXGLAssetLoaderServi - Loading from file system: file:/C:/Users/Administrator/IdeaProjects/LearningFXGL/target/classes/assets/textures/sprite.png
17:41:07.088 [FXGL Background Thread 2 ] DEBUG FXGLAssetLoaderServi - Loading from file system: file:/C:/Users/Administrator/IdeaProjects/LearningFXGL/target/classes/assets/textures/pill.png
17:41:07.122 [FXGL Background Thread 2 ] DEBUG FXGLAssetLoaderServi - Loading from file system: file:/C:/Users/Administrator/IdeaProjects/LearningFXGL/target/classes/assets/textures/Ghost1.gif
17:41:07.123 [FXGL Background Thread 2 ] DEBUG FXGLAssetLoaderServi - Loading from file system: file:/C:/Users/Administrator/IdeaProjects/LearningFXGL/target/classes/assets/textures/Ghost2.gif
17:41:07.124 [FXGL Background Thread 2 ] DEBUG GameWorld            - Clearing removable entities
17:41:07.124 [FXGL Background Thread 2 ] DEBUG GameWorld            - Setting level: com.almasb.fxgl.entity.level.Level@79ce9e3b
17:41:07.128 [FXGL Background Thread 2 ] INFO  FXGLApplication      - Game initialization took: 0.120 sec
17:41:07.128 [JavaFX Application Thread] DEBUG Input                - Clearing active input actions
17:41:07.131 [JavaFX Application Thread] DEBUG GameApplicationServi - Removing overlay from FXGLLoadingScene and adding to GameScene
17:41:07.132 [JavaFX Application Thread] DEBUG PrimaryStageWindow   - FXGLLoadingScene -> GameScene
17:41:08.832 [JavaFX Application Thread] DEBUG FXGLApplication      - Exiting FXGL
17:41:08.832 [JavaFX Application Thread] DEBUG LoopRunner           - Stopping loop
17:41:08.833 [JavaFX Application Thread] DEBUG SystemBundleService  - Saving FXGL system data
17:41:08.834 [JavaFX Application Thread] DEBUG FileSystemAccess     - Writing to: C:\Users\Administrator\IdeaProjects\LearningFXGL\system\fxgl.bundle
17:41:08.835 [JavaFX Application Thread] DEBUG Async                - Shutting down background threads
17:41:08.835 [JavaFX Application Thread] DEBUG PrimaryStageWindow   - Closing main window
17:41:08.844 [JavaFX Application Thread] DEBUG Logger               - Closing Logger
