21:42:09.731 [main                     ] DEBUG Logger               - Configured Logger
21:42:09.745 [main                     ] DEBUG GameApplication      - Logging settings
Title: DemoApp
Version: 0.1
Width: 800
Height: 600
Fullscreen: false
Intro: false
Profiling: false
Single step:false
App Mode: DEVELOPER
Menu Key: ESCAPE
Stage Style: DECORATED
Scene Factory: class com.almasb.fxgl.app.scene.SceneFactory

21:42:09.945 [JavaFX Application Thread] DEBUG FXGLApplication      - Initializing FXGL
21:42:09.947 [JavaFX Application Thread] INFO  Engine               - FXGL-17.3 (30.03.2023 11.49) on WINDOWS (J:21.0.1 FX:20)
21:42:09.947 [JavaFX Application Thread] DEBUG Engine               - JRE Vendor Name: Oracle Corporation
21:42:09.947 [JavaFX Application Thread] DEBUG Engine               - Running on OS: Windows 11 version 10.0
21:42:09.947 [JavaFX Application Thread] DEBUG Engine               - Architecture: amd64
21:42:09.947 [JavaFX Application Thread] INFO  Engine               - Source code and latest versions at: https://github.com/AlmasB/FXGL
21:42:09.947 [JavaFX Application Thread] INFO  Engine               -       Ask questions and discuss at: https://github.com/AlmasB/FXGL/discussions
21:42:09.947 [JavaFX Application Thread] INFO  Engine               -              Join the FXGL chat at: https://gitter.im/AlmasB/FXGL
21:42:09.989 [JavaFX Application Thread] DEBUG PrimaryStageWindow   - Creating a JavaFX scene
21:42:10.013 [JavaFX Application Thread] DEBUG PrimaryStageWindow   - Target settings size: 800.0 x 600.0
21:42:10.013 [JavaFX Application Thread] DEBUG PrimaryStageWindow   - Scaled scene size:    800.0 x 600.0
21:42:10.013 [JavaFX Application Thread] DEBUG PrimaryStageWindow   - Scaled ratio: (1.0, 1.0)
21:42:10.014 [JavaFX Application Thread] DEBUG PrimaryStageWindow   - Set initial scene to FXGLStartupScene
21:42:10.015 [JavaFX Application Thread] DEBUG PrimaryStageWindow   - Opening main window
21:42:10.057 [JavaFX Application Thread] DEBUG PrimaryStageWindow   - Window border size: (14.4000244140625, 37.5999755859375)
21:42:10.057 [JavaFX Application Thread] DEBUG PrimaryStageWindow   - Scaled size: 800.0 x 600.0
21:42:10.057 [JavaFX Application Thread] DEBUG PrimaryStageWindow   - Scaled ratio: (1.0, 1.0)
21:42:10.057 [JavaFX Application Thread] DEBUG PrimaryStageWindow   - Scene size: 800.0 x 600.0
21:42:10.057 [JavaFX Application Thread] DEBUG PrimaryStageWindow   - Stage size: 814.4000244140625 x 637.5999755859375
21:42:10.061 [FXGL Background Thread 1 ] DEBUG Engine               - Initializing environment variables
21:42:10.087 [FXGL Background Thread 1 ] DEBUG FXGLAssetLoaderServi - User app class for loading assets: class com.gamedemo.DemoApp
21:42:10.087 [FXGL Background Thread 1 ] DEBUG GameApplicationServi - Applying CSS: fxgl_dark.css
21:42:10.088 [FXGL Background Thread 1 ] DEBUG FXGLAssetLoaderServi - Loading from file system: jar:file:///C:/Users/Administrator/.m2/repository/com/github/almasb/fxgl/17.3/fxgl-17.3.jar!/fxglassets/ui/css/fxgl_dark.css
21:42:10.107 [FXGL Background Thread 1 ] DEBUG GameApplicationServi - Initializing application scenes
21:42:10.141 [FXGL Background Thread 1 ] DEBUG GameWorld            - Game world initialized
21:42:10.166 [FXGL Background Thread 1 ] DEBUG PhysicsWorld         - Physics world initialized: appHeight=600, physics.ppm=50.0
21:42:10.166 [FXGL Background Thread 1 ] DEBUG PhysicsWorld         - Using strategy: BRUTE_FORCE
21:42:10.169 [FXGL Background Thread 1 ] DEBUG GameScene            - Game scene initialized: 800x600
21:42:10.174 [FXGL Background Thread 1 ] DEBUG FXGL.DefaultMenu     - createMenuBodyMainMenu()
21:42:10.179 [FXGL Background Thread 1 ] DEBUG FXGL.DefaultMenu     - createOptionsMenu()
21:42:10.183 [FXGL Background Thread 1 ] DEBUG FXGLAssetLoaderServi - Loading from file system: jar:file:///C:/Users/Administrator/.m2/repository/com/github/almasb/fxgl/17.3/fxgl-17.3.jar!/fxglassets/textures/particles/smoke.png
21:42:10.226 [FXGL Background Thread 1 ] DEBUG FXGLAssetLoaderServi - Loading from file system: jar:file:///C:/Users/Administrator/.m2/repository/com/github/almasb/fxgl/17.3/fxgl-17.3.jar!/fxglassets/textures/particles/trace_horizontal.png
21:42:10.244 [FXGL Background Thread 1 ] DEBUG FXGL.DefaultMenu     - createMenuBodyGameMenu()
21:42:10.245 [FXGL Background Thread 1 ] DEBUG FXGL.DefaultMenu     - createOptionsMenu()
21:42:10.250 [FXGL Background Thread 1 ] DEBUG GameApplicationServi - Application scenes initialized
21:42:10.256 [FXGL Background Thread 1 ] DEBUG SystemBundleService  - Loading FXGL system data
21:42:10.257 [FXGL Background Thread 1 ] DEBUG FileSystemAccess     - Reading from: C:\Users\Administrator\IdeaProjects\LearningFXGL\system\fxgl.bundle
21:42:10.262 [FXGL Background Thread 1 ] DEBUG SystemBundleService  - Bundle FXGL: {}
21:42:10.262 [FXGL Background Thread 1 ] DEBUG UpdaterService       - Checking for updates
21:42:10.275 [FXGL Background Thread 4 ] DEBUG FXGLApplication      - Loading fonts
21:42:10.275 [FXGL Background Thread 1 ] DEBUG FXGLApplication      - Loading default localization
21:42:10.275 [FXGL Background Thread 4 ] DEBUG FXGLAssetLoaderServi - Loading from file system: jar:file:///C:/Users/Administrator/.m2/repository/com/github/almasb/fxgl/17.3/fxgl-17.3.jar!/fxglassets/ui/fonts/VarelaRound-Regular.ttf
21:42:10.276 [FXGL Background Thread 1 ] DEBUG FXGLAssetLoaderServi - Loading from file system: jar:file:///C:/Users/Administrator/.m2/repository/com/github/almasb/fxgl/17.3/fxgl-17.3.jar!/fxglassets/languages/english.lang
21:42:10.284 [FXGL Background Thread 1 ] INFO  FXGLApplication      - FXGL initialization took: 0.223 sec
21:42:10.291 [JavaFX Application Thread] DEBUG Input                - Registered new binding: MoveUp - Up
21:42:10.291 [JavaFX Application Thread] DEBUG Input                - Registered new binding: MoveDown - Down
21:42:10.291 [JavaFX Application Thread] DEBUG Input                - Registered new binding: MoveLeft - Left
21:42:10.291 [JavaFX Application Thread] DEBUG Input                - Registered new binding: MoveRight - Right
21:42:10.292 [JavaFX Application Thread] DEBUG FXGLAssetLoaderServi - Loading from file system: jar:file:///C:/Users/Administrator/.m2/repository/com/github/almasb/fxgl/17.3/fxgl-17.3.jar!/fxglassets/textures/fxgl_icon.png
21:42:10.296 [FXGL Background Thread 4 ] DEBUG FXGLAssetLoaderServi - Loading from file system: jar:file:///C:/Users/Administrator/.m2/repository/com/github/almasb/fxgl/17.3/fxgl-17.3.jar!/fxglassets/ui/fonts/Abel-Regular.ttf
21:42:10.297 [FXGL Background Thread 4 ] DEBUG FXGLAssetLoaderServi - Loading from file system: jar:file:///C:/Users/Administrator/.m2/repository/com/github/almasb/fxgl/17.3/fxgl-17.3.jar!/fxglassets/ui/fonts/TerminalLandMono-Regular.otf
21:42:10.299 [FXGL Background Thread 4 ] DEBUG FXGLAssetLoaderServi - Loading from file system: jar:file:///C:/Users/Administrator/.m2/repository/com/github/almasb/fxgl/17.3/fxgl-17.3.jar!/fxglassets/ui/fonts/Courier-Prime.ttf
21:42:10.304 [JavaFX Application Thread] DEBUG FXGLAssetLoaderServi - Loading from file system: jar:file:///C:/Users/Administrator/.m2/repository/com/github/almasb/fxgl/17.3/fxgl-17.3.jar!/fxglassets/textures/fxgl_default_cursor.png
21:42:10.305 [JavaFX Application Thread] DEBUG Input                - Registered new binding: Screenshot - CTRL+8
21:42:10.305 [JavaFX Application Thread] DEBUG Input                - Registered new binding: Dev Options - 1
21:42:10.305 [JavaFX Application Thread] DEBUG Input                - Registered new binding: Dev Console - 2
21:42:10.306 [JavaFX Application Thread] DEBUG Input                - Registered new binding: System info dump - CTRL+9
21:42:10.306 [JavaFX Application Thread] DEBUG Input                - Registered new binding: Restart - CTRL+R
21:42:10.306 [JavaFX Application Thread] DEBUG Input                - Registered new binding: Toggle Debug Camera - CTRL+7
21:42:10.307 [JavaFX Application Thread] DEBUG LoopRunner           - Starting loop
21:42:10.315 [JavaFX Application Thread] DEBUG LoopRunner           - Initializing JavaFX AnimationTimerLoop
21:42:10.317 [JavaFX Application Thread] DEBUG Input                - Clearing active input actions
21:42:10.321 [JavaFX Application Thread] DEBUG GameApplicationServi - Removing overlay from FXGLStartupScene and adding to FXGLMainMenuDummyScene
21:42:10.324 [JavaFX Application Thread] DEBUG PrimaryStageWindow   - FXGLStartupScene -> FXGLMainMenuDummyScene
21:42:10.325 [JavaFX Application Thread] DEBUG PrimaryStageWindow   - Push state: FXGLDefaultMenu
21:42:10.328 [JavaFX Application Thread] DEBUG Input                - Clearing active input actions
21:42:10.330 [JavaFX Application Thread] DEBUG GameApplicationServi - Removing overlay from FXGLMainMenuDummyScene and adding to FXGLDefaultMenu
21:42:10.331 [JavaFX Application Thread] DEBUG PrimaryStageWindow   - FXGLMainMenuDummyScene -> FXGLDefaultMenu
21:42:10.339 [JavaFX Application Thread] DEBUG FXGLApplication      - Registering font factories with UI factory
21:42:10.360 [FXGL Background Thread 2 ] WARN  UpdaterService       - Failed to find updates: java.net.UnknownHostException: raw.githubusercontent.com
21:42:11.403 [JavaFX Application Thread] DEBUG Menu                 - fireNewGame()
21:42:11.403 [JavaFX Application Thread] DEBUG GameApplicationServi - Starting new game
21:42:11.405 [JavaFX Application Thread] DEBUG PrimaryStageWindow   - Pop state: FXGLDefaultMenu
21:42:11.405 [JavaFX Application Thread] DEBUG Input                - Clearing active input actions
21:42:11.405 [JavaFX Application Thread] DEBUG GameApplicationServi - Removing overlay from FXGLDefaultMenu and adding to FXGLMainMenuDummyScene
21:42:11.411 [JavaFX Application Thread] DEBUG PrimaryStageWindow   - FXGLMainMenuDummyScene <- FXGLDefaultMenu
21:42:11.411 [JavaFX Application Thread] DEBUG Input                - Clearing active input actions
21:42:11.416 [JavaFX Application Thread] DEBUG GameApplicationServi - Removing overlay from FXGLMainMenuDummyScene and adding to FXGLLoadingScene
21:42:11.416 [JavaFX Application Thread] DEBUG PrimaryStageWindow   - FXGLMainMenuDummyScene -> FXGLLoadingScene
21:42:11.416 [JavaFX Application Thread] DEBUG GameApplicationServi - Clearing previous game
21:42:11.416 [JavaFX Application Thread] DEBUG GameScene            - Clearing game scene
21:42:11.416 [JavaFX Application Thread] DEBUG GameWorld            - Clearing game world
21:42:11.416 [JavaFX Application Thread] DEBUG PhysicsWorld         - Clearing physics world
21:42:11.418 [FXGL Background Thread 2 ] DEBUG FXGLApplication      - Initializing game
21:42:11.452 [FXGL Background Thread 2 ] WARN  TMXLevelLoader       - TiledMap generated from 1.11.0. Supported version: 1.9.0. Some features may not be parsed fully.
21:42:11.462 [FXGL Background Thread 2 ] DEBUG TMXLevelLoader       - Parsed TiledMap: file:/C:/Users/Administrator/IdeaProjects/LearningFXGL/target/classes/assets/levels/level1.tmx
21:42:11.463 [FXGL Background Thread 2 ] DEBUG TMXLevelLoader       - Creating tile layer entities
21:42:11.465 [FXGL Background Thread 2 ] DEBUG TilesetLoader        - Loading view for layer Tile Layer 1
21:42:11.465 [FXGL Background Thread 2 ] DEBUG TilesetLoader        - Created buffer with size 800.0x600.0
21:42:11.468 [FXGL Background Thread 2 ] DEBUG TMXLevelLoader       - Creating object layer entities
21:42:11.471 [FXGL Background Thread 2 ] DEBUG FXGLAssetLoaderServi - Loading from file system: file:/C:/Users/Administrator/IdeaProjects/LearningFXGL/target/classes/assets/textures/player.png
21:42:11.476 [FXGL Background Thread 2 ] DEBUG FXGLAssetLoaderServi - Loading from file system: file:/C:/Users/Administrator/IdeaProjects/LearningFXGL/target/classes/assets/textures/sprite.png
21:42:11.484 [FXGL Background Thread 2 ] DEBUG FXGLAssetLoaderServi - Loading from file system: file:/C:/Users/Administrator/IdeaProjects/LearningFXGL/target/classes/assets/textures/pill.png
21:42:11.501 [FXGL Background Thread 2 ] DEBUG FXGLAssetLoaderServi - Loading from file system: file:/C:/Users/Administrator/IdeaProjects/LearningFXGL/target/classes/assets/textures/Ghost1.gif
21:42:11.501 [FXGL Background Thread 2 ] DEBUG FXGLAssetLoaderServi - Loading from file system: file:/C:/Users/Administrator/IdeaProjects/LearningFXGL/target/classes/assets/textures/Ghost2.gif
21:42:11.502 [FXGL Background Thread 2 ] DEBUG FXGLAssetLoaderServi - Loading from file system: file:/C:/Users/Administrator/IdeaProjects/LearningFXGL/target/classes/assets/textures/GhostScared1.gif
21:42:11.502 [FXGL Background Thread 2 ] DEBUG FXGLAssetLoaderServi - Loading from file system: file:/C:/Users/Administrator/IdeaProjects/LearningFXGL/target/classes/assets/textures/GhostScared2.gif
21:42:11.504 [FXGL Background Thread 2 ] DEBUG GameWorld            - Clearing removable entities
21:42:11.504 [FXGL Background Thread 2 ] DEBUG GameWorld            - Setting level: com.almasb.fxgl.entity.level.Level@2f867b00
21:42:11.509 [FXGL Background Thread 2 ] DEBUG FXGLAssetLoaderServi - Loading from file system: file:/C:/Users/Administrator/IdeaProjects/LearningFXGL/target/classes/assets/textures/PacMan2right.gif
21:42:11.510 [FXGL Background Thread 2 ] INFO  FXGLApplication      - Game initialization took: 0.092 sec
21:42:11.511 [JavaFX Application Thread] DEBUG Input                - Clearing active input actions
21:42:11.513 [JavaFX Application Thread] DEBUG GameApplicationServi - Removing overlay from FXGLLoadingScene and adding to GameScene
21:42:11.515 [JavaFX Application Thread] DEBUG PrimaryStageWindow   - FXGLLoadingScene -> GameScene
21:42:12.801 [JavaFX Application Thread] DEBUG FXGLApplication      - Exiting FXGL
21:42:12.801 [JavaFX Application Thread] DEBUG LoopRunner           - Stopping loop
21:42:12.801 [JavaFX Application Thread] DEBUG SystemBundleService  - Saving FXGL system data
21:42:12.802 [JavaFX Application Thread] DEBUG FileSystemAccess     - Writing to: C:\Users\Administrator\IdeaProjects\LearningFXGL\system\fxgl.bundle
21:42:12.803 [JavaFX Application Thread] DEBUG Async                - Shutting down background threads
21:42:12.803 [JavaFX Application Thread] DEBUG PrimaryStageWindow   - Closing main window
21:42:12.810 [JavaFX Application Thread] DEBUG Logger               - Closing Logger
