21:43:51.844 [main                     ] DEBUG Logger               - Configured Logger
21:43:51.859 [main                     ] DEBUG GameApplication      - Logging settings
Title: DemoApp
Version: 0.1
Width: 800
Height: 600
Fullscreen: false
Intro: false
Profiling: false
Single step:false
App Mode: DEVELOPER
Menu Key: ESCAPE
Stage Style: DECORATED
Scene Factory: class com.almasb.fxgl.app.scene.SceneFactory

21:43:52.055 [JavaFX Application Thread] DEBUG FXGLApplication      - Initializing FXGL
21:43:52.057 [JavaFX Application Thread] INFO  Engine               - FXGL-17.3 (30.03.2023 11.49) on WINDOWS (J:21.0.1 FX:20)
21:43:52.057 [JavaFX Application Thread] DEBUG Engine               - JRE Vendor Name: Oracle Corporation
21:43:52.057 [JavaFX Application Thread] DEBUG Engine               - Running on OS: Windows 11 version 10.0
21:43:52.057 [JavaFX Application Thread] DEBUG Engine               - Architecture: amd64
21:43:52.057 [JavaFX Application Thread] INFO  Engine               - Source code and latest versions at: https://github.com/AlmasB/FXGL
21:43:52.058 [JavaFX Application Thread] INFO  Engine               -       Ask questions and discuss at: https://github.com/AlmasB/FXGL/discussions
21:43:52.058 [JavaFX Application Thread] INFO  Engine               -              Join the FXGL chat at: https://gitter.im/AlmasB/FXGL
21:43:52.098 [JavaFX Application Thread] DEBUG PrimaryStageWindow   - Creating a JavaFX scene
21:43:52.121 [JavaFX Application Thread] DEBUG PrimaryStageWindow   - Target settings size: 800.0 x 600.0
21:43:52.121 [JavaFX Application Thread] DEBUG PrimaryStageWindow   - Scaled scene size:    800.0 x 600.0
21:43:52.121 [JavaFX Application Thread] DEBUG PrimaryStageWindow   - Scaled ratio: (1.0, 1.0)
21:43:52.122 [JavaFX Application Thread] DEBUG PrimaryStageWindow   - Set initial scene to FXGLStartupScene
21:43:52.123 [JavaFX Application Thread] DEBUG PrimaryStageWindow   - Opening main window
21:43:52.162 [JavaFX Application Thread] DEBUG PrimaryStageWindow   - Window border size: (14.4000244140625, 37.5999755859375)
21:43:52.162 [JavaFX Application Thread] DEBUG PrimaryStageWindow   - Scaled size: 800.0 x 600.0
21:43:52.163 [JavaFX Application Thread] DEBUG PrimaryStageWindow   - Scaled ratio: (1.0, 1.0)
21:43:52.163 [JavaFX Application Thread] DEBUG PrimaryStageWindow   - Scene size: 800.0 x 600.0
21:43:52.163 [JavaFX Application Thread] DEBUG PrimaryStageWindow   - Stage size: 814.4000244140625 x 637.5999755859375
21:43:52.167 [FXGL Background Thread 1 ] DEBUG Engine               - Initializing environment variables
21:43:52.193 [FXGL Background Thread 1 ] DEBUG FXGLAssetLoaderServi - User app class for loading assets: class com.gamedemo.DemoApp
21:43:52.193 [FXGL Background Thread 1 ] DEBUG GameApplicationServi - Applying CSS: fxgl_dark.css
21:43:52.194 [FXGL Background Thread 1 ] DEBUG FXGLAssetLoaderServi - Loading from file system: jar:file:///C:/Users/Administrator/.m2/repository/com/github/almasb/fxgl/17.3/fxgl-17.3.jar!/fxglassets/ui/css/fxgl_dark.css
21:43:52.212 [FXGL Background Thread 1 ] DEBUG GameApplicationServi - Initializing application scenes
21:43:52.243 [FXGL Background Thread 1 ] DEBUG GameWorld            - Game world initialized
21:43:52.268 [FXGL Background Thread 1 ] DEBUG PhysicsWorld         - Physics world initialized: appHeight=600, physics.ppm=50.0
21:43:52.268 [FXGL Background Thread 1 ] DEBUG PhysicsWorld         - Using strategy: BRUTE_FORCE
21:43:52.270 [FXGL Background Thread 1 ] DEBUG GameScene            - Game scene initialized: 800x600
21:43:52.275 [FXGL Background Thread 1 ] DEBUG FXGL.DefaultMenu     - createMenuBodyMainMenu()
21:43:52.280 [FXGL Background Thread 1 ] DEBUG FXGL.DefaultMenu     - createOptionsMenu()
21:43:52.284 [FXGL Background Thread 1 ] DEBUG FXGLAssetLoaderServi - Loading from file system: jar:file:///C:/Users/Administrator/.m2/repository/com/github/almasb/fxgl/17.3/fxgl-17.3.jar!/fxglassets/textures/particles/smoke.png
21:43:52.329 [FXGL Background Thread 1 ] DEBUG FXGLAssetLoaderServi - Loading from file system: jar:file:///C:/Users/Administrator/.m2/repository/com/github/almasb/fxgl/17.3/fxgl-17.3.jar!/fxglassets/textures/particles/trace_horizontal.png
21:43:52.344 [FXGL Background Thread 1 ] DEBUG FXGL.DefaultMenu     - createMenuBodyGameMenu()
21:43:52.344 [FXGL Background Thread 1 ] DEBUG FXGL.DefaultMenu     - createOptionsMenu()
21:43:52.350 [FXGL Background Thread 1 ] DEBUG GameApplicationServi - Application scenes initialized
21:43:52.356 [FXGL Background Thread 1 ] DEBUG SystemBundleService  - Loading FXGL system data
21:43:52.357 [FXGL Background Thread 1 ] DEBUG FileSystemAccess     - Reading from: C:\Users\Administrator\IdeaProjects\LearningFXGL\system\fxgl.bundle
21:43:52.362 [FXGL Background Thread 1 ] DEBUG SystemBundleService  - Bundle FXGL: {}
21:43:52.362 [FXGL Background Thread 1 ] DEBUG UpdaterService       - Checking for updates
21:43:52.379 [FXGL Background Thread 4 ] DEBUG FXGLApplication      - Loading fonts
21:43:52.380 [FXGL Background Thread 4 ] DEBUG FXGLAssetLoaderServi - Loading from file system: jar:file:///C:/Users/Administrator/.m2/repository/com/github/almasb/fxgl/17.3/fxgl-17.3.jar!/fxglassets/ui/fonts/VarelaRound-Regular.ttf
21:43:52.380 [FXGL Background Thread 1 ] DEBUG FXGLApplication      - Loading default localization
21:43:52.380 [FXGL Background Thread 1 ] DEBUG FXGLAssetLoaderServi - Loading from file system: jar:file:///C:/Users/Administrator/.m2/repository/com/github/almasb/fxgl/17.3/fxgl-17.3.jar!/fxglassets/languages/english.lang
21:43:52.390 [FXGL Background Thread 1 ] INFO  FXGLApplication      - FXGL initialization took: 0.224 sec
21:43:52.397 [JavaFX Application Thread] DEBUG Input                - Registered new binding: MoveUp - Up
21:43:52.398 [JavaFX Application Thread] DEBUG Input                - Registered new binding: MoveDown - Down
21:43:52.398 [FXGL Background Thread 4 ] DEBUG FXGLAssetLoaderServi - Loading from file system: jar:file:///C:/Users/Administrator/.m2/repository/com/github/almasb/fxgl/17.3/fxgl-17.3.jar!/fxglassets/ui/fonts/Abel-Regular.ttf
21:43:52.398 [JavaFX Application Thread] DEBUG Input                - Registered new binding: MoveLeft - Left
21:43:52.398 [JavaFX Application Thread] DEBUG Input                - Registered new binding: MoveRight - Right
21:43:52.398 [JavaFX Application Thread] DEBUG FXGLAssetLoaderServi - Loading from file system: jar:file:///C:/Users/Administrator/.m2/repository/com/github/almasb/fxgl/17.3/fxgl-17.3.jar!/fxglassets/textures/fxgl_icon.png
21:43:52.399 [FXGL Background Thread 4 ] DEBUG FXGLAssetLoaderServi - Loading from file system: jar:file:///C:/Users/Administrator/.m2/repository/com/github/almasb/fxgl/17.3/fxgl-17.3.jar!/fxglassets/ui/fonts/TerminalLandMono-Regular.otf
21:43:52.401 [FXGL Background Thread 4 ] DEBUG FXGLAssetLoaderServi - Loading from file system: jar:file:///C:/Users/Administrator/.m2/repository/com/github/almasb/fxgl/17.3/fxgl-17.3.jar!/fxglassets/ui/fonts/Courier-Prime.ttf
21:43:52.409 [JavaFX Application Thread] DEBUG FXGLAssetLoaderServi - Loading from file system: jar:file:///C:/Users/Administrator/.m2/repository/com/github/almasb/fxgl/17.3/fxgl-17.3.jar!/fxglassets/textures/fxgl_default_cursor.png
21:43:52.410 [JavaFX Application Thread] DEBUG Input                - Registered new binding: Screenshot - CTRL+8
21:43:52.411 [JavaFX Application Thread] DEBUG Input                - Registered new binding: Dev Options - 1
21:43:52.411 [JavaFX Application Thread] DEBUG Input                - Registered new binding: Dev Console - 2
21:43:52.411 [JavaFX Application Thread] DEBUG Input                - Registered new binding: System info dump - CTRL+9
21:43:52.411 [JavaFX Application Thread] DEBUG Input                - Registered new binding: Restart - CTRL+R
21:43:52.411 [JavaFX Application Thread] DEBUG Input                - Registered new binding: Toggle Debug Camera - CTRL+7
21:43:52.413 [JavaFX Application Thread] DEBUG LoopRunner           - Starting loop
21:43:52.420 [JavaFX Application Thread] DEBUG LoopRunner           - Initializing JavaFX AnimationTimerLoop
21:43:52.422 [JavaFX Application Thread] DEBUG Input                - Clearing active input actions
21:43:52.427 [JavaFX Application Thread] DEBUG GameApplicationServi - Removing overlay from FXGLStartupScene and adding to FXGLMainMenuDummyScene
21:43:52.431 [JavaFX Application Thread] DEBUG PrimaryStageWindow   - FXGLStartupScene -> FXGLMainMenuDummyScene
21:43:52.431 [JavaFX Application Thread] DEBUG PrimaryStageWindow   - Push state: FXGLDefaultMenu
21:43:52.435 [JavaFX Application Thread] DEBUG Input                - Clearing active input actions
21:43:52.438 [JavaFX Application Thread] DEBUG GameApplicationServi - Removing overlay from FXGLMainMenuDummyScene and adding to FXGLDefaultMenu
21:43:52.438 [JavaFX Application Thread] DEBUG PrimaryStageWindow   - FXGLMainMenuDummyScene -> FXGLDefaultMenu
21:43:52.438 [JavaFX Application Thread] DEBUG FXGLApplication      - Registering font factories with UI factory
21:43:52.462 [FXGL Background Thread 2 ] WARN  UpdaterService       - Failed to find updates: java.net.UnknownHostException: raw.githubusercontent.com
21:43:53.093 [JavaFX Application Thread] DEBUG Menu                 - fireNewGame()
21:43:53.094 [JavaFX Application Thread] DEBUG GameApplicationServi - Starting new game
21:43:53.094 [JavaFX Application Thread] DEBUG PrimaryStageWindow   - Pop state: FXGLDefaultMenu
21:43:53.094 [JavaFX Application Thread] DEBUG Input                - Clearing active input actions
21:43:53.095 [JavaFX Application Thread] DEBUG GameApplicationServi - Removing overlay from FXGLDefaultMenu and adding to FXGLMainMenuDummyScene
21:43:53.096 [JavaFX Application Thread] DEBUG PrimaryStageWindow   - FXGLMainMenuDummyScene <- FXGLDefaultMenu
21:43:53.096 [JavaFX Application Thread] DEBUG Input                - Clearing active input actions
21:43:53.100 [JavaFX Application Thread] DEBUG GameApplicationServi - Removing overlay from FXGLMainMenuDummyScene and adding to FXGLLoadingScene
21:43:53.101 [JavaFX Application Thread] DEBUG PrimaryStageWindow   - FXGLMainMenuDummyScene -> FXGLLoadingScene
21:43:53.101 [JavaFX Application Thread] DEBUG GameApplicationServi - Clearing previous game
21:43:53.101 [JavaFX Application Thread] DEBUG GameScene            - Clearing game scene
21:43:53.101 [JavaFX Application Thread] DEBUG GameWorld            - Clearing game world
21:43:53.101 [JavaFX Application Thread] DEBUG PhysicsWorld         - Clearing physics world
21:43:53.103 [FXGL Background Thread 2 ] DEBUG FXGLApplication      - Initializing game
21:43:53.134 [FXGL Background Thread 2 ] WARN  TMXLevelLoader       - TiledMap generated from 1.11.0. Supported version: 1.9.0. Some features may not be parsed fully.
21:43:53.142 [FXGL Background Thread 2 ] DEBUG TMXLevelLoader       - Parsed TiledMap: file:/C:/Users/Administrator/IdeaProjects/LearningFXGL/target/classes/assets/levels/level1.tmx
21:43:53.143 [FXGL Background Thread 2 ] DEBUG TMXLevelLoader       - Creating tile layer entities
21:43:53.144 [FXGL Background Thread 2 ] DEBUG TilesetLoader        - Loading view for layer Tile Layer 1
21:43:53.145 [FXGL Background Thread 2 ] DEBUG TilesetLoader        - Created buffer with size 800.0x600.0
21:43:53.153 [FXGL Background Thread 2 ] DEBUG TMXLevelLoader       - Creating object layer entities
21:43:53.156 [FXGL Background Thread 2 ] DEBUG FXGLAssetLoaderServi - Loading from file system: file:/C:/Users/Administrator/IdeaProjects/LearningFXGL/target/classes/assets/textures/player.png
21:43:53.160 [FXGL Background Thread 2 ] DEBUG FXGLAssetLoaderServi - Loading from file system: file:/C:/Users/Administrator/IdeaProjects/LearningFXGL/target/classes/assets/textures/sprite.png
21:43:53.165 [FXGL Background Thread 2 ] DEBUG FXGLAssetLoaderServi - Loading from file system: file:/C:/Users/Administrator/IdeaProjects/LearningFXGL/target/classes/assets/textures/pill.png
21:43:53.183 [FXGL Background Thread 2 ] DEBUG FXGLAssetLoaderServi - Loading from file system: file:/C:/Users/Administrator/IdeaProjects/LearningFXGL/target/classes/assets/textures/Ghost1.gif
21:43:53.183 [FXGL Background Thread 2 ] DEBUG FXGLAssetLoaderServi - Loading from file system: file:/C:/Users/Administrator/IdeaProjects/LearningFXGL/target/classes/assets/textures/Ghost2.gif
21:43:53.184 [FXGL Background Thread 2 ] DEBUG FXGLAssetLoaderServi - Loading from file system: file:/C:/Users/Administrator/IdeaProjects/LearningFXGL/target/classes/assets/textures/GhostScared1.gif
21:43:53.184 [FXGL Background Thread 2 ] DEBUG FXGLAssetLoaderServi - Loading from file system: file:/C:/Users/Administrator/IdeaProjects/LearningFXGL/target/classes/assets/textures/GhostScared2.gif
21:43:53.186 [FXGL Background Thread 2 ] DEBUG GameWorld            - Clearing removable entities
21:43:53.186 [FXGL Background Thread 2 ] DEBUG GameWorld            - Setting level: com.almasb.fxgl.entity.level.Level@2d051fbb
21:43:53.190 [FXGL Background Thread 2 ] DEBUG FXGLAssetLoaderServi - Loading from file system: file:/C:/Users/Administrator/IdeaProjects/LearningFXGL/target/classes/assets/textures/PacMan2right.gif
21:43:53.191 [FXGL Background Thread 2 ] INFO  FXGLApplication      - Game initialization took: 0.088 sec
21:43:53.192 [JavaFX Application Thread] DEBUG Input                - Clearing active input actions
21:43:53.194 [JavaFX Application Thread] DEBUG GameApplicationServi - Removing overlay from FXGLLoadingScene and adding to GameScene
21:43:53.195 [JavaFX Application Thread] DEBUG PrimaryStageWindow   - FXGLLoadingScene -> GameScene
21:43:54.569 [JavaFX Application Thread] DEBUG FXGLApplication      - Exiting FXGL
21:43:54.569 [JavaFX Application Thread] DEBUG LoopRunner           - Stopping loop
21:43:54.569 [JavaFX Application Thread] DEBUG SystemBundleService  - Saving FXGL system data
21:43:54.570 [JavaFX Application Thread] DEBUG FileSystemAccess     - Writing to: C:\Users\Administrator\IdeaProjects\LearningFXGL\system\fxgl.bundle
21:43:54.571 [JavaFX Application Thread] DEBUG Async                - Shutting down background threads
21:43:54.571 [JavaFX Application Thread] DEBUG PrimaryStageWindow   - Closing main window
21:43:54.578 [JavaFX Application Thread] DEBUG Logger               - Closing Logger
