20:12:26.696 [main                     ] DEBUG Logger               - Configured Logger
20:12:26.711 [main                     ] DEBUG GameApplication      - Logging settings
Title: DemoApp
Version: 0.1
Width: 800
Height: 600
Fullscreen: false
Intro: false
Profiling: false
Single step:false
App Mode: DEVELOPER
Menu Key: ESCAPE
Stage Style: DECORATED
Scene Factory: class com.almasb.fxgl.app.scene.SceneFactory

20:12:26.925 [JavaFX Application Thread] DEBUG FXGLApplication      - Initializing FXGL
20:12:26.927 [JavaFX Application Thread] INFO  Engine               - FXGL-17.3 (30.03.2023 11.49) on WINDOWS (J:21.0.1 FX:20)
20:12:26.927 [JavaFX Application Thread] DEBUG Engine               - JRE Vendor Name: Oracle Corporation
20:12:26.927 [JavaFX Application Thread] DEBUG Engine               - Running on OS: Windows 11 version 10.0
20:12:26.927 [JavaFX Application Thread] DEBUG Engine               - Architecture: amd64
20:12:26.927 [JavaFX Application Thread] INFO  Engine               - Source code and latest versions at: https://github.com/AlmasB/FXGL
20:12:26.927 [JavaFX Application Thread] INFO  Engine               -       Ask questions and discuss at: https://github.com/AlmasB/FXGL/discussions
20:12:26.928 [JavaFX Application Thread] INFO  Engine               -              Join the FXGL chat at: https://gitter.im/AlmasB/FXGL
20:12:26.968 [JavaFX Application Thread] DEBUG PrimaryStageWindow   - Creating a JavaFX scene
20:12:26.990 [JavaFX Application Thread] DEBUG PrimaryStageWindow   - Target settings size: 800.0 x 600.0
20:12:26.990 [JavaFX Application Thread] DEBUG PrimaryStageWindow   - Scaled scene size:    800.0 x 600.0
20:12:26.990 [JavaFX Application Thread] DEBUG PrimaryStageWindow   - Scaled ratio: (1.0, 1.0)
20:12:26.991 [JavaFX Application Thread] DEBUG PrimaryStageWindow   - Set initial scene to FXGLStartupScene
20:12:26.993 [JavaFX Application Thread] DEBUG PrimaryStageWindow   - Opening main window
20:12:27.032 [JavaFX Application Thread] DEBUG PrimaryStageWindow   - Window border size: (14.4000244140625, 37.5999755859375)
20:12:27.032 [JavaFX Application Thread] DEBUG PrimaryStageWindow   - Scaled size: 800.0 x 600.0
20:12:27.032 [JavaFX Application Thread] DEBUG PrimaryStageWindow   - Scaled ratio: (1.0, 1.0)
20:12:27.032 [JavaFX Application Thread] DEBUG PrimaryStageWindow   - Scene size: 800.0 x 600.0
20:12:27.032 [JavaFX Application Thread] DEBUG PrimaryStageWindow   - Stage size: 814.4000244140625 x 637.5999755859375
20:12:27.036 [FXGL Background Thread 1 ] DEBUG Engine               - Initializing environment variables
20:12:27.062 [FXGL Background Thread 1 ] DEBUG FXGLAssetLoaderServi - User app class for loading assets: class com.gamedemo.DemoApp
20:12:27.062 [FXGL Background Thread 1 ] DEBUG GameApplicationServi - Applying CSS: fxgl_dark.css
20:12:27.063 [FXGL Background Thread 1 ] DEBUG FXGLAssetLoaderServi - Loading from file system: jar:file:///C:/Users/Administrator/.m2/repository/com/github/almasb/fxgl/17.3/fxgl-17.3.jar!/fxglassets/ui/css/fxgl_dark.css
20:12:27.084 [FXGL Background Thread 1 ] DEBUG GameApplicationServi - Initializing application scenes
20:12:27.115 [FXGL Background Thread 1 ] DEBUG GameWorld            - Game world initialized
20:12:27.146 [FXGL Background Thread 1 ] DEBUG PhysicsWorld         - Physics world initialized: appHeight=600, physics.ppm=50.0
20:12:27.146 [FXGL Background Thread 1 ] DEBUG PhysicsWorld         - Using strategy: BRUTE_FORCE
20:12:27.148 [FXGL Background Thread 1 ] DEBUG GameScene            - Game scene initialized: 800x600
20:12:27.155 [FXGL Background Thread 1 ] DEBUG FXGL.DefaultMenu     - createMenuBodyMainMenu()
20:12:27.161 [FXGL Background Thread 1 ] DEBUG FXGL.DefaultMenu     - createOptionsMenu()
20:12:27.165 [FXGL Background Thread 1 ] DEBUG FXGLAssetLoaderServi - Loading from file system: jar:file:///C:/Users/Administrator/.m2/repository/com/github/almasb/fxgl/17.3/fxgl-17.3.jar!/fxglassets/textures/particles/smoke.png
20:12:27.208 [FXGL Background Thread 1 ] DEBUG FXGLAssetLoaderServi - Loading from file system: jar:file:///C:/Users/Administrator/.m2/repository/com/github/almasb/fxgl/17.3/fxgl-17.3.jar!/fxglassets/textures/particles/trace_horizontal.png
20:12:27.224 [FXGL Background Thread 1 ] DEBUG FXGL.DefaultMenu     - createMenuBodyGameMenu()
20:12:27.224 [FXGL Background Thread 1 ] DEBUG FXGL.DefaultMenu     - createOptionsMenu()
20:12:27.230 [FXGL Background Thread 1 ] DEBUG GameApplicationServi - Application scenes initialized
20:12:27.236 [FXGL Background Thread 1 ] DEBUG SystemBundleService  - Loading FXGL system data
20:12:27.237 [FXGL Background Thread 1 ] DEBUG FileSystemAccess     - Reading from: C:\Users\Administrator\IdeaProjects\LearningFXGL\system\fxgl.bundle
20:12:27.242 [FXGL Background Thread 1 ] DEBUG SystemBundleService  - Bundle FXGL: {}
20:12:27.242 [FXGL Background Thread 1 ] DEBUG UpdaterService       - Checking for updates
20:12:27.256 [FXGL Background Thread 4 ] DEBUG FXGLApplication      - Loading fonts
20:12:27.257 [FXGL Background Thread 1 ] DEBUG FXGLApplication      - Loading default localization
20:12:27.257 [FXGL Background Thread 4 ] DEBUG FXGLAssetLoaderServi - Loading from file system: jar:file:///C:/Users/Administrator/.m2/repository/com/github/almasb/fxgl/17.3/fxgl-17.3.jar!/fxglassets/ui/fonts/VarelaRound-Regular.ttf
20:12:27.257 [FXGL Background Thread 1 ] DEBUG FXGLAssetLoaderServi - Loading from file system: jar:file:///C:/Users/Administrator/.m2/repository/com/github/almasb/fxgl/17.3/fxgl-17.3.jar!/fxglassets/languages/english.lang
20:12:27.265 [FXGL Background Thread 1 ] INFO  FXGLApplication      - FXGL initialization took: 0.229 sec
20:12:27.274 [JavaFX Application Thread] DEBUG Input                - Registered new binding: MoveUp - Up
20:12:27.275 [JavaFX Application Thread] DEBUG Input                - Registered new binding: MoveDown - Down
20:12:27.275 [JavaFX Application Thread] DEBUG Input                - Registered new binding: MoveLeft - Left
20:12:27.275 [JavaFX Application Thread] DEBUG Input                - Registered new binding: MoveRight - Right
20:12:27.275 [JavaFX Application Thread] DEBUG FXGLAssetLoaderServi - Loading from file system: jar:file:///C:/Users/Administrator/.m2/repository/com/github/almasb/fxgl/17.3/fxgl-17.3.jar!/fxglassets/textures/fxgl_icon.png
20:12:27.276 [FXGL Background Thread 4 ] DEBUG FXGLAssetLoaderServi - Loading from file system: jar:file:///C:/Users/Administrator/.m2/repository/com/github/almasb/fxgl/17.3/fxgl-17.3.jar!/fxglassets/ui/fonts/Abel-Regular.ttf
20:12:27.277 [FXGL Background Thread 4 ] DEBUG FXGLAssetLoaderServi - Loading from file system: jar:file:///C:/Users/Administrator/.m2/repository/com/github/almasb/fxgl/17.3/fxgl-17.3.jar!/fxglassets/ui/fonts/TerminalLandMono-Regular.otf
20:12:27.279 [FXGL Background Thread 4 ] DEBUG FXGLAssetLoaderServi - Loading from file system: jar:file:///C:/Users/Administrator/.m2/repository/com/github/almasb/fxgl/17.3/fxgl-17.3.jar!/fxglassets/ui/fonts/Courier-Prime.ttf
20:12:27.286 [JavaFX Application Thread] DEBUG FXGLAssetLoaderServi - Loading from file system: jar:file:///C:/Users/Administrator/.m2/repository/com/github/almasb/fxgl/17.3/fxgl-17.3.jar!/fxglassets/textures/fxgl_default_cursor.png
20:12:27.287 [JavaFX Application Thread] DEBUG Input                - Registered new binding: Screenshot - CTRL+8
20:12:27.288 [JavaFX Application Thread] DEBUG Input                - Registered new binding: Dev Options - 1
20:12:27.288 [JavaFX Application Thread] DEBUG Input                - Registered new binding: Dev Console - 2
20:12:27.288 [JavaFX Application Thread] DEBUG Input                - Registered new binding: System info dump - CTRL+9
20:12:27.288 [JavaFX Application Thread] DEBUG Input                - Registered new binding: Restart - CTRL+R
20:12:27.289 [JavaFX Application Thread] DEBUG Input                - Registered new binding: Toggle Debug Camera - CTRL+7
20:12:27.290 [JavaFX Application Thread] DEBUG LoopRunner           - Starting loop
20:12:27.297 [JavaFX Application Thread] DEBUG LoopRunner           - Initializing JavaFX AnimationTimerLoop
20:12:27.299 [JavaFX Application Thread] DEBUG Input                - Clearing active input actions
20:12:27.303 [JavaFX Application Thread] DEBUG GameApplicationServi - Removing overlay from FXGLStartupScene and adding to FXGLMainMenuDummyScene
20:12:27.306 [JavaFX Application Thread] DEBUG PrimaryStageWindow   - FXGLStartupScene -> FXGLMainMenuDummyScene
20:12:27.306 [JavaFX Application Thread] DEBUG PrimaryStageWindow   - Push state: FXGLDefaultMenu
20:12:27.310 [JavaFX Application Thread] DEBUG Input                - Clearing active input actions
20:12:27.313 [JavaFX Application Thread] DEBUG GameApplicationServi - Removing overlay from FXGLMainMenuDummyScene and adding to FXGLDefaultMenu
20:12:27.313 [JavaFX Application Thread] DEBUG PrimaryStageWindow   - FXGLMainMenuDummyScene -> FXGLDefaultMenu
20:12:27.313 [JavaFX Application Thread] DEBUG FXGLApplication      - Registering font factories with UI factory
20:12:27.346 [FXGL Background Thread 2 ] WARN  UpdaterService       - Failed to find updates: java.net.UnknownHostException: raw.githubusercontent.com
20:12:27.945 [JavaFX Application Thread] DEBUG Menu                 - fireNewGame()
20:12:27.945 [JavaFX Application Thread] DEBUG GameApplicationServi - Starting new game
20:12:27.946 [JavaFX Application Thread] DEBUG PrimaryStageWindow   - Pop state: FXGLDefaultMenu
20:12:27.946 [JavaFX Application Thread] DEBUG Input                - Clearing active input actions
20:12:27.946 [JavaFX Application Thread] DEBUG GameApplicationServi - Removing overlay from FXGLDefaultMenu and adding to FXGLMainMenuDummyScene
20:12:27.948 [JavaFX Application Thread] DEBUG PrimaryStageWindow   - FXGLMainMenuDummyScene <- FXGLDefaultMenu
20:12:27.948 [JavaFX Application Thread] DEBUG Input                - Clearing active input actions
20:12:27.953 [JavaFX Application Thread] DEBUG GameApplicationServi - Removing overlay from FXGLMainMenuDummyScene and adding to FXGLLoadingScene
20:12:27.953 [JavaFX Application Thread] DEBUG PrimaryStageWindow   - FXGLMainMenuDummyScene -> FXGLLoadingScene
20:12:27.953 [JavaFX Application Thread] DEBUG GameApplicationServi - Clearing previous game
20:12:27.953 [JavaFX Application Thread] DEBUG GameScene            - Clearing game scene
20:12:27.953 [JavaFX Application Thread] DEBUG GameWorld            - Clearing game world
20:12:27.954 [JavaFX Application Thread] DEBUG PhysicsWorld         - Clearing physics world
20:12:27.955 [FXGL Background Thread 2 ] DEBUG FXGLApplication      - Initializing game
20:12:27.987 [FXGL Background Thread 2 ] WARN  TMXLevelLoader       - TiledMap generated from 1.11.0. Supported version: 1.9.0. Some features may not be parsed fully.
20:12:27.997 [FXGL Background Thread 2 ] DEBUG TMXLevelLoader       - Parsed TiledMap: file:/C:/Users/Administrator/IdeaProjects/LearningFXGL/target/classes/assets/levels/level1.tmx
20:12:27.998 [FXGL Background Thread 2 ] DEBUG TMXLevelLoader       - Creating tile layer entities
20:12:28.000 [FXGL Background Thread 2 ] DEBUG TilesetLoader        - Loading view for layer Tile Layer 1
20:12:28.001 [FXGL Background Thread 2 ] DEBUG TilesetLoader        - Created buffer with size 800.0x600.0
20:12:28.003 [FXGL Background Thread 2 ] DEBUG TMXLevelLoader       - Creating object layer entities
20:12:28.006 [FXGL Background Thread 2 ] DEBUG FXGLAssetLoaderServi - Loading from file system: file:/C:/Users/Administrator/IdeaProjects/LearningFXGL/target/classes/assets/textures/player.png
20:12:28.013 [FXGL Background Thread 2 ] DEBUG FXGLAssetLoaderServi - Loading from file system: file:/C:/Users/Administrator/IdeaProjects/LearningFXGL/target/classes/assets/textures/sprite.png
20:12:28.020 [FXGL Background Thread 2 ] DEBUG FXGLAssetLoaderServi - Loading from file system: file:/C:/Users/Administrator/IdeaProjects/LearningFXGL/target/classes/assets/textures/pill.png
20:12:28.043 [FXGL Background Thread 2 ] DEBUG FXGLAssetLoaderServi - Loading from file system: file:/C:/Users/Administrator/IdeaProjects/LearningFXGL/target/classes/assets/textures/Ghost1.gif
20:12:28.044 [FXGL Background Thread 2 ] DEBUG FXGLAssetLoaderServi - Loading from file system: file:/C:/Users/Administrator/IdeaProjects/LearningFXGL/target/classes/assets/textures/Ghost2.gif
20:12:28.045 [FXGL Background Thread 2 ] DEBUG GameWorld            - Clearing removable entities
20:12:28.046 [FXGL Background Thread 2 ] DEBUG GameWorld            - Setting level: com.almasb.fxgl.entity.level.Level@7b070cfb
20:12:28.050 [FXGL Background Thread 2 ] DEBUG FXGLAssetLoaderServi - Loading from file system: file:/C:/Users/Administrator/IdeaProjects/LearningFXGL/target/classes/assets/textures/PacMan2right.gif
20:12:28.051 [FXGL Background Thread 2 ] INFO  FXGLApplication      - Game initialization took: 0.096 sec
20:12:28.051 [JavaFX Application Thread] DEBUG Input                - Clearing active input actions
20:12:28.054 [JavaFX Application Thread] DEBUG GameApplicationServi - Removing overlay from FXGLLoadingScene and adding to GameScene
20:12:28.055 [JavaFX Application Thread] DEBUG PrimaryStageWindow   - FXGLLoadingScene -> GameScene
20:12:30.256 [FXGL Background Thread 3 ] DEBUG Engine               - Logging environment variables
20:12:30.256 [FXGL Background Thread 3 ] DEBUG Engine               - achievements: []
20:12:30.256 [FXGL Background Thread 3 ] DEBUG Engine               - actualHeight: 600.0
20:12:30.256 [FXGL Background Thread 3 ] DEBUG Engine               - actualHeightProperty: ReadOnlyDoubleProperty [value: 600.0]
20:12:30.256 [FXGL Background Thread 3 ] DEBUG Engine               - actualWidth: 800.0
20:12:30.256 [FXGL Background Thread 3 ] DEBUG Engine               - actualWidthProperty: ReadOnlyDoubleProperty [value: 800.0]
20:12:30.256 [FXGL Background Thread 3 ] DEBUG Engine               - appIcon: fxgl_icon.png
20:12:30.256 [FXGL Background Thread 3 ] DEBUG Engine               - applicationMode: DEVELOPER
20:12:30.256 [FXGL Background Thread 3 ] DEBUG Engine               - cSSList: [fxgl_dark.css]
20:12:30.256 [FXGL Background Thread 3 ] DEBUG Engine               - collisionDetectionStrategy: BRUTE_FORCE
20:12:30.256 [FXGL Background Thread 3 ] DEBUG Engine               - configClass: Optional.empty
20:12:30.256 [FXGL Background Thread 3 ] DEBUG Engine               - credits: []
20:12:30.257 [FXGL Background Thread 3 ] DEBUG Engine               - defaultCursor: CursorInfo(imageName=fxgl_default_cursor.png, hotspotX=7.0, hotspotY=6.0)
20:12:30.257 [FXGL Background Thread 3 ] DEBUG Engine               - devBBoxColorProperty: ObjectProperty [value: 0xff0000ff]
20:12:30.257 [FXGL Background Thread 3 ] DEBUG Engine               - devEnableDebugCameraProperty: BooleanProperty [value: false]
20:12:30.257 [FXGL Background Thread 3 ] DEBUG Engine               - devSensorColorProperty: ObjectProperty [value: 0xffff00ff]
20:12:30.257 [FXGL Background Thread 3 ] DEBUG Engine               - devShowBBoxProperty: BooleanProperty [value: false]
20:12:30.257 [FXGL Background Thread 3 ] DEBUG Engine               - devShowPositionProperty: BooleanProperty [value: false]
20:12:30.257 [FXGL Background Thread 3 ] DEBUG Engine               - enabledMenuItems: []
20:12:30.257 [FXGL Background Thread 3 ] DEBUG Engine               - engineServices: [class com.almasb.fxgl.app.services.FXGLAssetLoaderService, class com.almasb.fxgl.app.FXGLApplication$GameApplicationService, class com.almasb.fxgl.app.services.FXGLDialogService, class com.almasb.fxgl.app.services.IOTaskExecutorService, class com.almasb.fxgl.io.FileSystemService, class com.almasb.fxgl.localization.LocalizationService, class com.almasb.fxgl.app.services.SystemBundleService, class com.almasb.fxgl.profile.SaveLoadService, class com.almasb.fxgl.ui.FXGLUIFactoryServiceProvider, class com.almasb.fxgl.ui.FXGLDialogFactoryServiceProvider, class com.almasb.fxgl.audio.AudioPlayer, class com.almasb.fxgl.notification.impl.NotificationServiceProvider, class com.almasb.fxgl.achievement.AchievementService, class com.almasb.fxgl.cutscene.CutsceneService, class com.almasb.fxgl.minigames.MiniGameService, class com.almasb.fxgl.net.NetService, class com.almasb.fxgl.app.services.UpdaterService, class com.almasb.fxgl.dev.DevService]
20:12:30.257 [FXGL Background Thread 3 ] DEBUG Engine               - fontGame: Abel-Regular.ttf
20:12:30.257 [FXGL Background Thread 3 ] DEBUG Engine               - fontMono: TerminalLandMono-Regular.otf
20:12:30.257 [FXGL Background Thread 3 ] DEBUG Engine               - fontSizeScaleUI: 1.0
20:12:30.257 [FXGL Background Thread 3 ] DEBUG Engine               - fontText: Courier-Prime.ttf
20:12:30.258 [FXGL Background Thread 3 ] DEBUG Engine               - fontUI: VarelaRound-Regular.ttf
20:12:30.258 [FXGL Background Thread 3 ] DEBUG Engine               - fullScreen: BooleanProperty [value: false]
20:12:30.258 [FXGL Background Thread 3 ] DEBUG Engine               - gameDifficulty: MEDIUM
20:12:30.258 [FXGL Background Thread 3 ] DEBUG Engine               - gameDifficultyProperty: ObjectProperty [value: MEDIUM]
20:12:30.258 [FXGL Background Thread 3 ] DEBUG Engine               - globalMusicVolume: 0.5
20:12:30.258 [FXGL Background Thread 3 ] DEBUG Engine               - globalMusicVolumeProperty: DoubleProperty [value: 0.5]
20:12:30.258 [FXGL Background Thread 3 ] DEBUG Engine               - globalSoundVolume: 0.5
20:12:30.258 [FXGL Background Thread 3 ] DEBUG Engine               - globalSoundVolumeProperty: DoubleProperty [value: 0.5]
20:12:30.258 [FXGL Background Thread 3 ] DEBUG Engine               - height: 600
20:12:30.258 [FXGL Background Thread 3 ] DEBUG Engine               - is3D: false
20:12:30.258 [FXGL Background Thread 3 ] DEBUG Engine               - isAndroid: false
20:12:30.258 [FXGL Background Thread 3 ] DEBUG Engine               - isBrowser: false
20:12:30.258 [FXGL Background Thread 3 ] DEBUG Engine               - isClickFeedbackEnabled: false
20:12:30.258 [FXGL Background Thread 3 ] DEBUG Engine               - isCloseConfirmation: false
20:12:30.258 [FXGL Background Thread 3 ] DEBUG Engine               - isDesktop: true
20:12:30.258 [FXGL Background Thread 3 ] DEBUG Engine               - isDeveloperMenuEnabled: true
20:12:30.259 [FXGL Background Thread 3 ] DEBUG Engine               - isEmbedded: false
20:12:30.259 [FXGL Background Thread 3 ] DEBUG Engine               - isEntityPreloadEnabled: true
20:12:30.259 [FXGL Background Thread 3 ] DEBUG Engine               - isExperimentalTiledLargeMap: false
20:12:30.259 [FXGL Background Thread 3 ] DEBUG Engine               - isFileSystemWriteAllowed: true
20:12:30.259 [FXGL Background Thread 3 ] DEBUG Engine               - isFullScreenAllowed: false
20:12:30.259 [FXGL Background Thread 3 ] DEBUG Engine               - isFullScreenFromStart: false
20:12:30.259 [FXGL Background Thread 3 ] DEBUG Engine               - isGameMenuEnabled: true
20:12:30.259 [FXGL Background Thread 3 ] DEBUG Engine               - isIOS: false
20:12:30.259 [FXGL Background Thread 3 ] DEBUG Engine               - isIntroEnabled: false
20:12:30.259 [FXGL Background Thread 3 ] DEBUG Engine               - isLinux: false
20:12:30.259 [FXGL Background Thread 3 ] DEBUG Engine               - isMac: false
20:12:30.259 [FXGL Background Thread 3 ] DEBUG Engine               - isMainMenuEnabled: true
20:12:30.259 [FXGL Background Thread 3 ] DEBUG Engine               - isManualResizeEnabled: false
20:12:30.259 [FXGL Background Thread 3 ] DEBUG Engine               - isMobile: false
20:12:30.259 [FXGL Background Thread 3 ] DEBUG Engine               - isNative: false
20:12:30.259 [FXGL Background Thread 3 ] DEBUG Engine               - isPauseMusicWhenMinimized: true
20:12:30.259 [FXGL Background Thread 3 ] DEBUG Engine               - isPreserveResizeRatio: false
20:12:30.259 [FXGL Background Thread 3 ] DEBUG Engine               - isProfilingEnabled: false
20:12:30.259 [FXGL Background Thread 3 ] DEBUG Engine               - isScaleAffectedOnResize: true
20:12:30.259 [FXGL Background Thread 3 ] DEBUG Engine               - isSingleStep: false
20:12:30.259 [FXGL Background Thread 3 ] DEBUG Engine               - isUserProfileEnabled: false
20:12:30.259 [FXGL Background Thread 3 ] DEBUG Engine               - isWindows: true
20:12:30.259 [FXGL Background Thread 3 ] DEBUG Engine               - language: ObjectProperty [value: ENGLISH]
20:12:30.259 [FXGL Background Thread 3 ] DEBUG Engine               - menuKey: ESCAPE
20:12:30.259 [FXGL Background Thread 3 ] DEBUG Engine               - mouseSensitivity: 0.2
20:12:30.259 [FXGL Background Thread 3 ] DEBUG Engine               - notificationViewClass: class com.almasb.fxgl.notification.view.XboxNotificationView
20:12:30.259 [FXGL Background Thread 3 ] DEBUG Engine               - pixelsPerMeter: 50.0
20:12:30.259 [FXGL Background Thread 3 ] DEBUG Engine               - platform: WINDOWS
20:12:30.259 [FXGL Background Thread 3 ] DEBUG Engine               - prefHeightProperty: ReadOnlyDoubleProperty [value: 600.0]
20:12:30.259 [FXGL Background Thread 3 ] DEBUG Engine               - prefWidthProperty: ReadOnlyDoubleProperty [value: 800.0]
20:12:30.259 [FXGL Background Thread 3 ] DEBUG Engine               - profileDir: profiles/
20:12:30.259 [FXGL Background Thread 3 ] DEBUG Engine               - profileName: StringProperty [value: DEFAULT]
20:12:30.259 [FXGL Background Thread 3 ] DEBUG Engine               - randomSeed: -1
20:12:30.259 [FXGL Background Thread 3 ] DEBUG Engine               - runtimeInfo: RuntimeInfo(platform=WINDOWS, version=17.3, build=30.03.2023 11.49)
20:12:30.259 [FXGL Background Thread 3 ] DEBUG Engine               - saveFileExt: sav
20:12:30.259 [FXGL Background Thread 3 ] DEBUG Engine               - scaledHeightProp$fxgl: DoubleProperty [bound, value: 600.0]
20:12:30.259 [FXGL Background Thread 3 ] DEBUG Engine               - scaledWidthProp$fxgl: DoubleProperty [bound, value: 800.0]
20:12:30.259 [FXGL Background Thread 3 ] DEBUG Engine               - sceneFactory: com.almasb.fxgl.app.scene.SceneFactory@17236143
20:12:30.259 [FXGL Background Thread 3 ] DEBUG Engine               - secondsIn24h: 60
20:12:30.260 [FXGL Background Thread 3 ] DEBUG Engine               - soundMenuBack: menu/back.wav
20:12:30.260 [FXGL Background Thread 3 ] DEBUG Engine               - soundMenuPress: menu/press.wav
20:12:30.260 [FXGL Background Thread 3 ] DEBUG Engine               - soundMenuSelect: menu/select.wav
20:12:30.260 [FXGL Background Thread 3 ] DEBUG Engine               - soundNotification: core/notification.wav
20:12:30.260 [FXGL Background Thread 3 ] DEBUG Engine               - stageStyle: DECORATED
20:12:30.260 [FXGL Background Thread 3 ] DEBUG Engine               - supportedLanguages: [ENGLISH, FRENCH, GERMAN, HUNGARIAN, RUSSIAN]
20:12:30.260 [FXGL Background Thread 3 ] DEBUG Engine               - ticksPerSecond: -1
20:12:30.260 [FXGL Background Thread 3 ] DEBUG Engine               - title: DemoApp
20:12:30.260 [FXGL Background Thread 3 ] DEBUG Engine               - urlGithub: https://github.com/AlmasB/FXGL
20:12:30.260 [FXGL Background Thread 3 ] DEBUG Engine               - urlLeaderboard: http://fxgl-top.herokuapp.com/
20:12:30.260 [FXGL Background Thread 3 ] DEBUG Engine               - urlPOM: https://raw.githubusercontent.com/AlmasB/FXGL/release/README.md
20:12:30.260 [FXGL Background Thread 3 ] DEBUG Engine               - userAppClass: class com.gamedemo.DemoApp
20:12:30.260 [FXGL Background Thread 3 ] DEBUG Engine               - version: 0.1
20:12:30.260 [FXGL Background Thread 3 ] DEBUG Engine               - versionCheckDays: 7
20:12:30.260 [FXGL Background Thread 3 ] DEBUG Engine               - width: 800
20:12:30.260 [FXGL Background Thread 3 ] DEBUG Engine               - Logging services
20:12:30.260 [FXGL Background Thread 3 ] DEBUG Engine               - class com.almasb.fxgl.app.services.FXGLAssetLoaderService
20:12:30.260 [FXGL Background Thread 3 ] DEBUG Engine               - class com.almasb.fxgl.app.FXGLApplication$GameApplicationService
20:12:30.260 [FXGL Background Thread 3 ] DEBUG Engine               - class com.almasb.fxgl.app.services.FXGLDialogService
20:12:30.260 [FXGL Background Thread 3 ] DEBUG Engine               - class com.almasb.fxgl.app.services.IOTaskExecutorService
20:12:30.260 [FXGL Background Thread 3 ] DEBUG Engine               - class com.almasb.fxgl.io.FileSystemService
20:12:30.260 [FXGL Background Thread 3 ] DEBUG Engine               - class com.almasb.fxgl.localization.LocalizationService
20:12:30.260 [FXGL Background Thread 3 ] DEBUG Engine               - class com.almasb.fxgl.app.services.SystemBundleService
20:12:30.260 [FXGL Background Thread 3 ] DEBUG Engine               - class com.almasb.fxgl.profile.SaveLoadService
20:12:30.260 [FXGL Background Thread 3 ] DEBUG Engine               - class com.almasb.fxgl.ui.FXGLUIFactoryServiceProvider
20:12:30.260 [FXGL Background Thread 3 ] DEBUG Engine               - class com.almasb.fxgl.ui.FXGLDialogFactoryServiceProvider
20:12:30.260 [FXGL Background Thread 3 ] DEBUG Engine               - class com.almasb.fxgl.audio.AudioPlayer
20:12:30.260 [FXGL Background Thread 3 ] DEBUG Engine               - class com.almasb.fxgl.notification.impl.NotificationServiceProvider
20:12:30.260 [FXGL Background Thread 3 ] DEBUG Engine               - class com.almasb.fxgl.achievement.AchievementService
20:12:30.260 [FXGL Background Thread 3 ] DEBUG Engine               - class com.almasb.fxgl.cutscene.CutsceneService
20:12:30.260 [FXGL Background Thread 3 ] DEBUG Engine               - class com.almasb.fxgl.minigames.MiniGameService
20:12:30.261 [FXGL Background Thread 3 ] DEBUG Engine               - class com.almasb.fxgl.net.NetService
20:12:30.261 [FXGL Background Thread 3 ] DEBUG Engine               - class com.almasb.fxgl.app.services.UpdaterService
20:12:30.261 [FXGL Background Thread 3 ] DEBUG Engine               - class com.almasb.fxgl.dev.DevService
20:12:33.520 [JavaFX Application Thread] DEBUG FXGLApplication      - Exiting FXGL
20:12:33.520 [JavaFX Application Thread] DEBUG LoopRunner           - Stopping loop
20:12:33.520 [JavaFX Application Thread] DEBUG SystemBundleService  - Saving FXGL system data
20:12:33.521 [JavaFX Application Thread] DEBUG FileSystemAccess     - Writing to: C:\Users\Administrator\IdeaProjects\LearningFXGL\system\fxgl.bundle
20:12:33.522 [JavaFX Application Thread] DEBUG Async                - Shutting down background threads
20:12:33.522 [JavaFX Application Thread] DEBUG PrimaryStageWindow   - Closing main window
20:12:33.528 [JavaFX Application Thread] DEBUG Logger               - Closing Logger
