19:27:09.301 [main                     ] DEBUG Logger               - Configured Logger
19:27:09.316 [main                     ] DEBUG GameApplication      - Logging settings
Title: DemoApp
Version: 0.1
Width: 800
Height: 600
Fullscreen: false
Intro: false
Profiling: false
Single step:false
App Mode: DEVELOPER
Menu Key: ESCAPE
Stage Style: DECORATED
Scene Factory: class com.almasb.fxgl.app.scene.SceneFactory

19:27:09.511 [JavaFX Application Thread] DEBUG FXGLApplication      - Initializing FXGL
19:27:09.513 [JavaFX Application Thread] INFO  Engine               - FXGL-17.3 (30.03.2023 11.49) on WINDOWS (J:21.0.1 FX:20)
19:27:09.513 [JavaFX Application Thread] DEBUG Engine               - JRE Vendor Name: Oracle Corporation
19:27:09.513 [JavaFX Application Thread] DEBUG Engine               - Running on OS: Windows 11 version 10.0
19:27:09.513 [JavaFX Application Thread] DEBUG Engine               - Architecture: amd64
19:27:09.513 [JavaFX Application Thread] INFO  Engine               - Source code and latest versions at: https://github.com/AlmasB/FXGL
19:27:09.513 [JavaFX Application Thread] INFO  Engine               -       Ask questions and discuss at: https://github.com/AlmasB/FXGL/discussions
19:27:09.513 [JavaFX Application Thread] INFO  Engine               -              Join the FXGL chat at: https://gitter.im/AlmasB/FXGL
19:27:09.553 [JavaFX Application Thread] DEBUG PrimaryStageWindow   - Creating a JavaFX scene
19:27:09.576 [JavaFX Application Thread] DEBUG PrimaryStageWindow   - Target settings size: 800.0 x 600.0
19:27:09.576 [JavaFX Application Thread] DEBUG PrimaryStageWindow   - Scaled scene size:    800.0 x 600.0
19:27:09.576 [JavaFX Application Thread] DEBUG PrimaryStageWindow   - Scaled ratio: (1.0, 1.0)
19:27:09.577 [JavaFX Application Thread] DEBUG PrimaryStageWindow   - Set initial scene to FXGLStartupScene
19:27:09.578 [JavaFX Application Thread] DEBUG PrimaryStageWindow   - Opening main window
19:27:09.618 [JavaFX Application Thread] DEBUG PrimaryStageWindow   - Window border size: (14.4000244140625, 37.5999755859375)
19:27:09.618 [JavaFX Application Thread] DEBUG PrimaryStageWindow   - Scaled size: 800.0 x 600.0
19:27:09.618 [JavaFX Application Thread] DEBUG PrimaryStageWindow   - Scaled ratio: (1.0, 1.0)
19:27:09.618 [JavaFX Application Thread] DEBUG PrimaryStageWindow   - Scene size: 800.0 x 600.0
19:27:09.618 [JavaFX Application Thread] DEBUG PrimaryStageWindow   - Stage size: 814.4000244140625 x 637.5999755859375
19:27:09.622 [FXGL Background Thread 1 ] DEBUG Engine               - Initializing environment variables
19:27:09.651 [FXGL Background Thread 1 ] DEBUG FXGLAssetLoaderServi - User app class for loading assets: class com.gamedemo.DemoApp
19:27:09.651 [FXGL Background Thread 1 ] DEBUG GameApplicationServi - Applying CSS: fxgl_dark.css
19:27:09.651 [FXGL Background Thread 1 ] DEBUG FXGLAssetLoaderServi - Loading from file system: jar:file:///C:/Users/Administrator/.m2/repository/com/github/almasb/fxgl/17.3/fxgl-17.3.jar!/fxglassets/ui/css/fxgl_dark.css
19:27:09.672 [FXGL Background Thread 1 ] DEBUG GameApplicationServi - Initializing application scenes
19:27:09.703 [FXGL Background Thread 1 ] DEBUG GameWorld            - Game world initialized
19:27:09.729 [FXGL Background Thread 1 ] DEBUG PhysicsWorld         - Physics world initialized: appHeight=600, physics.ppm=50.0
19:27:09.729 [FXGL Background Thread 1 ] DEBUG PhysicsWorld         - Using strategy: BRUTE_FORCE
19:27:09.731 [FXGL Background Thread 1 ] DEBUG GameScene            - Game scene initialized: 800x600
19:27:09.735 [FXGL Background Thread 1 ] DEBUG FXGL.DefaultMenu     - createMenuBodyMainMenu()
19:27:09.740 [FXGL Background Thread 1 ] DEBUG FXGL.DefaultMenu     - createOptionsMenu()
19:27:09.744 [FXGL Background Thread 1 ] DEBUG FXGLAssetLoaderServi - Loading from file system: jar:file:///C:/Users/Administrator/.m2/repository/com/github/almasb/fxgl/17.3/fxgl-17.3.jar!/fxglassets/textures/particles/smoke.png
19:27:09.789 [FXGL Background Thread 1 ] DEBUG FXGLAssetLoaderServi - Loading from file system: jar:file:///C:/Users/Administrator/.m2/repository/com/github/almasb/fxgl/17.3/fxgl-17.3.jar!/fxglassets/textures/particles/trace_horizontal.png
19:27:09.804 [FXGL Background Thread 1 ] DEBUG FXGL.DefaultMenu     - createMenuBodyGameMenu()
19:27:09.805 [FXGL Background Thread 1 ] DEBUG FXGL.DefaultMenu     - createOptionsMenu()
19:27:09.811 [FXGL Background Thread 1 ] DEBUG GameApplicationServi - Application scenes initialized
19:27:09.816 [FXGL Background Thread 1 ] DEBUG SystemBundleService  - Loading FXGL system data
19:27:09.818 [FXGL Background Thread 1 ] DEBUG FileSystemAccess     - Reading from: C:\Users\Administrator\IdeaProjects\LearningFXGL\system\fxgl.bundle
19:27:09.823 [FXGL Background Thread 1 ] DEBUG SystemBundleService  - Bundle FXGL: {}
19:27:09.823 [FXGL Background Thread 1 ] DEBUG UpdaterService       - Checking for updates
19:27:09.835 [FXGL Background Thread 4 ] DEBUG FXGLApplication      - Loading fonts
19:27:09.835 [FXGL Background Thread 1 ] DEBUG FXGLApplication      - Loading default localization
19:27:09.835 [FXGL Background Thread 4 ] DEBUG FXGLAssetLoaderServi - Loading from file system: jar:file:///C:/Users/Administrator/.m2/repository/com/github/almasb/fxgl/17.3/fxgl-17.3.jar!/fxglassets/ui/fonts/VarelaRound-Regular.ttf
19:27:09.836 [FXGL Background Thread 1 ] DEBUG FXGLAssetLoaderServi - Loading from file system: jar:file:///C:/Users/Administrator/.m2/repository/com/github/almasb/fxgl/17.3/fxgl-17.3.jar!/fxglassets/languages/english.lang
19:27:09.843 [FXGL Background Thread 1 ] INFO  FXGLApplication      - FXGL initialization took: 0.221 sec
19:27:09.850 [JavaFX Application Thread] DEBUG Input                - Registered new binding: MoveUp - Up
19:27:09.850 [JavaFX Application Thread] DEBUG Input                - Registered new binding: MoveDown - Down
19:27:09.850 [JavaFX Application Thread] DEBUG Input                - Registered new binding: MoveLeft - Left
19:27:09.851 [JavaFX Application Thread] DEBUG Input                - Registered new binding: MoveRight - Right
19:27:09.851 [JavaFX Application Thread] DEBUG FXGLAssetLoaderServi - Loading from file system: jar:file:///C:/Users/Administrator/.m2/repository/com/github/almasb/fxgl/17.3/fxgl-17.3.jar!/fxglassets/textures/fxgl_icon.png
19:27:09.853 [FXGL Background Thread 4 ] DEBUG FXGLAssetLoaderServi - Loading from file system: jar:file:///C:/Users/Administrator/.m2/repository/com/github/almasb/fxgl/17.3/fxgl-17.3.jar!/fxglassets/ui/fonts/Abel-Regular.ttf
19:27:09.855 [FXGL Background Thread 4 ] DEBUG FXGLAssetLoaderServi - Loading from file system: jar:file:///C:/Users/Administrator/.m2/repository/com/github/almasb/fxgl/17.3/fxgl-17.3.jar!/fxglassets/ui/fonts/TerminalLandMono-Regular.otf
19:27:09.856 [FXGL Background Thread 4 ] DEBUG FXGLAssetLoaderServi - Loading from file system: jar:file:///C:/Users/Administrator/.m2/repository/com/github/almasb/fxgl/17.3/fxgl-17.3.jar!/fxglassets/ui/fonts/Courier-Prime.ttf
19:27:09.861 [JavaFX Application Thread] DEBUG FXGLAssetLoaderServi - Loading from file system: jar:file:///C:/Users/Administrator/.m2/repository/com/github/almasb/fxgl/17.3/fxgl-17.3.jar!/fxglassets/textures/fxgl_default_cursor.png
19:27:09.863 [JavaFX Application Thread] DEBUG Input                - Registered new binding: Screenshot - CTRL+8
19:27:09.863 [JavaFX Application Thread] DEBUG Input                - Registered new binding: Dev Options - 1
19:27:09.863 [JavaFX Application Thread] DEBUG Input                - Registered new binding: Dev Console - 2
19:27:09.863 [JavaFX Application Thread] DEBUG Input                - Registered new binding: System info dump - CTRL+9
19:27:09.863 [JavaFX Application Thread] DEBUG Input                - Registered new binding: Restart - CTRL+R
19:27:09.864 [JavaFX Application Thread] DEBUG Input                - Registered new binding: Toggle Debug Camera - CTRL+7
19:27:09.866 [JavaFX Application Thread] DEBUG LoopRunner           - Starting loop
19:27:09.874 [JavaFX Application Thread] DEBUG LoopRunner           - Initializing JavaFX AnimationTimerLoop
19:27:09.877 [JavaFX Application Thread] DEBUG Input                - Clearing active input actions
19:27:09.881 [JavaFX Application Thread] DEBUG GameApplicationServi - Removing overlay from FXGLStartupScene and adding to FXGLMainMenuDummyScene
19:27:09.885 [JavaFX Application Thread] DEBUG PrimaryStageWindow   - FXGLStartupScene -> FXGLMainMenuDummyScene
19:27:09.885 [JavaFX Application Thread] DEBUG PrimaryStageWindow   - Push state: FXGLDefaultMenu
19:27:09.888 [JavaFX Application Thread] DEBUG Input                - Clearing active input actions
19:27:09.890 [JavaFX Application Thread] DEBUG GameApplicationServi - Removing overlay from FXGLMainMenuDummyScene and adding to FXGLDefaultMenu
19:27:09.891 [JavaFX Application Thread] DEBUG PrimaryStageWindow   - FXGLMainMenuDummyScene -> FXGLDefaultMenu
19:27:09.898 [JavaFX Application Thread] DEBUG FXGLApplication      - Registering font factories with UI factory
19:27:09.918 [FXGL Background Thread 2 ] WARN  UpdaterService       - Failed to find updates: java.net.UnknownHostException: raw.githubusercontent.com
19:27:10.680 [JavaFX Application Thread] DEBUG Menu                 - fireNewGame()
19:27:10.680 [JavaFX Application Thread] DEBUG GameApplicationServi - Starting new game
19:27:10.681 [JavaFX Application Thread] DEBUG PrimaryStageWindow   - Pop state: FXGLDefaultMenu
19:27:10.681 [JavaFX Application Thread] DEBUG Input                - Clearing active input actions
19:27:10.682 [JavaFX Application Thread] DEBUG GameApplicationServi - Removing overlay from FXGLDefaultMenu and adding to FXGLMainMenuDummyScene
19:27:10.683 [JavaFX Application Thread] DEBUG PrimaryStageWindow   - FXGLMainMenuDummyScene <- FXGLDefaultMenu
19:27:10.683 [JavaFX Application Thread] DEBUG Input                - Clearing active input actions
19:27:10.689 [JavaFX Application Thread] DEBUG GameApplicationServi - Removing overlay from FXGLMainMenuDummyScene and adding to FXGLLoadingScene
19:27:10.690 [JavaFX Application Thread] DEBUG PrimaryStageWindow   - FXGLMainMenuDummyScene -> FXGLLoadingScene
19:27:10.690 [JavaFX Application Thread] DEBUG GameApplicationServi - Clearing previous game
19:27:10.690 [JavaFX Application Thread] DEBUG GameScene            - Clearing game scene
19:27:10.690 [JavaFX Application Thread] DEBUG GameWorld            - Clearing game world
19:27:10.690 [JavaFX Application Thread] DEBUG PhysicsWorld         - Clearing physics world
19:27:10.693 [FXGL Background Thread 2 ] DEBUG FXGLApplication      - Initializing game
19:27:10.730 [FXGL Background Thread 2 ] WARN  TMXLevelLoader       - TiledMap generated from 1.11.0. Supported version: 1.9.0. Some features may not be parsed fully.
19:27:10.739 [FXGL Background Thread 2 ] DEBUG TMXLevelLoader       - Parsed TiledMap: file:/C:/Users/Administrator/IdeaProjects/LearningFXGL/target/classes/assets/levels/level1.tmx
19:27:10.739 [FXGL Background Thread 2 ] DEBUG TMXLevelLoader       - Creating tile layer entities
19:27:10.741 [FXGL Background Thread 2 ] DEBUG TilesetLoader        - Loading view for layer Tile Layer 1
19:27:10.741 [FXGL Background Thread 2 ] DEBUG TilesetLoader        - Created buffer with size 800.0x600.0
19:27:10.744 [FXGL Background Thread 2 ] DEBUG TMXLevelLoader       - Creating object layer entities
19:27:10.746 [FXGL Background Thread 2 ] DEBUG FXGLAssetLoaderServi - Loading from file system: file:/C:/Users/Administrator/IdeaProjects/LearningFXGL/target/classes/assets/textures/player.png
19:27:10.756 [FXGL Background Thread 2 ] DEBUG FXGLAssetLoaderServi - Loading from file system: file:/C:/Users/Administrator/IdeaProjects/LearningFXGL/target/classes/assets/textures/sprite.png
19:27:10.762 [FXGL Background Thread 2 ] DEBUG FXGLAssetLoaderServi - Loading from file system: file:/C:/Users/Administrator/IdeaProjects/LearningFXGL/target/classes/assets/textures/pill.png
19:27:10.780 [FXGL Background Thread 2 ] DEBUG FXGLAssetLoaderServi - Loading from file system: file:/C:/Users/Administrator/IdeaProjects/LearningFXGL/target/classes/assets/textures/Ghost1.gif
19:27:10.780 [FXGL Background Thread 2 ] DEBUG FXGLAssetLoaderServi - Loading from file system: file:/C:/Users/Administrator/IdeaProjects/LearningFXGL/target/classes/assets/textures/Ghost2.gif
19:27:10.782 [FXGL Background Thread 2 ] DEBUG GameWorld            - Clearing removable entities
19:27:10.782 [FXGL Background Thread 2 ] DEBUG GameWorld            - Setting level: com.almasb.fxgl.entity.level.Level@37b8ba3
19:27:10.787 [FXGL Background Thread 2 ] DEBUG FXGLAssetLoaderServi - Loading from file system: file:/C:/Users/Administrator/IdeaProjects/LearningFXGL/target/classes/assets/textures/PacMan2right.gif
19:27:10.788 [FXGL Background Thread 2 ] INFO  FXGLApplication      - Game initialization took: 0.096 sec
19:27:10.791 [JavaFX Application Thread] DEBUG Input                - Clearing active input actions
19:27:10.794 [JavaFX Application Thread] DEBUG GameApplicationServi - Removing overlay from FXGLLoadingScene and adding to GameScene
19:27:10.795 [JavaFX Application Thread] DEBUG PrimaryStageWindow   - FXGLLoadingScene -> GameScene
19:27:12.805 [JavaFX Application Thread] DEBUG FXGLApplication      - Exiting FXGL
19:27:12.805 [JavaFX Application Thread] DEBUG LoopRunner           - Stopping loop
19:27:12.805 [JavaFX Application Thread] DEBUG SystemBundleService  - Saving FXGL system data
19:27:12.806 [JavaFX Application Thread] DEBUG FileSystemAccess     - Writing to: C:\Users\Administrator\IdeaProjects\LearningFXGL\system\fxgl.bundle
19:27:12.807 [JavaFX Application Thread] DEBUG Async                - Shutting down background threads
19:27:12.807 [JavaFX Application Thread] DEBUG PrimaryStageWindow   - Closing main window
19:27:12.814 [JavaFX Application Thread] DEBUG Logger               - Closing Logger
