18:20:43.080 [main                     ] DEBUG Logger               - Configured Logger
18:20:43.096 [main                     ] DEBUG GameApplication      - Logging settings
Title: DemoApp
Version: 0.1
Width: 800
Height: 600
Fullscreen: false
Intro: false
Profiling: false
Single step:false
App Mode: DEVELOPER
Menu Key: ESCAPE
Stage Style: DECORATED
Scene Factory: class com.almasb.fxgl.app.scene.SceneFactory

18:20:43.298 [JavaFX Application Thread] DEBUG FXGLApplication      - Initializing FXGL
18:20:43.300 [JavaFX Application Thread] INFO  Engine               - FXGL-17.3 (30.03.2023 11.49) on WINDOWS (J:21.0.1 FX:20)
18:20:43.301 [JavaFX Application Thread] DEBUG Engine               - JRE Vendor Name: Oracle Corporation
18:20:43.301 [JavaFX Application Thread] DEBUG Engine               - Running on OS: Windows 11 version 10.0
18:20:43.301 [JavaFX Application Thread] DEBUG Engine               - Architecture: amd64
18:20:43.301 [JavaFX Application Thread] INFO  Engine               - Source code and latest versions at: https://github.com/AlmasB/FXGL
18:20:43.301 [JavaFX Application Thread] INFO  Engine               -       Ask questions and discuss at: https://github.com/AlmasB/FXGL/discussions
18:20:43.301 [JavaFX Application Thread] INFO  Engine               -              Join the FXGL chat at: https://gitter.im/AlmasB/FXGL
18:20:43.343 [JavaFX Application Thread] DEBUG PrimaryStageWindow   - Creating a JavaFX scene
18:20:43.364 [JavaFX Application Thread] DEBUG PrimaryStageWindow   - Target settings size: 800.0 x 600.0
18:20:43.365 [JavaFX Application Thread] DEBUG PrimaryStageWindow   - Scaled scene size:    800.0 x 600.0
18:20:43.365 [JavaFX Application Thread] DEBUG PrimaryStageWindow   - Scaled ratio: (1.0, 1.0)
18:20:43.365 [JavaFX Application Thread] DEBUG PrimaryStageWindow   - Set initial scene to FXGLStartupScene
18:20:43.367 [JavaFX Application Thread] DEBUG PrimaryStageWindow   - Opening main window
18:20:43.407 [JavaFX Application Thread] DEBUG PrimaryStageWindow   - Window border size: (14.4000244140625, 37.5999755859375)
18:20:43.408 [JavaFX Application Thread] DEBUG PrimaryStageWindow   - Scaled size: 800.0 x 600.0
18:20:43.408 [JavaFX Application Thread] DEBUG PrimaryStageWindow   - Scaled ratio: (1.0, 1.0)
18:20:43.408 [JavaFX Application Thread] DEBUG PrimaryStageWindow   - Scene size: 800.0 x 600.0
18:20:43.408 [JavaFX Application Thread] DEBUG PrimaryStageWindow   - Stage size: 814.4000244140625 x 637.5999755859375
18:20:43.411 [FXGL Background Thread 1 ] DEBUG Engine               - Initializing environment variables
18:20:43.438 [FXGL Background Thread 1 ] DEBUG FXGLAssetLoaderServi - User app class for loading assets: class com.gamedemo.DemoApp
18:20:43.438 [FXGL Background Thread 1 ] DEBUG GameApplicationServi - Applying CSS: fxgl_dark.css
18:20:43.439 [FXGL Background Thread 1 ] DEBUG FXGLAssetLoaderServi - Loading from file system: jar:file:///C:/Users/Administrator/.m2/repository/com/github/almasb/fxgl/17.3/fxgl-17.3.jar!/fxglassets/ui/css/fxgl_dark.css
18:20:43.458 [FXGL Background Thread 1 ] DEBUG GameApplicationServi - Initializing application scenes
18:20:43.488 [FXGL Background Thread 1 ] DEBUG GameWorld            - Game world initialized
18:20:43.515 [FXGL Background Thread 1 ] DEBUG PhysicsWorld         - Physics world initialized: appHeight=600, physics.ppm=50.0
18:20:43.516 [FXGL Background Thread 1 ] DEBUG PhysicsWorld         - Using strategy: BRUTE_FORCE
18:20:43.518 [FXGL Background Thread 1 ] DEBUG GameScene            - Game scene initialized: 800x600
18:20:43.523 [FXGL Background Thread 1 ] DEBUG FXGL.DefaultMenu     - createMenuBodyMainMenu()
18:20:43.528 [FXGL Background Thread 1 ] DEBUG FXGL.DefaultMenu     - createOptionsMenu()
18:20:43.533 [FXGL Background Thread 1 ] DEBUG FXGLAssetLoaderServi - Loading from file system: jar:file:///C:/Users/Administrator/.m2/repository/com/github/almasb/fxgl/17.3/fxgl-17.3.jar!/fxglassets/textures/particles/smoke.png
18:20:43.576 [FXGL Background Thread 1 ] DEBUG FXGLAssetLoaderServi - Loading from file system: jar:file:///C:/Users/Administrator/.m2/repository/com/github/almasb/fxgl/17.3/fxgl-17.3.jar!/fxglassets/textures/particles/trace_horizontal.png
18:20:43.593 [FXGL Background Thread 1 ] DEBUG FXGL.DefaultMenu     - createMenuBodyGameMenu()
18:20:43.595 [FXGL Background Thread 1 ] DEBUG FXGL.DefaultMenu     - createOptionsMenu()
18:20:43.600 [FXGL Background Thread 1 ] DEBUG GameApplicationServi - Application scenes initialized
18:20:43.605 [FXGL Background Thread 1 ] DEBUG SystemBundleService  - Loading FXGL system data
18:20:43.607 [FXGL Background Thread 1 ] DEBUG FileSystemAccess     - Reading from: C:\Users\Administrator\IdeaProjects\LearningFXGL\system\fxgl.bundle
18:20:43.611 [FXGL Background Thread 1 ] DEBUG SystemBundleService  - Bundle FXGL: {}
18:20:43.612 [FXGL Background Thread 1 ] DEBUG UpdaterService       - Checking for updates
18:20:43.627 [FXGL Background Thread 4 ] DEBUG FXGLApplication      - Loading fonts
18:20:43.627 [FXGL Background Thread 1 ] DEBUG FXGLApplication      - Loading default localization
18:20:43.628 [FXGL Background Thread 4 ] DEBUG FXGLAssetLoaderServi - Loading from file system: jar:file:///C:/Users/Administrator/.m2/repository/com/github/almasb/fxgl/17.3/fxgl-17.3.jar!/fxglassets/ui/fonts/VarelaRound-Regular.ttf
18:20:43.628 [FXGL Background Thread 1 ] DEBUG FXGLAssetLoaderServi - Loading from file system: jar:file:///C:/Users/Administrator/.m2/repository/com/github/almasb/fxgl/17.3/fxgl-17.3.jar!/fxglassets/languages/english.lang
18:20:43.641 [FXGL Background Thread 1 ] INFO  FXGLApplication      - FXGL initialization took: 0.230 sec
18:20:43.646 [FXGL Background Thread 4 ] DEBUG FXGLAssetLoaderServi - Loading from file system: jar:file:///C:/Users/Administrator/.m2/repository/com/github/almasb/fxgl/17.3/fxgl-17.3.jar!/fxglassets/ui/fonts/Abel-Regular.ttf
18:20:43.646 [JavaFX Application Thread] DEBUG Input                - Registered new binding: MoveUp - Up
18:20:43.647 [FXGL Background Thread 4 ] DEBUG FXGLAssetLoaderServi - Loading from file system: jar:file:///C:/Users/Administrator/.m2/repository/com/github/almasb/fxgl/17.3/fxgl-17.3.jar!/fxglassets/ui/fonts/TerminalLandMono-Regular.otf
18:20:43.647 [JavaFX Application Thread] DEBUG Input                - Registered new binding: MoveDown - Down
18:20:43.647 [JavaFX Application Thread] DEBUG Input                - Registered new binding: MoveLeft - Left
18:20:43.647 [JavaFX Application Thread] DEBUG Input                - Registered new binding: MoveRight - Right
18:20:43.648 [JavaFX Application Thread] DEBUG FXGLAssetLoaderServi - Loading from file system: jar:file:///C:/Users/Administrator/.m2/repository/com/github/almasb/fxgl/17.3/fxgl-17.3.jar!/fxglassets/textures/fxgl_icon.png
18:20:43.648 [FXGL Background Thread 4 ] DEBUG FXGLAssetLoaderServi - Loading from file system: jar:file:///C:/Users/Administrator/.m2/repository/com/github/almasb/fxgl/17.3/fxgl-17.3.jar!/fxglassets/ui/fonts/Courier-Prime.ttf
18:20:43.661 [JavaFX Application Thread] DEBUG FXGLAssetLoaderServi - Loading from file system: jar:file:///C:/Users/Administrator/.m2/repository/com/github/almasb/fxgl/17.3/fxgl-17.3.jar!/fxglassets/textures/fxgl_default_cursor.png
18:20:43.662 [JavaFX Application Thread] DEBUG Input                - Registered new binding: Screenshot - CTRL+8
18:20:43.662 [JavaFX Application Thread] DEBUG Input                - Registered new binding: Dev Options - 1
18:20:43.662 [JavaFX Application Thread] DEBUG Input                - Registered new binding: Dev Console - 2
18:20:43.663 [JavaFX Application Thread] DEBUG Input                - Registered new binding: System info dump - CTRL+9
18:20:43.663 [JavaFX Application Thread] DEBUG Input                - Registered new binding: Restart - CTRL+R
18:20:43.663 [JavaFX Application Thread] DEBUG Input                - Registered new binding: Toggle Debug Camera - CTRL+7
18:20:43.666 [JavaFX Application Thread] DEBUG LoopRunner           - Starting loop
18:20:43.677 [JavaFX Application Thread] DEBUG LoopRunner           - Initializing JavaFX AnimationTimerLoop
18:20:43.679 [JavaFX Application Thread] DEBUG Input                - Clearing active input actions
18:20:43.683 [JavaFX Application Thread] DEBUG GameApplicationServi - Removing overlay from FXGLStartupScene and adding to FXGLMainMenuDummyScene
18:20:43.686 [JavaFX Application Thread] DEBUG PrimaryStageWindow   - FXGLStartupScene -> FXGLMainMenuDummyScene
18:20:43.686 [JavaFX Application Thread] DEBUG PrimaryStageWindow   - Push state: FXGLDefaultMenu
18:20:43.687 [JavaFX Application Thread] DEBUG Input                - Clearing active input actions
18:20:43.695 [JavaFX Application Thread] DEBUG GameApplicationServi - Removing overlay from FXGLMainMenuDummyScene and adding to FXGLDefaultMenu
18:20:43.696 [JavaFX Application Thread] DEBUG PrimaryStageWindow   - FXGLMainMenuDummyScene -> FXGLDefaultMenu
18:20:43.700 [JavaFX Application Thread] DEBUG FXGLApplication      - Registering font factories with UI factory
18:20:43.712 [FXGL Background Thread 2 ] WARN  UpdaterService       - Failed to find updates: java.net.UnknownHostException: raw.githubusercontent.com
18:20:44.402 [JavaFX Application Thread] DEBUG Menu                 - fireNewGame()
18:20:44.402 [JavaFX Application Thread] DEBUG GameApplicationServi - Starting new game
18:20:44.402 [JavaFX Application Thread] DEBUG PrimaryStageWindow   - Pop state: FXGLDefaultMenu
18:20:44.403 [JavaFX Application Thread] DEBUG Input                - Clearing active input actions
18:20:44.403 [JavaFX Application Thread] DEBUG GameApplicationServi - Removing overlay from FXGLDefaultMenu and adding to FXGLMainMenuDummyScene
18:20:44.405 [JavaFX Application Thread] DEBUG PrimaryStageWindow   - FXGLMainMenuDummyScene <- FXGLDefaultMenu
18:20:44.405 [JavaFX Application Thread] DEBUG Input                - Clearing active input actions
18:20:44.408 [JavaFX Application Thread] DEBUG GameApplicationServi - Removing overlay from FXGLMainMenuDummyScene and adding to FXGLLoadingScene
18:20:44.409 [JavaFX Application Thread] DEBUG PrimaryStageWindow   - FXGLMainMenuDummyScene -> FXGLLoadingScene
18:20:44.409 [JavaFX Application Thread] DEBUG GameApplicationServi - Clearing previous game
18:20:44.409 [JavaFX Application Thread] DEBUG GameScene            - Clearing game scene
18:20:44.409 [JavaFX Application Thread] DEBUG GameWorld            - Clearing game world
18:20:44.409 [JavaFX Application Thread] DEBUG PhysicsWorld         - Clearing physics world
18:20:44.411 [FXGL Background Thread 2 ] DEBUG FXGLApplication      - Initializing game
18:20:44.446 [FXGL Background Thread 2 ] WARN  TMXLevelLoader       - TiledMap generated from 1.11.0. Supported version: 1.9.0. Some features may not be parsed fully.
18:20:44.456 [FXGL Background Thread 2 ] DEBUG TMXLevelLoader       - Parsed TiledMap: file:/C:/Users/Administrator/IdeaProjects/LearningFXGL/target/classes/assets/levels/level1.tmx
18:20:44.457 [FXGL Background Thread 2 ] DEBUG TMXLevelLoader       - Creating tile layer entities
18:20:44.459 [FXGL Background Thread 2 ] DEBUG TilesetLoader        - Loading view for layer Tile Layer 1
18:20:44.459 [FXGL Background Thread 2 ] DEBUG TilesetLoader        - Created buffer with size 800.0x600.0
18:20:44.462 [FXGL Background Thread 2 ] DEBUG TMXLevelLoader       - Creating object layer entities
18:20:44.463 [FXGL Background Thread 2 ] DEBUG FXGLAssetLoaderServi - Loading from file system: file:/C:/Users/Administrator/IdeaProjects/LearningFXGL/target/classes/assets/textures/player.png
18:20:44.466 [FXGL Background Thread 2 ] DEBUG FXGLAssetLoaderServi - Loading from file system: file:/C:/Users/Administrator/IdeaProjects/LearningFXGL/target/classes/assets/textures/sprite.png
18:20:44.472 [FXGL Background Thread 2 ] DEBUG FXGLAssetLoaderServi - Loading from file system: file:/C:/Users/Administrator/IdeaProjects/LearningFXGL/target/classes/assets/textures/pill.png
18:20:44.495 [FXGL Background Thread 2 ] DEBUG FXGLAssetLoaderServi - Loading from file system: file:/C:/Users/Administrator/IdeaProjects/LearningFXGL/target/classes/assets/textures/Ghost1.gif
18:20:44.496 [FXGL Background Thread 2 ] DEBUG FXGLAssetLoaderServi - Loading from file system: file:/C:/Users/Administrator/IdeaProjects/LearningFXGL/target/classes/assets/textures/Ghost2.gif
18:20:44.497 [FXGL Background Thread 2 ] DEBUG GameWorld            - Clearing removable entities
18:20:44.497 [FXGL Background Thread 2 ] DEBUG GameWorld            - Setting level: com.almasb.fxgl.entity.level.Level@659d4bae
18:20:44.502 [FXGL Background Thread 2 ] INFO  FXGLApplication      - Game initialization took: 0.090 sec
18:20:44.502 [JavaFX Application Thread] DEBUG Input                - Clearing active input actions
18:20:44.504 [JavaFX Application Thread] DEBUG GameApplicationServi - Removing overlay from FXGLLoadingScene and adding to GameScene
18:20:44.505 [JavaFX Application Thread] DEBUG PrimaryStageWindow   - FXGLLoadingScene -> GameScene
18:20:46.626 [FXGL Background Thread 3 ] DEBUG Engine               - Logging environment variables
18:20:46.626 [FXGL Background Thread 3 ] DEBUG Engine               - achievements: []
18:20:46.626 [FXGL Background Thread 3 ] DEBUG Engine               - actualHeight: 600.0
18:20:46.626 [FXGL Background Thread 3 ] DEBUG Engine               - actualHeightProperty: ReadOnlyDoubleProperty [value: 600.0]
18:20:46.626 [FXGL Background Thread 3 ] DEBUG Engine               - actualWidth: 800.0
18:20:46.626 [FXGL Background Thread 3 ] DEBUG Engine               - actualWidthProperty: ReadOnlyDoubleProperty [value: 800.0]
18:20:46.626 [FXGL Background Thread 3 ] DEBUG Engine               - appIcon: fxgl_icon.png
18:20:46.626 [FXGL Background Thread 3 ] DEBUG Engine               - applicationMode: DEVELOPER
18:20:46.626 [FXGL Background Thread 3 ] DEBUG Engine               - cSSList: [fxgl_dark.css]
18:20:46.626 [FXGL Background Thread 3 ] DEBUG Engine               - collisionDetectionStrategy: BRUTE_FORCE
18:20:46.626 [FXGL Background Thread 3 ] DEBUG Engine               - configClass: Optional.empty
18:20:46.627 [FXGL Background Thread 3 ] DEBUG Engine               - credits: []
18:20:46.627 [FXGL Background Thread 3 ] DEBUG Engine               - defaultCursor: CursorInfo(imageName=fxgl_default_cursor.png, hotspotX=7.0, hotspotY=6.0)
18:20:46.627 [FXGL Background Thread 3 ] DEBUG Engine               - devBBoxColorProperty: ObjectProperty [value: 0xff0000ff]
18:20:46.627 [FXGL Background Thread 3 ] DEBUG Engine               - devEnableDebugCameraProperty: BooleanProperty [value: false]
18:20:46.627 [FXGL Background Thread 3 ] DEBUG Engine               - devSensorColorProperty: ObjectProperty [value: 0xffff00ff]
18:20:46.627 [FXGL Background Thread 3 ] DEBUG Engine               - devShowBBoxProperty: BooleanProperty [value: false]
18:20:46.627 [FXGL Background Thread 3 ] DEBUG Engine               - devShowPositionProperty: BooleanProperty [value: false]
18:20:46.627 [FXGL Background Thread 3 ] DEBUG Engine               - enabledMenuItems: []
18:20:46.627 [FXGL Background Thread 3 ] DEBUG Engine               - engineServices: [class com.almasb.fxgl.app.services.FXGLAssetLoaderService, class com.almasb.fxgl.app.FXGLApplication$GameApplicationService, class com.almasb.fxgl.app.services.FXGLDialogService, class com.almasb.fxgl.app.services.IOTaskExecutorService, class com.almasb.fxgl.io.FileSystemService, class com.almasb.fxgl.localization.LocalizationService, class com.almasb.fxgl.app.services.SystemBundleService, class com.almasb.fxgl.profile.SaveLoadService, class com.almasb.fxgl.ui.FXGLUIFactoryServiceProvider, class com.almasb.fxgl.ui.FXGLDialogFactoryServiceProvider, class com.almasb.fxgl.audio.AudioPlayer, class com.almasb.fxgl.notification.impl.NotificationServiceProvider, class com.almasb.fxgl.achievement.AchievementService, class com.almasb.fxgl.cutscene.CutsceneService, class com.almasb.fxgl.minigames.MiniGameService, class com.almasb.fxgl.net.NetService, class com.almasb.fxgl.app.services.UpdaterService, class com.almasb.fxgl.dev.DevService]
18:20:46.627 [FXGL Background Thread 3 ] DEBUG Engine               - fontGame: Abel-Regular.ttf
18:20:46.627 [FXGL Background Thread 3 ] DEBUG Engine               - fontMono: TerminalLandMono-Regular.otf
18:20:46.627 [FXGL Background Thread 3 ] DEBUG Engine               - fontSizeScaleUI: 1.0
18:20:46.628 [FXGL Background Thread 3 ] DEBUG Engine               - fontText: Courier-Prime.ttf
18:20:46.628 [FXGL Background Thread 3 ] DEBUG Engine               - fontUI: VarelaRound-Regular.ttf
18:20:46.628 [FXGL Background Thread 3 ] DEBUG Engine               - fullScreen: BooleanProperty [value: false]
18:20:46.628 [FXGL Background Thread 3 ] DEBUG Engine               - gameDifficulty: MEDIUM
18:20:46.628 [FXGL Background Thread 3 ] DEBUG Engine               - gameDifficultyProperty: ObjectProperty [value: MEDIUM]
18:20:46.628 [FXGL Background Thread 3 ] DEBUG Engine               - globalMusicVolume: 0.5
18:20:46.628 [FXGL Background Thread 3 ] DEBUG Engine               - globalMusicVolumeProperty: DoubleProperty [value: 0.5]
18:20:46.628 [FXGL Background Thread 3 ] DEBUG Engine               - globalSoundVolume: 0.5
18:20:46.628 [FXGL Background Thread 3 ] DEBUG Engine               - globalSoundVolumeProperty: DoubleProperty [value: 0.5]
18:20:46.628 [FXGL Background Thread 3 ] DEBUG Engine               - height: 600
18:20:46.628 [FXGL Background Thread 3 ] DEBUG Engine               - is3D: false
18:20:46.628 [FXGL Background Thread 3 ] DEBUG Engine               - isAndroid: false
18:20:46.628 [FXGL Background Thread 3 ] DEBUG Engine               - isBrowser: false
18:20:46.628 [FXGL Background Thread 3 ] DEBUG Engine               - isClickFeedbackEnabled: false
18:20:46.628 [FXGL Background Thread 3 ] DEBUG Engine               - isCloseConfirmation: false
18:20:46.628 [FXGL Background Thread 3 ] DEBUG Engine               - isDesktop: true
18:20:46.628 [FXGL Background Thread 3 ] DEBUG Engine               - isDeveloperMenuEnabled: true
18:20:46.628 [FXGL Background Thread 3 ] DEBUG Engine               - isEmbedded: false
18:20:46.628 [FXGL Background Thread 3 ] DEBUG Engine               - isEntityPreloadEnabled: true
18:20:46.628 [FXGL Background Thread 3 ] DEBUG Engine               - isExperimentalTiledLargeMap: false
18:20:46.628 [FXGL Background Thread 3 ] DEBUG Engine               - isFileSystemWriteAllowed: true
18:20:46.628 [FXGL Background Thread 3 ] DEBUG Engine               - isFullScreenAllowed: false
18:20:46.628 [FXGL Background Thread 3 ] DEBUG Engine               - isFullScreenFromStart: false
18:20:46.628 [FXGL Background Thread 3 ] DEBUG Engine               - isGameMenuEnabled: true
18:20:46.628 [FXGL Background Thread 3 ] DEBUG Engine               - isIOS: false
18:20:46.628 [FXGL Background Thread 3 ] DEBUG Engine               - isIntroEnabled: false
18:20:46.628 [FXGL Background Thread 3 ] DEBUG Engine               - isLinux: false
18:20:46.628 [FXGL Background Thread 3 ] DEBUG Engine               - isMac: false
18:20:46.628 [FXGL Background Thread 3 ] DEBUG Engine               - isMainMenuEnabled: true
18:20:46.628 [FXGL Background Thread 3 ] DEBUG Engine               - isManualResizeEnabled: false
18:20:46.628 [FXGL Background Thread 3 ] DEBUG Engine               - isMobile: false
18:20:46.628 [FXGL Background Thread 3 ] DEBUG Engine               - isNative: false
18:20:46.629 [FXGL Background Thread 3 ] DEBUG Engine               - isPauseMusicWhenMinimized: true
18:20:46.629 [FXGL Background Thread 3 ] DEBUG Engine               - isPreserveResizeRatio: false
18:20:46.629 [FXGL Background Thread 3 ] DEBUG Engine               - isProfilingEnabled: false
18:20:46.629 [FXGL Background Thread 3 ] DEBUG Engine               - isScaleAffectedOnResize: true
18:20:46.629 [FXGL Background Thread 3 ] DEBUG Engine               - isSingleStep: false
18:20:46.629 [FXGL Background Thread 3 ] DEBUG Engine               - isUserProfileEnabled: false
18:20:46.629 [FXGL Background Thread 3 ] DEBUG Engine               - isWindows: true
18:20:46.629 [FXGL Background Thread 3 ] DEBUG Engine               - language: ObjectProperty [value: ENGLISH]
18:20:46.629 [FXGL Background Thread 3 ] DEBUG Engine               - menuKey: ESCAPE
18:20:46.629 [FXGL Background Thread 3 ] DEBUG Engine               - mouseSensitivity: 0.2
18:20:46.629 [FXGL Background Thread 3 ] DEBUG Engine               - notificationViewClass: class com.almasb.fxgl.notification.view.XboxNotificationView
18:20:46.629 [FXGL Background Thread 3 ] DEBUG Engine               - pixelsPerMeter: 50.0
18:20:46.629 [FXGL Background Thread 3 ] DEBUG Engine               - platform: WINDOWS
18:20:46.629 [FXGL Background Thread 3 ] DEBUG Engine               - prefHeightProperty: ReadOnlyDoubleProperty [value: 600.0]
18:20:46.629 [FXGL Background Thread 3 ] DEBUG Engine               - prefWidthProperty: ReadOnlyDoubleProperty [value: 800.0]
18:20:46.629 [FXGL Background Thread 3 ] DEBUG Engine               - profileDir: profiles/
18:20:46.629 [FXGL Background Thread 3 ] DEBUG Engine               - profileName: StringProperty [value: DEFAULT]
18:20:46.629 [FXGL Background Thread 3 ] DEBUG Engine               - randomSeed: -1
18:20:46.629 [FXGL Background Thread 3 ] DEBUG Engine               - runtimeInfo: RuntimeInfo(platform=WINDOWS, version=17.3, build=30.03.2023 11.49)
18:20:46.629 [FXGL Background Thread 3 ] DEBUG Engine               - saveFileExt: sav
18:20:46.629 [FXGL Background Thread 3 ] DEBUG Engine               - scaledHeightProp$fxgl: DoubleProperty [bound, value: 600.0]
18:20:46.629 [FXGL Background Thread 3 ] DEBUG Engine               - scaledWidthProp$fxgl: DoubleProperty [bound, value: 800.0]
18:20:46.629 [FXGL Background Thread 3 ] DEBUG Engine               - sceneFactory: com.almasb.fxgl.app.scene.SceneFactory@228bffe8
18:20:46.629 [FXGL Background Thread 3 ] DEBUG Engine               - secondsIn24h: 60
18:20:46.629 [FXGL Background Thread 3 ] DEBUG Engine               - soundMenuBack: menu/back.wav
18:20:46.629 [FXGL Background Thread 3 ] DEBUG Engine               - soundMenuPress: menu/press.wav
18:20:46.630 [FXGL Background Thread 3 ] DEBUG Engine               - soundMenuSelect: menu/select.wav
18:20:46.630 [FXGL Background Thread 3 ] DEBUG Engine               - soundNotification: core/notification.wav
18:20:46.630 [FXGL Background Thread 3 ] DEBUG Engine               - stageStyle: DECORATED
18:20:46.630 [FXGL Background Thread 3 ] DEBUG Engine               - supportedLanguages: [ENGLISH, FRENCH, GERMAN, HUNGARIAN, RUSSIAN]
18:20:46.630 [FXGL Background Thread 3 ] DEBUG Engine               - ticksPerSecond: -1
18:20:46.630 [FXGL Background Thread 3 ] DEBUG Engine               - title: DemoApp
18:20:46.630 [FXGL Background Thread 3 ] DEBUG Engine               - urlGithub: https://github.com/AlmasB/FXGL
18:20:46.630 [FXGL Background Thread 3 ] DEBUG Engine               - urlLeaderboard: http://fxgl-top.herokuapp.com/
18:20:46.630 [FXGL Background Thread 3 ] DEBUG Engine               - urlPOM: https://raw.githubusercontent.com/AlmasB/FXGL/release/README.md
18:20:46.630 [FXGL Background Thread 3 ] DEBUG Engine               - userAppClass: class com.gamedemo.DemoApp
18:20:46.630 [FXGL Background Thread 3 ] DEBUG Engine               - version: 0.1
18:20:46.630 [FXGL Background Thread 3 ] DEBUG Engine               - versionCheckDays: 7
18:20:46.630 [FXGL Background Thread 3 ] DEBUG Engine               - width: 800
18:20:46.630 [FXGL Background Thread 3 ] DEBUG Engine               - Logging services
18:20:46.630 [FXGL Background Thread 3 ] DEBUG Engine               - class com.almasb.fxgl.app.services.FXGLAssetLoaderService
18:20:46.630 [FXGL Background Thread 3 ] DEBUG Engine               - class com.almasb.fxgl.app.FXGLApplication$GameApplicationService
18:20:46.630 [FXGL Background Thread 3 ] DEBUG Engine               - class com.almasb.fxgl.app.services.FXGLDialogService
18:20:46.630 [FXGL Background Thread 3 ] DEBUG Engine               - class com.almasb.fxgl.app.services.IOTaskExecutorService
18:20:46.630 [FXGL Background Thread 3 ] DEBUG Engine               - class com.almasb.fxgl.io.FileSystemService
18:20:46.630 [FXGL Background Thread 3 ] DEBUG Engine               - class com.almasb.fxgl.localization.LocalizationService
18:20:46.630 [FXGL Background Thread 3 ] DEBUG Engine               - class com.almasb.fxgl.app.services.SystemBundleService
18:20:46.630 [FXGL Background Thread 3 ] DEBUG Engine               - class com.almasb.fxgl.profile.SaveLoadService
18:20:46.630 [FXGL Background Thread 3 ] DEBUG Engine               - class com.almasb.fxgl.ui.FXGLUIFactoryServiceProvider
18:20:46.630 [FXGL Background Thread 3 ] DEBUG Engine               - class com.almasb.fxgl.ui.FXGLDialogFactoryServiceProvider
18:20:46.630 [FXGL Background Thread 3 ] DEBUG Engine               - class com.almasb.fxgl.audio.AudioPlayer
18:20:46.630 [FXGL Background Thread 3 ] DEBUG Engine               - class com.almasb.fxgl.notification.impl.NotificationServiceProvider
18:20:46.630 [FXGL Background Thread 3 ] DEBUG Engine               - class com.almasb.fxgl.achievement.AchievementService
18:20:46.630 [FXGL Background Thread 3 ] DEBUG Engine               - class com.almasb.fxgl.cutscene.CutsceneService
18:20:46.630 [FXGL Background Thread 3 ] DEBUG Engine               - class com.almasb.fxgl.minigames.MiniGameService
18:20:46.630 [FXGL Background Thread 3 ] DEBUG Engine               - class com.almasb.fxgl.net.NetService
18:20:46.630 [FXGL Background Thread 3 ] DEBUG Engine               - class com.almasb.fxgl.app.services.UpdaterService
18:20:46.630 [FXGL Background Thread 3 ] DEBUG Engine               - class com.almasb.fxgl.dev.DevService
18:20:46.912 [JavaFX Application Thread] DEBUG LoopRunner           - Stopping loop
18:20:46.913 [JavaFX Application Thread] FATAL FXGLApplication      - Uncaught Exception:
java.lang.IllegalArgumentException: No EntityFactory has a method annotated @Spawns(fightFruit)
	at com.almasb.fxgl.entity@17.3/com.almasb.fxgl.entity.GameWorld.create(GameWorld.kt:413)
	at com.almasb.fxgl.entity@17.3/com.almasb.fxgl.entity.GameWorld.spawn(GameWorld.kt:396)
	at com.almasb.fxgl.all@17.3/com.almasb.fxgl.dsl.FXGL$Companion.spawn(FXGL.kt:565)
	at com.almasb.fxgl.all@17.3/com.almasb.fxgl.dsl.FXGL.spawn(FXGL.kt)
	at LearningFXGL/com.gamedemo.FightFruitPointComponent.onUpdate(FightFruitPointComponent.java:17)
	at com.almasb.fxgl.entity@17.3/com.almasb.fxgl.entity.Entity$ComponentMap.update(Entity.java:60)
	at com.almasb.fxgl.entity@17.3/com.almasb.fxgl.entity.Entity.update(Entity.java:248)
	at com.almasb.fxgl.entity@17.3/com.almasb.fxgl.entity.GameWorld.onUpdate(GameWorld.kt:177)
	at com.almasb.fxgl.all@17.3/com.almasb.fxgl.app.scene.GameScene.step(GameScene.kt:228)
	at com.almasb.fxgl.all@17.3/com.almasb.fxgl.app.scene.GameScene.onUpdate(GameScene.kt:224)
	at com.almasb.fxgl.scene@17.3/com.almasb.fxgl.scene.Scene.update(Scene.kt:105)
	at com.almasb.fxgl.all@17.3/com.almasb.fxgl.app.MainWindow$update$1.invoke(MainWindow.kt:115)
	at com.almasb.fxgl.all@17.3/com.almasb.fxgl.app.MainWindow$update$1.invoke(MainWindow.kt:115)
	at com.almasb.fxgl.core@17.3/com.almasb.fxgl.core.fsm.StateMachine.runOnActiveStates(StateMachine.kt:69)
	at com.almasb.fxgl.all@17.3/com.almasb.fxgl.app.MainWindow.update(MainWindow.kt:115)
	at com.almasb.fxgl.all@17.3/com.almasb.fxgl.app.FXGLApplication$GameApplicationService.onUpdate(FXGLApplication.kt:426)
	at com.almasb.fxgl.all@17.3/com.almasb.fxgl.app.Engine.loop(Engine.kt:134)
	at com.almasb.fxgl.all@17.3/com.almasb.fxgl.app.Engine.access$loop(Engine.kt:24)
	at com.almasb.fxgl.all@17.3/com.almasb.fxgl.app.Engine$loop$1.invoke(Engine.kt:28)
	at com.almasb.fxgl.all@17.3/com.almasb.fxgl.app.Engine$loop$1.invoke(Engine.kt:28)
	at com.almasb.fxgl.all@17.3/com.almasb.fxgl.app.LoopRunner.frame(LoopRunner.kt:103)
	at com.almasb.fxgl.all@17.3/com.almasb.fxgl.app.LoopRunner.access$frame(LoopRunner.kt:23)
	at com.almasb.fxgl.all@17.3/com.almasb.fxgl.app.LoopRunner$impl$2$1.onTick(LoopRunner.kt:57)
	at com.almasb.fxgl.all@17.3/com.almasb.fxgl.app.AnimationTimerLoop$timer$1.handle(LoopRunner.kt:137)
	at javafx.graphics@20/javafx.animation.AnimationTimer$AnimationTimerReceiver.lambda$handle$0(AnimationTimer.java:58)
	at java.base/java.security.AccessController.doPrivileged(AccessController.java:400)
	at javafx.graphics@20/javafx.animation.AnimationTimer$AnimationTimerReceiver.handle(AnimationTimer.java:57)
	at javafx.graphics@20/com.sun.scenario.animation.AbstractPrimaryTimer.timePulseImpl(AbstractPrimaryTimer.java:356)
	at javafx.graphics@20/com.sun.scenario.animation.AbstractPrimaryTimer$MainLoop.run(AbstractPrimaryTimer.java:266)
	at javafx.graphics@20/com.sun.javafx.tk.quantum.QuantumToolkit.pulse(QuantumToolkit.java:588)
	at javafx.graphics@20/com.sun.javafx.tk.quantum.QuantumToolkit.pulse(QuantumToolkit.java:572)
	at javafx.graphics@20/com.sun.javafx.tk.quantum.QuantumToolkit.pulseFromQueue(QuantumToolkit.java:565)
	at javafx.graphics@20/com.sun.javafx.tk.quantum.QuantumToolkit.lambda$runToolkit$11(QuantumToolkit.java:352)
	at javafx.graphics@20/com.sun.glass.ui.InvokeLaterDispatcher$Future.run(InvokeLaterDispatcher.java:95)
	at javafx.graphics@20/com.sun.glass.ui.win.WinApplication._runLoop(Native Method)
	at javafx.graphics@20/com.sun.glass.ui.win.WinApplication.lambda$runLoop$3(WinApplication.java:185)
	at java.base/java.lang.Thread.run(Thread.java:1583)

18:20:46.913 [JavaFX Application Thread] FATAL FXGLApplication      - Application will now exit
18:20:46.916 [JavaFX Application Thread] DEBUG PrimaryStageWindow   - Push state: ErrorSubScene
18:20:46.916 [JavaFX Application Thread] DEBUG Input                - Clearing active input actions
18:20:46.916 [JavaFX Application Thread] DEBUG GameApplicationServi - Removing overlay from GameScene and adding to ErrorSubScene
18:20:46.916 [JavaFX Application Thread] DEBUG PrimaryStageWindow   - GameScene -> ErrorSubScene
18:20:51.371 [JavaFX Application Thread] DEBUG FXGLApplication      - Exiting FXGL
18:20:51.371 [JavaFX Application Thread] DEBUG Async                - Shutting down background threads
18:20:51.371 [JavaFX Application Thread] DEBUG PrimaryStageWindow   - Closing main window
18:20:51.380 [JavaFX Application Thread] DEBUG Logger               - Closing Logger
