17:35:12.918 [main                     ] DEBUG Logger               - Configured Logger
17:35:12.932 [main                     ] DEBUG GameApplication      - Logging settings
Title: DemoApp
Version: 0.1
Width: 800
Height: 600
Fullscreen: false
Intro: false
Profiling: false
Single step:false
App Mode: DEVELOPER
Menu Key: ESCAPE
Stage Style: DECORATED
Scene Factory: class com.almasb.fxgl.app.scene.SceneFactory

17:35:13.125 [JavaFX Application Thread] DEBUG FXGLApplication      - Initializing FXGL
17:35:13.127 [JavaFX Application Thread] INFO  Engine               - FXGL-17.3 (30.03.2023 11.49) on WINDOWS (J:21.0.1 FX:20)
17:35:13.127 [JavaFX Application Thread] DEBUG Engine               - JRE Vendor Name: Oracle Corporation
17:35:13.127 [JavaFX Application Thread] DEBUG Engine               - Running on OS: Windows 11 version 10.0
17:35:13.127 [JavaFX Application Thread] DEBUG Engine               - Architecture: amd64
17:35:13.127 [JavaFX Application Thread] INFO  Engine               - Source code and latest versions at: https://github.com/AlmasB/FXGL
17:35:13.128 [JavaFX Application Thread] INFO  Engine               -       Ask questions and discuss at: https://github.com/AlmasB/FXGL/discussions
17:35:13.128 [JavaFX Application Thread] INFO  Engine               -              Join the FXGL chat at: https://gitter.im/AlmasB/FXGL
17:35:13.176 [JavaFX Application Thread] DEBUG PrimaryStageWindow   - Creating a JavaFX scene
17:35:13.199 [JavaFX Application Thread] DEBUG PrimaryStageWindow   - Target settings size: 800.0 x 600.0
17:35:13.199 [JavaFX Application Thread] DEBUG PrimaryStageWindow   - Scaled scene size:    800.0 x 600.0
17:35:13.199 [JavaFX Application Thread] DEBUG PrimaryStageWindow   - Scaled ratio: (1.0, 1.0)
17:35:13.200 [JavaFX Application Thread] DEBUG PrimaryStageWindow   - Set initial scene to FXGLStartupScene
17:35:13.202 [JavaFX Application Thread] DEBUG PrimaryStageWindow   - Opening main window
17:35:13.253 [JavaFX Application Thread] DEBUG PrimaryStageWindow   - Window border size: (14.4000244140625, 37.5999755859375)
17:35:13.253 [JavaFX Application Thread] DEBUG PrimaryStageWindow   - Scaled size: 800.0 x 600.0
17:35:13.254 [JavaFX Application Thread] DEBUG PrimaryStageWindow   - Scaled ratio: (1.0, 1.0)
17:35:13.254 [JavaFX Application Thread] DEBUG PrimaryStageWindow   - Scene size: 800.0 x 600.0
17:35:13.254 [JavaFX Application Thread] DEBUG PrimaryStageWindow   - Stage size: 814.4000244140625 x 637.5999755859375
17:35:13.257 [FXGL Background Thread 1 ] DEBUG Engine               - Initializing environment variables
17:35:13.283 [FXGL Background Thread 1 ] DEBUG FXGLAssetLoaderServi - User app class for loading assets: class com.gamedemo.DemoApp
17:35:13.283 [FXGL Background Thread 1 ] DEBUG GameApplicationServi - Applying CSS: fxgl_dark.css
17:35:13.283 [FXGL Background Thread 1 ] DEBUG FXGLAssetLoaderServi - Loading from file system: jar:file:///C:/Users/Administrator/.m2/repository/com/github/almasb/fxgl/17.3/fxgl-17.3.jar!/fxglassets/ui/css/fxgl_dark.css
17:35:13.308 [FXGL Background Thread 1 ] DEBUG GameApplicationServi - Initializing application scenes
17:35:13.338 [FXGL Background Thread 1 ] DEBUG GameWorld            - Game world initialized
17:35:13.369 [FXGL Background Thread 1 ] DEBUG PhysicsWorld         - Physics world initialized: appHeight=600, physics.ppm=50.0
17:35:13.369 [FXGL Background Thread 1 ] DEBUG PhysicsWorld         - Using strategy: BRUTE_FORCE
17:35:13.371 [FXGL Background Thread 1 ] DEBUG GameScene            - Game scene initialized: 800x600
17:35:13.377 [FXGL Background Thread 1 ] DEBUG FXGL.DefaultMenu     - createMenuBodyMainMenu()
17:35:13.384 [FXGL Background Thread 1 ] DEBUG FXGL.DefaultMenu     - createOptionsMenu()
17:35:13.388 [FXGL Background Thread 1 ] DEBUG FXGLAssetLoaderServi - Loading from file system: jar:file:///C:/Users/Administrator/.m2/repository/com/github/almasb/fxgl/17.3/fxgl-17.3.jar!/fxglassets/textures/particles/smoke.png
17:35:13.431 [FXGL Background Thread 1 ] DEBUG FXGLAssetLoaderServi - Loading from file system: jar:file:///C:/Users/Administrator/.m2/repository/com/github/almasb/fxgl/17.3/fxgl-17.3.jar!/fxglassets/textures/particles/trace_horizontal.png
17:35:13.446 [FXGL Background Thread 1 ] DEBUG FXGL.DefaultMenu     - createMenuBodyGameMenu()
17:35:13.446 [FXGL Background Thread 1 ] DEBUG FXGL.DefaultMenu     - createOptionsMenu()
17:35:13.452 [FXGL Background Thread 1 ] DEBUG GameApplicationServi - Application scenes initialized
17:35:13.457 [FXGL Background Thread 1 ] DEBUG SystemBundleService  - Loading FXGL system data
17:35:13.459 [FXGL Background Thread 1 ] DEBUG FileSystemAccess     - Reading from: C:\Users\Administrator\IdeaProjects\LearningFXGL\system\fxgl.bundle
17:35:13.464 [FXGL Background Thread 1 ] DEBUG SystemBundleService  - Bundle FXGL: {}
17:35:13.464 [FXGL Background Thread 1 ] DEBUG UpdaterService       - Checking for updates
17:35:13.480 [FXGL Background Thread 4 ] DEBUG FXGLApplication      - Loading fonts
17:35:13.480 [FXGL Background Thread 1 ] DEBUG FXGLApplication      - Loading default localization
17:35:13.480 [FXGL Background Thread 4 ] DEBUG FXGLAssetLoaderServi - Loading from file system: jar:file:///C:/Users/Administrator/.m2/repository/com/github/almasb/fxgl/17.3/fxgl-17.3.jar!/fxglassets/ui/fonts/VarelaRound-Regular.ttf
17:35:13.481 [FXGL Background Thread 1 ] DEBUG FXGLAssetLoaderServi - Loading from file system: jar:file:///C:/Users/Administrator/.m2/repository/com/github/almasb/fxgl/17.3/fxgl-17.3.jar!/fxglassets/languages/english.lang
17:35:13.494 [FXGL Background Thread 1 ] INFO  FXGLApplication      - FXGL initialization took: 0.236 sec
17:35:13.497 [FXGL Background Thread 4 ] DEBUG FXGLAssetLoaderServi - Loading from file system: jar:file:///C:/Users/Administrator/.m2/repository/com/github/almasb/fxgl/17.3/fxgl-17.3.jar!/fxglassets/ui/fonts/Abel-Regular.ttf
17:35:13.498 [FXGL Background Thread 4 ] DEBUG FXGLAssetLoaderServi - Loading from file system: jar:file:///C:/Users/Administrator/.m2/repository/com/github/almasb/fxgl/17.3/fxgl-17.3.jar!/fxglassets/ui/fonts/TerminalLandMono-Regular.otf
17:35:13.500 [FXGL Background Thread 4 ] DEBUG FXGLAssetLoaderServi - Loading from file system: jar:file:///C:/Users/Administrator/.m2/repository/com/github/almasb/fxgl/17.3/fxgl-17.3.jar!/fxglassets/ui/fonts/Courier-Prime.ttf
17:35:13.501 [JavaFX Application Thread] DEBUG Input                - Registered new binding: MoveUp - Up
17:35:13.501 [JavaFX Application Thread] DEBUG Input                - Registered new binding: MoveDown - Down
17:35:13.502 [JavaFX Application Thread] DEBUG Input                - Registered new binding: MoveLeft - Left
17:35:13.502 [JavaFX Application Thread] DEBUG Input                - Registered new binding: MoveRight - Right
17:35:13.502 [JavaFX Application Thread] DEBUG FXGLAssetLoaderServi - Loading from file system: jar:file:///C:/Users/Administrator/.m2/repository/com/github/almasb/fxgl/17.3/fxgl-17.3.jar!/fxglassets/textures/fxgl_icon.png
17:35:13.510 [JavaFX Application Thread] DEBUG FXGLAssetLoaderServi - Loading from file system: jar:file:///C:/Users/Administrator/.m2/repository/com/github/almasb/fxgl/17.3/fxgl-17.3.jar!/fxglassets/textures/fxgl_default_cursor.png
17:35:13.511 [JavaFX Application Thread] DEBUG Input                - Registered new binding: Screenshot - CTRL+8
17:35:13.511 [JavaFX Application Thread] DEBUG Input                - Registered new binding: Dev Options - 1
17:35:13.511 [JavaFX Application Thread] DEBUG Input                - Registered new binding: Dev Console - 2
17:35:13.511 [JavaFX Application Thread] DEBUG Input                - Registered new binding: System info dump - CTRL+9
17:35:13.511 [JavaFX Application Thread] DEBUG Input                - Registered new binding: Restart - CTRL+R
17:35:13.512 [JavaFX Application Thread] DEBUG Input                - Registered new binding: Toggle Debug Camera - CTRL+7
17:35:13.515 [JavaFX Application Thread] DEBUG LoopRunner           - Starting loop
17:35:13.525 [JavaFX Application Thread] DEBUG LoopRunner           - Initializing JavaFX AnimationTimerLoop
17:35:13.527 [JavaFX Application Thread] DEBUG Input                - Clearing active input actions
17:35:13.531 [JavaFX Application Thread] DEBUG GameApplicationServi - Removing overlay from FXGLStartupScene and adding to FXGLMainMenuDummyScene
17:35:13.533 [JavaFX Application Thread] DEBUG PrimaryStageWindow   - FXGLStartupScene -> FXGLMainMenuDummyScene
17:35:13.533 [JavaFX Application Thread] DEBUG PrimaryStageWindow   - Push state: FXGLDefaultMenu
17:35:13.538 [JavaFX Application Thread] DEBUG Input                - Clearing active input actions
17:35:13.544 [JavaFX Application Thread] DEBUG GameApplicationServi - Removing overlay from FXGLMainMenuDummyScene and adding to FXGLDefaultMenu
17:35:13.544 [JavaFX Application Thread] DEBUG PrimaryStageWindow   - FXGLMainMenuDummyScene -> FXGLDefaultMenu
17:35:13.547 [JavaFX Application Thread] DEBUG FXGLApplication      - Registering font factories with UI factory
17:35:13.560 [FXGL Background Thread 2 ] WARN  UpdaterService       - Failed to find updates: java.net.UnknownHostException: raw.githubusercontent.com
17:35:14.086 [JavaFX Application Thread] DEBUG Menu                 - fireNewGame()
17:35:14.086 [JavaFX Application Thread] DEBUG GameApplicationServi - Starting new game
17:35:14.087 [JavaFX Application Thread] DEBUG PrimaryStageWindow   - Pop state: FXGLDefaultMenu
17:35:14.087 [JavaFX Application Thread] DEBUG Input                - Clearing active input actions
17:35:14.088 [JavaFX Application Thread] DEBUG GameApplicationServi - Removing overlay from FXGLDefaultMenu and adding to FXGLMainMenuDummyScene
17:35:14.089 [JavaFX Application Thread] DEBUG PrimaryStageWindow   - FXGLMainMenuDummyScene <- FXGLDefaultMenu
17:35:14.089 [JavaFX Application Thread] DEBUG Input                - Clearing active input actions
17:35:14.093 [JavaFX Application Thread] DEBUG GameApplicationServi - Removing overlay from FXGLMainMenuDummyScene and adding to FXGLLoadingScene
17:35:14.093 [JavaFX Application Thread] DEBUG PrimaryStageWindow   - FXGLMainMenuDummyScene -> FXGLLoadingScene
17:35:14.093 [JavaFX Application Thread] DEBUG GameApplicationServi - Clearing previous game
17:35:14.093 [JavaFX Application Thread] DEBUG GameScene            - Clearing game scene
17:35:14.093 [JavaFX Application Thread] DEBUG GameWorld            - Clearing game world
17:35:14.093 [JavaFX Application Thread] DEBUG PhysicsWorld         - Clearing physics world
17:35:14.094 [FXGL Background Thread 2 ] DEBUG FXGLApplication      - Initializing game
17:35:14.131 [FXGL Background Thread 2 ] WARN  TMXLevelLoader       - TiledMap generated from 1.11.0. Supported version: 1.9.0. Some features may not be parsed fully.
17:35:14.143 [FXGL Background Thread 2 ] DEBUG TMXLevelLoader       - Parsed TiledMap: file:/C:/Users/Administrator/IdeaProjects/LearningFXGL/target/classes/assets/levels/level1.tmx
17:35:14.145 [FXGL Background Thread 2 ] DEBUG TMXLevelLoader       - Creating tile layer entities
17:35:14.146 [FXGL Background Thread 2 ] DEBUG TilesetLoader        - Loading view for layer Tile Layer 1
17:35:14.146 [FXGL Background Thread 2 ] DEBUG TilesetLoader        - Created buffer with size 800.0x600.0
17:35:14.150 [FXGL Background Thread 2 ] DEBUG TMXLevelLoader       - Creating object layer entities
17:35:14.153 [FXGL Background Thread 2 ] DEBUG FXGLAssetLoaderServi - Loading from file system: file:/C:/Users/Administrator/IdeaProjects/LearningFXGL/target/classes/assets/textures/player.png
17:35:14.156 [FXGL Background Thread 2 ] DEBUG FXGLAssetLoaderServi - Loading from file system: file:/C:/Users/Administrator/IdeaProjects/LearningFXGL/target/classes/assets/textures/sprite.png
17:35:14.166 [FXGL Background Thread 2 ] DEBUG FXGLAssetLoaderServi - Loading from file system: file:/C:/Users/Administrator/IdeaProjects/LearningFXGL/target/classes/assets/textures/pill.png
17:35:14.203 [FXGL Background Thread 2 ] DEBUG FXGLAssetLoaderServi - Loading from file system: file:/C:/Users/Administrator/IdeaProjects/LearningFXGL/target/classes/assets/textures/Ghost1.gif
17:35:14.203 [FXGL Background Thread 2 ] DEBUG FXGLAssetLoaderServi - Loading from file system: file:/C:/Users/Administrator/IdeaProjects/LearningFXGL/target/classes/assets/textures/Ghost2.gif
17:35:14.204 [FXGL Background Thread 2 ] DEBUG GameWorld            - Clearing removable entities
17:35:14.205 [FXGL Background Thread 2 ] DEBUG GameWorld            - Setting level: com.almasb.fxgl.entity.level.Level@56840a9d
17:35:14.210 [FXGL Background Thread 2 ] INFO  FXGLApplication      - Game initialization took: 0.115 sec
17:35:14.214 [JavaFX Application Thread] DEBUG Input                - Clearing active input actions
17:35:14.217 [JavaFX Application Thread] DEBUG GameApplicationServi - Removing overlay from FXGLLoadingScene and adding to GameScene
17:35:14.218 [JavaFX Application Thread] DEBUG PrimaryStageWindow   - FXGLLoadingScene -> GameScene
17:35:15.217 [JavaFX Application Thread] DEBUG FXGLApplication      - Exiting FXGL
17:35:15.218 [JavaFX Application Thread] DEBUG LoopRunner           - Stopping loop
17:35:15.218 [JavaFX Application Thread] DEBUG SystemBundleService  - Saving FXGL system data
17:35:15.219 [JavaFX Application Thread] DEBUG FileSystemAccess     - Writing to: C:\Users\Administrator\IdeaProjects\LearningFXGL\system\fxgl.bundle
17:35:15.220 [JavaFX Application Thread] DEBUG Async                - Shutting down background threads
17:35:15.220 [JavaFX Application Thread] DEBUG PrimaryStageWindow   - Closing main window
17:35:15.228 [JavaFX Application Thread] DEBUG Logger               - Closing Logger
