15:48:35.637 [main                     ] DEBUG Logger               - Configured Logger
15:48:35.652 [main                     ] DEBUG GameApplication      - Logging settings
Title: DemoApp
Version: 0.1
Width: 800
Height: 600
Fullscreen: false
Intro: false
Profiling: false
Single step:false
App Mode: DEVELOPER
Menu Key: ESCAPE
Stage Style: DECORATED
Scene Factory: class com.almasb.fxgl.app.scene.SceneFactory

15:48:35.849 [JavaFX Application Thread] DEBUG FXGLApplication      - Initializing FXGL
15:48:35.851 [JavaFX Application Thread] INFO  Engine               - FXGL-17.3 (30.03.2023 11.49) on WINDOWS (J:21.0.1 FX:20)
15:48:35.852 [JavaFX Application Thread] DEBUG Engine               - JRE Vendor Name: Oracle Corporation
15:48:35.852 [JavaFX Application Thread] DEBUG Engine               - Running on OS: Windows 11 version 10.0
15:48:35.852 [JavaFX Application Thread] DEBUG Engine               - Architecture: amd64
15:48:35.852 [JavaFX Application Thread] INFO  Engine               - Source code and latest versions at: https://github.com/AlmasB/FXGL
15:48:35.852 [JavaFX Application Thread] INFO  Engine               -       Ask questions and discuss at: https://github.com/AlmasB/FXGL/discussions
15:48:35.852 [JavaFX Application Thread] INFO  Engine               -              Join the FXGL chat at: https://gitter.im/AlmasB/FXGL
15:48:35.893 [JavaFX Application Thread] DEBUG PrimaryStageWindow   - Creating a JavaFX scene
15:48:35.915 [JavaFX Application Thread] DEBUG PrimaryStageWindow   - Target settings size: 800.0 x 600.0
15:48:35.915 [JavaFX Application Thread] DEBUG PrimaryStageWindow   - Scaled scene size:    800.0 x 600.0
15:48:35.915 [JavaFX Application Thread] DEBUG PrimaryStageWindow   - Scaled ratio: (1.0, 1.0)
15:48:35.916 [JavaFX Application Thread] DEBUG PrimaryStageWindow   - Set initial scene to FXGLStartupScene
15:48:35.918 [JavaFX Application Thread] DEBUG PrimaryStageWindow   - Opening main window
15:48:35.960 [JavaFX Application Thread] DEBUG PrimaryStageWindow   - Window border size: (14.4000244140625, 37.5999755859375)
15:48:35.960 [JavaFX Application Thread] DEBUG PrimaryStageWindow   - Scaled size: 800.0 x 600.0
15:48:35.960 [JavaFX Application Thread] DEBUG PrimaryStageWindow   - Scaled ratio: (1.0, 1.0)
15:48:35.960 [JavaFX Application Thread] DEBUG PrimaryStageWindow   - Scene size: 800.0 x 600.0
15:48:35.961 [JavaFX Application Thread] DEBUG PrimaryStageWindow   - Stage size: 814.4000244140625 x 637.5999755859375
15:48:35.964 [FXGL Background Thread 1 ] DEBUG Engine               - Initializing environment variables
15:48:35.993 [FXGL Background Thread 1 ] DEBUG FXGLAssetLoaderServi - User app class for loading assets: class com.gamedemo.DemoApp
15:48:35.993 [FXGL Background Thread 1 ] DEBUG GameApplicationServi - Applying CSS: fxgl_dark.css
15:48:35.993 [FXGL Background Thread 1 ] DEBUG FXGLAssetLoaderServi - Loading from file system: jar:file:///C:/Users/Administrator/.m2/repository/com/github/almasb/fxgl/17.3/fxgl-17.3.jar!/fxglassets/ui/css/fxgl_dark.css
15:48:36.016 [FXGL Background Thread 1 ] DEBUG GameApplicationServi - Initializing application scenes
15:48:36.047 [FXGL Background Thread 1 ] DEBUG GameWorld            - Game world initialized
15:48:36.074 [FXGL Background Thread 1 ] DEBUG PhysicsWorld         - Physics world initialized: appHeight=600, physics.ppm=50.0
15:48:36.074 [FXGL Background Thread 1 ] DEBUG PhysicsWorld         - Using strategy: BRUTE_FORCE
15:48:36.076 [FXGL Background Thread 1 ] DEBUG GameScene            - Game scene initialized: 800x600
15:48:36.082 [FXGL Background Thread 1 ] DEBUG FXGL.DefaultMenu     - createMenuBodyMainMenu()
15:48:36.088 [FXGL Background Thread 1 ] DEBUG FXGL.DefaultMenu     - createOptionsMenu()
15:48:36.092 [FXGL Background Thread 1 ] DEBUG FXGLAssetLoaderServi - Loading from file system: jar:file:///C:/Users/Administrator/.m2/repository/com/github/almasb/fxgl/17.3/fxgl-17.3.jar!/fxglassets/textures/particles/smoke.png
15:48:36.137 [FXGL Background Thread 1 ] DEBUG FXGLAssetLoaderServi - Loading from file system: jar:file:///C:/Users/Administrator/.m2/repository/com/github/almasb/fxgl/17.3/fxgl-17.3.jar!/fxglassets/textures/particles/trace_horizontal.png
15:48:36.153 [FXGL Background Thread 1 ] DEBUG FXGL.DefaultMenu     - createMenuBodyGameMenu()
15:48:36.153 [FXGL Background Thread 1 ] DEBUG FXGL.DefaultMenu     - createOptionsMenu()
15:48:36.160 [FXGL Background Thread 1 ] DEBUG GameApplicationServi - Application scenes initialized
15:48:36.166 [FXGL Background Thread 1 ] DEBUG SystemBundleService  - Loading FXGL system data
15:48:36.168 [FXGL Background Thread 1 ] DEBUG FileSystemAccess     - Reading from: C:\Users\Administrator\IdeaProjects\LearningFXGL\system\fxgl.bundle
15:48:36.173 [FXGL Background Thread 1 ] DEBUG SystemBundleService  - Bundle FXGL: {}
15:48:36.173 [FXGL Background Thread 1 ] DEBUG UpdaterService       - Checking for updates
15:48:36.187 [FXGL Background Thread 4 ] DEBUG FXGLApplication      - Loading fonts
15:48:36.187 [FXGL Background Thread 1 ] DEBUG FXGLApplication      - Loading default localization
15:48:36.187 [FXGL Background Thread 4 ] DEBUG FXGLAssetLoaderServi - Loading from file system: jar:file:///C:/Users/Administrator/.m2/repository/com/github/almasb/fxgl/17.3/fxgl-17.3.jar!/fxglassets/ui/fonts/VarelaRound-Regular.ttf
15:48:36.187 [FXGL Background Thread 1 ] DEBUG FXGLAssetLoaderServi - Loading from file system: jar:file:///C:/Users/Administrator/.m2/repository/com/github/almasb/fxgl/17.3/fxgl-17.3.jar!/fxglassets/languages/english.lang
15:48:36.201 [FXGL Background Thread 1 ] INFO  FXGLApplication      - FXGL initialization took: 0.237 sec
15:48:36.208 [FXGL Background Thread 4 ] DEBUG FXGLAssetLoaderServi - Loading from file system: jar:file:///C:/Users/Administrator/.m2/repository/com/github/almasb/fxgl/17.3/fxgl-17.3.jar!/fxglassets/ui/fonts/Abel-Regular.ttf
15:48:36.209 [JavaFX Application Thread] DEBUG Input                - Registered new binding: MoveUp - Up
15:48:36.209 [JavaFX Application Thread] DEBUG Input                - Registered new binding: MoveDown - Down
15:48:36.210 [JavaFX Application Thread] DEBUG Input                - Registered new binding: MoveLeft - Left
15:48:36.210 [FXGL Background Thread 4 ] DEBUG FXGLAssetLoaderServi - Loading from file system: jar:file:///C:/Users/Administrator/.m2/repository/com/github/almasb/fxgl/17.3/fxgl-17.3.jar!/fxglassets/ui/fonts/TerminalLandMono-Regular.otf
15:48:36.210 [JavaFX Application Thread] DEBUG Input                - Registered new binding: MoveRight - Right
15:48:36.210 [JavaFX Application Thread] DEBUG FXGLAssetLoaderServi - Loading from file system: jar:file:///C:/Users/Administrator/.m2/repository/com/github/almasb/fxgl/17.3/fxgl-17.3.jar!/fxglassets/textures/fxgl_icon.png
15:48:36.211 [FXGL Background Thread 4 ] DEBUG FXGLAssetLoaderServi - Loading from file system: jar:file:///C:/Users/Administrator/.m2/repository/com/github/almasb/fxgl/17.3/fxgl-17.3.jar!/fxglassets/ui/fonts/Courier-Prime.ttf
15:48:36.220 [JavaFX Application Thread] DEBUG FXGLAssetLoaderServi - Loading from file system: jar:file:///C:/Users/Administrator/.m2/repository/com/github/almasb/fxgl/17.3/fxgl-17.3.jar!/fxglassets/textures/fxgl_default_cursor.png
15:48:36.221 [JavaFX Application Thread] DEBUG Input                - Registered new binding: Screenshot - CTRL+8
15:48:36.221 [JavaFX Application Thread] DEBUG Input                - Registered new binding: Dev Options - 1
15:48:36.221 [JavaFX Application Thread] DEBUG Input                - Registered new binding: Dev Console - 2
15:48:36.222 [JavaFX Application Thread] DEBUG Input                - Registered new binding: System info dump - CTRL+9
15:48:36.222 [JavaFX Application Thread] DEBUG Input                - Registered new binding: Restart - CTRL+R
15:48:36.222 [JavaFX Application Thread] DEBUG Input                - Registered new binding: Toggle Debug Camera - CTRL+7
15:48:36.224 [JavaFX Application Thread] DEBUG LoopRunner           - Starting loop
15:48:36.235 [JavaFX Application Thread] DEBUG LoopRunner           - Initializing JavaFX AnimationTimerLoop
15:48:36.236 [JavaFX Application Thread] DEBUG Input                - Clearing active input actions
15:48:36.239 [JavaFX Application Thread] DEBUG GameApplicationServi - Removing overlay from FXGLStartupScene and adding to FXGLMainMenuDummyScene
15:48:36.241 [JavaFX Application Thread] DEBUG PrimaryStageWindow   - FXGLStartupScene -> FXGLMainMenuDummyScene
15:48:36.241 [JavaFX Application Thread] DEBUG PrimaryStageWindow   - Push state: FXGLDefaultMenu
15:48:36.247 [JavaFX Application Thread] DEBUG Input                - Clearing active input actions
15:48:36.252 [JavaFX Application Thread] DEBUG GameApplicationServi - Removing overlay from FXGLMainMenuDummyScene and adding to FXGLDefaultMenu
15:48:36.252 [JavaFX Application Thread] DEBUG PrimaryStageWindow   - FXGLMainMenuDummyScene -> FXGLDefaultMenu
15:48:36.255 [JavaFX Application Thread] DEBUG FXGLApplication      - Registering font factories with UI factory
15:48:36.265 [FXGL Background Thread 2 ] WARN  UpdaterService       - Failed to find updates: java.net.UnknownHostException: raw.githubusercontent.com
15:48:37.063 [JavaFX Application Thread] DEBUG Menu                 - fireNewGame()
15:48:37.063 [JavaFX Application Thread] DEBUG GameApplicationServi - Starting new game
15:48:37.064 [JavaFX Application Thread] DEBUG PrimaryStageWindow   - Pop state: FXGLDefaultMenu
15:48:37.064 [JavaFX Application Thread] DEBUG Input                - Clearing active input actions
15:48:37.065 [JavaFX Application Thread] DEBUG GameApplicationServi - Removing overlay from FXGLDefaultMenu and adding to FXGLMainMenuDummyScene
15:48:37.066 [JavaFX Application Thread] DEBUG PrimaryStageWindow   - FXGLMainMenuDummyScene <- FXGLDefaultMenu
15:48:37.066 [JavaFX Application Thread] DEBUG Input                - Clearing active input actions
15:48:37.072 [JavaFX Application Thread] DEBUG GameApplicationServi - Removing overlay from FXGLMainMenuDummyScene and adding to FXGLLoadingScene
15:48:37.073 [JavaFX Application Thread] DEBUG PrimaryStageWindow   - FXGLMainMenuDummyScene -> FXGLLoadingScene
15:48:37.073 [JavaFX Application Thread] DEBUG GameApplicationServi - Clearing previous game
15:48:37.073 [JavaFX Application Thread] DEBUG GameScene            - Clearing game scene
15:48:37.073 [JavaFX Application Thread] DEBUG GameWorld            - Clearing game world
15:48:37.073 [JavaFX Application Thread] DEBUG PhysicsWorld         - Clearing physics world
15:48:37.075 [FXGL Background Thread 2 ] DEBUG FXGLApplication      - Initializing game
15:48:37.113 [FXGL Background Thread 2 ] WARN  TMXLevelLoader       - TiledMap generated from 1.11.0. Supported version: 1.9.0. Some features may not be parsed fully.
15:48:37.123 [FXGL Background Thread 2 ] DEBUG TMXLevelLoader       - Parsed TiledMap: file:/C:/Users/Administrator/IdeaProjects/LearningFXGL/target/classes/assets/levels/level1.tmx
15:48:37.124 [FXGL Background Thread 2 ] DEBUG TMXLevelLoader       - Creating tile layer entities
15:48:37.125 [FXGL Background Thread 2 ] DEBUG TilesetLoader        - Loading view for layer Tile Layer 1
15:48:37.126 [FXGL Background Thread 2 ] DEBUG TilesetLoader        - Created buffer with size 800.0x600.0
15:48:37.134 [FXGL Background Thread 2 ] DEBUG TMXLevelLoader       - Creating object layer entities
15:48:37.136 [FXGL Background Thread 2 ] DEBUG FXGLAssetLoaderServi - Loading from file system: file:/C:/Users/Administrator/IdeaProjects/LearningFXGL/target/classes/assets/textures/player.png
15:48:37.140 [FXGL Background Thread 2 ] DEBUG FXGLAssetLoaderServi - Loading from file system: file:/C:/Users/Administrator/IdeaProjects/LearningFXGL/target/classes/assets/textures/sprite.png
15:48:37.146 [FXGL Background Thread 2 ] DEBUG FXGLAssetLoaderServi - Loading from file system: file:/C:/Users/Administrator/IdeaProjects/LearningFXGL/target/classes/assets/textures/pill.png
15:48:37.165 [FXGL Background Thread 2 ] DEBUG FXGLAssetLoaderServi - Loading from file system: file:/C:/Users/Administrator/IdeaProjects/LearningFXGL/target/classes/assets/textures/Ghost1.gif
15:48:37.165 [FXGL Background Thread 2 ] DEBUG FXGLAssetLoaderServi - Loading from file system: file:/C:/Users/Administrator/IdeaProjects/LearningFXGL/target/classes/assets/textures/Ghost2.gif
15:48:37.166 [FXGL Background Thread 2 ] DEBUG FXGLAssetLoaderServi - Loading from file system: file:/C:/Users/Administrator/IdeaProjects/LearningFXGL/target/classes/assets/textures/GhostScared1.gif
15:48:37.167 [FXGL Background Thread 2 ] DEBUG FXGLAssetLoaderServi - Loading from file system: file:/C:/Users/Administrator/IdeaProjects/LearningFXGL/target/classes/assets/textures/GhostScared2.gif
15:48:37.169 [FXGL Background Thread 2 ] DEBUG GameWorld            - Clearing removable entities
15:48:37.169 [FXGL Background Thread 2 ] DEBUG GameWorld            - Setting level: com.almasb.fxgl.entity.level.Level@3d87c098
15:48:37.172 [FXGL Background Thread 2 ] DEBUG FXGLAssetLoaderServi - Loading from file system: file:/C:/Users/Administrator/IdeaProjects/LearningFXGL/target/classes/assets/textures/PacMan2right.gif
15:48:37.175 [FXGL Background Thread 2 ] INFO  FXGLApplication      - Game initialization took: 0.099 sec
15:48:37.176 [JavaFX Application Thread] DEBUG Input                - Clearing active input actions
15:48:37.178 [JavaFX Application Thread] DEBUG GameApplicationServi - Removing overlay from FXGLLoadingScene and adding to GameScene
15:48:37.180 [JavaFX Application Thread] DEBUG PrimaryStageWindow   - FXGLLoadingScene -> GameScene
15:48:37.828 [JavaFX Application Thread] DEBUG FXGLAssetLoaderServi - Loading from file system: file:/C:/Users/Administrator/IdeaProjects/LearningFXGL/target/classes/assets/sounds/pill.wav
15:48:39.188 [FXGL Background Thread 3 ] DEBUG Engine               - Logging environment variables
15:48:39.188 [FXGL Background Thread 3 ] DEBUG Engine               - achievements: []
15:48:39.188 [FXGL Background Thread 3 ] DEBUG Engine               - actualHeight: 600.0
15:48:39.188 [FXGL Background Thread 3 ] DEBUG Engine               - actualHeightProperty: ReadOnlyDoubleProperty [value: 600.0]
15:48:39.188 [FXGL Background Thread 3 ] DEBUG Engine               - actualWidth: 800.0
15:48:39.188 [FXGL Background Thread 3 ] DEBUG Engine               - actualWidthProperty: ReadOnlyDoubleProperty [value: 800.0]
15:48:39.188 [FXGL Background Thread 3 ] DEBUG Engine               - appIcon: fxgl_icon.png
15:48:39.188 [FXGL Background Thread 3 ] DEBUG Engine               - applicationMode: DEVELOPER
15:48:39.188 [FXGL Background Thread 3 ] DEBUG Engine               - cSSList: [fxgl_dark.css]
15:48:39.188 [FXGL Background Thread 3 ] DEBUG Engine               - collisionDetectionStrategy: BRUTE_FORCE
15:48:39.188 [FXGL Background Thread 3 ] DEBUG Engine               - configClass: Optional.empty
15:48:39.188 [FXGL Background Thread 3 ] DEBUG Engine               - credits: []
15:48:39.188 [FXGL Background Thread 3 ] DEBUG Engine               - defaultCursor: CursorInfo(imageName=fxgl_default_cursor.png, hotspotX=7.0, hotspotY=6.0)
15:48:39.188 [FXGL Background Thread 3 ] DEBUG Engine               - devBBoxColorProperty: ObjectProperty [value: 0xff0000ff]
15:48:39.188 [FXGL Background Thread 3 ] DEBUG Engine               - devEnableDebugCameraProperty: BooleanProperty [value: false]
15:48:39.188 [FXGL Background Thread 3 ] DEBUG Engine               - devSensorColorProperty: ObjectProperty [value: 0xffff00ff]
15:48:39.189 [FXGL Background Thread 3 ] DEBUG Engine               - devShowBBoxProperty: BooleanProperty [value: false]
15:48:39.189 [FXGL Background Thread 3 ] DEBUG Engine               - devShowPositionProperty: BooleanProperty [value: false]
15:48:39.189 [FXGL Background Thread 3 ] DEBUG Engine               - enabledMenuItems: []
15:48:39.189 [FXGL Background Thread 3 ] DEBUG Engine               - engineServices: [class com.almasb.fxgl.app.services.FXGLAssetLoaderService, class com.almasb.fxgl.app.FXGLApplication$GameApplicationService, class com.almasb.fxgl.app.services.FXGLDialogService, class com.almasb.fxgl.app.services.IOTaskExecutorService, class com.almasb.fxgl.io.FileSystemService, class com.almasb.fxgl.localization.LocalizationService, class com.almasb.fxgl.app.services.SystemBundleService, class com.almasb.fxgl.profile.SaveLoadService, class com.almasb.fxgl.ui.FXGLUIFactoryServiceProvider, class com.almasb.fxgl.ui.FXGLDialogFactoryServiceProvider, class com.almasb.fxgl.audio.AudioPlayer, class com.almasb.fxgl.notification.impl.NotificationServiceProvider, class com.almasb.fxgl.achievement.AchievementService, class com.almasb.fxgl.cutscene.CutsceneService, class com.almasb.fxgl.minigames.MiniGameService, class com.almasb.fxgl.net.NetService, class com.almasb.fxgl.app.services.UpdaterService, class com.almasb.fxgl.dev.DevService]
15:48:39.189 [FXGL Background Thread 3 ] DEBUG Engine               - fontGame: Abel-Regular.ttf
15:48:39.189 [FXGL Background Thread 3 ] DEBUG Engine               - fontMono: TerminalLandMono-Regular.otf
15:48:39.189 [FXGL Background Thread 3 ] DEBUG Engine               - fontSizeScaleUI: 1.0
15:48:39.189 [FXGL Background Thread 3 ] DEBUG Engine               - fontText: Courier-Prime.ttf
15:48:39.189 [FXGL Background Thread 3 ] DEBUG Engine               - fontUI: VarelaRound-Regular.ttf
15:48:39.189 [FXGL Background Thread 3 ] DEBUG Engine               - fullScreen: BooleanProperty [value: false]
15:48:39.189 [FXGL Background Thread 3 ] DEBUG Engine               - gameDifficulty: MEDIUM
15:48:39.189 [FXGL Background Thread 3 ] DEBUG Engine               - gameDifficultyProperty: ObjectProperty [value: MEDIUM]
15:48:39.189 [FXGL Background Thread 3 ] DEBUG Engine               - globalMusicVolume: 0.5
15:48:39.189 [FXGL Background Thread 3 ] DEBUG Engine               - globalMusicVolumeProperty: DoubleProperty [value: 0.5]
15:48:39.189 [FXGL Background Thread 3 ] DEBUG Engine               - globalSoundVolume: 0.5
15:48:39.189 [FXGL Background Thread 3 ] DEBUG Engine               - globalSoundVolumeProperty: DoubleProperty [value: 0.5]
15:48:39.189 [FXGL Background Thread 3 ] DEBUG Engine               - height: 600
15:48:39.189 [FXGL Background Thread 3 ] DEBUG Engine               - is3D: false
15:48:39.189 [FXGL Background Thread 3 ] DEBUG Engine               - isAndroid: false
15:48:39.189 [FXGL Background Thread 3 ] DEBUG Engine               - isBrowser: false
15:48:39.189 [FXGL Background Thread 3 ] DEBUG Engine               - isClickFeedbackEnabled: false
15:48:39.189 [FXGL Background Thread 3 ] DEBUG Engine               - isCloseConfirmation: false
15:48:39.189 [FXGL Background Thread 3 ] DEBUG Engine               - isDesktop: true
15:48:39.189 [FXGL Background Thread 3 ] DEBUG Engine               - isDeveloperMenuEnabled: true
15:48:39.189 [FXGL Background Thread 3 ] DEBUG Engine               - isEmbedded: false
15:48:39.189 [FXGL Background Thread 3 ] DEBUG Engine               - isEntityPreloadEnabled: true
15:48:39.189 [FXGL Background Thread 3 ] DEBUG Engine               - isExperimentalTiledLargeMap: false
15:48:39.189 [FXGL Background Thread 3 ] DEBUG Engine               - isFileSystemWriteAllowed: true
15:48:39.189 [FXGL Background Thread 3 ] DEBUG Engine               - isFullScreenAllowed: false
15:48:39.189 [FXGL Background Thread 3 ] DEBUG Engine               - isFullScreenFromStart: false
15:48:39.189 [FXGL Background Thread 3 ] DEBUG Engine               - isGameMenuEnabled: true
15:48:39.189 [FXGL Background Thread 3 ] DEBUG Engine               - isIOS: false
15:48:39.189 [FXGL Background Thread 3 ] DEBUG Engine               - isIntroEnabled: false
15:48:39.189 [FXGL Background Thread 3 ] DEBUG Engine               - isLinux: false
15:48:39.189 [FXGL Background Thread 3 ] DEBUG Engine               - isMac: false
15:48:39.189 [FXGL Background Thread 3 ] DEBUG Engine               - isMainMenuEnabled: true
15:48:39.189 [FXGL Background Thread 3 ] DEBUG Engine               - isManualResizeEnabled: false
15:48:39.189 [FXGL Background Thread 3 ] DEBUG Engine               - isMobile: false
15:48:39.189 [FXGL Background Thread 3 ] DEBUG Engine               - isNative: false
15:48:39.189 [FXGL Background Thread 3 ] DEBUG Engine               - isPauseMusicWhenMinimized: true
15:48:39.189 [FXGL Background Thread 3 ] DEBUG Engine               - isPreserveResizeRatio: false
15:48:39.189 [FXGL Background Thread 3 ] DEBUG Engine               - isProfilingEnabled: false
15:48:39.189 [FXGL Background Thread 3 ] DEBUG Engine               - isScaleAffectedOnResize: true
15:48:39.189 [FXGL Background Thread 3 ] DEBUG Engine               - isSingleStep: false
15:48:39.190 [FXGL Background Thread 3 ] DEBUG Engine               - isUserProfileEnabled: false
15:48:39.190 [FXGL Background Thread 3 ] DEBUG Engine               - isWindows: true
15:48:39.190 [FXGL Background Thread 3 ] DEBUG Engine               - language: ObjectProperty [value: ENGLISH]
15:48:39.190 [FXGL Background Thread 3 ] DEBUG Engine               - menuKey: ESCAPE
15:48:39.190 [FXGL Background Thread 3 ] DEBUG Engine               - mouseSensitivity: 0.2
15:48:39.190 [FXGL Background Thread 3 ] DEBUG Engine               - notificationViewClass: class com.almasb.fxgl.notification.view.XboxNotificationView
15:48:39.190 [FXGL Background Thread 3 ] DEBUG Engine               - pixelsPerMeter: 50.0
15:48:39.190 [FXGL Background Thread 3 ] DEBUG Engine               - platform: WINDOWS
15:48:39.190 [FXGL Background Thread 3 ] DEBUG Engine               - prefHeightProperty: ReadOnlyDoubleProperty [value: 600.0]
15:48:39.190 [FXGL Background Thread 3 ] DEBUG Engine               - prefWidthProperty: ReadOnlyDoubleProperty [value: 800.0]
15:48:39.190 [FXGL Background Thread 3 ] DEBUG Engine               - profileDir: profiles/
15:48:39.190 [FXGL Background Thread 3 ] DEBUG Engine               - profileName: StringProperty [value: DEFAULT]
15:48:39.190 [FXGL Background Thread 3 ] DEBUG Engine               - randomSeed: -1
15:48:39.190 [FXGL Background Thread 3 ] DEBUG Engine               - runtimeInfo: RuntimeInfo(platform=WINDOWS, version=17.3, build=30.03.2023 11.49)
15:48:39.190 [FXGL Background Thread 3 ] DEBUG Engine               - saveFileExt: sav
15:48:39.190 [FXGL Background Thread 3 ] DEBUG Engine               - scaledHeightProp$fxgl: DoubleProperty [bound, value: 600.0]
15:48:39.190 [FXGL Background Thread 3 ] DEBUG Engine               - scaledWidthProp$fxgl: DoubleProperty [bound, value: 800.0]
15:48:39.190 [FXGL Background Thread 3 ] DEBUG Engine               - sceneFactory: com.almasb.fxgl.app.scene.SceneFactory@25fb1d47
15:48:39.190 [FXGL Background Thread 3 ] DEBUG Engine               - secondsIn24h: 60
15:48:39.190 [FXGL Background Thread 3 ] DEBUG Engine               - soundMenuBack: menu/back.wav
15:48:39.190 [FXGL Background Thread 3 ] DEBUG Engine               - soundMenuPress: menu/press.wav
15:48:39.190 [FXGL Background Thread 3 ] DEBUG Engine               - soundMenuSelect: menu/select.wav
15:48:39.190 [FXGL Background Thread 3 ] DEBUG Engine               - soundNotification: core/notification.wav
15:48:39.190 [FXGL Background Thread 3 ] DEBUG Engine               - stageStyle: DECORATED
15:48:39.190 [FXGL Background Thread 3 ] DEBUG Engine               - supportedLanguages: [ENGLISH, FRENCH, GERMAN, HUNGARIAN, RUSSIAN]
15:48:39.190 [FXGL Background Thread 3 ] DEBUG Engine               - ticksPerSecond: -1
15:48:39.190 [FXGL Background Thread 3 ] DEBUG Engine               - title: DemoApp
15:48:39.190 [FXGL Background Thread 3 ] DEBUG Engine               - urlGithub: https://github.com/AlmasB/FXGL
15:48:39.190 [FXGL Background Thread 3 ] DEBUG Engine               - urlLeaderboard: http://fxgl-top.herokuapp.com/
15:48:39.190 [FXGL Background Thread 3 ] DEBUG Engine               - urlPOM: https://raw.githubusercontent.com/AlmasB/FXGL/release/README.md
15:48:39.190 [FXGL Background Thread 3 ] DEBUG Engine               - userAppClass: class com.gamedemo.DemoApp
15:48:39.190 [FXGL Background Thread 3 ] DEBUG Engine               - version: 0.1
15:48:39.190 [FXGL Background Thread 3 ] DEBUG Engine               - versionCheckDays: 7
15:48:39.190 [FXGL Background Thread 3 ] DEBUG Engine               - width: 800
15:48:39.190 [FXGL Background Thread 3 ] DEBUG Engine               - Logging services
15:48:39.190 [FXGL Background Thread 3 ] DEBUG Engine               - class com.almasb.fxgl.app.services.FXGLAssetLoaderService
15:48:39.191 [FXGL Background Thread 3 ] DEBUG Engine               - class com.almasb.fxgl.app.FXGLApplication$GameApplicationService
15:48:39.191 [FXGL Background Thread 3 ] DEBUG Engine               - class com.almasb.fxgl.app.services.FXGLDialogService
15:48:39.191 [FXGL Background Thread 3 ] DEBUG Engine               - class com.almasb.fxgl.app.services.IOTaskExecutorService
15:48:39.191 [FXGL Background Thread 3 ] DEBUG Engine               - class com.almasb.fxgl.io.FileSystemService
15:48:39.191 [FXGL Background Thread 3 ] DEBUG Engine               - class com.almasb.fxgl.localization.LocalizationService
15:48:39.191 [FXGL Background Thread 3 ] DEBUG Engine               - class com.almasb.fxgl.app.services.SystemBundleService
15:48:39.191 [FXGL Background Thread 3 ] DEBUG Engine               - class com.almasb.fxgl.profile.SaveLoadService
15:48:39.191 [FXGL Background Thread 3 ] DEBUG Engine               - class com.almasb.fxgl.ui.FXGLUIFactoryServiceProvider
15:48:39.191 [FXGL Background Thread 3 ] DEBUG Engine               - class com.almasb.fxgl.ui.FXGLDialogFactoryServiceProvider
15:48:39.191 [FXGL Background Thread 3 ] DEBUG Engine               - class com.almasb.fxgl.audio.AudioPlayer
15:48:39.191 [FXGL Background Thread 3 ] DEBUG Engine               - class com.almasb.fxgl.notification.impl.NotificationServiceProvider
15:48:39.191 [FXGL Background Thread 3 ] DEBUG Engine               - class com.almasb.fxgl.achievement.AchievementService
15:48:39.191 [FXGL Background Thread 3 ] DEBUG Engine               - class com.almasb.fxgl.cutscene.CutsceneService
15:48:39.191 [FXGL Background Thread 3 ] DEBUG Engine               - class com.almasb.fxgl.minigames.MiniGameService
15:48:39.191 [FXGL Background Thread 3 ] DEBUG Engine               - class com.almasb.fxgl.net.NetService
15:48:39.191 [FXGL Background Thread 3 ] DEBUG Engine               - class com.almasb.fxgl.app.services.UpdaterService
15:48:39.191 [FXGL Background Thread 3 ] DEBUG Engine               - class com.almasb.fxgl.dev.DevService
15:48:41.589 [JavaFX Application Thread] DEBUG FXGLAssetLoaderServi - Loading from file system: file:/C:/Users/Administrator/IdeaProjects/LearningFXGL/target/classes/assets/sounds/death.wav
15:48:46.243 [JavaFX Application Thread] DEBUG FXGLAssetLoaderServi - Loading from file system: file:/C:/Users/Administrator/IdeaProjects/LearningFXGL/target/classes/assets/sounds/fruit.wav
15:48:47.333 [JavaFX Application Thread] WARN  TMXLevelLoader       - TiledMap generated from 1.11.0. Supported version: 1.9.0. Some features may not be parsed fully.
15:48:47.341 [JavaFX Application Thread] DEBUG TMXLevelLoader       - Parsed TiledMap: file:/C:/Users/Administrator/IdeaProjects/LearningFXGL/target/classes/assets/levels/level2.tmx
15:48:47.341 [JavaFX Application Thread] DEBUG TMXLevelLoader       - Creating tile layer entities
15:48:47.341 [JavaFX Application Thread] DEBUG TilesetLoader        - Loading view for layer Tile Layer 1
15:48:47.341 [JavaFX Application Thread] DEBUG TilesetLoader        - Created buffer with size 800.0x600.0
15:48:47.344 [JavaFX Application Thread] DEBUG TMXLevelLoader       - Creating object layer entities
15:48:47.370 [JavaFX Application Thread] DEBUG GameWorld            - Clearing removable entities
15:48:47.372 [JavaFX Application Thread] DEBUG GameWorld            - Setting level: com.almasb.fxgl.entity.level.Level@4be997ec
15:48:58.779 [JavaFX Application Thread] WARN  FXGLAssetLoaderServi - Asset "/assets/levels/level3.tmx" was not found!
15:48:58.781 [JavaFX Application Thread] DEBUG PrimaryStageWindow   - Push state: DialogSubScene
15:48:58.781 [JavaFX Application Thread] DEBUG Input                - Clearing active input actions
15:48:58.781 [JavaFX Application Thread] DEBUG GameApplicationServi - Removing overlay from GameScene and adding to DialogSubScene
15:48:58.782 [JavaFX Application Thread] DEBUG PrimaryStageWindow   - GameScene -> DialogSubScene
15:48:58.783 [JavaFX Application Thread] WARN  TMXLevelLoader       - TiledMap generated from 1.11.0. Supported version: 1.9.0. Some features may not be parsed fully.
15:48:58.785 [JavaFX Application Thread] DEBUG TMXLevelLoader       - Parsed TiledMap: file:/C:/Users/Administrator/IdeaProjects/LearningFXGL/target/classes/assets/levels/level1.tmx
15:48:58.785 [JavaFX Application Thread] DEBUG TMXLevelLoader       - Creating tile layer entities
15:48:58.785 [JavaFX Application Thread] DEBUG TilesetLoader        - Loading view for layer Tile Layer 1
15:48:58.785 [JavaFX Application Thread] DEBUG TilesetLoader        - Created buffer with size 800.0x600.0
15:48:58.788 [JavaFX Application Thread] DEBUG TMXLevelLoader       - Creating object layer entities
15:48:58.800 [JavaFX Application Thread] DEBUG GameWorld            - Clearing removable entities
15:48:58.803 [JavaFX Application Thread] DEBUG GameWorld            - Setting level: com.almasb.fxgl.entity.level.Level@6b3f1c9e
15:49:00.169 [JavaFX Application Thread] DEBUG PrimaryStageWindow   - Pop state: DialogSubScene
15:49:00.169 [JavaFX Application Thread] DEBUG Input                - Clearing active input actions
15:49:00.169 [JavaFX Application Thread] DEBUG GameApplicationServi - Removing overlay from DialogSubScene and adding to GameScene
15:49:00.169 [JavaFX Application Thread] DEBUG PrimaryStageWindow   - GameScene <- DialogSubScene
15:49:00.169 [JavaFX Application Thread] DEBUG PrimaryStageWindow   - Push state: FXGLDefaultMenu
15:49:00.170 [JavaFX Application Thread] DEBUG Input                - Clearing active input actions
15:49:00.170 [JavaFX Application Thread] DEBUG GameApplicationServi - Removing overlay from GameScene and adding to FXGLDefaultMenu
15:49:00.170 [JavaFX Application Thread] DEBUG PrimaryStageWindow   - GameScene -> FXGLDefaultMenu
15:49:01.000 [JavaFX Application Thread] DEBUG Menu                 - fireResume()
15:49:01.001 [JavaFX Application Thread] DEBUG PrimaryStageWindow   - Pop state: FXGLDefaultMenu
15:49:01.001 [JavaFX Application Thread] DEBUG Input                - Clearing active input actions
15:49:01.002 [JavaFX Application Thread] DEBUG GameApplicationServi - Removing overlay from FXGLDefaultMenu and adding to GameScene
15:49:01.002 [JavaFX Application Thread] DEBUG PrimaryStageWindow   - GameScene <- FXGLDefaultMenu
15:49:02.155 [JavaFX Application Thread] DEBUG FXGLApplication      - Exiting FXGL
15:49:02.155 [JavaFX Application Thread] DEBUG LoopRunner           - Stopping loop
15:49:02.155 [JavaFX Application Thread] DEBUG SystemBundleService  - Saving FXGL system data
15:49:02.157 [JavaFX Application Thread] DEBUG FileSystemAccess     - Writing to: C:\Users\Administrator\IdeaProjects\LearningFXGL\system\fxgl.bundle
15:49:02.158 [JavaFX Application Thread] DEBUG Async                - Shutting down background threads
15:49:02.158 [JavaFX Application Thread] DEBUG PrimaryStageWindow   - Closing main window
15:49:02.167 [JavaFX Application Thread] DEBUG Logger               - Closing Logger
