15:45:59.645 [main                     ] DEBUG Logger               - Configured Logger
15:45:59.660 [main                     ] DEBUG GameApplication      - Logging settings
Title: DemoApp
Version: 0.1
Width: 800
Height: 600
Fullscreen: false
Intro: false
Profiling: false
Single step:false
App Mode: DEVELOPER
Menu Key: ESCAPE
Stage Style: DECORATED
Scene Factory: class com.almasb.fxgl.app.scene.SceneFactory

15:45:59.880 [JavaFX Application Thread] DEBUG FXGLApplication      - Initializing FXGL
15:45:59.882 [JavaFX Application Thread] INFO  Engine               - FXGL-17.3 (30.03.2023 11.49) on WINDOWS (J:21.0.1 FX:20)
15:45:59.883 [JavaFX Application Thread] DEBUG Engine               - JRE Vendor Name: Oracle Corporation
15:45:59.883 [JavaFX Application Thread] DEBUG Engine               - Running on OS: Windows 11 version 10.0
15:45:59.883 [JavaFX Application Thread] DEBUG Engine               - Architecture: amd64
15:45:59.883 [JavaFX Application Thread] INFO  Engine               - Source code and latest versions at: https://github.com/AlmasB/FXGL
15:45:59.883 [JavaFX Application Thread] INFO  Engine               -       Ask questions and discuss at: https://github.com/AlmasB/FXGL/discussions
15:45:59.883 [JavaFX Application Thread] INFO  Engine               -              Join the FXGL chat at: https://gitter.im/AlmasB/FXGL
15:45:59.928 [JavaFX Application Thread] DEBUG PrimaryStageWindow   - Creating a JavaFX scene
15:45:59.955 [JavaFX Application Thread] DEBUG PrimaryStageWindow   - Target settings size: 800.0 x 600.0
15:45:59.955 [JavaFX Application Thread] DEBUG PrimaryStageWindow   - Scaled scene size:    800.0 x 600.0
15:45:59.956 [JavaFX Application Thread] DEBUG PrimaryStageWindow   - Scaled ratio: (1.0, 1.0)
15:45:59.956 [JavaFX Application Thread] DEBUG PrimaryStageWindow   - Set initial scene to FXGLStartupScene
15:45:59.958 [JavaFX Application Thread] DEBUG PrimaryStageWindow   - Opening main window
15:46:00.004 [JavaFX Application Thread] DEBUG PrimaryStageWindow   - Window border size: (14.4000244140625, 37.5999755859375)
15:46:00.004 [JavaFX Application Thread] DEBUG PrimaryStageWindow   - Scaled size: 800.0 x 600.0
15:46:00.004 [JavaFX Application Thread] DEBUG PrimaryStageWindow   - Scaled ratio: (1.0, 1.0)
15:46:00.004 [JavaFX Application Thread] DEBUG PrimaryStageWindow   - Scene size: 800.0 x 600.0
15:46:00.005 [JavaFX Application Thread] DEBUG PrimaryStageWindow   - Stage size: 814.4000244140625 x 637.5999755859375
15:46:00.009 [FXGL Background Thread 1 ] DEBUG Engine               - Initializing environment variables
15:46:00.038 [FXGL Background Thread 1 ] DEBUG FXGLAssetLoaderServi - User app class for loading assets: class com.gamedemo.DemoApp
15:46:00.039 [FXGL Background Thread 1 ] DEBUG GameApplicationServi - Applying CSS: fxgl_dark.css
15:46:00.039 [FXGL Background Thread 1 ] DEBUG FXGLAssetLoaderServi - Loading from file system: jar:file:///C:/Users/Administrator/.m2/repository/com/github/almasb/fxgl/17.3/fxgl-17.3.jar!/fxglassets/ui/css/fxgl_dark.css
15:46:00.060 [FXGL Background Thread 1 ] DEBUG GameApplicationServi - Initializing application scenes
15:46:00.093 [FXGL Background Thread 1 ] DEBUG GameWorld            - Game world initialized
15:46:00.122 [FXGL Background Thread 1 ] DEBUG PhysicsWorld         - Physics world initialized: appHeight=600, physics.ppm=50.0
15:46:00.123 [FXGL Background Thread 1 ] DEBUG PhysicsWorld         - Using strategy: BRUTE_FORCE
15:46:00.125 [FXGL Background Thread 1 ] DEBUG GameScene            - Game scene initialized: 800x600
15:46:00.130 [FXGL Background Thread 1 ] DEBUG FXGL.DefaultMenu     - createMenuBodyMainMenu()
15:46:00.137 [FXGL Background Thread 1 ] DEBUG FXGL.DefaultMenu     - createOptionsMenu()
15:46:00.142 [FXGL Background Thread 1 ] DEBUG FXGLAssetLoaderServi - Loading from file system: jar:file:///C:/Users/Administrator/.m2/repository/com/github/almasb/fxgl/17.3/fxgl-17.3.jar!/fxglassets/textures/particles/smoke.png
15:46:00.186 [FXGL Background Thread 1 ] DEBUG FXGLAssetLoaderServi - Loading from file system: jar:file:///C:/Users/Administrator/.m2/repository/com/github/almasb/fxgl/17.3/fxgl-17.3.jar!/fxglassets/textures/particles/trace_horizontal.png
15:46:00.200 [FXGL Background Thread 1 ] DEBUG FXGL.DefaultMenu     - createMenuBodyGameMenu()
15:46:00.200 [FXGL Background Thread 1 ] DEBUG FXGL.DefaultMenu     - createOptionsMenu()
15:46:00.206 [FXGL Background Thread 1 ] DEBUG GameApplicationServi - Application scenes initialized
15:46:00.213 [FXGL Background Thread 1 ] DEBUG SystemBundleService  - Loading FXGL system data
15:46:00.215 [FXGL Background Thread 1 ] DEBUG FileSystemAccess     - Reading from: C:\Users\Administrator\IdeaProjects\LearningFXGL\system\fxgl.bundle
15:46:00.219 [FXGL Background Thread 1 ] DEBUG SystemBundleService  - Bundle FXGL: {}
15:46:00.220 [FXGL Background Thread 1 ] DEBUG UpdaterService       - Checking for updates
15:46:00.234 [FXGL Background Thread 4 ] DEBUG FXGLApplication      - Loading fonts
15:46:00.234 [FXGL Background Thread 1 ] DEBUG FXGLApplication      - Loading default localization
15:46:00.234 [FXGL Background Thread 4 ] DEBUG FXGLAssetLoaderServi - Loading from file system: jar:file:///C:/Users/Administrator/.m2/repository/com/github/almasb/fxgl/17.3/fxgl-17.3.jar!/fxglassets/ui/fonts/VarelaRound-Regular.ttf
15:46:00.234 [FXGL Background Thread 1 ] DEBUG FXGLAssetLoaderServi - Loading from file system: jar:file:///C:/Users/Administrator/.m2/repository/com/github/almasb/fxgl/17.3/fxgl-17.3.jar!/fxglassets/languages/english.lang
15:46:00.249 [FXGL Background Thread 1 ] INFO  FXGLApplication      - FXGL initialization took: 0.240 sec
15:46:00.255 [FXGL Background Thread 4 ] DEBUG FXGLAssetLoaderServi - Loading from file system: jar:file:///C:/Users/Administrator/.m2/repository/com/github/almasb/fxgl/17.3/fxgl-17.3.jar!/fxglassets/ui/fonts/Abel-Regular.ttf
15:46:00.257 [JavaFX Application Thread] DEBUG Input                - Registered new binding: MoveUp - Up
15:46:00.257 [JavaFX Application Thread] DEBUG Input                - Registered new binding: MoveDown - Down
15:46:00.257 [FXGL Background Thread 4 ] DEBUG FXGLAssetLoaderServi - Loading from file system: jar:file:///C:/Users/Administrator/.m2/repository/com/github/almasb/fxgl/17.3/fxgl-17.3.jar!/fxglassets/ui/fonts/TerminalLandMono-Regular.otf
15:46:00.257 [JavaFX Application Thread] DEBUG Input                - Registered new binding: MoveLeft - Left
15:46:00.257 [JavaFX Application Thread] DEBUG Input                - Registered new binding: MoveRight - Right
15:46:00.258 [JavaFX Application Thread] DEBUG FXGLAssetLoaderServi - Loading from file system: jar:file:///C:/Users/Administrator/.m2/repository/com/github/almasb/fxgl/17.3/fxgl-17.3.jar!/fxglassets/textures/fxgl_icon.png
15:46:00.258 [FXGL Background Thread 4 ] DEBUG FXGLAssetLoaderServi - Loading from file system: jar:file:///C:/Users/Administrator/.m2/repository/com/github/almasb/fxgl/17.3/fxgl-17.3.jar!/fxglassets/ui/fonts/Courier-Prime.ttf
15:46:00.267 [JavaFX Application Thread] DEBUG FXGLAssetLoaderServi - Loading from file system: jar:file:///C:/Users/Administrator/.m2/repository/com/github/almasb/fxgl/17.3/fxgl-17.3.jar!/fxglassets/textures/fxgl_default_cursor.png
15:46:00.268 [JavaFX Application Thread] DEBUG Input                - Registered new binding: Screenshot - CTRL+8
15:46:00.269 [JavaFX Application Thread] DEBUG Input                - Registered new binding: Dev Options - 1
15:46:00.269 [JavaFX Application Thread] DEBUG Input                - Registered new binding: Dev Console - 2
15:46:00.269 [JavaFX Application Thread] DEBUG Input                - Registered new binding: System info dump - CTRL+9
15:46:00.269 [JavaFX Application Thread] DEBUG Input                - Registered new binding: Restart - CTRL+R
15:46:00.270 [JavaFX Application Thread] DEBUG Input                - Registered new binding: Toggle Debug Camera - CTRL+7
15:46:00.272 [JavaFX Application Thread] DEBUG LoopRunner           - Starting loop
15:46:00.279 [JavaFX Application Thread] DEBUG LoopRunner           - Initializing JavaFX AnimationTimerLoop
15:46:00.280 [JavaFX Application Thread] DEBUG Input                - Clearing active input actions
15:46:00.284 [JavaFX Application Thread] DEBUG GameApplicationServi - Removing overlay from FXGLStartupScene and adding to FXGLMainMenuDummyScene
15:46:00.289 [JavaFX Application Thread] DEBUG PrimaryStageWindow   - FXGLStartupScene -> FXGLMainMenuDummyScene
15:46:00.289 [JavaFX Application Thread] DEBUG PrimaryStageWindow   - Push state: FXGLDefaultMenu
15:46:00.293 [JavaFX Application Thread] DEBUG Input                - Clearing active input actions
15:46:00.297 [JavaFX Application Thread] DEBUG GameApplicationServi - Removing overlay from FXGLMainMenuDummyScene and adding to FXGLDefaultMenu
15:46:00.297 [JavaFX Application Thread] DEBUG PrimaryStageWindow   - FXGLMainMenuDummyScene -> FXGLDefaultMenu
15:46:00.310 [JavaFX Application Thread] DEBUG FXGLApplication      - Registering font factories with UI factory
15:46:00.326 [FXGL Background Thread 2 ] WARN  UpdaterService       - Failed to find updates: java.net.UnknownHostException: raw.githubusercontent.com
15:46:01.103 [JavaFX Application Thread] DEBUG Menu                 - fireNewGame()
15:46:01.103 [JavaFX Application Thread] DEBUG GameApplicationServi - Starting new game
15:46:01.104 [JavaFX Application Thread] DEBUG PrimaryStageWindow   - Pop state: FXGLDefaultMenu
15:46:01.104 [JavaFX Application Thread] DEBUG Input                - Clearing active input actions
15:46:01.104 [JavaFX Application Thread] DEBUG GameApplicationServi - Removing overlay from FXGLDefaultMenu and adding to FXGLMainMenuDummyScene
15:46:01.105 [JavaFX Application Thread] DEBUG PrimaryStageWindow   - FXGLMainMenuDummyScene <- FXGLDefaultMenu
15:46:01.105 [JavaFX Application Thread] DEBUG Input                - Clearing active input actions
15:46:01.109 [JavaFX Application Thread] DEBUG GameApplicationServi - Removing overlay from FXGLMainMenuDummyScene and adding to FXGLLoadingScene
15:46:01.110 [JavaFX Application Thread] DEBUG PrimaryStageWindow   - FXGLMainMenuDummyScene -> FXGLLoadingScene
15:46:01.110 [JavaFX Application Thread] DEBUG GameApplicationServi - Clearing previous game
15:46:01.110 [JavaFX Application Thread] DEBUG GameScene            - Clearing game scene
15:46:01.110 [JavaFX Application Thread] DEBUG GameWorld            - Clearing game world
15:46:01.110 [JavaFX Application Thread] DEBUG PhysicsWorld         - Clearing physics world
15:46:01.111 [FXGL Background Thread 2 ] DEBUG FXGLApplication      - Initializing game
15:46:01.152 [FXGL Background Thread 2 ] WARN  TMXLevelLoader       - TiledMap generated from 1.11.0. Supported version: 1.9.0. Some features may not be parsed fully.
15:46:01.162 [FXGL Background Thread 2 ] DEBUG TMXLevelLoader       - Parsed TiledMap: file:/C:/Users/Administrator/IdeaProjects/LearningFXGL/target/classes/assets/levels/level1.tmx
15:46:01.163 [FXGL Background Thread 2 ] DEBUG TMXLevelLoader       - Creating tile layer entities
15:46:01.164 [FXGL Background Thread 2 ] DEBUG TilesetLoader        - Loading view for layer Tile Layer 1
15:46:01.172 [FXGL Background Thread 2 ] DEBUG TilesetLoader        - Created buffer with size 800.0x600.0
15:46:01.175 [FXGL Background Thread 2 ] DEBUG TMXLevelLoader       - Creating object layer entities
15:46:01.177 [FXGL Background Thread 2 ] DEBUG FXGLAssetLoaderServi - Loading from file system: file:/C:/Users/Administrator/IdeaProjects/LearningFXGL/target/classes/assets/textures/player.png
15:46:01.182 [FXGL Background Thread 2 ] DEBUG FXGLAssetLoaderServi - Loading from file system: file:/C:/Users/Administrator/IdeaProjects/LearningFXGL/target/classes/assets/textures/sprite.png
15:46:01.188 [FXGL Background Thread 2 ] DEBUG FXGLAssetLoaderServi - Loading from file system: file:/C:/Users/Administrator/IdeaProjects/LearningFXGL/target/classes/assets/textures/pill.png
15:46:01.203 [FXGL Background Thread 2 ] DEBUG FXGLAssetLoaderServi - Loading from file system: file:/C:/Users/Administrator/IdeaProjects/LearningFXGL/target/classes/assets/textures/Ghost1.gif
15:46:01.203 [FXGL Background Thread 2 ] DEBUG FXGLAssetLoaderServi - Loading from file system: file:/C:/Users/Administrator/IdeaProjects/LearningFXGL/target/classes/assets/textures/Ghost2.gif
15:46:01.204 [FXGL Background Thread 2 ] DEBUG FXGLAssetLoaderServi - Loading from file system: file:/C:/Users/Administrator/IdeaProjects/LearningFXGL/target/classes/assets/textures/GhostScared1.gif
15:46:01.204 [FXGL Background Thread 2 ] DEBUG FXGLAssetLoaderServi - Loading from file system: file:/C:/Users/Administrator/IdeaProjects/LearningFXGL/target/classes/assets/textures/GhostScared2.gif
15:46:01.206 [FXGL Background Thread 2 ] DEBUG GameWorld            - Clearing removable entities
15:46:01.206 [FXGL Background Thread 2 ] DEBUG GameWorld            - Setting level: com.almasb.fxgl.entity.level.Level@d483924
15:46:01.210 [FXGL Background Thread 2 ] DEBUG FXGLAssetLoaderServi - Loading from file system: file:/C:/Users/Administrator/IdeaProjects/LearningFXGL/target/classes/assets/textures/PacMan2right.gif
15:46:01.213 [FXGL Background Thread 2 ] INFO  FXGLApplication      - Game initialization took: 0.102 sec
15:46:01.214 [JavaFX Application Thread] DEBUG Input                - Clearing active input actions
15:46:01.216 [JavaFX Application Thread] DEBUG GameApplicationServi - Removing overlay from FXGLLoadingScene and adding to GameScene
15:46:01.217 [JavaFX Application Thread] DEBUG PrimaryStageWindow   - FXGLLoadingScene -> GameScene
15:46:02.420 [JavaFX Application Thread] DEBUG FXGLAssetLoaderServi - Loading from file system: file:/C:/Users/Administrator/IdeaProjects/LearningFXGL/target/classes/assets/sounds/pill.wav
15:46:03.234 [FXGL Background Thread 3 ] DEBUG Engine               - Logging environment variables
15:46:03.234 [FXGL Background Thread 3 ] DEBUG Engine               - achievements: []
15:46:03.234 [FXGL Background Thread 3 ] DEBUG Engine               - actualHeight: 600.0
15:46:03.235 [FXGL Background Thread 3 ] DEBUG Engine               - actualHeightProperty: ReadOnlyDoubleProperty [value: 600.0]
15:46:03.235 [FXGL Background Thread 3 ] DEBUG Engine               - actualWidth: 800.0
15:46:03.235 [FXGL Background Thread 3 ] DEBUG Engine               - actualWidthProperty: ReadOnlyDoubleProperty [value: 800.0]
15:46:03.235 [FXGL Background Thread 3 ] DEBUG Engine               - appIcon: fxgl_icon.png
15:46:03.235 [FXGL Background Thread 3 ] DEBUG Engine               - applicationMode: DEVELOPER
15:46:03.235 [FXGL Background Thread 3 ] DEBUG Engine               - cSSList: [fxgl_dark.css]
15:46:03.235 [FXGL Background Thread 3 ] DEBUG Engine               - collisionDetectionStrategy: BRUTE_FORCE
15:46:03.236 [FXGL Background Thread 3 ] DEBUG Engine               - configClass: Optional.empty
15:46:03.236 [FXGL Background Thread 3 ] DEBUG Engine               - credits: []
15:46:03.236 [FXGL Background Thread 3 ] DEBUG Engine               - defaultCursor: CursorInfo(imageName=fxgl_default_cursor.png, hotspotX=7.0, hotspotY=6.0)
15:46:03.236 [FXGL Background Thread 3 ] DEBUG Engine               - devBBoxColorProperty: ObjectProperty [value: 0xff0000ff]
15:46:03.236 [FXGL Background Thread 3 ] DEBUG Engine               - devEnableDebugCameraProperty: BooleanProperty [value: false]
15:46:03.236 [FXGL Background Thread 3 ] DEBUG Engine               - devSensorColorProperty: ObjectProperty [value: 0xffff00ff]
15:46:03.236 [FXGL Background Thread 3 ] DEBUG Engine               - devShowBBoxProperty: BooleanProperty [value: false]
15:46:03.236 [FXGL Background Thread 3 ] DEBUG Engine               - devShowPositionProperty: BooleanProperty [value: false]
15:46:03.236 [FXGL Background Thread 3 ] DEBUG Engine               - enabledMenuItems: []
15:46:03.236 [FXGL Background Thread 3 ] DEBUG Engine               - engineServices: [class com.almasb.fxgl.app.services.FXGLAssetLoaderService, class com.almasb.fxgl.app.FXGLApplication$GameApplicationService, class com.almasb.fxgl.app.services.FXGLDialogService, class com.almasb.fxgl.app.services.IOTaskExecutorService, class com.almasb.fxgl.io.FileSystemService, class com.almasb.fxgl.localization.LocalizationService, class com.almasb.fxgl.app.services.SystemBundleService, class com.almasb.fxgl.profile.SaveLoadService, class com.almasb.fxgl.ui.FXGLUIFactoryServiceProvider, class com.almasb.fxgl.ui.FXGLDialogFactoryServiceProvider, class com.almasb.fxgl.audio.AudioPlayer, class com.almasb.fxgl.notification.impl.NotificationServiceProvider, class com.almasb.fxgl.achievement.AchievementService, class com.almasb.fxgl.cutscene.CutsceneService, class com.almasb.fxgl.minigames.MiniGameService, class com.almasb.fxgl.net.NetService, class com.almasb.fxgl.app.services.UpdaterService, class com.almasb.fxgl.dev.DevService]
15:46:03.236 [FXGL Background Thread 3 ] DEBUG Engine               - fontGame: Abel-Regular.ttf
15:46:03.236 [FXGL Background Thread 3 ] DEBUG Engine               - fontMono: TerminalLandMono-Regular.otf
15:46:03.236 [FXGL Background Thread 3 ] DEBUG Engine               - fontSizeScaleUI: 1.0
15:46:03.236 [FXGL Background Thread 3 ] DEBUG Engine               - fontText: Courier-Prime.ttf
15:46:03.236 [FXGL Background Thread 3 ] DEBUG Engine               - fontUI: VarelaRound-Regular.ttf
15:46:03.236 [FXGL Background Thread 3 ] DEBUG Engine               - fullScreen: BooleanProperty [value: false]
15:46:03.236 [FXGL Background Thread 3 ] DEBUG Engine               - gameDifficulty: MEDIUM
15:46:03.236 [FXGL Background Thread 3 ] DEBUG Engine               - gameDifficultyProperty: ObjectProperty [value: MEDIUM]
15:46:03.237 [FXGL Background Thread 3 ] DEBUG Engine               - globalMusicVolume: 0.5
15:46:03.237 [FXGL Background Thread 3 ] DEBUG Engine               - globalMusicVolumeProperty: DoubleProperty [value: 0.5]
15:46:03.237 [FXGL Background Thread 3 ] DEBUG Engine               - globalSoundVolume: 0.5
15:46:03.237 [FXGL Background Thread 3 ] DEBUG Engine               - globalSoundVolumeProperty: DoubleProperty [value: 0.5]
15:46:03.237 [FXGL Background Thread 3 ] DEBUG Engine               - height: 600
15:46:03.237 [FXGL Background Thread 3 ] DEBUG Engine               - is3D: false
15:46:03.237 [FXGL Background Thread 3 ] DEBUG Engine               - isAndroid: false
15:46:03.237 [FXGL Background Thread 3 ] DEBUG Engine               - isBrowser: false
15:46:03.237 [FXGL Background Thread 3 ] DEBUG Engine               - isClickFeedbackEnabled: false
15:46:03.237 [FXGL Background Thread 3 ] DEBUG Engine               - isCloseConfirmation: false
15:46:03.237 [FXGL Background Thread 3 ] DEBUG Engine               - isDesktop: true
15:46:03.237 [FXGL Background Thread 3 ] DEBUG Engine               - isDeveloperMenuEnabled: true
15:46:03.237 [FXGL Background Thread 3 ] DEBUG Engine               - isEmbedded: false
15:46:03.237 [FXGL Background Thread 3 ] DEBUG Engine               - isEntityPreloadEnabled: true
15:46:03.237 [FXGL Background Thread 3 ] DEBUG Engine               - isExperimentalTiledLargeMap: false
15:46:03.237 [FXGL Background Thread 3 ] DEBUG Engine               - isFileSystemWriteAllowed: true
15:46:03.237 [FXGL Background Thread 3 ] DEBUG Engine               - isFullScreenAllowed: false
15:46:03.237 [FXGL Background Thread 3 ] DEBUG Engine               - isFullScreenFromStart: false
15:46:03.237 [FXGL Background Thread 3 ] DEBUG Engine               - isGameMenuEnabled: true
15:46:03.237 [FXGL Background Thread 3 ] DEBUG Engine               - isIOS: false
15:46:03.237 [FXGL Background Thread 3 ] DEBUG Engine               - isIntroEnabled: false
15:46:03.237 [FXGL Background Thread 3 ] DEBUG Engine               - isLinux: false
15:46:03.237 [FXGL Background Thread 3 ] DEBUG Engine               - isMac: false
15:46:03.237 [FXGL Background Thread 3 ] DEBUG Engine               - isMainMenuEnabled: true
15:46:03.237 [FXGL Background Thread 3 ] DEBUG Engine               - isManualResizeEnabled: false
15:46:03.237 [FXGL Background Thread 3 ] DEBUG Engine               - isMobile: false
15:46:03.237 [FXGL Background Thread 3 ] DEBUG Engine               - isNative: false
15:46:03.237 [FXGL Background Thread 3 ] DEBUG Engine               - isPauseMusicWhenMinimized: true
15:46:03.237 [FXGL Background Thread 3 ] DEBUG Engine               - isPreserveResizeRatio: false
15:46:03.237 [FXGL Background Thread 3 ] DEBUG Engine               - isProfilingEnabled: false
15:46:03.237 [FXGL Background Thread 3 ] DEBUG Engine               - isScaleAffectedOnResize: true
15:46:03.237 [FXGL Background Thread 3 ] DEBUG Engine               - isSingleStep: false
15:46:03.237 [FXGL Background Thread 3 ] DEBUG Engine               - isUserProfileEnabled: false
15:46:03.237 [FXGL Background Thread 3 ] DEBUG Engine               - isWindows: true
15:46:03.237 [FXGL Background Thread 3 ] DEBUG Engine               - language: ObjectProperty [value: ENGLISH]
15:46:03.237 [FXGL Background Thread 3 ] DEBUG Engine               - menuKey: ESCAPE
15:46:03.237 [FXGL Background Thread 3 ] DEBUG Engine               - mouseSensitivity: 0.2
15:46:03.237 [FXGL Background Thread 3 ] DEBUG Engine               - notificationViewClass: class com.almasb.fxgl.notification.view.XboxNotificationView
15:46:03.237 [FXGL Background Thread 3 ] DEBUG Engine               - pixelsPerMeter: 50.0
15:46:03.237 [FXGL Background Thread 3 ] DEBUG Engine               - platform: WINDOWS
15:46:03.237 [FXGL Background Thread 3 ] DEBUG Engine               - prefHeightProperty: ReadOnlyDoubleProperty [value: 600.0]
15:46:03.237 [FXGL Background Thread 3 ] DEBUG Engine               - prefWidthProperty: ReadOnlyDoubleProperty [value: 800.0]
15:46:03.237 [FXGL Background Thread 3 ] DEBUG Engine               - profileDir: profiles/
15:46:03.237 [FXGL Background Thread 3 ] DEBUG Engine               - profileName: StringProperty [value: DEFAULT]
15:46:03.237 [FXGL Background Thread 3 ] DEBUG Engine               - randomSeed: -1
15:46:03.238 [FXGL Background Thread 3 ] DEBUG Engine               - runtimeInfo: RuntimeInfo(platform=WINDOWS, version=17.3, build=30.03.2023 11.49)
15:46:03.238 [FXGL Background Thread 3 ] DEBUG Engine               - saveFileExt: sav
15:46:03.238 [FXGL Background Thread 3 ] DEBUG Engine               - scaledHeightProp$fxgl: DoubleProperty [bound, value: 600.0]
15:46:03.238 [FXGL Background Thread 3 ] DEBUG Engine               - scaledWidthProp$fxgl: DoubleProperty [bound, value: 800.0]
15:46:03.238 [FXGL Background Thread 3 ] DEBUG Engine               - sceneFactory: com.almasb.fxgl.app.scene.SceneFactory@3fd24db1
15:46:03.238 [FXGL Background Thread 3 ] DEBUG Engine               - secondsIn24h: 60
15:46:03.238 [FXGL Background Thread 3 ] DEBUG Engine               - soundMenuBack: menu/back.wav
15:46:03.238 [FXGL Background Thread 3 ] DEBUG Engine               - soundMenuPress: menu/press.wav
15:46:03.238 [FXGL Background Thread 3 ] DEBUG Engine               - soundMenuSelect: menu/select.wav
15:46:03.238 [FXGL Background Thread 3 ] DEBUG Engine               - soundNotification: core/notification.wav
15:46:03.238 [FXGL Background Thread 3 ] DEBUG Engine               - stageStyle: DECORATED
15:46:03.238 [FXGL Background Thread 3 ] DEBUG Engine               - supportedLanguages: [ENGLISH, FRENCH, GERMAN, HUNGARIAN, RUSSIAN]
15:46:03.238 [FXGL Background Thread 3 ] DEBUG Engine               - ticksPerSecond: -1
15:46:03.238 [FXGL Background Thread 3 ] DEBUG Engine               - title: DemoApp
15:46:03.238 [FXGL Background Thread 3 ] DEBUG Engine               - urlGithub: https://github.com/AlmasB/FXGL
15:46:03.238 [FXGL Background Thread 3 ] DEBUG Engine               - urlLeaderboard: http://fxgl-top.herokuapp.com/
15:46:03.238 [FXGL Background Thread 3 ] DEBUG Engine               - urlPOM: https://raw.githubusercontent.com/AlmasB/FXGL/release/README.md
15:46:03.238 [FXGL Background Thread 3 ] DEBUG Engine               - userAppClass: class com.gamedemo.DemoApp
15:46:03.238 [FXGL Background Thread 3 ] DEBUG Engine               - version: 0.1
15:46:03.238 [FXGL Background Thread 3 ] DEBUG Engine               - versionCheckDays: 7
15:46:03.238 [FXGL Background Thread 3 ] DEBUG Engine               - width: 800
15:46:03.238 [FXGL Background Thread 3 ] DEBUG Engine               - Logging services
15:46:03.238 [FXGL Background Thread 3 ] DEBUG Engine               - class com.almasb.fxgl.app.services.FXGLAssetLoaderService
15:46:03.238 [FXGL Background Thread 3 ] DEBUG Engine               - class com.almasb.fxgl.app.FXGLApplication$GameApplicationService
15:46:03.238 [FXGL Background Thread 3 ] DEBUG Engine               - class com.almasb.fxgl.app.services.FXGLDialogService
15:46:03.238 [FXGL Background Thread 3 ] DEBUG Engine               - class com.almasb.fxgl.app.services.IOTaskExecutorService
15:46:03.238 [FXGL Background Thread 3 ] DEBUG Engine               - class com.almasb.fxgl.io.FileSystemService
15:46:03.238 [FXGL Background Thread 3 ] DEBUG Engine               - class com.almasb.fxgl.localization.LocalizationService
15:46:03.238 [FXGL Background Thread 3 ] DEBUG Engine               - class com.almasb.fxgl.app.services.SystemBundleService
15:46:03.238 [FXGL Background Thread 3 ] DEBUG Engine               - class com.almasb.fxgl.profile.SaveLoadService
15:46:03.238 [FXGL Background Thread 3 ] DEBUG Engine               - class com.almasb.fxgl.ui.FXGLUIFactoryServiceProvider
15:46:03.238 [FXGL Background Thread 3 ] DEBUG Engine               - class com.almasb.fxgl.ui.FXGLDialogFactoryServiceProvider
15:46:03.238 [FXGL Background Thread 3 ] DEBUG Engine               - class com.almasb.fxgl.audio.AudioPlayer
15:46:03.238 [FXGL Background Thread 3 ] DEBUG Engine               - class com.almasb.fxgl.notification.impl.NotificationServiceProvider
15:46:03.238 [FXGL Background Thread 3 ] DEBUG Engine               - class com.almasb.fxgl.achievement.AchievementService
15:46:03.238 [FXGL Background Thread 3 ] DEBUG Engine               - class com.almasb.fxgl.cutscene.CutsceneService
15:46:03.238 [FXGL Background Thread 3 ] DEBUG Engine               - class com.almasb.fxgl.minigames.MiniGameService
15:46:03.238 [FXGL Background Thread 3 ] DEBUG Engine               - class com.almasb.fxgl.net.NetService
15:46:03.238 [FXGL Background Thread 3 ] DEBUG Engine               - class com.almasb.fxgl.app.services.UpdaterService
15:46:03.238 [FXGL Background Thread 3 ] DEBUG Engine               - class com.almasb.fxgl.dev.DevService
15:46:06.370 [JavaFX Application Thread] DEBUG FXGLAssetLoaderServi - Loading from file system: file:/C:/Users/Administrator/IdeaProjects/LearningFXGL/target/classes/assets/sounds/fruit.wav
15:46:08.686 [JavaFX Application Thread] WARN  TMXLevelLoader       - TiledMap generated from 1.11.0. Supported version: 1.9.0. Some features may not be parsed fully.
15:46:08.693 [JavaFX Application Thread] DEBUG TMXLevelLoader       - Parsed TiledMap: file:/C:/Users/Administrator/IdeaProjects/LearningFXGL/target/classes/assets/levels/level2.tmx
15:46:08.693 [JavaFX Application Thread] DEBUG TMXLevelLoader       - Creating tile layer entities
15:46:08.693 [JavaFX Application Thread] DEBUG TilesetLoader        - Loading view for layer Tile Layer 1
15:46:08.693 [JavaFX Application Thread] DEBUG TilesetLoader        - Created buffer with size 800.0x600.0
15:46:08.694 [JavaFX Application Thread] DEBUG TMXLevelLoader       - Creating object layer entities
15:46:08.714 [JavaFX Application Thread] DEBUG GameWorld            - Clearing removable entities
15:46:08.716 [JavaFX Application Thread] DEBUG GameWorld            - Setting level: com.almasb.fxgl.entity.level.Level@50627cc9
15:46:18.842 [JavaFX Application Thread] WARN  FXGLAssetLoaderServi - Asset "/assets/levels/level3.tmx" was not found!
15:46:18.843 [JavaFX Application Thread] DEBUG PrimaryStageWindow   - Push state: DialogSubScene
15:46:18.843 [JavaFX Application Thread] DEBUG Input                - Clearing active input actions
15:46:18.844 [JavaFX Application Thread] DEBUG GameApplicationServi - Removing overlay from GameScene and adding to DialogSubScene
15:46:18.844 [JavaFX Application Thread] DEBUG PrimaryStageWindow   - GameScene -> DialogSubScene
15:46:18.846 [JavaFX Application Thread] WARN  TMXLevelLoader       - TiledMap generated from 1.11.0. Supported version: 1.9.0. Some features may not be parsed fully.
15:46:18.847 [JavaFX Application Thread] DEBUG TMXLevelLoader       - Parsed TiledMap: file:/C:/Users/Administrator/IdeaProjects/LearningFXGL/target/classes/assets/levels/level1.tmx
15:46:18.847 [JavaFX Application Thread] DEBUG TMXLevelLoader       - Creating tile layer entities
15:46:18.847 [JavaFX Application Thread] DEBUG TilesetLoader        - Loading view for layer Tile Layer 1
15:46:18.847 [JavaFX Application Thread] DEBUG TilesetLoader        - Created buffer with size 800.0x600.0
15:46:18.849 [JavaFX Application Thread] DEBUG TMXLevelLoader       - Creating object layer entities
15:46:18.858 [JavaFX Application Thread] DEBUG GameWorld            - Clearing removable entities
15:46:18.861 [JavaFX Application Thread] DEBUG GameWorld            - Setting level: com.almasb.fxgl.entity.level.Level@4059e9bf
15:46:20.882 [JavaFX Application Thread] DEBUG PrimaryStageWindow   - Pop state: DialogSubScene
15:46:20.882 [JavaFX Application Thread] DEBUG Input                - Clearing active input actions
15:46:20.883 [JavaFX Application Thread] DEBUG GameApplicationServi - Removing overlay from DialogSubScene and adding to GameScene
15:46:20.883 [JavaFX Application Thread] DEBUG PrimaryStageWindow   - GameScene <- DialogSubScene
15:46:20.883 [JavaFX Application Thread] DEBUG PrimaryStageWindow   - Push state: FXGLDefaultMenu
15:46:20.883 [JavaFX Application Thread] DEBUG Input                - Clearing active input actions
15:46:20.884 [JavaFX Application Thread] DEBUG GameApplicationServi - Removing overlay from GameScene and adding to FXGLDefaultMenu
15:46:20.884 [JavaFX Application Thread] DEBUG PrimaryStageWindow   - GameScene -> FXGLDefaultMenu
15:46:22.073 [JavaFX Application Thread] DEBUG Menu                 - fireResume()
15:46:22.073 [JavaFX Application Thread] DEBUG PrimaryStageWindow   - Pop state: FXGLDefaultMenu
15:46:22.073 [JavaFX Application Thread] DEBUG Input                - Clearing active input actions
15:46:22.074 [JavaFX Application Thread] DEBUG GameApplicationServi - Removing overlay from FXGLDefaultMenu and adding to GameScene
15:46:22.074 [JavaFX Application Thread] DEBUG PrimaryStageWindow   - GameScene <- FXGLDefaultMenu
15:46:40.949 [JavaFX Application Thread] WARN  TMXLevelLoader       - TiledMap generated from 1.11.0. Supported version: 1.9.0. Some features may not be parsed fully.
15:46:40.951 [JavaFX Application Thread] DEBUG TMXLevelLoader       - Parsed TiledMap: file:/C:/Users/Administrator/IdeaProjects/LearningFXGL/target/classes/assets/levels/level2.tmx
15:46:40.951 [JavaFX Application Thread] DEBUG TMXLevelLoader       - Creating tile layer entities
15:46:40.951 [JavaFX Application Thread] DEBUG TilesetLoader        - Loading view for layer Tile Layer 1
15:46:40.951 [JavaFX Application Thread] DEBUG TilesetLoader        - Created buffer with size 800.0x600.0
15:46:40.953 [JavaFX Application Thread] DEBUG TMXLevelLoader       - Creating object layer entities
15:46:40.964 [JavaFX Application Thread] DEBUG GameWorld            - Clearing removable entities
15:46:40.965 [JavaFX Application Thread] DEBUG GameWorld            - Setting level: com.almasb.fxgl.entity.level.Level@108e7d92
15:46:46.272 [JavaFX Application Thread] DEBUG FXGLAssetLoaderServi - Loading from file system: file:/C:/Users/Administrator/IdeaProjects/LearningFXGL/target/classes/assets/sounds/death.wav
15:47:02.560 [JavaFX Application Thread] WARN  FXGLAssetLoaderServi - Asset "/assets/levels/level3.tmx" was not found!
15:47:02.560 [JavaFX Application Thread] DEBUG PrimaryStageWindow   - Push state: DialogSubScene
15:47:02.560 [JavaFX Application Thread] DEBUG Input                - Clearing active input actions
15:47:02.561 [JavaFX Application Thread] DEBUG GameApplicationServi - Removing overlay from GameScene and adding to DialogSubScene
15:47:02.561 [JavaFX Application Thread] DEBUG PrimaryStageWindow   - GameScene -> DialogSubScene
15:47:02.562 [JavaFX Application Thread] WARN  TMXLevelLoader       - TiledMap generated from 1.11.0. Supported version: 1.9.0. Some features may not be parsed fully.
15:47:02.563 [JavaFX Application Thread] DEBUG TMXLevelLoader       - Parsed TiledMap: file:/C:/Users/Administrator/IdeaProjects/LearningFXGL/target/classes/assets/levels/level1.tmx
15:47:02.563 [JavaFX Application Thread] DEBUG TMXLevelLoader       - Creating tile layer entities
15:47:02.563 [JavaFX Application Thread] DEBUG TilesetLoader        - Loading view for layer Tile Layer 1
15:47:02.563 [JavaFX Application Thread] DEBUG TilesetLoader        - Created buffer with size 800.0x600.0
15:47:02.565 [JavaFX Application Thread] DEBUG TMXLevelLoader       - Creating object layer entities
15:47:02.569 [JavaFX Application Thread] DEBUG GameWorld            - Clearing removable entities
15:47:02.570 [JavaFX Application Thread] DEBUG GameWorld            - Setting level: com.almasb.fxgl.entity.level.Level@6fbf1008
15:47:04.614 [JavaFX Application Thread] DEBUG PrimaryStageWindow   - Pop state: DialogSubScene
15:47:04.614 [JavaFX Application Thread] DEBUG Input                - Clearing active input actions
15:47:04.615 [JavaFX Application Thread] DEBUG GameApplicationServi - Removing overlay from DialogSubScene and adding to GameScene
15:47:04.615 [JavaFX Application Thread] DEBUG PrimaryStageWindow   - GameScene <- DialogSubScene
15:47:04.615 [JavaFX Application Thread] DEBUG PrimaryStageWindow   - Push state: FXGLDefaultMenu
15:47:04.615 [JavaFX Application Thread] DEBUG Input                - Clearing active input actions
15:47:04.616 [JavaFX Application Thread] DEBUG GameApplicationServi - Removing overlay from GameScene and adding to FXGLDefaultMenu
15:47:04.616 [JavaFX Application Thread] DEBUG PrimaryStageWindow   - GameScene -> FXGLDefaultMenu
15:47:05.749 [JavaFX Application Thread] DEBUG FXGLApplication      - Exiting FXGL
15:47:05.749 [JavaFX Application Thread] DEBUG LoopRunner           - Stopping loop
15:47:05.749 [JavaFX Application Thread] DEBUG SystemBundleService  - Saving FXGL system data
15:47:05.751 [JavaFX Application Thread] DEBUG FileSystemAccess     - Writing to: C:\Users\Administrator\IdeaProjects\LearningFXGL\system\fxgl.bundle
15:47:05.752 [JavaFX Application Thread] DEBUG Async                - Shutting down background threads
15:47:05.752 [JavaFX Application Thread] DEBUG PrimaryStageWindow   - Closing main window
15:47:05.761 [JavaFX Application Thread] DEBUG Logger               - Closing Logger
