17:40:49.168 [main                     ] DEBUG Logger               - Configured Logger
17:40:49.184 [main                     ] DEBUG GameApplication      - Logging settings
Title: DemoApp
Version: 0.1
Width: 800
Height: 600
Fullscreen: false
Intro: false
Profiling: false
Single step:false
App Mode: DEVELOPER
Menu Key: ESCAPE
Stage Style: DECORATED
Scene Factory: class com.almasb.fxgl.app.scene.SceneFactory

17:40:49.383 [JavaFX Application Thread] DEBUG FXGLApplication      - Initializing FXGL
17:40:49.385 [JavaFX Application Thread] INFO  Engine               - FXGL-17.3 (30.03.2023 11.49) on WINDOWS (J:21.0.1 FX:20)
17:40:49.385 [JavaFX Application Thread] DEBUG Engine               - JRE Vendor Name: Oracle Corporation
17:40:49.385 [JavaFX Application Thread] DEBUG Engine               - Running on OS: Windows 11 version 10.0
17:40:49.385 [JavaFX Application Thread] DEBUG Engine               - Architecture: amd64
17:40:49.385 [JavaFX Application Thread] INFO  Engine               - Source code and latest versions at: https://github.com/AlmasB/FXGL
17:40:49.385 [JavaFX Application Thread] INFO  Engine               -       Ask questions and discuss at: https://github.com/AlmasB/FXGL/discussions
17:40:49.385 [JavaFX Application Thread] INFO  Engine               -              Join the FXGL chat at: https://gitter.im/AlmasB/FXGL
17:40:49.426 [JavaFX Application Thread] DEBUG PrimaryStageWindow   - Creating a JavaFX scene
17:40:49.450 [JavaFX Application Thread] DEBUG PrimaryStageWindow   - Target settings size: 800.0 x 600.0
17:40:49.451 [JavaFX Application Thread] DEBUG PrimaryStageWindow   - Scaled scene size:    800.0 x 600.0
17:40:49.451 [JavaFX Application Thread] DEBUG PrimaryStageWindow   - Scaled ratio: (1.0, 1.0)
17:40:49.451 [JavaFX Application Thread] DEBUG PrimaryStageWindow   - Set initial scene to FXGLStartupScene
17:40:49.452 [JavaFX Application Thread] DEBUG PrimaryStageWindow   - Opening main window
17:40:49.491 [JavaFX Application Thread] DEBUG PrimaryStageWindow   - Window border size: (14.4000244140625, 37.5999755859375)
17:40:49.492 [JavaFX Application Thread] DEBUG PrimaryStageWindow   - Scaled size: 800.0 x 600.0
17:40:49.492 [JavaFX Application Thread] DEBUG PrimaryStageWindow   - Scaled ratio: (1.0, 1.0)
17:40:49.492 [JavaFX Application Thread] DEBUG PrimaryStageWindow   - Scene size: 800.0 x 600.0
17:40:49.492 [JavaFX Application Thread] DEBUG PrimaryStageWindow   - Stage size: 814.4000244140625 x 637.5999755859375
17:40:49.495 [FXGL Background Thread 1 ] DEBUG Engine               - Initializing environment variables
17:40:49.523 [FXGL Background Thread 1 ] DEBUG FXGLAssetLoaderServi - User app class for loading assets: class com.gamedemo.DemoApp
17:40:49.523 [FXGL Background Thread 1 ] DEBUG GameApplicationServi - Applying CSS: fxgl_dark.css
17:40:49.524 [FXGL Background Thread 1 ] DEBUG FXGLAssetLoaderServi - Loading from file system: jar:file:///C:/Users/Administrator/.m2/repository/com/github/almasb/fxgl/17.3/fxgl-17.3.jar!/fxglassets/ui/css/fxgl_dark.css
17:40:49.544 [FXGL Background Thread 1 ] DEBUG GameApplicationServi - Initializing application scenes
17:40:49.576 [FXGL Background Thread 1 ] DEBUG GameWorld            - Game world initialized
17:40:49.602 [FXGL Background Thread 1 ] DEBUG PhysicsWorld         - Physics world initialized: appHeight=600, physics.ppm=50.0
17:40:49.602 [FXGL Background Thread 1 ] DEBUG PhysicsWorld         - Using strategy: BRUTE_FORCE
17:40:49.603 [FXGL Background Thread 1 ] DEBUG GameScene            - Game scene initialized: 800x600
17:40:49.608 [FXGL Background Thread 1 ] DEBUG FXGL.DefaultMenu     - createMenuBodyMainMenu()
17:40:49.613 [FXGL Background Thread 1 ] DEBUG FXGL.DefaultMenu     - createOptionsMenu()
17:40:49.617 [FXGL Background Thread 1 ] DEBUG FXGLAssetLoaderServi - Loading from file system: jar:file:///C:/Users/Administrator/.m2/repository/com/github/almasb/fxgl/17.3/fxgl-17.3.jar!/fxglassets/textures/particles/smoke.png
17:40:49.661 [FXGL Background Thread 1 ] DEBUG FXGLAssetLoaderServi - Loading from file system: jar:file:///C:/Users/Administrator/.m2/repository/com/github/almasb/fxgl/17.3/fxgl-17.3.jar!/fxglassets/textures/particles/trace_horizontal.png
17:40:49.675 [FXGL Background Thread 1 ] DEBUG FXGL.DefaultMenu     - createMenuBodyGameMenu()
17:40:49.676 [FXGL Background Thread 1 ] DEBUG FXGL.DefaultMenu     - createOptionsMenu()
17:40:49.681 [FXGL Background Thread 1 ] DEBUG GameApplicationServi - Application scenes initialized
17:40:49.687 [FXGL Background Thread 1 ] DEBUG SystemBundleService  - Loading FXGL system data
17:40:49.688 [FXGL Background Thread 1 ] DEBUG FileSystemAccess     - Reading from: C:\Users\Administrator\IdeaProjects\LearningFXGL\system\fxgl.bundle
17:40:49.694 [FXGL Background Thread 1 ] DEBUG SystemBundleService  - Bundle FXGL: {}
17:40:49.694 [FXGL Background Thread 1 ] DEBUG UpdaterService       - Checking for updates
17:40:49.708 [FXGL Background Thread 4 ] DEBUG FXGLApplication      - Loading fonts
17:40:49.708 [FXGL Background Thread 1 ] DEBUG FXGLApplication      - Loading default localization
17:40:49.708 [FXGL Background Thread 4 ] DEBUG FXGLAssetLoaderServi - Loading from file system: jar:file:///C:/Users/Administrator/.m2/repository/com/github/almasb/fxgl/17.3/fxgl-17.3.jar!/fxglassets/ui/fonts/VarelaRound-Regular.ttf
17:40:49.708 [FXGL Background Thread 1 ] DEBUG FXGLAssetLoaderServi - Loading from file system: jar:file:///C:/Users/Administrator/.m2/repository/com/github/almasb/fxgl/17.3/fxgl-17.3.jar!/fxglassets/languages/english.lang
17:40:49.718 [FXGL Background Thread 1 ] INFO  FXGLApplication      - FXGL initialization took: 0.222 sec
17:40:49.726 [FXGL Background Thread 4 ] DEBUG FXGLAssetLoaderServi - Loading from file system: jar:file:///C:/Users/Administrator/.m2/repository/com/github/almasb/fxgl/17.3/fxgl-17.3.jar!/fxglassets/ui/fonts/Abel-Regular.ttf
17:40:49.726 [JavaFX Application Thread] DEBUG Input                - Registered new binding: MoveUp - Up
17:40:49.727 [JavaFX Application Thread] DEBUG Input                - Registered new binding: MoveDown - Down
17:40:49.727 [JavaFX Application Thread] DEBUG Input                - Registered new binding: MoveLeft - Left
17:40:49.727 [JavaFX Application Thread] DEBUG Input                - Registered new binding: MoveRight - Right
17:40:49.727 [JavaFX Application Thread] DEBUG FXGLAssetLoaderServi - Loading from file system: jar:file:///C:/Users/Administrator/.m2/repository/com/github/almasb/fxgl/17.3/fxgl-17.3.jar!/fxglassets/textures/fxgl_icon.png
17:40:49.728 [FXGL Background Thread 4 ] DEBUG FXGLAssetLoaderServi - Loading from file system: jar:file:///C:/Users/Administrator/.m2/repository/com/github/almasb/fxgl/17.3/fxgl-17.3.jar!/fxglassets/ui/fonts/TerminalLandMono-Regular.otf
17:40:49.729 [FXGL Background Thread 4 ] DEBUG FXGLAssetLoaderServi - Loading from file system: jar:file:///C:/Users/Administrator/.m2/repository/com/github/almasb/fxgl/17.3/fxgl-17.3.jar!/fxglassets/ui/fonts/Courier-Prime.ttf
17:40:49.737 [JavaFX Application Thread] DEBUG FXGLAssetLoaderServi - Loading from file system: jar:file:///C:/Users/Administrator/.m2/repository/com/github/almasb/fxgl/17.3/fxgl-17.3.jar!/fxglassets/textures/fxgl_default_cursor.png
17:40:49.738 [JavaFX Application Thread] DEBUG Input                - Registered new binding: Screenshot - CTRL+8
17:40:49.738 [JavaFX Application Thread] DEBUG Input                - Registered new binding: Dev Options - 1
17:40:49.738 [JavaFX Application Thread] DEBUG Input                - Registered new binding: Dev Console - 2
17:40:49.739 [JavaFX Application Thread] DEBUG Input                - Registered new binding: System info dump - CTRL+9
17:40:49.739 [JavaFX Application Thread] DEBUG Input                - Registered new binding: Restart - CTRL+R
17:40:49.739 [JavaFX Application Thread] DEBUG Input                - Registered new binding: Toggle Debug Camera - CTRL+7
17:40:49.741 [JavaFX Application Thread] DEBUG LoopRunner           - Starting loop
17:40:49.747 [JavaFX Application Thread] DEBUG LoopRunner           - Initializing JavaFX AnimationTimerLoop
17:40:49.748 [JavaFX Application Thread] DEBUG Input                - Clearing active input actions
17:40:49.751 [JavaFX Application Thread] DEBUG GameApplicationServi - Removing overlay from FXGLStartupScene and adding to FXGLMainMenuDummyScene
17:40:49.756 [JavaFX Application Thread] DEBUG PrimaryStageWindow   - FXGLStartupScene -> FXGLMainMenuDummyScene
17:40:49.756 [JavaFX Application Thread] DEBUG PrimaryStageWindow   - Push state: FXGLDefaultMenu
17:40:49.760 [JavaFX Application Thread] DEBUG Input                - Clearing active input actions
17:40:49.764 [JavaFX Application Thread] DEBUG GameApplicationServi - Removing overlay from FXGLMainMenuDummyScene and adding to FXGLDefaultMenu
17:40:49.765 [JavaFX Application Thread] DEBUG PrimaryStageWindow   - FXGLMainMenuDummyScene -> FXGLDefaultMenu
17:40:49.767 [JavaFX Application Thread] DEBUG FXGLApplication      - Registering font factories with UI factory
17:40:49.788 [FXGL Background Thread 2 ] WARN  UpdaterService       - Failed to find updates: java.net.UnknownHostException: raw.githubusercontent.com
17:40:50.340 [JavaFX Application Thread] DEBUG Menu                 - fireNewGame()
17:40:50.342 [JavaFX Application Thread] DEBUG GameApplicationServi - Starting new game
17:40:50.342 [JavaFX Application Thread] DEBUG PrimaryStageWindow   - Pop state: FXGLDefaultMenu
17:40:50.343 [JavaFX Application Thread] DEBUG Input                - Clearing active input actions
17:40:50.343 [JavaFX Application Thread] DEBUG GameApplicationServi - Removing overlay from FXGLDefaultMenu and adding to FXGLMainMenuDummyScene
17:40:50.344 [JavaFX Application Thread] DEBUG PrimaryStageWindow   - FXGLMainMenuDummyScene <- FXGLDefaultMenu
17:40:50.344 [JavaFX Application Thread] DEBUG Input                - Clearing active input actions
17:40:50.348 [JavaFX Application Thread] DEBUG GameApplicationServi - Removing overlay from FXGLMainMenuDummyScene and adding to FXGLLoadingScene
17:40:50.348 [JavaFX Application Thread] DEBUG PrimaryStageWindow   - FXGLMainMenuDummyScene -> FXGLLoadingScene
17:40:50.348 [JavaFX Application Thread] DEBUG GameApplicationServi - Clearing previous game
17:40:50.348 [JavaFX Application Thread] DEBUG GameScene            - Clearing game scene
17:40:50.348 [JavaFX Application Thread] DEBUG GameWorld            - Clearing game world
17:40:50.348 [JavaFX Application Thread] DEBUG PhysicsWorld         - Clearing physics world
17:40:50.350 [FXGL Background Thread 2 ] DEBUG FXGLApplication      - Initializing game
17:40:50.395 [FXGL Background Thread 2 ] WARN  TMXLevelLoader       - TiledMap generated from 1.11.0. Supported version: 1.9.0. Some features may not be parsed fully.
17:40:50.407 [FXGL Background Thread 2 ] DEBUG TMXLevelLoader       - Parsed TiledMap: file:/C:/Users/Administrator/IdeaProjects/LearningFXGL/target/classes/assets/levels/level1.tmx
17:40:50.408 [FXGL Background Thread 2 ] DEBUG TMXLevelLoader       - Creating tile layer entities
17:40:50.409 [FXGL Background Thread 2 ] DEBUG TilesetLoader        - Loading view for layer Tile Layer 1
17:40:50.410 [FXGL Background Thread 2 ] DEBUG TilesetLoader        - Created buffer with size 800.0x600.0
17:40:50.414 [FXGL Background Thread 2 ] DEBUG TMXLevelLoader       - Creating object layer entities
17:40:50.416 [FXGL Background Thread 2 ] DEBUG FXGLAssetLoaderServi - Loading from file system: file:/C:/Users/Administrator/IdeaProjects/LearningFXGL/target/classes/assets/textures/player.png
17:40:50.419 [FXGL Background Thread 2 ] DEBUG FXGLAssetLoaderServi - Loading from file system: file:/C:/Users/Administrator/IdeaProjects/LearningFXGL/target/classes/assets/textures/sprite.png
17:40:50.427 [FXGL Background Thread 2 ] DEBUG FXGLAssetLoaderServi - Loading from file system: file:/C:/Users/Administrator/IdeaProjects/LearningFXGL/target/classes/assets/textures/pill.png
17:40:50.463 [FXGL Background Thread 2 ] DEBUG FXGLAssetLoaderServi - Loading from file system: file:/C:/Users/Administrator/IdeaProjects/LearningFXGL/target/classes/assets/textures/Ghost1.gif
17:40:50.465 [FXGL Background Thread 2 ] DEBUG FXGLAssetLoaderServi - Loading from file system: file:/C:/Users/Administrator/IdeaProjects/LearningFXGL/target/classes/assets/textures/Ghost2.gif
17:40:50.465 [FXGL Background Thread 2 ] DEBUG GameWorld            - Clearing removable entities
17:40:50.466 [FXGL Background Thread 2 ] DEBUG GameWorld            - Setting level: com.almasb.fxgl.entity.level.Level@3d6b9fd2
17:40:50.470 [FXGL Background Thread 2 ] WARN  TMXLevelLoader       - TiledMap generated from 1.11.0. Supported version: 1.9.0. Some features may not be parsed fully.
17:40:50.475 [FXGL Background Thread 2 ] DEBUG TMXLevelLoader       - Parsed TiledMap: file:/C:/Users/Administrator/IdeaProjects/LearningFXGL/target/classes/assets/levels/level1.tmx
17:40:50.475 [FXGL Background Thread 2 ] DEBUG TMXLevelLoader       - Creating tile layer entities
17:40:50.475 [FXGL Background Thread 2 ] DEBUG TilesetLoader        - Loading view for layer Tile Layer 1
17:40:50.475 [FXGL Background Thread 2 ] DEBUG TilesetLoader        - Created buffer with size 800.0x600.0
17:40:50.478 [FXGL Background Thread 2 ] DEBUG TMXLevelLoader       - Creating object layer entities
17:40:50.500 [FXGL Background Thread 2 ] DEBUG GameWorld            - Clearing removable entities
17:40:50.506 [FXGL Background Thread 2 ] DEBUG GameWorld            - Setting level: com.almasb.fxgl.entity.level.Level@30604701
17:40:50.509 [FXGL Background Thread 2 ] INFO  FXGLApplication      - Game initialization took: 0.158 sec
17:40:50.510 [JavaFX Application Thread] DEBUG Input                - Clearing active input actions
17:40:50.513 [JavaFX Application Thread] DEBUG GameApplicationServi - Removing overlay from FXGLLoadingScene and adding to GameScene
17:40:50.514 [JavaFX Application Thread] DEBUG PrimaryStageWindow   - FXGLLoadingScene -> GameScene
17:40:52.709 [FXGL Background Thread 3 ] DEBUG Engine               - Logging environment variables
17:40:52.709 [FXGL Background Thread 3 ] DEBUG Engine               - achievements: []
17:40:52.709 [FXGL Background Thread 3 ] DEBUG Engine               - actualHeight: 600.0
17:40:52.709 [FXGL Background Thread 3 ] DEBUG Engine               - actualHeightProperty: ReadOnlyDoubleProperty [value: 600.0]
17:40:52.709 [FXGL Background Thread 3 ] DEBUG Engine               - actualWidth: 800.0
17:40:52.709 [FXGL Background Thread 3 ] DEBUG Engine               - actualWidthProperty: ReadOnlyDoubleProperty [value: 800.0]
17:40:52.709 [FXGL Background Thread 3 ] DEBUG Engine               - appIcon: fxgl_icon.png
17:40:52.709 [FXGL Background Thread 3 ] DEBUG Engine               - applicationMode: DEVELOPER
17:40:52.709 [FXGL Background Thread 3 ] DEBUG Engine               - cSSList: [fxgl_dark.css]
17:40:52.709 [FXGL Background Thread 3 ] DEBUG Engine               - collisionDetectionStrategy: BRUTE_FORCE
17:40:52.709 [FXGL Background Thread 3 ] DEBUG Engine               - configClass: Optional.empty
17:40:52.709 [FXGL Background Thread 3 ] DEBUG Engine               - credits: []
17:40:52.709 [FXGL Background Thread 3 ] DEBUG Engine               - defaultCursor: CursorInfo(imageName=fxgl_default_cursor.png, hotspotX=7.0, hotspotY=6.0)
17:40:52.710 [FXGL Background Thread 3 ] DEBUG Engine               - devBBoxColorProperty: ObjectProperty [value: 0xff0000ff]
17:40:52.710 [FXGL Background Thread 3 ] DEBUG Engine               - devEnableDebugCameraProperty: BooleanProperty [value: false]
17:40:52.710 [FXGL Background Thread 3 ] DEBUG Engine               - devSensorColorProperty: ObjectProperty [value: 0xffff00ff]
17:40:52.710 [FXGL Background Thread 3 ] DEBUG Engine               - devShowBBoxProperty: BooleanProperty [value: false]
17:40:52.710 [FXGL Background Thread 3 ] DEBUG Engine               - devShowPositionProperty: BooleanProperty [value: false]
17:40:52.710 [FXGL Background Thread 3 ] DEBUG Engine               - enabledMenuItems: []
17:40:52.710 [FXGL Background Thread 3 ] DEBUG Engine               - engineServices: [class com.almasb.fxgl.app.services.FXGLAssetLoaderService, class com.almasb.fxgl.app.FXGLApplication$GameApplicationService, class com.almasb.fxgl.app.services.FXGLDialogService, class com.almasb.fxgl.app.services.IOTaskExecutorService, class com.almasb.fxgl.io.FileSystemService, class com.almasb.fxgl.localization.LocalizationService, class com.almasb.fxgl.app.services.SystemBundleService, class com.almasb.fxgl.profile.SaveLoadService, class com.almasb.fxgl.ui.FXGLUIFactoryServiceProvider, class com.almasb.fxgl.ui.FXGLDialogFactoryServiceProvider, class com.almasb.fxgl.audio.AudioPlayer, class com.almasb.fxgl.notification.impl.NotificationServiceProvider, class com.almasb.fxgl.achievement.AchievementService, class com.almasb.fxgl.cutscene.CutsceneService, class com.almasb.fxgl.minigames.MiniGameService, class com.almasb.fxgl.net.NetService, class com.almasb.fxgl.app.services.UpdaterService, class com.almasb.fxgl.dev.DevService]
17:40:52.710 [FXGL Background Thread 3 ] DEBUG Engine               - fontGame: Abel-Regular.ttf
17:40:52.710 [FXGL Background Thread 3 ] DEBUG Engine               - fontMono: TerminalLandMono-Regular.otf
17:40:52.710 [FXGL Background Thread 3 ] DEBUG Engine               - fontSizeScaleUI: 1.0
17:40:52.710 [FXGL Background Thread 3 ] DEBUG Engine               - fontText: Courier-Prime.ttf
17:40:52.710 [FXGL Background Thread 3 ] DEBUG Engine               - fontUI: VarelaRound-Regular.ttf
17:40:52.710 [FXGL Background Thread 3 ] DEBUG Engine               - fullScreen: BooleanProperty [value: false]
17:40:52.710 [FXGL Background Thread 3 ] DEBUG Engine               - gameDifficulty: MEDIUM
17:40:52.710 [FXGL Background Thread 3 ] DEBUG Engine               - gameDifficultyProperty: ObjectProperty [value: MEDIUM]
17:40:52.710 [FXGL Background Thread 3 ] DEBUG Engine               - globalMusicVolume: 0.5
17:40:52.710 [FXGL Background Thread 3 ] DEBUG Engine               - globalMusicVolumeProperty: DoubleProperty [value: 0.5]
17:40:52.710 [FXGL Background Thread 3 ] DEBUG Engine               - globalSoundVolume: 0.5
17:40:52.710 [FXGL Background Thread 3 ] DEBUG Engine               - globalSoundVolumeProperty: DoubleProperty [value: 0.5]
17:40:52.710 [FXGL Background Thread 3 ] DEBUG Engine               - height: 600
17:40:52.710 [FXGL Background Thread 3 ] DEBUG Engine               - is3D: false
17:40:52.710 [FXGL Background Thread 3 ] DEBUG Engine               - isAndroid: false
17:40:52.710 [FXGL Background Thread 3 ] DEBUG Engine               - isBrowser: false
17:40:52.710 [FXGL Background Thread 3 ] DEBUG Engine               - isClickFeedbackEnabled: false
17:40:52.710 [FXGL Background Thread 3 ] DEBUG Engine               - isCloseConfirmation: false
17:40:52.711 [FXGL Background Thread 3 ] DEBUG Engine               - isDesktop: true
17:40:52.711 [FXGL Background Thread 3 ] DEBUG Engine               - isDeveloperMenuEnabled: true
17:40:52.711 [FXGL Background Thread 3 ] DEBUG Engine               - isEmbedded: false
17:40:52.711 [FXGL Background Thread 3 ] DEBUG Engine               - isEntityPreloadEnabled: true
17:40:52.711 [FXGL Background Thread 3 ] DEBUG Engine               - isExperimentalTiledLargeMap: false
17:40:52.711 [FXGL Background Thread 3 ] DEBUG Engine               - isFileSystemWriteAllowed: true
17:40:52.711 [FXGL Background Thread 3 ] DEBUG Engine               - isFullScreenAllowed: false
17:40:52.711 [FXGL Background Thread 3 ] DEBUG Engine               - isFullScreenFromStart: false
17:40:52.711 [FXGL Background Thread 3 ] DEBUG Engine               - isGameMenuEnabled: true
17:40:52.711 [FXGL Background Thread 3 ] DEBUG Engine               - isIOS: false
17:40:52.711 [FXGL Background Thread 3 ] DEBUG Engine               - isIntroEnabled: false
17:40:52.711 [FXGL Background Thread 3 ] DEBUG Engine               - isLinux: false
17:40:52.711 [FXGL Background Thread 3 ] DEBUG Engine               - isMac: false
17:40:52.711 [FXGL Background Thread 3 ] DEBUG Engine               - isMainMenuEnabled: true
17:40:52.711 [FXGL Background Thread 3 ] DEBUG Engine               - isManualResizeEnabled: false
17:40:52.711 [FXGL Background Thread 3 ] DEBUG Engine               - isMobile: false
17:40:52.711 [FXGL Background Thread 3 ] DEBUG Engine               - isNative: false
17:40:52.711 [FXGL Background Thread 3 ] DEBUG Engine               - isPauseMusicWhenMinimized: true
17:40:52.711 [FXGL Background Thread 3 ] DEBUG Engine               - isPreserveResizeRatio: false
17:40:52.711 [FXGL Background Thread 3 ] DEBUG Engine               - isProfilingEnabled: false
17:40:52.711 [FXGL Background Thread 3 ] DEBUG Engine               - isScaleAffectedOnResize: true
17:40:52.711 [FXGL Background Thread 3 ] DEBUG Engine               - isSingleStep: false
17:40:52.711 [FXGL Background Thread 3 ] DEBUG Engine               - isUserProfileEnabled: false
17:40:52.711 [FXGL Background Thread 3 ] DEBUG Engine               - isWindows: true
17:40:52.711 [FXGL Background Thread 3 ] DEBUG Engine               - language: ObjectProperty [value: ENGLISH]
17:40:52.711 [FXGL Background Thread 3 ] DEBUG Engine               - menuKey: ESCAPE
17:40:52.711 [FXGL Background Thread 3 ] DEBUG Engine               - mouseSensitivity: 0.2
17:40:52.711 [FXGL Background Thread 3 ] DEBUG Engine               - notificationViewClass: class com.almasb.fxgl.notification.view.XboxNotificationView
17:40:52.711 [FXGL Background Thread 3 ] DEBUG Engine               - pixelsPerMeter: 50.0
17:40:52.711 [FXGL Background Thread 3 ] DEBUG Engine               - platform: WINDOWS
17:40:52.711 [FXGL Background Thread 3 ] DEBUG Engine               - prefHeightProperty: ReadOnlyDoubleProperty [value: 600.0]
17:40:52.712 [FXGL Background Thread 3 ] DEBUG Engine               - prefWidthProperty: ReadOnlyDoubleProperty [value: 800.0]
17:40:52.712 [FXGL Background Thread 3 ] DEBUG Engine               - profileDir: profiles/
17:40:52.712 [FXGL Background Thread 3 ] DEBUG Engine               - profileName: StringProperty [value: DEFAULT]
17:40:52.712 [FXGL Background Thread 3 ] DEBUG Engine               - randomSeed: -1
17:40:52.712 [FXGL Background Thread 3 ] DEBUG Engine               - runtimeInfo: RuntimeInfo(platform=WINDOWS, version=17.3, build=30.03.2023 11.49)
17:40:52.712 [FXGL Background Thread 3 ] DEBUG Engine               - saveFileExt: sav
17:40:52.712 [FXGL Background Thread 3 ] DEBUG Engine               - scaledHeightProp$fxgl: DoubleProperty [bound, value: 600.0]
17:40:52.712 [FXGL Background Thread 3 ] DEBUG Engine               - scaledWidthProp$fxgl: DoubleProperty [bound, value: 800.0]
17:40:52.712 [FXGL Background Thread 3 ] DEBUG Engine               - sceneFactory: com.almasb.fxgl.app.scene.SceneFactory@32dfc35f
17:40:52.712 [FXGL Background Thread 3 ] DEBUG Engine               - secondsIn24h: 60
17:40:52.712 [FXGL Background Thread 3 ] DEBUG Engine               - soundMenuBack: menu/back.wav
17:40:52.712 [FXGL Background Thread 3 ] DEBUG Engine               - soundMenuPress: menu/press.wav
17:40:52.712 [FXGL Background Thread 3 ] DEBUG Engine               - soundMenuSelect: menu/select.wav
17:40:52.712 [FXGL Background Thread 3 ] DEBUG Engine               - soundNotification: core/notification.wav
17:40:52.712 [FXGL Background Thread 3 ] DEBUG Engine               - stageStyle: DECORATED
17:40:52.712 [FXGL Background Thread 3 ] DEBUG Engine               - supportedLanguages: [ENGLISH, FRENCH, GERMAN, HUNGARIAN, RUSSIAN]
17:40:52.712 [FXGL Background Thread 3 ] DEBUG Engine               - ticksPerSecond: -1
17:40:52.712 [FXGL Background Thread 3 ] DEBUG Engine               - title: DemoApp
17:40:52.712 [FXGL Background Thread 3 ] DEBUG Engine               - urlGithub: https://github.com/AlmasB/FXGL
17:40:52.712 [FXGL Background Thread 3 ] DEBUG Engine               - urlLeaderboard: http://fxgl-top.herokuapp.com/
17:40:52.712 [FXGL Background Thread 3 ] DEBUG Engine               - urlPOM: https://raw.githubusercontent.com/AlmasB/FXGL/release/README.md
17:40:52.712 [FXGL Background Thread 3 ] DEBUG Engine               - userAppClass: class com.gamedemo.DemoApp
17:40:52.712 [FXGL Background Thread 3 ] DEBUG Engine               - version: 0.1
17:40:52.712 [FXGL Background Thread 3 ] DEBUG Engine               - versionCheckDays: 7
17:40:52.712 [FXGL Background Thread 3 ] DEBUG Engine               - width: 800
17:40:52.713 [FXGL Background Thread 3 ] DEBUG Engine               - Logging services
17:40:52.713 [FXGL Background Thread 3 ] DEBUG Engine               - class com.almasb.fxgl.app.services.FXGLAssetLoaderService
17:40:52.713 [FXGL Background Thread 3 ] DEBUG Engine               - class com.almasb.fxgl.app.FXGLApplication$GameApplicationService
17:40:52.713 [FXGL Background Thread 3 ] DEBUG Engine               - class com.almasb.fxgl.app.services.FXGLDialogService
17:40:52.713 [FXGL Background Thread 3 ] DEBUG Engine               - class com.almasb.fxgl.app.services.IOTaskExecutorService
17:40:52.713 [FXGL Background Thread 3 ] DEBUG Engine               - class com.almasb.fxgl.io.FileSystemService
17:40:52.713 [FXGL Background Thread 3 ] DEBUG Engine               - class com.almasb.fxgl.localization.LocalizationService
17:40:52.713 [FXGL Background Thread 3 ] DEBUG Engine               - class com.almasb.fxgl.app.services.SystemBundleService
17:40:52.713 [FXGL Background Thread 3 ] DEBUG Engine               - class com.almasb.fxgl.profile.SaveLoadService
17:40:52.713 [FXGL Background Thread 3 ] DEBUG Engine               - class com.almasb.fxgl.ui.FXGLUIFactoryServiceProvider
17:40:52.713 [FXGL Background Thread 3 ] DEBUG Engine               - class com.almasb.fxgl.ui.FXGLDialogFactoryServiceProvider
17:40:52.713 [FXGL Background Thread 3 ] DEBUG Engine               - class com.almasb.fxgl.audio.AudioPlayer
17:40:52.713 [FXGL Background Thread 3 ] DEBUG Engine               - class com.almasb.fxgl.notification.impl.NotificationServiceProvider
17:40:52.713 [FXGL Background Thread 3 ] DEBUG Engine               - class com.almasb.fxgl.achievement.AchievementService
17:40:52.713 [FXGL Background Thread 3 ] DEBUG Engine               - class com.almasb.fxgl.cutscene.CutsceneService
17:40:52.713 [FXGL Background Thread 3 ] DEBUG Engine               - class com.almasb.fxgl.minigames.MiniGameService
17:40:52.713 [FXGL Background Thread 3 ] DEBUG Engine               - class com.almasb.fxgl.net.NetService
17:40:52.713 [FXGL Background Thread 3 ] DEBUG Engine               - class com.almasb.fxgl.app.services.UpdaterService
17:40:52.713 [FXGL Background Thread 3 ] DEBUG Engine               - class com.almasb.fxgl.dev.DevService
17:40:57.613 [JavaFX Application Thread] DEBUG FXGLApplication      - Exiting FXGL
17:40:57.613 [JavaFX Application Thread] DEBUG LoopRunner           - Stopping loop
17:40:57.613 [JavaFX Application Thread] DEBUG SystemBundleService  - Saving FXGL system data
17:40:57.614 [JavaFX Application Thread] DEBUG FileSystemAccess     - Writing to: C:\Users\Administrator\IdeaProjects\LearningFXGL\system\fxgl.bundle
17:40:57.615 [JavaFX Application Thread] DEBUG Async                - Shutting down background threads
17:40:57.615 [JavaFX Application Thread] DEBUG PrimaryStageWindow   - Closing main window
17:40:57.623 [JavaFX Application Thread] DEBUG Logger               - Closing Logger
