20:01:21.898 [main                     ] DEBUG Logger               - Configured Logger
20:01:21.914 [main                     ] DEBUG GameApplication      - Logging settings
Title: DemoApp
Version: 0.1
Width: 800
Height: 600
Fullscreen: false
Intro: false
Profiling: false
Single step:false
App Mode: DEVELOPER
Menu Key: ESCAPE
Stage Style: DECORATED
Scene Factory: class com.almasb.fxgl.app.scene.SceneFactory

20:01:22.122 [JavaFX Application Thread] DEBUG FXGLApplication      - Initializing FXGL
20:01:22.124 [JavaFX Application Thread] INFO  Engine               - FXGL-17.3 (30.03.2023 11.49) on WINDOWS (J:21.0.1 FX:20)
20:01:22.124 [JavaFX Application Thread] DEBUG Engine               - JRE Vendor Name: Oracle Corporation
20:01:22.124 [JavaFX Application Thread] DEBUG Engine               - Running on OS: Windows 11 version 10.0
20:01:22.124 [JavaFX Application Thread] DEBUG Engine               - Architecture: amd64
20:01:22.124 [JavaFX Application Thread] INFO  Engine               - Source code and latest versions at: https://github.com/AlmasB/FXGL
20:01:22.124 [JavaFX Application Thread] INFO  Engine               -       Ask questions and discuss at: https://github.com/AlmasB/FXGL/discussions
20:01:22.124 [JavaFX Application Thread] INFO  Engine               -              Join the FXGL chat at: https://gitter.im/AlmasB/FXGL
20:01:22.166 [JavaFX Application Thread] DEBUG PrimaryStageWindow   - Creating a JavaFX scene
20:01:22.188 [JavaFX Application Thread] DEBUG PrimaryStageWindow   - Target settings size: 800.0 x 600.0
20:01:22.189 [JavaFX Application Thread] DEBUG PrimaryStageWindow   - Scaled scene size:    800.0 x 600.0
20:01:22.189 [JavaFX Application Thread] DEBUG PrimaryStageWindow   - Scaled ratio: (1.0, 1.0)
20:01:22.189 [JavaFX Application Thread] DEBUG PrimaryStageWindow   - Set initial scene to FXGLStartupScene
20:01:22.191 [JavaFX Application Thread] DEBUG PrimaryStageWindow   - Opening main window
20:01:22.232 [JavaFX Application Thread] DEBUG PrimaryStageWindow   - Window border size: (14.4000244140625, 37.5999755859375)
20:01:22.232 [JavaFX Application Thread] DEBUG PrimaryStageWindow   - Scaled size: 800.0 x 600.0
20:01:22.232 [JavaFX Application Thread] DEBUG PrimaryStageWindow   - Scaled ratio: (1.0, 1.0)
20:01:22.232 [JavaFX Application Thread] DEBUG PrimaryStageWindow   - Scene size: 800.0 x 600.0
20:01:22.232 [JavaFX Application Thread] DEBUG PrimaryStageWindow   - Stage size: 814.4000244140625 x 637.5999755859375
20:01:22.236 [FXGL Background Thread 1 ] DEBUG Engine               - Initializing environment variables
20:01:22.262 [FXGL Background Thread 1 ] DEBUG FXGLAssetLoaderServi - User app class for loading assets: class com.gamedemo.DemoApp
20:01:22.262 [FXGL Background Thread 1 ] DEBUG GameApplicationServi - Applying CSS: fxgl_dark.css
20:01:22.262 [FXGL Background Thread 1 ] DEBUG FXGLAssetLoaderServi - Loading from file system: jar:file:///C:/Users/Administrator/.m2/repository/com/github/almasb/fxgl/17.3/fxgl-17.3.jar!/fxglassets/ui/css/fxgl_dark.css
20:01:22.282 [FXGL Background Thread 1 ] DEBUG GameApplicationServi - Initializing application scenes
20:01:22.311 [FXGL Background Thread 1 ] DEBUG GameWorld            - Game world initialized
20:01:22.339 [FXGL Background Thread 1 ] DEBUG PhysicsWorld         - Physics world initialized: appHeight=600, physics.ppm=50.0
20:01:22.339 [FXGL Background Thread 1 ] DEBUG PhysicsWorld         - Using strategy: BRUTE_FORCE
20:01:22.341 [FXGL Background Thread 1 ] DEBUG GameScene            - Game scene initialized: 800x600
20:01:22.346 [FXGL Background Thread 1 ] DEBUG FXGL.DefaultMenu     - createMenuBodyMainMenu()
20:01:22.351 [FXGL Background Thread 1 ] DEBUG FXGL.DefaultMenu     - createOptionsMenu()
20:01:22.357 [FXGL Background Thread 1 ] DEBUG FXGLAssetLoaderServi - Loading from file system: jar:file:///C:/Users/Administrator/.m2/repository/com/github/almasb/fxgl/17.3/fxgl-17.3.jar!/fxglassets/textures/particles/smoke.png
20:01:22.402 [FXGL Background Thread 1 ] DEBUG FXGLAssetLoaderServi - Loading from file system: jar:file:///C:/Users/Administrator/.m2/repository/com/github/almasb/fxgl/17.3/fxgl-17.3.jar!/fxglassets/textures/particles/trace_horizontal.png
20:01:22.416 [FXGL Background Thread 1 ] DEBUG FXGL.DefaultMenu     - createMenuBodyGameMenu()
20:01:22.417 [FXGL Background Thread 1 ] DEBUG FXGL.DefaultMenu     - createOptionsMenu()
20:01:22.423 [FXGL Background Thread 1 ] DEBUG GameApplicationServi - Application scenes initialized
20:01:22.429 [FXGL Background Thread 1 ] DEBUG SystemBundleService  - Loading FXGL system data
20:01:22.431 [FXGL Background Thread 1 ] DEBUG FileSystemAccess     - Reading from: C:\Users\Administrator\IdeaProjects\LearningFXGL\system\fxgl.bundle
20:01:22.436 [FXGL Background Thread 1 ] DEBUG SystemBundleService  - Bundle FXGL: {}
20:01:22.436 [FXGL Background Thread 1 ] DEBUG UpdaterService       - Checking for updates
20:01:22.450 [FXGL Background Thread 4 ] DEBUG FXGLApplication      - Loading fonts
20:01:22.452 [FXGL Background Thread 1 ] DEBUG FXGLApplication      - Loading default localization
20:01:22.452 [FXGL Background Thread 4 ] DEBUG FXGLAssetLoaderServi - Loading from file system: jar:file:///C:/Users/Administrator/.m2/repository/com/github/almasb/fxgl/17.3/fxgl-17.3.jar!/fxglassets/ui/fonts/VarelaRound-Regular.ttf
20:01:22.452 [FXGL Background Thread 1 ] DEBUG FXGLAssetLoaderServi - Loading from file system: jar:file:///C:/Users/Administrator/.m2/repository/com/github/almasb/fxgl/17.3/fxgl-17.3.jar!/fxglassets/languages/english.lang
20:01:22.463 [FXGL Background Thread 1 ] INFO  FXGLApplication      - FXGL initialization took: 0.227 sec
20:01:22.468 [FXGL Background Thread 4 ] DEBUG FXGLAssetLoaderServi - Loading from file system: jar:file:///C:/Users/Administrator/.m2/repository/com/github/almasb/fxgl/17.3/fxgl-17.3.jar!/fxglassets/ui/fonts/Abel-Regular.ttf
20:01:22.469 [FXGL Background Thread 4 ] DEBUG FXGLAssetLoaderServi - Loading from file system: jar:file:///C:/Users/Administrator/.m2/repository/com/github/almasb/fxgl/17.3/fxgl-17.3.jar!/fxglassets/ui/fonts/TerminalLandMono-Regular.otf
20:01:22.470 [JavaFX Application Thread] DEBUG Input                - Registered new binding: MoveUp - Up
20:01:22.470 [JavaFX Application Thread] DEBUG Input                - Registered new binding: MoveDown - Down
20:01:22.470 [JavaFX Application Thread] DEBUG Input                - Registered new binding: MoveLeft - Left
20:01:22.470 [JavaFX Application Thread] DEBUG Input                - Registered new binding: MoveRight - Right
20:01:22.470 [JavaFX Application Thread] DEBUG FXGLAssetLoaderServi - Loading from file system: jar:file:///C:/Users/Administrator/.m2/repository/com/github/almasb/fxgl/17.3/fxgl-17.3.jar!/fxglassets/textures/fxgl_icon.png
20:01:22.471 [FXGL Background Thread 4 ] DEBUG FXGLAssetLoaderServi - Loading from file system: jar:file:///C:/Users/Administrator/.m2/repository/com/github/almasb/fxgl/17.3/fxgl-17.3.jar!/fxglassets/ui/fonts/Courier-Prime.ttf
20:01:22.481 [JavaFX Application Thread] DEBUG FXGLAssetLoaderServi - Loading from file system: jar:file:///C:/Users/Administrator/.m2/repository/com/github/almasb/fxgl/17.3/fxgl-17.3.jar!/fxglassets/textures/fxgl_default_cursor.png
20:01:22.482 [JavaFX Application Thread] DEBUG Input                - Registered new binding: Screenshot - CTRL+8
20:01:22.483 [JavaFX Application Thread] DEBUG Input                - Registered new binding: Dev Options - 1
20:01:22.483 [JavaFX Application Thread] DEBUG Input                - Registered new binding: Dev Console - 2
20:01:22.483 [JavaFX Application Thread] DEBUG Input                - Registered new binding: System info dump - CTRL+9
20:01:22.483 [JavaFX Application Thread] DEBUG Input                - Registered new binding: Restart - CTRL+R
20:01:22.483 [JavaFX Application Thread] DEBUG Input                - Registered new binding: Toggle Debug Camera - CTRL+7
20:01:22.485 [JavaFX Application Thread] DEBUG LoopRunner           - Starting loop
20:01:22.496 [JavaFX Application Thread] DEBUG LoopRunner           - Initializing JavaFX AnimationTimerLoop
20:01:22.499 [JavaFX Application Thread] DEBUG Input                - Clearing active input actions
20:01:22.502 [JavaFX Application Thread] DEBUG GameApplicationServi - Removing overlay from FXGLStartupScene and adding to FXGLMainMenuDummyScene
20:01:22.506 [JavaFX Application Thread] DEBUG PrimaryStageWindow   - FXGLStartupScene -> FXGLMainMenuDummyScene
20:01:22.506 [JavaFX Application Thread] DEBUG PrimaryStageWindow   - Push state: FXGLDefaultMenu
20:01:22.508 [JavaFX Application Thread] DEBUG Input                - Clearing active input actions
20:01:22.516 [JavaFX Application Thread] DEBUG GameApplicationServi - Removing overlay from FXGLMainMenuDummyScene and adding to FXGLDefaultMenu
20:01:22.516 [JavaFX Application Thread] DEBUG PrimaryStageWindow   - FXGLMainMenuDummyScene -> FXGLDefaultMenu
20:01:22.519 [JavaFX Application Thread] DEBUG FXGLApplication      - Registering font factories with UI factory
20:01:22.532 [FXGL Background Thread 2 ] WARN  UpdaterService       - Failed to find updates: java.net.UnknownHostException: raw.githubusercontent.com
20:01:23.292 [JavaFX Application Thread] DEBUG Menu                 - fireNewGame()
20:01:23.293 [JavaFX Application Thread] DEBUG GameApplicationServi - Starting new game
20:01:23.294 [JavaFX Application Thread] DEBUG PrimaryStageWindow   - Pop state: FXGLDefaultMenu
20:01:23.294 [JavaFX Application Thread] DEBUG Input                - Clearing active input actions
20:01:23.295 [JavaFX Application Thread] DEBUG GameApplicationServi - Removing overlay from FXGLDefaultMenu and adding to FXGLMainMenuDummyScene
20:01:23.296 [JavaFX Application Thread] DEBUG PrimaryStageWindow   - FXGLMainMenuDummyScene <- FXGLDefaultMenu
20:01:23.297 [JavaFX Application Thread] DEBUG Input                - Clearing active input actions
20:01:23.301 [JavaFX Application Thread] DEBUG GameApplicationServi - Removing overlay from FXGLMainMenuDummyScene and adding to FXGLLoadingScene
20:01:23.301 [JavaFX Application Thread] DEBUG PrimaryStageWindow   - FXGLMainMenuDummyScene -> FXGLLoadingScene
20:01:23.301 [JavaFX Application Thread] DEBUG GameApplicationServi - Clearing previous game
20:01:23.302 [JavaFX Application Thread] DEBUG GameScene            - Clearing game scene
20:01:23.302 [JavaFX Application Thread] DEBUG GameWorld            - Clearing game world
20:01:23.302 [JavaFX Application Thread] DEBUG PhysicsWorld         - Clearing physics world
20:01:23.304 [FXGL Background Thread 2 ] DEBUG FXGLApplication      - Initializing game
20:01:23.338 [FXGL Background Thread 2 ] WARN  TMXLevelLoader       - TiledMap generated from 1.11.0. Supported version: 1.9.0. Some features may not be parsed fully.
20:01:23.347 [FXGL Background Thread 2 ] DEBUG TMXLevelLoader       - Parsed TiledMap: file:/C:/Users/Administrator/IdeaProjects/LearningFXGL/target/classes/assets/levels/level1.tmx
20:01:23.348 [FXGL Background Thread 2 ] DEBUG TMXLevelLoader       - Creating tile layer entities
20:01:23.349 [FXGL Background Thread 2 ] DEBUG TilesetLoader        - Loading view for layer Tile Layer 1
20:01:23.350 [FXGL Background Thread 2 ] DEBUG TilesetLoader        - Created buffer with size 800.0x600.0
20:01:23.353 [FXGL Background Thread 2 ] DEBUG TMXLevelLoader       - Creating object layer entities
20:01:23.356 [FXGL Background Thread 2 ] DEBUG FXGLAssetLoaderServi - Loading from file system: file:/C:/Users/Administrator/IdeaProjects/LearningFXGL/target/classes/assets/textures/player.png
20:01:23.360 [FXGL Background Thread 2 ] DEBUG FXGLAssetLoaderServi - Loading from file system: file:/C:/Users/Administrator/IdeaProjects/LearningFXGL/target/classes/assets/textures/sprite.png
20:01:23.372 [FXGL Background Thread 2 ] DEBUG FXGLAssetLoaderServi - Loading from file system: file:/C:/Users/Administrator/IdeaProjects/LearningFXGL/target/classes/assets/textures/pill.png
20:01:23.390 [FXGL Background Thread 2 ] DEBUG FXGLAssetLoaderServi - Loading from file system: file:/C:/Users/Administrator/IdeaProjects/LearningFXGL/target/classes/assets/textures/Ghost1.gif
20:01:23.390 [FXGL Background Thread 2 ] DEBUG FXGLAssetLoaderServi - Loading from file system: file:/C:/Users/Administrator/IdeaProjects/LearningFXGL/target/classes/assets/textures/Ghost2.gif
20:01:23.393 [FXGL Background Thread 2 ] DEBUG GameWorld            - Clearing removable entities
20:01:23.393 [FXGL Background Thread 2 ] DEBUG GameWorld            - Setting level: com.almasb.fxgl.entity.level.Level@26fcc1b1
20:01:23.398 [FXGL Background Thread 2 ] DEBUG FXGLAssetLoaderServi - Loading from file system: file:/C:/Users/Administrator/IdeaProjects/LearningFXGL/target/classes/assets/textures/PacMan2right.gif
20:01:23.399 [FXGL Background Thread 2 ] INFO  FXGLApplication      - Game initialization took: 0.095 sec
20:01:23.400 [JavaFX Application Thread] DEBUG Input                - Clearing active input actions
20:01:23.404 [JavaFX Application Thread] DEBUG GameApplicationServi - Removing overlay from FXGLLoadingScene and adding to GameScene
20:01:23.405 [JavaFX Application Thread] DEBUG PrimaryStageWindow   - FXGLLoadingScene -> GameScene
20:01:25.452 [FXGL Background Thread 3 ] DEBUG Engine               - Logging environment variables
20:01:25.452 [FXGL Background Thread 3 ] DEBUG Engine               - achievements: []
20:01:25.452 [FXGL Background Thread 3 ] DEBUG Engine               - actualHeight: 600.0
20:01:25.452 [FXGL Background Thread 3 ] DEBUG Engine               - actualHeightProperty: ReadOnlyDoubleProperty [value: 600.0]
20:01:25.452 [FXGL Background Thread 3 ] DEBUG Engine               - actualWidth: 800.0
20:01:25.452 [FXGL Background Thread 3 ] DEBUG Engine               - actualWidthProperty: ReadOnlyDoubleProperty [value: 800.0]
20:01:25.452 [FXGL Background Thread 3 ] DEBUG Engine               - appIcon: fxgl_icon.png
20:01:25.452 [FXGL Background Thread 3 ] DEBUG Engine               - applicationMode: DEVELOPER
20:01:25.452 [FXGL Background Thread 3 ] DEBUG Engine               - cSSList: [fxgl_dark.css]
20:01:25.452 [FXGL Background Thread 3 ] DEBUG Engine               - collisionDetectionStrategy: BRUTE_FORCE
20:01:25.452 [FXGL Background Thread 3 ] DEBUG Engine               - configClass: Optional.empty
20:01:25.452 [FXGL Background Thread 3 ] DEBUG Engine               - credits: []
20:01:25.453 [FXGL Background Thread 3 ] DEBUG Engine               - defaultCursor: CursorInfo(imageName=fxgl_default_cursor.png, hotspotX=7.0, hotspotY=6.0)
20:01:25.453 [FXGL Background Thread 3 ] DEBUG Engine               - devBBoxColorProperty: ObjectProperty [value: 0xff0000ff]
20:01:25.453 [FXGL Background Thread 3 ] DEBUG Engine               - devEnableDebugCameraProperty: BooleanProperty [value: false]
20:01:25.453 [FXGL Background Thread 3 ] DEBUG Engine               - devSensorColorProperty: ObjectProperty [value: 0xffff00ff]
20:01:25.453 [FXGL Background Thread 3 ] DEBUG Engine               - devShowBBoxProperty: BooleanProperty [value: false]
20:01:25.453 [FXGL Background Thread 3 ] DEBUG Engine               - devShowPositionProperty: BooleanProperty [value: false]
20:01:25.453 [FXGL Background Thread 3 ] DEBUG Engine               - enabledMenuItems: []
20:01:25.453 [FXGL Background Thread 3 ] DEBUG Engine               - engineServices: [class com.almasb.fxgl.app.services.FXGLAssetLoaderService, class com.almasb.fxgl.app.FXGLApplication$GameApplicationService, class com.almasb.fxgl.app.services.FXGLDialogService, class com.almasb.fxgl.app.services.IOTaskExecutorService, class com.almasb.fxgl.io.FileSystemService, class com.almasb.fxgl.localization.LocalizationService, class com.almasb.fxgl.app.services.SystemBundleService, class com.almasb.fxgl.profile.SaveLoadService, class com.almasb.fxgl.ui.FXGLUIFactoryServiceProvider, class com.almasb.fxgl.ui.FXGLDialogFactoryServiceProvider, class com.almasb.fxgl.audio.AudioPlayer, class com.almasb.fxgl.notification.impl.NotificationServiceProvider, class com.almasb.fxgl.achievement.AchievementService, class com.almasb.fxgl.cutscene.CutsceneService, class com.almasb.fxgl.minigames.MiniGameService, class com.almasb.fxgl.net.NetService, class com.almasb.fxgl.app.services.UpdaterService, class com.almasb.fxgl.dev.DevService]
20:01:25.453 [FXGL Background Thread 3 ] DEBUG Engine               - fontGame: Abel-Regular.ttf
20:01:25.453 [FXGL Background Thread 3 ] DEBUG Engine               - fontMono: TerminalLandMono-Regular.otf
20:01:25.453 [FXGL Background Thread 3 ] DEBUG Engine               - fontSizeScaleUI: 1.0
20:01:25.453 [FXGL Background Thread 3 ] DEBUG Engine               - fontText: Courier-Prime.ttf
20:01:25.453 [FXGL Background Thread 3 ] DEBUG Engine               - fontUI: VarelaRound-Regular.ttf
20:01:25.453 [FXGL Background Thread 3 ] DEBUG Engine               - fullScreen: BooleanProperty [value: false]
20:01:25.453 [FXGL Background Thread 3 ] DEBUG Engine               - gameDifficulty: MEDIUM
20:01:25.453 [FXGL Background Thread 3 ] DEBUG Engine               - gameDifficultyProperty: ObjectProperty [value: MEDIUM]
20:01:25.454 [FXGL Background Thread 3 ] DEBUG Engine               - globalMusicVolume: 0.5
20:01:25.454 [FXGL Background Thread 3 ] DEBUG Engine               - globalMusicVolumeProperty: DoubleProperty [value: 0.5]
20:01:25.454 [FXGL Background Thread 3 ] DEBUG Engine               - globalSoundVolume: 0.5
20:01:25.454 [FXGL Background Thread 3 ] DEBUG Engine               - globalSoundVolumeProperty: DoubleProperty [value: 0.5]
20:01:25.454 [FXGL Background Thread 3 ] DEBUG Engine               - height: 600
20:01:25.454 [FXGL Background Thread 3 ] DEBUG Engine               - is3D: false
20:01:25.454 [FXGL Background Thread 3 ] DEBUG Engine               - isAndroid: false
20:01:25.454 [FXGL Background Thread 3 ] DEBUG Engine               - isBrowser: false
20:01:25.454 [FXGL Background Thread 3 ] DEBUG Engine               - isClickFeedbackEnabled: false
20:01:25.454 [FXGL Background Thread 3 ] DEBUG Engine               - isCloseConfirmation: false
20:01:25.454 [FXGL Background Thread 3 ] DEBUG Engine               - isDesktop: true
20:01:25.454 [FXGL Background Thread 3 ] DEBUG Engine               - isDeveloperMenuEnabled: true
20:01:25.454 [FXGL Background Thread 3 ] DEBUG Engine               - isEmbedded: false
20:01:25.454 [FXGL Background Thread 3 ] DEBUG Engine               - isEntityPreloadEnabled: true
20:01:25.454 [FXGL Background Thread 3 ] DEBUG Engine               - isExperimentalTiledLargeMap: false
20:01:25.454 [FXGL Background Thread 3 ] DEBUG Engine               - isFileSystemWriteAllowed: true
20:01:25.454 [FXGL Background Thread 3 ] DEBUG Engine               - isFullScreenAllowed: false
20:01:25.454 [FXGL Background Thread 3 ] DEBUG Engine               - isFullScreenFromStart: false
20:01:25.454 [FXGL Background Thread 3 ] DEBUG Engine               - isGameMenuEnabled: true
20:01:25.454 [FXGL Background Thread 3 ] DEBUG Engine               - isIOS: false
20:01:25.454 [FXGL Background Thread 3 ] DEBUG Engine               - isIntroEnabled: false
20:01:25.454 [FXGL Background Thread 3 ] DEBUG Engine               - isLinux: false
20:01:25.454 [FXGL Background Thread 3 ] DEBUG Engine               - isMac: false
20:01:25.454 [FXGL Background Thread 3 ] DEBUG Engine               - isMainMenuEnabled: true
20:01:25.454 [FXGL Background Thread 3 ] DEBUG Engine               - isManualResizeEnabled: false
20:01:25.454 [FXGL Background Thread 3 ] DEBUG Engine               - isMobile: false
20:01:25.454 [FXGL Background Thread 3 ] DEBUG Engine               - isNative: false
20:01:25.454 [FXGL Background Thread 3 ] DEBUG Engine               - isPauseMusicWhenMinimized: true
20:01:25.454 [FXGL Background Thread 3 ] DEBUG Engine               - isPreserveResizeRatio: false
20:01:25.454 [FXGL Background Thread 3 ] DEBUG Engine               - isProfilingEnabled: false
20:01:25.454 [FXGL Background Thread 3 ] DEBUG Engine               - isScaleAffectedOnResize: true
20:01:25.454 [FXGL Background Thread 3 ] DEBUG Engine               - isSingleStep: false
20:01:25.454 [FXGL Background Thread 3 ] DEBUG Engine               - isUserProfileEnabled: false
20:01:25.454 [FXGL Background Thread 3 ] DEBUG Engine               - isWindows: true
20:01:25.454 [FXGL Background Thread 3 ] DEBUG Engine               - language: ObjectProperty [value: ENGLISH]
20:01:25.454 [FXGL Background Thread 3 ] DEBUG Engine               - menuKey: ESCAPE
20:01:25.454 [FXGL Background Thread 3 ] DEBUG Engine               - mouseSensitivity: 0.2
20:01:25.454 [FXGL Background Thread 3 ] DEBUG Engine               - notificationViewClass: class com.almasb.fxgl.notification.view.XboxNotificationView
20:01:25.454 [FXGL Background Thread 3 ] DEBUG Engine               - pixelsPerMeter: 50.0
20:01:25.454 [FXGL Background Thread 3 ] DEBUG Engine               - platform: WINDOWS
20:01:25.454 [FXGL Background Thread 3 ] DEBUG Engine               - prefHeightProperty: ReadOnlyDoubleProperty [value: 600.0]
20:01:25.454 [FXGL Background Thread 3 ] DEBUG Engine               - prefWidthProperty: ReadOnlyDoubleProperty [value: 800.0]
20:01:25.454 [FXGL Background Thread 3 ] DEBUG Engine               - profileDir: profiles/
20:01:25.454 [FXGL Background Thread 3 ] DEBUG Engine               - profileName: StringProperty [value: DEFAULT]
20:01:25.454 [FXGL Background Thread 3 ] DEBUG Engine               - randomSeed: -1
20:01:25.455 [FXGL Background Thread 3 ] DEBUG Engine               - runtimeInfo: RuntimeInfo(platform=WINDOWS, version=17.3, build=30.03.2023 11.49)
20:01:25.455 [FXGL Background Thread 3 ] DEBUG Engine               - saveFileExt: sav
20:01:25.455 [FXGL Background Thread 3 ] DEBUG Engine               - scaledHeightProp$fxgl: DoubleProperty [bound, value: 600.0]
20:01:25.455 [FXGL Background Thread 3 ] DEBUG Engine               - scaledWidthProp$fxgl: DoubleProperty [bound, value: 800.0]
20:01:25.455 [FXGL Background Thread 3 ] DEBUG Engine               - sceneFactory: com.almasb.fxgl.app.scene.SceneFactory@632c866b
20:01:25.455 [FXGL Background Thread 3 ] DEBUG Engine               - secondsIn24h: 60
20:01:25.455 [FXGL Background Thread 3 ] DEBUG Engine               - soundMenuBack: menu/back.wav
20:01:25.455 [FXGL Background Thread 3 ] DEBUG Engine               - soundMenuPress: menu/press.wav
20:01:25.455 [FXGL Background Thread 3 ] DEBUG Engine               - soundMenuSelect: menu/select.wav
20:01:25.455 [FXGL Background Thread 3 ] DEBUG Engine               - soundNotification: core/notification.wav
20:01:25.455 [FXGL Background Thread 3 ] DEBUG Engine               - stageStyle: DECORATED
20:01:25.455 [FXGL Background Thread 3 ] DEBUG Engine               - supportedLanguages: [ENGLISH, FRENCH, GERMAN, HUNGARIAN, RUSSIAN]
20:01:25.455 [FXGL Background Thread 3 ] DEBUG Engine               - ticksPerSecond: -1
20:01:25.455 [FXGL Background Thread 3 ] DEBUG Engine               - title: DemoApp
20:01:25.455 [FXGL Background Thread 3 ] DEBUG Engine               - urlGithub: https://github.com/AlmasB/FXGL
20:01:25.455 [FXGL Background Thread 3 ] DEBUG Engine               - urlLeaderboard: http://fxgl-top.herokuapp.com/
20:01:25.455 [FXGL Background Thread 3 ] DEBUG Engine               - urlPOM: https://raw.githubusercontent.com/AlmasB/FXGL/release/README.md
20:01:25.455 [FXGL Background Thread 3 ] DEBUG Engine               - userAppClass: class com.gamedemo.DemoApp
20:01:25.455 [FXGL Background Thread 3 ] DEBUG Engine               - version: 0.1
20:01:25.455 [FXGL Background Thread 3 ] DEBUG Engine               - versionCheckDays: 7
20:01:25.455 [FXGL Background Thread 3 ] DEBUG Engine               - width: 800
20:01:25.455 [FXGL Background Thread 3 ] DEBUG Engine               - Logging services
20:01:25.455 [FXGL Background Thread 3 ] DEBUG Engine               - class com.almasb.fxgl.app.services.FXGLAssetLoaderService
20:01:25.455 [FXGL Background Thread 3 ] DEBUG Engine               - class com.almasb.fxgl.app.FXGLApplication$GameApplicationService
20:01:25.455 [FXGL Background Thread 3 ] DEBUG Engine               - class com.almasb.fxgl.app.services.FXGLDialogService
20:01:25.455 [FXGL Background Thread 3 ] DEBUG Engine               - class com.almasb.fxgl.app.services.IOTaskExecutorService
20:01:25.455 [FXGL Background Thread 3 ] DEBUG Engine               - class com.almasb.fxgl.io.FileSystemService
20:01:25.455 [FXGL Background Thread 3 ] DEBUG Engine               - class com.almasb.fxgl.localization.LocalizationService
20:01:25.455 [FXGL Background Thread 3 ] DEBUG Engine               - class com.almasb.fxgl.app.services.SystemBundleService
20:01:25.455 [FXGL Background Thread 3 ] DEBUG Engine               - class com.almasb.fxgl.profile.SaveLoadService
20:01:25.455 [FXGL Background Thread 3 ] DEBUG Engine               - class com.almasb.fxgl.ui.FXGLUIFactoryServiceProvider
20:01:25.455 [FXGL Background Thread 3 ] DEBUG Engine               - class com.almasb.fxgl.ui.FXGLDialogFactoryServiceProvider
20:01:25.455 [FXGL Background Thread 3 ] DEBUG Engine               - class com.almasb.fxgl.audio.AudioPlayer
20:01:25.455 [FXGL Background Thread 3 ] DEBUG Engine               - class com.almasb.fxgl.notification.impl.NotificationServiceProvider
20:01:25.455 [FXGL Background Thread 3 ] DEBUG Engine               - class com.almasb.fxgl.achievement.AchievementService
20:01:25.455 [FXGL Background Thread 3 ] DEBUG Engine               - class com.almasb.fxgl.cutscene.CutsceneService
20:01:25.455 [FXGL Background Thread 3 ] DEBUG Engine               - class com.almasb.fxgl.minigames.MiniGameService
20:01:25.455 [FXGL Background Thread 3 ] DEBUG Engine               - class com.almasb.fxgl.net.NetService
20:01:25.455 [FXGL Background Thread 3 ] DEBUG Engine               - class com.almasb.fxgl.app.services.UpdaterService
20:01:25.455 [FXGL Background Thread 3 ] DEBUG Engine               - class com.almasb.fxgl.dev.DevService
20:01:28.805 [JavaFX Application Thread] DEBUG FXGLAssetLoaderServi - Loading from file system: file:/C:/Users/Administrator/IdeaProjects/LearningFXGL/target/classes/assets/textures/GhostScared1.gif
20:01:28.807 [JavaFX Application Thread] DEBUG FXGLAssetLoaderServi - Loading from file system: file:/C:/Users/Administrator/IdeaProjects/LearningFXGL/target/classes/assets/textures/GhostScared2.gif
20:01:30.933 [JavaFX Application Thread] DEBUG LoopRunner           - Stopping loop
20:01:30.935 [JavaFX Application Thread] FATAL FXGLApplication      - Uncaught Exception:
java.util.NoSuchElementException: No entity found satisfying the predicate
	at com.almasb.fxgl.entity@17.3/com.almasb.fxgl.entity.GameWorld.getSingleton(GameWorld.kt:440)
	at com.almasb.fxgl.entity@17.3/com.almasb.fxgl.entity.GameWorld.getSingleton(GameWorld.kt:436)
	at LearningFXGL/com.gamedemo.DemoApp$4.lambda$onCollisionBegin$0(DemoApp.java:212)
	at com.almasb.fxgl.core@17.3/com.almasb.fxgl.time.TimerAction.update(TimerAction.kt:69)
	at com.almasb.fxgl.core@17.3/com.almasb.fxgl.time.Timer.update(Timer.kt:38)
	at com.almasb.fxgl.scene@17.3/com.almasb.fxgl.scene.Scene.update(Scene.kt:104)
	at com.almasb.fxgl.all@17.3/com.almasb.fxgl.app.MainWindow$update$1.invoke(MainWindow.kt:115)
	at com.almasb.fxgl.all@17.3/com.almasb.fxgl.app.MainWindow$update$1.invoke(MainWindow.kt:115)
	at com.almasb.fxgl.core@17.3/com.almasb.fxgl.core.fsm.StateMachine.runOnActiveStates(StateMachine.kt:69)
	at com.almasb.fxgl.all@17.3/com.almasb.fxgl.app.MainWindow.update(MainWindow.kt:115)
	at com.almasb.fxgl.all@17.3/com.almasb.fxgl.app.FXGLApplication$GameApplicationService.onUpdate(FXGLApplication.kt:426)
	at com.almasb.fxgl.all@17.3/com.almasb.fxgl.app.Engine.loop(Engine.kt:134)
	at com.almasb.fxgl.all@17.3/com.almasb.fxgl.app.Engine.access$loop(Engine.kt:24)
	at com.almasb.fxgl.all@17.3/com.almasb.fxgl.app.Engine$loop$1.invoke(Engine.kt:28)
	at com.almasb.fxgl.all@17.3/com.almasb.fxgl.app.Engine$loop$1.invoke(Engine.kt:28)
	at com.almasb.fxgl.all@17.3/com.almasb.fxgl.app.LoopRunner.frame(LoopRunner.kt:103)
	at com.almasb.fxgl.all@17.3/com.almasb.fxgl.app.LoopRunner.access$frame(LoopRunner.kt:23)
	at com.almasb.fxgl.all@17.3/com.almasb.fxgl.app.LoopRunner$impl$2$1.onTick(LoopRunner.kt:57)
	at com.almasb.fxgl.all@17.3/com.almasb.fxgl.app.AnimationTimerLoop$timer$1.handle(LoopRunner.kt:137)
	at javafx.graphics@20/javafx.animation.AnimationTimer$AnimationTimerReceiver.lambda$handle$0(AnimationTimer.java:58)
	at java.base/java.security.AccessController.doPrivileged(AccessController.java:400)
	at javafx.graphics@20/javafx.animation.AnimationTimer$AnimationTimerReceiver.handle(AnimationTimer.java:57)
	at javafx.graphics@20/com.sun.scenario.animation.AbstractPrimaryTimer.timePulseImpl(AbstractPrimaryTimer.java:356)
	at javafx.graphics@20/com.sun.scenario.animation.AbstractPrimaryTimer$MainLoop.run(AbstractPrimaryTimer.java:266)
	at javafx.graphics@20/com.sun.javafx.tk.quantum.QuantumToolkit.pulse(QuantumToolkit.java:588)
	at javafx.graphics@20/com.sun.javafx.tk.quantum.QuantumToolkit.pulse(QuantumToolkit.java:572)
	at javafx.graphics@20/com.sun.javafx.tk.quantum.QuantumToolkit.pulseFromQueue(QuantumToolkit.java:565)
	at javafx.graphics@20/com.sun.javafx.tk.quantum.QuantumToolkit.lambda$runToolkit$11(QuantumToolkit.java:352)
	at javafx.graphics@20/com.sun.glass.ui.InvokeLaterDispatcher$Future.run(InvokeLaterDispatcher.java:95)
	at javafx.graphics@20/com.sun.glass.ui.win.WinApplication._runLoop(Native Method)
	at javafx.graphics@20/com.sun.glass.ui.win.WinApplication.lambda$runLoop$3(WinApplication.java:185)
	at java.base/java.lang.Thread.run(Thread.java:1583)

20:01:30.935 [JavaFX Application Thread] FATAL FXGLApplication      - Application will now exit
20:01:30.937 [JavaFX Application Thread] DEBUG PrimaryStageWindow   - Push state: ErrorSubScene
20:01:30.937 [JavaFX Application Thread] DEBUG Input                - Clearing active input actions
20:01:30.938 [JavaFX Application Thread] DEBUG GameApplicationServi - Removing overlay from GameScene and adding to ErrorSubScene
20:01:30.938 [JavaFX Application Thread] DEBUG PrimaryStageWindow   - GameScene -> ErrorSubScene
20:01:33.308 [JavaFX Application Thread] DEBUG FXGLApplication      - Exiting FXGL
20:01:33.308 [JavaFX Application Thread] DEBUG Async                - Shutting down background threads
20:01:33.309 [JavaFX Application Thread] DEBUG PrimaryStageWindow   - Closing main window
20:01:33.317 [JavaFX Application Thread] DEBUG Logger               - Closing Logger
